2024-03-16 00:15:54,511 [ERROR] ConfigurationRetriever:142 - IOException on connection: connect timed out
2024-03-16 10:41:21,618 [INFO] Activator:176 - 


2024-03-16 10:41:21,622 [INFO] Activator:177 - !SESSION log4j initialized
2024-03-16 10:41:40,564 [INFO] LogOutputStream:77 - [STDOUT_REDIRECT] 
2024-03-16 10:41:44,394 [ERROR] ConfigurationRetriever:142 - IOException on connection: Read timed out
2024-03-16 10:42:21,674 [INFO] ApplicationProperties:184 - Using Application install path: C:\ST\STM32CubeIDE_1.12.0\STM32CubeIDE\plugins\com.st.stm32cube.common.mx_6.8.0.202302231600
2024-03-16 10:42:21,717 [INFO] DbMcusXml:78 - Set database path to: C:\ST\STM32CubeIDE_1.12.0\STM32CubeIDE\plugins\com.st.stm32cube.common.mx_6.8.0.202302231600\\db\/mcu/
2024-03-16 10:42:21,720 [INFO] ApiDb:274 - Set plugin database path to: C:\ST\STM32CubeIDE_1.12.0\STM32CubeIDE\plugins\com.st.stm32cube.common.mx_6.8.0.202302231600\\db\/plugins/boardmanager/
2024-03-16 10:42:21,724 [WARN] ApiDb:259 - Overriding images path with different value:  => C:\ST\STM32CubeIDE_1.12.0\STM32CubeIDE\plugins\com.st.stm32cube.common.mx_6.8.0.202302231600\\db\/plugins/mcufinder/images/
2024-03-16 10:42:21,770 [INFO] ApiDb:250 - Set database path to: C:\Users\MrIro\.stmcufinder\plugins\mcufinder//mcu/
2024-03-16 10:42:21,772 [INFO] DbMcusAds:125 - Set database path to: C:\Users\MrIro\.stmcufinder\plugins\mcufinder//mcu/
2024-03-16 10:42:21,818 [INFO] CrossReferenceDbSqlite:203 - Set database path to: C:\Users\MrIro\.stmcufinder\plugins\mcufinder//mcu/cs/
2024-03-16 10:42:22,115 [INFO] RulesReader:64 - Compatibility file has been processed (293 Rules)
2024-03-16 10:42:22,351 [INFO] DbMcusXml:78 - Set database path to: C:\ST\STM32CubeIDE_1.12.0\STM32CubeIDE\plugins\com.st.stm32cube.common.mx_6.8.0.202302231600\\db\/mcu/
2024-03-16 10:42:22,351 [INFO] ApiDb:274 - Set plugin database path to: C:\ST\STM32CubeIDE_1.12.0\STM32CubeIDE\plugins\com.st.stm32cube.common.mx_6.8.0.202302231600\\db\/plugins/boardmanager/
2024-03-16 10:42:22,352 [INFO] ApiDb:261 - Set plugin images path to: C:\ST\STM32CubeIDE_1.12.0\STM32CubeIDE\plugins\com.st.stm32cube.common.mx_6.8.0.202302231600\\db\/plugins/mcufinder/images/
2024-03-16 10:42:22,353 [WARN] DbFile:41 - Overriding database path with different value: C:\Users\MrIro\.stmcufinder\plugins\mcufinder/ => C:\Users\MrIro\.stmcufinder\plugins\mcufinder
2024-03-16 10:42:22,354 [INFO] ApiDb:250 - Set database path to: C:\Users\MrIro\.stmcufinder\plugins\mcufinder//mcu/
2024-03-16 10:42:22,354 [WARN] DbFile:41 - Overriding database path with different value: C:\Users\MrIro\.stmcufinder\plugins\mcufinder/ => C:\Users\MrIro\.stmcufinder\plugins\mcufinder
2024-03-16 10:42:22,354 [INFO] DbMcusAds:125 - Set database path to: C:\Users\MrIro\.stmcufinder\plugins\mcufinder//mcu/
2024-03-16 10:42:22,354 [WARN] DbFile:41 - Overriding database path with different value: C:\Users\MrIro\.stmcufinder\plugins\mcufinder/ => C:\Users\MrIro\.stmcufinder\plugins\mcufinder
2024-03-16 10:42:22,354 [WARN] DbFile:41 - Overriding database path with different value: C:\Users\MrIro\.stmcufinder\plugins\mcufinder/ => C:\Users\MrIro\.stmcufinder\plugins\mcufinder
2024-03-16 10:42:22,355 [INFO] CrossReferenceDbSqlite:203 - Set database path to: C:\Users\MrIro\.stmcufinder\plugins\mcufinder//mcu/cs/
2024-03-16 10:42:22,569 [INFO] MainPanel:253 - HeapMemory: 268435456
2024-03-16 10:42:22,839 [INFO] DbMcusXml:78 - Set database path to: C:\ST\STM32CubeIDE_1.12.0\STM32CubeIDE\plugins\com.st.stm32cube.common.mx_6.8.0.202302231600\\db\/mcu/
2024-03-16 10:42:22,839 [INFO] ApiDb:274 - Set plugin database path to: C:\ST\STM32CubeIDE_1.12.0\STM32CubeIDE\plugins\com.st.stm32cube.common.mx_6.8.0.202302231600\\db\/plugins/boardmanager/
2024-03-16 10:42:22,839 [INFO] ApiDb:261 - Set plugin images path to: C:\ST\STM32CubeIDE_1.12.0\STM32CubeIDE\plugins\com.st.stm32cube.common.mx_6.8.0.202302231600\\db\/plugins/mcufinder/images/
2024-03-16 10:42:22,840 [WARN] DbFile:41 - Overriding database path with different value: C:\Users\MrIro\.stmcufinder\plugins\mcufinder/ => C:\Users\MrIro\.stmcufinder\plugins\mcufinder
2024-03-16 10:42:22,841 [INFO] ApiDb:250 - Set database path to: C:\Users\MrIro\.stmcufinder\plugins\mcufinder//mcu/
2024-03-16 10:42:22,841 [WARN] DbFile:41 - Overriding database path with different value: C:\Users\MrIro\.stmcufinder\plugins\mcufinder/ => C:\Users\MrIro\.stmcufinder\plugins\mcufinder
2024-03-16 10:42:22,841 [INFO] DbMcusAds:125 - Set database path to: C:\Users\MrIro\.stmcufinder\plugins\mcufinder//mcu/
2024-03-16 10:42:22,841 [WARN] DbFile:41 - Overriding database path with different value: C:\Users\MrIro\.stmcufinder\plugins\mcufinder/ => C:\Users\MrIro\.stmcufinder\plugins\mcufinder
2024-03-16 10:42:22,841 [WARN] DbFile:41 - Overriding database path with different value: C:\Users\MrIro\.stmcufinder\plugins\mcufinder/ => C:\Users\MrIro\.stmcufinder\plugins\mcufinder
2024-03-16 10:42:22,841 [INFO] CrossReferenceDbSqlite:203 - Set database path to: C:\Users\MrIro\.stmcufinder\plugins\mcufinder//mcu/cs/
2024-03-16 10:42:22,896 [INFO] ApplicationProperties:184 - Using Application install path: C:\ST\STM32CubeIDE_1.12.0\STM32CubeIDE\plugins\com.st.stm32cube.common.mx_6.8.0.202302231600
2024-03-16 10:42:22,901 [INFO] PluginManage:196 - Search for loadable plugins [exclusion list=, ]
2024-03-16 10:42:22,904 [INFO] PluginManage:310 - Check plugin analytics
2024-03-16 10:42:23,283 [INFO] AnalyticsPlugin:253 - Accepted Software Licenses: 
2024-03-16 10:42:23,284 [INFO] AnalyticsPlugin:255 - Accepted CMSIS Pack Licenses: STMicroelectronics.X-CUBE-AI.8.0.1
2024-03-16 10:42:23,285 [INFO] AnalyticsPlugin:257 - Accepted Firmware Licenses: FW.F4.1.27.0,FW.F7.1.17.0,FW.C0.1.0.0
2024-03-16 10:42:23,304 [INFO] PluginManage:359 - Loaded plugin analytics (category:tool,tabindex:-1)
2024-03-16 10:42:23,305 [INFO] PluginManage:310 - Check plugin cadmodel
2024-03-16 10:42:23,344 [INFO] CADModel:105 - Init CAD model plugin
2024-03-16 10:42:23,345 [INFO] PluginManage:359 - Loaded plugin cadmodel (category:power,tabindex:5)
2024-03-16 10:42:23,345 [INFO] PluginManage:310 - Check plugin clock
2024-03-16 10:42:24,258 [INFO] PluginManage:359 - Loaded plugin clock (category:base,tabindex:2)
2024-03-16 10:42:24,259 [INFO] PluginManage:310 - Check plugin ddr
2024-03-16 10:42:24,266 [INFO] PluginManage:359 - Loaded plugin ddr (category:tool,tabindex:6)
2024-03-16 10:42:24,267 [INFO] PluginManage:310 - Check plugin filemanager
2024-03-16 10:42:24,546 [INFO] PluginManage:359 - Loaded plugin filemanager (category:base,tabindex:10)
2024-03-16 10:42:24,546 [INFO] PluginManage:310 - Check plugin ipmanager
2024-03-16 10:42:24,567 [INFO] PluginManage:359 - Loaded plugin ipmanager (category:base,tabindex:5)
2024-03-16 10:42:24,568 [INFO] PluginManage:310 - Check plugin lpbam
2024-03-16 10:42:24,768 [INFO] PluginManage:359 - Loaded plugin lpbam (category:base,tabindex:0)
2024-03-16 10:42:24,768 [INFO] PluginManage:310 - Check plugin pinoutandconfiguration
2024-03-16 10:42:25,149 [INFO] PluginManage:359 - Loaded plugin pinoutandconfiguration (category:base,tabindex:1)
2024-03-16 10:42:25,149 [INFO] PluginManage:310 - Check plugin pinoutconfig
2024-03-16 10:42:25,640 [WARN] SupportedApi:132 - Cannot load RTOS API schema: s4s-elt-must-match.1: The content of 'definitions' must match (annotation?, (simpleType | complexType)?, (unique | key | keyref)*)). A problem was found starting at: attribute.
2024-03-16 10:42:25,990 [INFO] PluginManage:359 - Loaded plugin pinoutconfig (category:base,tabindex:0)
2024-03-16 10:42:25,991 [INFO] PluginManage:310 - Check plugin power
2024-03-16 10:42:26,046 [INFO] PluginManage:359 - Loaded plugin power (category:power,tabindex:4)
2024-03-16 10:42:26,046 [INFO] PluginManage:310 - Check plugin projectmanager
2024-03-16 10:42:26,083 [INFO] PluginManage:359 - Loaded plugin projectmanager (category:projectmanager,tabindex:3)
2024-03-16 10:42:26,084 [INFO] PluginManage:310 - Check plugin thirdparty
2024-03-16 10:42:26,828 [INFO] PluginManage:359 - Loaded plugin thirdparty (category:base,tabindex:-1)
2024-03-16 10:42:26,828 [INFO] PluginManage:310 - Check plugin tools
2024-03-16 10:42:26,828 [WARN] IntegrityCheckThread:84 - waiting for thirdparty lock release [integrity check]
2024-03-16 10:42:26,830 [INFO] IntegrityCheckThread:86 - entering critical section [integrity check]
2024-03-16 10:42:26,835 [INFO] ThirdPartyUpdaterWithRetryManager:70 - Updater plugin not ready yet. [1/15]
2024-03-16 10:42:26,863 [INFO] PluginManage:359 - Loaded plugin tools (category:base,tabindex:7)
2024-03-16 10:42:26,863 [INFO] PluginManage:310 - Check plugin tutovideos
2024-03-16 10:42:27,476 [INFO] PluginManage:359 - Loaded plugin tutovideos (category:base,tabindex:-1)
2024-03-16 10:42:27,477 [INFO] PluginManage:310 - Check plugin updater
2024-03-16 10:42:27,507 [INFO] PluginManage:359 - Loaded plugin updater (category:base,tabindex:12)
2024-03-16 10:42:27,508 [INFO] PluginManage:283 - PluginManage : Loaded plugins [15]
2024-03-16 10:42:28,214 [INFO] PinOutPanel:1499 - setPackage(No Configuration,No Configuration)
2024-03-16 10:42:28,384 [INFO] CADModel:165 - CPN selected for project level
2024-03-16 10:42:28,385 [INFO] CADModel:114 - Register for checkConnection events
2024-03-16 10:42:28,481 [INFO] IPUIPlugin:80 - create IPUIPlugin
2024-03-16 10:42:28,482 [INFO] PluginManager:220 - loadIPPluginJar : add adc
2024-03-16 10:42:28,520 [INFO] IPUIPlugin:80 - create IPUIPlugin
2024-03-16 10:42:28,521 [INFO] PluginManager:220 - loadIPPluginJar : add aes
2024-03-16 10:42:28,560 [INFO] IPUIPlugin:80 - create IPUIPlugin
2024-03-16 10:42:28,560 [INFO] PluginManager:220 - loadIPPluginJar : add can
2024-03-16 10:42:28,590 [INFO] IPUIPlugin:80 - create IPUIPlugin
2024-03-16 10:42:28,590 [INFO] PluginManager:220 - loadIPPluginJar : add comp
2024-03-16 10:42:28,620 [INFO] IPUIPlugin:80 - create IPUIPlugin
2024-03-16 10:42:28,620 [INFO] PluginManager:220 - loadIPPluginJar : add cryp
2024-03-16 10:42:28,651 [INFO] IPUIPlugin:80 - create IPUIPlugin
2024-03-16 10:42:28,653 [INFO] PluginManager:220 - loadIPPluginJar : add dfsdm
2024-03-16 10:42:28,721 [INFO] IPUIPlugin:80 - create IPUIPlugin
2024-03-16 10:42:28,723 [INFO] PluginManager:220 - loadIPPluginJar : add dma
2024-03-16 10:42:28,760 [INFO] IPUIPlugin:80 - create IPUIPlugin
2024-03-16 10:42:28,761 [INFO] PluginManager:220 - loadIPPluginJar : add dma3
2024-03-16 10:42:28,788 [INFO] IPUIPlugin:80 - create IPUIPlugin
2024-03-16 10:42:28,788 [INFO] PluginManager:220 - loadIPPluginJar : add fatfs
2024-03-16 10:42:28,849 [INFO] IPUIPlugin:80 - create IPUIPlugin
2024-03-16 10:42:28,849 [INFO] PluginManager:220 - loadIPPluginJar : add fmc
2024-03-16 10:42:29,195 [INFO] IPUIPlugin:80 - create IPUIPlugin
2024-03-16 10:42:29,195 [INFO] PluginManager:220 - loadIPPluginJar : add freertos
2024-03-16 10:42:29,219 [INFO] IPUIPlugin:80 - create IPUIPlugin
2024-03-16 10:42:29,219 [INFO] PluginManager:220 - loadIPPluginJar : add genericplugin
2024-03-16 10:42:29,286 [INFO] IPUIPlugin:80 - create IPUIPlugin
2024-03-16 10:42:29,286 [INFO] PluginManager:220 - loadIPPluginJar : add gfxmmu
2024-03-16 10:42:29,365 [INFO] IPUIPlugin:80 - create IPUIPlugin
2024-03-16 10:42:29,365 [INFO] PluginManager:220 - loadIPPluginJar : add gic
2024-03-16 10:42:29,492 [INFO] IPUIPlugin:80 - create IPUIPlugin
2024-03-16 10:42:29,492 [INFO] PluginManager:220 - loadIPPluginJar : add gpio
2024-03-16 10:42:29,549 [INFO] IPUIPlugin:80 - create IPUIPlugin
2024-03-16 10:42:29,549 [INFO] PluginManager:220 - loadIPPluginJar : add gtzc
2024-03-16 10:42:29,587 [INFO] IPUIPlugin:80 - create IPUIPlugin
2024-03-16 10:42:29,587 [INFO] PluginManager:220 - loadIPPluginJar : add hash
2024-03-16 10:42:29,637 [INFO] IPUIPlugin:80 - create IPUIPlugin
2024-03-16 10:42:29,637 [INFO] PluginManager:220 - loadIPPluginJar : add i2c
2024-03-16 10:42:29,681 [INFO] IPUIPlugin:80 - create IPUIPlugin
2024-03-16 10:42:29,681 [INFO] PluginManager:220 - loadIPPluginJar : add i2s
2024-03-16 10:42:29,723 [INFO] IPUIPlugin:80 - create IPUIPlugin
2024-03-16 10:42:29,723 [INFO] PluginManager:220 - loadIPPluginJar : add i3c
2024-03-16 10:42:29,796 [INFO] IPUIPlugin:80 - create IPUIPlugin
2024-03-16 10:42:29,796 [INFO] PluginManager:220 - loadIPPluginJar : add ipddr
2024-03-16 10:42:29,836 [INFO] ThirdPartyUpdaterWithRetryManager:70 - Updater plugin not ready yet. [2/15]
2024-03-16 10:42:29,905 [INFO] IPUIPlugin:80 - create IPUIPlugin
2024-03-16 10:42:29,905 [INFO] PluginManager:220 - loadIPPluginJar : add linkedlist
2024-03-16 10:42:29,953 [INFO] IPUIPlugin:80 - create IPUIPlugin
2024-03-16 10:42:29,953 [INFO] PluginManager:220 - loadIPPluginJar : add lorawan
2024-03-16 10:42:30,002 [INFO] IPUIPlugin:80 - create IPUIPlugin
2024-03-16 10:42:30,003 [INFO] PluginManager:220 - loadIPPluginJar : add ltdc
2024-03-16 10:42:30,124 [INFO] IPUIPlugin:80 - create IPUIPlugin
2024-03-16 10:42:30,125 [INFO] PluginManager:220 - loadIPPluginJar : add mdma
2024-03-16 10:42:30,248 [INFO] IPUIPlugin:80 - create IPUIPlugin
2024-03-16 10:42:30,248 [INFO] PluginManager:220 - loadIPPluginJar : add nvic
2024-03-16 10:42:30,281 [INFO] IPUIPlugin:80 - create IPUIPlugin
2024-03-16 10:42:30,282 [INFO] PluginManager:220 - loadIPPluginJar : add opamp
2024-03-16 10:42:30,334 [INFO] IPUIPlugin:80 - create IPUIPlugin
2024-03-16 10:42:30,335 [INFO] PluginManager:220 - loadIPPluginJar : add openamp
2024-03-16 10:42:30,380 [INFO] IPUIPlugin:80 - create IPUIPlugin
2024-03-16 10:42:30,381 [INFO] PluginManager:220 - loadIPPluginJar : add pdm2pcm
2024-03-16 10:42:30,507 [INFO] IPUIPlugin:80 - create IPUIPlugin
2024-03-16 10:42:30,514 [INFO] PluginManager:220 - loadIPPluginJar : add plateformsettings
2024-03-16 10:42:30,541 [INFO] IPUIPlugin:80 - create IPUIPlugin
2024-03-16 10:42:30,542 [INFO] PluginManager:220 - loadIPPluginJar : add quadspi
2024-03-16 10:42:30,975 [INFO] IPUIPlugin:80 - create IPUIPlugin
2024-03-16 10:42:30,976 [INFO] PluginManager:220 - loadIPPluginJar : add resmgrutility
2024-03-16 10:42:31,015 [INFO] IPUIPlugin:80 - create IPUIPlugin
2024-03-16 10:42:31,015 [INFO] PluginManager:220 - loadIPPluginJar : add sai
2024-03-16 10:42:31,057 [INFO] IPUIPlugin:80 - create IPUIPlugin
2024-03-16 10:42:31,057 [INFO] PluginManager:220 - loadIPPluginJar : add spi
2024-03-16 10:42:31,103 [INFO] IPUIPlugin:80 - create IPUIPlugin
2024-03-16 10:42:31,104 [INFO] PluginManager:220 - loadIPPluginJar : add stm32_wpan
2024-03-16 10:42:31,134 [INFO] IPUIPlugin:80 - create IPUIPlugin
2024-03-16 10:42:31,134 [INFO] PluginManager:220 - loadIPPluginJar : add tim
2024-03-16 10:42:31,182 [INFO] IPUIPlugin:80 - create IPUIPlugin
2024-03-16 10:42:31,183 [INFO] PluginManager:220 - loadIPPluginJar : add touchsensing
2024-03-16 10:42:31,213 [INFO] IPUIPlugin:80 - create IPUIPlugin
2024-03-16 10:42:31,214 [INFO] PluginManager:220 - loadIPPluginJar : add tracer_emb
2024-03-16 10:42:31,240 [INFO] IPUIPlugin:80 - create IPUIPlugin
2024-03-16 10:42:31,240 [INFO] PluginManager:220 - loadIPPluginJar : add ts
2024-03-16 10:42:31,268 [INFO] IPUIPlugin:80 - create IPUIPlugin
2024-03-16 10:42:31,269 [INFO] PluginManager:220 - loadIPPluginJar : add tsc
2024-03-16 10:42:31,299 [INFO] IPUIPlugin:80 - create IPUIPlugin
2024-03-16 10:42:31,299 [INFO] PluginManager:220 - loadIPPluginJar : add ucpd
2024-03-16 10:42:31,334 [INFO] IPUIPlugin:80 - create IPUIPlugin
2024-03-16 10:42:31,334 [INFO] PluginManager:220 - loadIPPluginJar : add usart
2024-03-16 10:42:31,375 [INFO] IPUIPlugin:80 - create IPUIPlugin
2024-03-16 10:42:31,375 [INFO] PluginManager:220 - loadIPPluginJar : add usbx
2024-03-16 10:42:31,630 [INFO] CADModel:165 - CPN selected for project level
2024-03-16 10:42:31,631 [INFO] CADModel:114 - Register for checkConnection events
2024-03-16 10:42:31,631 [FATAL] Updater:308 - Updater called before beeing initialized
2024-03-16 10:42:31,631 [ERROR] CADModel:125 - Updater not yet initialized, retry later 
2024-03-16 10:42:31,988 [INFO] CADModel:165 - CPN selected for project level
2024-03-16 10:42:31,988 [INFO] CADModel:114 - Register for checkConnection events
2024-03-16 10:42:31,989 [FATAL] Updater:308 - Updater called before beeing initialized
2024-03-16 10:42:31,989 [ERROR] CADModel:125 - Updater not yet initialized, retry later 
2024-03-16 10:42:31,997 [FATAL] Updater:308 - Updater called before beeing initialized
2024-03-16 10:42:32,283 [FATAL] Updater:308 - Updater called before beeing initialized
2024-03-16 10:42:32,326 [INFO] DbMcusAds:53 - JSON generation date=Wed Nov 29 11:52:27 CET 2023 (1701255147349)
2024-03-16 10:42:32,326 [FATAL] Updater:308 - Updater called before beeing initialized
2024-03-16 10:42:32,487 [WARN] DetailPanel:346 - Failed to get advertising image, set to default
2024-03-16 10:42:32,706 [FATAL] Updater:308 - Updater called before beeing initialized
2024-03-16 10:42:32,710 [FATAL] Updater:308 - Updater called before beeing initialized
2024-03-16 10:42:32,710 [FATAL] Updater:308 - Updater called before beeing initialized
2024-03-16 10:42:32,710 [WARN] DetailPanel:346 - Failed to get advertising image, set to default
2024-03-16 10:42:32,712 [FATAL] Updater:308 - Updater called before beeing initialized
2024-03-16 10:42:32,837 [INFO] ThirdPartyUpdaterWithRetryManager:70 - Updater plugin not ready yet. [3/15]
2024-03-16 10:42:32,867 [ERROR] Updater:1120 - MainUpdater not yet initialized. External WinMGr cannot be set.
2024-03-16 10:42:32,895 [INFO] Updater:1056 - Updater Version found : 6.8.0
2024-03-16 10:42:32,934 [INFO] ApplicationProperties:184 - Using Application install path: C:\ST\STM32CubeIDE_1.12.0\STM32CubeIDE\plugins\com.st.stm32cube.common.mx_6.8.0.202302231600
2024-03-16 10:42:33,540 [INFO] MainUpdater:2854 - connection check result : 10
2024-03-16 10:42:33,542 [INFO] MainUpdater:3548 - Updater definition file requires update
2024-03-16 10:42:33,544 [INFO] MainUpdater:283 - Updater Check For Update Now.
2024-03-16 10:42:33,545 [INFO] MicroXplorer:498 - Change Database Version : DB.6.0.80
2024-03-16 10:42:33,601 [INFO] ServerAccessManage:473 - Download File updaters.zip
2024-03-16 10:42:33,739 [INFO] FileExtend:240 - Unzip File : updaters.zip
2024-03-16 10:42:33,739 [INFO] FileExtend:255 - Standard Zip Deflate
2024-03-16 10:42:34,711 [INFO] ServerAccessManage:473 - Download File PacksControlFlags.xml
2024-03-16 10:42:34,830 [INFO] ServerAccessManage:473 - Download File cubemx.pidx
2024-03-16 10:42:35,084 [INFO] LoadServerUpdatesThread:373 - End of LoadServerUpdate Thread
2024-03-16 10:42:35,386 [INFO] CheckServerUpdateThread:120 - End of CheckServer Thread
2024-03-16 10:42:35,473 [INFO] MainUpdater:2854 - connection check result : 10
2024-03-16 10:42:36,585 [WARN] PackLoader:240 - Cannot read IP mode file for STMicroelectronics.X-CUBE-SMBUS.2.1.0
2024-03-16 10:42:36,695 [WARN] PackLoader:240 - Cannot read IP mode file for STMicroelectronics.X-CUBE-TOUCHGFX.4.23.0
2024-03-16 10:42:36,885 [WARN] PackLoader:240 - Cannot read IP mode file for STMicroelectronics.X-CUBE-AZRTOS-F7.1.1.0
2024-03-16 10:42:36,940 [ERROR] RealEvaluatedCondition:428 - Found unsupported composite condition: CLASS='Data Exchange' GROUP='STM32_MetaDataManager'
2024-03-16 10:42:36,940 [ERROR] RealEvaluatedCondition:428 - Found unsupported composite condition: GROUP='STM32_MetaDataManager' CLASS='Data Exchange'
2024-03-16 10:42:36,944 [WARN] PackLoader:240 - Cannot read IP mode file for STMicroelectronics.FP-SNS-MOTENV1.4.3.0
2024-03-16 10:42:37,019 [WARN] PackLoader:240 - Cannot read IP mode file for STMicroelectronics.FP-SNS-MOTENV1.4.3.2
2024-03-16 10:42:37,025 [INFO] ApiDb:581 - Connected to CubeFinder SQLite database (C:\Users\MrIro\.stmcufinder\plugins\mcufinder\mcu\cube-finder-db.db)
2024-03-16 10:42:37,157 [WARN] PackLoader:240 - Cannot read IP mode file for STMicroelectronics.FP-SNS-FLIGHT1.5.0.0
2024-03-16 10:42:37,198 [INFO] ApiDb:668 - CubeFinder database Data Model version=2.1
2024-03-16 10:42:37,198 [INFO] ApiDb:669 - CubeFinder database Configuration version=3.0.39
2024-03-16 10:42:37,199 [INFO] ApiDb:670 - CubeFinder database generation date=2024-02-19 (1708350410)
2024-03-16 10:42:37,199 [INFO] ApiDb:671 - CubeFinder database FW Pack versions=[FP-ATR-ASTRA1_V2.0.0, FP-SNS-FLIGHT1_V5.0.1, FP-SNS-FLIGHT1_V5.0.2, FP-SNS-MOTENV1_V4.3.1, FP-SNS-MOTENV1_V4.3.2, FP-SNS-MOTENVWB1_V1.3.1, FP-SNS-SMARTAG2_V1.2.0, STM32Cube_FW_C0_V1.1.0, STM32Cube_FW_F4_V1.28.0, STM32Cube_FW_F7_V1.17.0, STM32Cube_FW_G0_V1.6.2, STM32Cube_FW_G4_V1.5.2, STM32Cube_FW_H5_V0.5.1, STM32Cube_FW_H5_V1.1.1, STM32Cube_FW_H5_V1.2.0RC2, STM32Cube_FW_H7_V1.11.0, STM32Cube_FW_L0_V1.12.2, STM32Cube_FW_L5_V1.5.0, STM32Cube_FW_U5_V1.3.0RC4, STM32Cube_FW_U5_V1.4.0, STM32Cube_FW_WBA_V1.0.0RC1, STM32Cube_FW_WBA_V1.1.0RC1, STM32Cube_FW_WBA_V1.2.0, STM32Cube_FW_WBA_V1.2.0RC2, STM32Cube_FW_WB_V1.15.0RC1, STM32Cube_FW_WB_V1.16.0, STM32Cube_FW_WB_V1.16.0RC2, STM32Cube_FW_WB_V1.18.0, STM32Cube_FW_WL_V1.3.0, X-CUBE-ALGOBUILD_V1.3.0, X-CUBE-ALS_V1.0.1, X-CUBE-AZRTOS-F4_V1.1.0, X-CUBE-AZRTOS-F7_V1.1.0, X-CUBE-AZRTOS-G0_V1.1.0, X-CUBE-AZRTOS-G4_V2.0.0, X-CUBE-AZRTOS-H7_V3.2.0, X-CUBE-AZRTOS-L4_V1.0.0, X-CUBE-AZRTOS-L4_V2.0.0, X-CUBE-AZRTOS-L5_V1.1.0, X-CUBE-AZRTOS-WB_V2.0.0, X-CUBE-AZRTOS-WL_V2.0.0, X-CUBE-BLE1_V7.0.0, X-CUBE-BLE2_V3.3.0, X-CUBE-BLEMGR_V3.0.0, X-CUBE-EEPRMA1_V4.1.0, X-CUBE-EEPRMA1_V5.1.0, X-CUBE-FREERTOS_V1.1.0, X-CUBE-GNSS1_V6.0.0, X-CUBE-MEMS1_V10.0.0, X-CUBE-MEMS1_V9.1.0, X-CUBE-MEMS1_V9.4.0, X-CUBE-MEMS1_V9.6.0, X-CUBE-NFC4_V3.0.0, X-CUBE-NFC7_V1.0.1, X-CUBE-SFXS2LP1_V4.0.0, X-CUBE-SUBG2_V5.0.0, X-CUBE-TOF1_V3.4.0]
2024-03-16 10:42:37,214 [WARN] PackLoader:240 - Cannot read IP mode file for STMicroelectronics.FP-SNS-FLIGHT1.5.0.1
2024-03-16 10:42:37,304 [WARN] PackLoader:240 - Cannot read IP mode file for STMicroelectronics.X-CUBE-BLE1.6.2.4
2024-03-16 10:42:37,342 [WARN] PackLoader:240 - Cannot read IP mode file for STMicroelectronics.FP-SNS-FLIGHT1.5.0.2
2024-03-16 10:42:37,394 [WARN] PackLoader:240 - Cannot read IP mode file for STMicroelectronics.X-CUBE-DISPLAY.3.0.0
2024-03-16 10:42:37,455 [WARN] PackLoader:240 - Cannot read IP mode file for STMicroelectronics.X-CUBE-BLE1.7.0.0
2024-03-16 10:42:37,488 [WARN] PackLoader:240 - Cannot read IP mode file for STMicroelectronics.X-CUBE-TOUCHGFX.4.22.0
2024-03-16 10:42:37,490 [INFO] DbBoardsSqlite:226 - include board P-NUCLEO-WB55-NUCLEO as a kit item of type 'Nucleo-64'
2024-03-16 10:42:37,492 [INFO] DbBoardsSqlite:226 - include board P-NUCLEO-WB55-USBDONGLE as a kit item of type 'Nucleo USB Dongle'
2024-03-16 10:42:37,495 [INFO] DbBoardsSqlite:226 - include board STEVAL-IDP005V1 as a kit item of type 'Evaluation Board'
2024-03-16 10:42:37,496 [INFO] DbBoardsSqlite:226 - include board STEVAL-IDP005V2 as a kit item of type 'Evaluation Board'
2024-03-16 10:42:37,519 [WARN] PackLoader:240 - Cannot read IP mode file for STMicroelectronics.X-CUBE-TOUCHGFX.4.22.1
2024-03-16 10:42:37,570 [WARN] PackLoader:240 - Cannot read IP mode file for STMicroelectronics.X-CUBE-BLEMGR.3.1.0
2024-03-16 10:42:37,649 [WARN] PackLoader:240 - Cannot read IP mode file for STMicroelectronics.FP-SNS-SMARTAG2.1.2.0
2024-03-16 10:42:37,707 [INFO] LogOutputStream:77 - [STDOUT_REDIRECT] 1 : Invalid condition id : UX_CORESTACK_Condition cause : null
2024-03-16 10:42:37,709 [INFO] LogOutputStream:77 - [STDOUT_REDIRECT] 1 : Invalid condition id : UX_CORESTACK_Condition cause : null
2024-03-16 10:42:37,711 [INFO] LogOutputStream:77 - [STDOUT_REDIRECT] 1 : Invalid condition id : UX_CORESTACK_Condition cause : null
2024-03-16 10:42:37,713 [INFO] LogOutputStream:77 - [STDOUT_REDIRECT] 1 : Invalid condition id : UX_CORESTACK_Condition cause : null
2024-03-16 10:42:37,716 [INFO] LogOutputStream:77 - [STDOUT_REDIRECT] 1 : Invalid condition id : UX_CORESTACK_Condition cause : null
2024-03-16 10:42:37,727 [WARN] PackLoader:240 - Cannot read IP mode file for STMicroelectronics.X-CUBE-AZRTOS-WL.2.0.0
2024-03-16 10:42:37,774 [WARN] PackLoader:240 - Cannot read IP mode file for WES.I-CUBE-Cesium.1.3.0
2024-03-16 10:42:37,811 [WARN] PackLoader:240 - Cannot read IP mode file for STMicroelectronics.X-CUBE-BLE2.3.3.0
2024-03-16 10:42:37,847 [WARN] PackLoader:240 - Cannot read IP mode file for STMicroelectronics.X-CUBE-TOUCHGFX.4.21.3
2024-03-16 10:42:37,878 [WARN] PackLoader:240 - Cannot read IP mode file for STMicroelectronics.X-CUBE-TOUCHGFX.4.21.4
2024-03-16 10:42:37,914 [WARN] PackLoader:240 - Cannot read IP mode file for STMicroelectronics.X-CUBE-ALGOBUILD.1.3.0
2024-03-16 10:42:37,995 [WARN] PackLoader:240 - Cannot read IP mode file for STMicroelectronics.X-CUBE-AZRTOS-G0.1.1.0
2024-03-16 10:42:38,060 [WARN] PackLoader:240 - Cannot read IP mode file for STMicroelectronics.X-CUBE-NFC4.3.0.0
2024-03-16 10:42:38,114 [WARN] PackLoader:240 - Cannot read IP mode file for STMicroelectronics.X-CUBE-BLEMGR.3.0.0
2024-03-16 10:42:38,157 [WARN] PackLoader:240 - Cannot read IP mode file for STMicroelectronics.FP-ATR-SIGFOX1.3.2.0
2024-03-16 10:42:38,199 [WARN] PackLoader:240 - Cannot read IP mode file for STMicroelectronics.X-CUBE-EEPRMA1.5.1.0
2024-03-16 10:42:38,358 [WARN] PackLoader:240 - Cannot read IP mode file for STMicroelectronics.X-CUBE-MEMS1.9.5.0
2024-03-16 10:42:38,418 [INFO] ApiDb:240 - Found 297 in-development CPN: [B-G473E-ZEST1S, B-WB1M-WPAN1, B-WL5M-SUBG1, NUCLEO-C031C6, NUCLEO-H503RB, NUCLEO-H563ZI, NUCLEO-U545RE-Q, NUCLEO-U5A5ZJ-Q, NUCLEO-WBA52CG, STEVAL-PROTEUS1, STEVAL-STWINBX1, STM320518-EVAL, STM32C0116-DK, STM32C011D6Y3TR, STM32C011D6Y6TR, STM32C011F4P3, STM32C011F4P6, STM32C011F4U3, STM32C011F4U6TR, STM32C011F6P3, STM32C011F6P6, STM32C011F6U3, STM32C011F6U6TR, STM32C011J4M3, STM32C011J4M6, STM32C011J6M3, STM32C011J6M6, STM32C0316-DK, STM32C031C4T3, STM32C031C4T6, STM32C031C4U3, STM32C031C4U6, STM32C031C6T3, STM32C031C6T6, STM32C031C6U3, STM32C031C6U6, STM32C031F4P3, STM32C031F4P6, STM32C031F6P3, STM32C031F6P6, STM32C031G4U3, STM32C031G4U6, STM32C031G6U3, STM32C031G6U6, STM32C031K4T3, STM32C031K4T6, STM32C031K4U3, STM32C031K4U6, STM32C031K6T3, STM32C031K6T6, STM32C031K6U3, STM32C031K6U6, STM32G071K8TXN, STM32G071K8UXN, STM32G081GBU6N, STM32G081KBT6N, STM32G081KBUXN, STM32G0B1CCT6N, STM32G0B1KCT6, STM32G0B1NEY6TR, STM32G0B1RCT6N, STM32G0C1CCT6, STM32G0C1CCT6N, STM32G0C1CCU6N, STM32G0C1CET6N, STM32G0C1CEU6N, STM32G0C1KCT6, STM32G0C1NEY6TR, STM32G0C1RCI6N, STM32G0C1RCT6N, STM32G0C1REI6N, STM32G0C1RET6N, STM32G0C1VCI6, STM32G0C1VEI6, STM32G471CCT6, STM32G471CCU6, STM32G471CET3, STM32G471CET6, STM32G471CEU3, STM32G471CEU6, STM32G471MCT6, STM32G471MET3, STM32G471MET6, STM32G471MEY6TR, STM32G471QCT6, STM32G471QET3, STM32G471RCT6, STM32G471RET3, STM32G471RET6, STM32G471VCH6, STM32G471VCI6, STM32G471VCT6, STM32G471VEH3, STM32G471VEH6, STM32G471VEI3, STM32G471VEI6, STM32G471VET3, STM32G471VET6, STM32G474CCT6, STM32H503CBT6, STM32H503CBU6, STM32H503EBY6TR, STM32H503KBU6, STM32H503RBT6, STM32H562AGI6, STM32H562AII6, STM32H562IGK6, STM32H562IGT6, STM32H562IIK6, STM32H562IIT6, STM32H562RGT6, STM32H562RGV6, STM32H562RIT6, STM32H562RIV6, STM32H562VGT6, STM32H562VIT6, STM32H562ZGT6, STM32H562ZIT6, STM32H563AGI6, STM32H563AII3Q, STM32H563AII6, STM32H563IGK6, STM32H563IGT6, STM32H563IIK3Q, STM32H563IIK6, STM32H563IIT3Q, STM32H563IIT6, STM32H563MIY3QTR, STM32H563RGT6, STM32H563RGV6, STM32H563RIT6, STM32H563RIV6, STM32H563VGT6, STM32H563VIT3Q, STM32H563VIT6, STM32H563ZGT6, STM32H563ZIT3Q, STM32H563ZIT6, STM32H573AII3Q, STM32H573AII6, STM32H573I-DK, STM32H573IIK3Q, STM32H573IIK6, STM32H573IIT3Q, STM32H573IIT6, STM32H573MIY3QTR, STM32H573RIT6, STM32H573RIV6, STM32H573VIT3Q, STM32H573VIT6, STM32H573ZIT3Q, STM32H573ZIT6, STM32L4R5QGI6STR, STM32MP131AAE3, STM32MP131AAF3, STM32MP131AAG3, STM32MP131CAE3, STM32MP131CAF3, STM32MP131CAG3, STM32MP131DAE7, STM32MP131DAF7, STM32MP131DAG7, STM32MP131FAE7, STM32MP131FAF7, STM32MP131FAG7, STM32MP133AAE3, STM32MP133AAF3, STM32MP133AAG3, STM32MP133CAE3, STM32MP133CAF3, STM32MP133CAG3, STM32MP133DAE7, STM32MP133DAF7, STM32MP133DAG7, STM32MP133FAE7, STM32MP133FAF7, STM32MP133FAG7, STM32MP135AAE3, STM32MP135AAF3, STM32MP135AAG3, STM32MP135CAE3, STM32MP135CAF3, STM32MP135CAG3, STM32MP135DAE7, STM32MP135DAF7, STM32MP135DAG7, STM32MP135F-DK, STM32MP135FAE7, STM32MP135FAF7, STM32MP135FAF7T, STM32MP135FAF7U, STM32MP135FAG7, STM32U535CBT6, STM32U535CBT6Q, STM32U535CBU6, STM32U535CBU6Q, STM32U535CCT6, STM32U535CCT6Q, STM32U535CCU6, STM32U535CCU6Q, STM32U535CET6, STM32U535CET6Q, STM32U535CEU6, STM32U535CEU6Q, STM32U535JEY6QTR, STM32U535NCY6QTR, STM32U535NEY6QTR, STM32U535RBI6, STM32U535RBI6Q, STM32U535RBT6, STM32U535RBT6Q, STM32U535RCI6, STM32U535RCI6Q, STM32U535RCT6, STM32U535RCT6Q, STM32U535REI6, STM32U535REI6Q, STM32U535RET6, STM32U535RET6Q, STM32U535VCI6, STM32U535VCI6Q, STM32U535VCT6, STM32U535VCT6Q, STM32U535VEI6, STM32U535VEI6Q, STM32U535VET6, STM32U535VET6Q, STM32U545CET6, STM32U545CET6Q, STM32U545CEU6, STM32U545CEU6Q, STM32U545JEY6QTR, STM32U545NEY6QTR, STM32U545REI6, STM32U545REI6Q, STM32U545RET6, STM32U545RET6Q, STM32U545VEI6, STM32U545VEI6Q, STM32U545VET6, STM32U545VET6Q, STM32U595AIH6, STM32U595AIH6Q, STM32U595AJH6, STM32U595AJH6Q, STM32U595QII6, STM32U595QII6Q, STM32U595QJI6, STM32U595QJI6Q, STM32U595RIT6, STM32U595RIT6Q, STM32U595RJT6, STM32U595RJT6Q, STM32U595VIT6, STM32U595VIT6Q, STM32U595VJT6, STM32U595VJT6Q, STM32U595ZIT6, STM32U595ZIT6Q, STM32U595ZIY6QTR, STM32U595ZJT6, STM32U595ZJT6Q, STM32U595ZJY6QTR, STM32U599BJY6QTR, STM32U599NIH6Q, STM32U599NJH6Q, STM32U599VIT6Q, STM32U599VJT6, STM32U599VJT6Q, STM32U599ZIT6Q, STM32U599ZIY6QTR, STM32U599ZJT6Q, STM32U599ZJY6QTR, STM32U5A5AJH6, STM32U5A5AJH6Q, STM32U5A5QJI6, STM32U5A5QJI6Q, STM32U5A5RJT6, STM32U5A5RJT6Q, STM32U5A5VJT6, STM32U5A5VJT6Q, STM32U5A5ZJT6, STM32U5A5ZJT6Q, STM32U5A5ZJY6QTR, STM32U5A9BJY6QTR, STM32U5A9J-DK, STM32U5A9NJH6Q, STM32U5A9VJT6Q, STM32U5A9ZJT6Q, STM32U5A9ZJY6QTR, STM32WB1MMCH6, STM32WBA52CEU6, STM32WBA52CEU6T, STM32WBA52CGU6, STM32WBA52CGU6T, STM32WL5MOCH6, STM32WL5MOCH6TR]
2024-03-16 10:42:38,428 [INFO] ApiDb:668 - CubeFinder database Data Model version=2.1
2024-03-16 10:42:38,429 [INFO] ApiDb:669 - CubeFinder database Configuration version=3.0.39
2024-03-16 10:42:38,429 [INFO] ApiDb:670 - CubeFinder database generation date=2024-02-19 (1708350410)
2024-03-16 10:42:38,429 [INFO] ApiDb:671 - CubeFinder database FW Pack versions=[FP-ATR-ASTRA1_V2.0.0, FP-SNS-FLIGHT1_V5.0.1, FP-SNS-FLIGHT1_V5.0.2, FP-SNS-MOTENV1_V4.3.1, FP-SNS-MOTENV1_V4.3.2, FP-SNS-MOTENVWB1_V1.3.1, FP-SNS-SMARTAG2_V1.2.0, STM32Cube_FW_C0_V1.1.0, STM32Cube_FW_F4_V1.28.0, STM32Cube_FW_F7_V1.17.0, STM32Cube_FW_G0_V1.6.2, STM32Cube_FW_G4_V1.5.2, STM32Cube_FW_H5_V0.5.1, STM32Cube_FW_H5_V1.1.1, STM32Cube_FW_H5_V1.2.0RC2, STM32Cube_FW_H7_V1.11.0, STM32Cube_FW_L0_V1.12.2, STM32Cube_FW_L5_V1.5.0, STM32Cube_FW_U5_V1.3.0RC4, STM32Cube_FW_U5_V1.4.0, STM32Cube_FW_WBA_V1.0.0RC1, STM32Cube_FW_WBA_V1.1.0RC1, STM32Cube_FW_WBA_V1.2.0, STM32Cube_FW_WBA_V1.2.0RC2, STM32Cube_FW_WB_V1.15.0RC1, STM32Cube_FW_WB_V1.16.0, STM32Cube_FW_WB_V1.16.0RC2, STM32Cube_FW_WB_V1.18.0, STM32Cube_FW_WL_V1.3.0, X-CUBE-ALGOBUILD_V1.3.0, X-CUBE-ALS_V1.0.1, X-CUBE-AZRTOS-F4_V1.1.0, X-CUBE-AZRTOS-F7_V1.1.0, X-CUBE-AZRTOS-G0_V1.1.0, X-CUBE-AZRTOS-G4_V2.0.0, X-CUBE-AZRTOS-H7_V3.2.0, X-CUBE-AZRTOS-L4_V1.0.0, X-CUBE-AZRTOS-L4_V2.0.0, X-CUBE-AZRTOS-L5_V1.1.0, X-CUBE-AZRTOS-WB_V2.0.0, X-CUBE-AZRTOS-WL_V2.0.0, X-CUBE-BLE1_V7.0.0, X-CUBE-BLE2_V3.3.0, X-CUBE-BLEMGR_V3.0.0, X-CUBE-EEPRMA1_V4.1.0, X-CUBE-EEPRMA1_V5.1.0, X-CUBE-FREERTOS_V1.1.0, X-CUBE-GNSS1_V6.0.0, X-CUBE-MEMS1_V10.0.0, X-CUBE-MEMS1_V9.1.0, X-CUBE-MEMS1_V9.4.0, X-CUBE-MEMS1_V9.6.0, X-CUBE-NFC4_V3.0.0, X-CUBE-NFC7_V1.0.1, X-CUBE-SFXS2LP1_V4.0.0, X-CUBE-SUBG2_V5.0.0, X-CUBE-TOF1_V3.4.0]
2024-03-16 10:42:38,858 [WARN] PackLoader:240 - Cannot read IP mode file for SEGGER.I-CUBE-embOS.1.3.1
2024-03-16 10:42:39,015 [WARN] PackLoader:240 - Cannot read IP mode file for STMicroelectronics.X-CUBE-GNSS1.6.0.0
2024-03-16 10:42:39,121 [WARN] PackLoader:240 - Cannot read IP mode file for STMicroelectronics.X-CUBE-AZRTOS-F4.1.1.0
2024-03-16 10:42:39,162 [WARN] PackLoader:240 - Cannot read IP mode file for wolfSSL.I-CUBE-wolfSSL.5.6.0
2024-03-16 10:42:39,257 [WARN] PackLoader:240 - Cannot read IP mode file for STMicroelectronics.X-CUBE-AZRTOS-L5.2.0.0
2024-03-16 10:42:39,413 [WARN] PackLoader:240 - Cannot read IP mode file for STMicroelectronics.X-CUBE-MEMS1.9.6.0
2024-03-16 10:42:39,725 [WARN] PackLoader:240 - Cannot read IP mode file for STMicroelectronics.X-CUBE-EEPRMA1.4.2.0
2024-03-16 10:42:39,769 [WARN] PackLoader:240 - Cannot read IP mode file for ITTIA_DB.I-CUBE-ITTIADB.8.8.0
2024-03-16 10:42:39,830 [WARN] PackLoader:240 - Cannot read IP mode file for emotas.I-CUBE-CANOPEN.1.1.3
2024-03-16 10:42:39,869 [WARN] PackLoader:240 - Cannot read IP mode file for STMicroelectronics.X-CUBE-BLEMGR.2.0.0
2024-03-16 10:42:39,964 [WARN] ConditionMgr:438 - getConditionDescription Invalid condition id : UX DEVICE CLASS RTOS Condition cause : null
2024-03-16 10:42:39,964 [WARN] ConditionMgr:438 - getConditionDescription Invalid condition id : UX DEVICE CLASS RTOS Condition cause : null
2024-03-16 10:42:39,970 [WARN] PackLoader:240 - Cannot read IP mode file for STMicroelectronics.X-CUBE-AZRTOS-H7.3.1.0
2024-03-16 10:42:39,973 [WARN] ConditionMgr:1039 - genDependencies : Invalid condition id : UX DEVICE CLASS RTOS Condition cause : null
2024-03-16 10:42:39,973 [WARN] ConditionMgr:1039 - genDependencies : Invalid condition id : UX DEVICE CLASS RTOS Condition cause : null
2024-03-16 10:42:39,974 [WARN] ConditionMgr:1039 - genDependencies : Invalid condition id : UX DEVICE CLASS RTOS Condition cause : null
2024-03-16 10:42:39,975 [WARN] ConditionMgr:1039 - genDependencies : Invalid condition id : UX DEVICE CLASS RTOS Condition cause : null
2024-03-16 10:42:39,976 [WARN] ConditionMgr:1039 - genDependencies : Invalid condition id : UX DEVICE CLASS RTOS Condition cause : null
2024-03-16 10:42:40,035 [WARN] PackLoader:240 - Cannot read IP mode file for STMicroelectronics.X-CUBE-NFC7.1.0.1
2024-03-16 10:42:40,079 [WARN] PackLoader:240 - Cannot read IP mode file for STMicroelectronics.X-CUBE-NFC7.1.0.0
2024-03-16 10:42:40,130 [WARN] PackLoader:240 - Cannot read IP mode file for STMicroelectronics.X-CUBE-NFC6.3.0.0
2024-03-16 10:42:40,165 [WARN] PackLoader:240 - Cannot read IP mode file for STMicroelectronics.X-CUBE-EEPRMA1.4.1.0
2024-03-16 10:42:40,206 [WARN] PackLoader:240 - Cannot read IP mode file for STMicroelectronics.X-CUBE-AI.8.1.0
2024-03-16 10:42:40,308 [WARN] ConditionMgr:438 - getConditionDescription Invalid condition id : LAN8742 Phy interface Condition cause : null
2024-03-16 10:42:40,309 [WARN] PackLoader:240 - Cannot read IP mode file for STMicroelectronics.X-CUBE-AZRTOS-L4.2.0.0
2024-03-16 10:42:40,312 [WARN] ConditionMgr:1039 - genDependencies : Invalid condition id : LAN8742 Phy interface Condition cause : null
2024-03-16 10:42:40,312 [WARN] ConditionMgr:1039 - genDependencies : Invalid condition id : LAN8742 Phy interface Condition cause : null
2024-03-16 10:42:40,314 [WARN] ConditionMgr:1039 - genDependencies : Invalid condition id : LAN8742 Phy interface Condition cause : null
2024-03-16 10:42:40,361 [WARN] PackLoader:240 - Cannot read IP mode file for STMicroelectronics.X-CUBE-SFXS2LP1.4.0.0
2024-03-16 10:42:40,393 [WARN] PackLoader:240 - Cannot read IP mode file for STMicroelectronics.X-CUBE-ISPU.1.1.0
2024-03-16 10:42:40,429 [WARN] PackLoader:240 - Cannot read IP mode file for STMicroelectronics.X-CUBE-AI.8.0.0
2024-03-16 10:42:40,503 [WARN] ConditionMgr:438 - getConditionDescription Invalid condition id : UX DEVICE CLASS RTOS Condition cause : null
2024-03-16 10:42:40,504 [WARN] ConditionMgr:438 - getConditionDescription Invalid condition id : UX DEVICE CLASS RTOS Condition cause : null
2024-03-16 10:42:40,508 [WARN] PackLoader:240 - Cannot read IP mode file for STMicroelectronics.X-CUBE-AZRTOS-WB.2.0.0
2024-03-16 10:42:40,509 [WARN] ConditionMgr:1039 - genDependencies : Invalid condition id : UX DEVICE CLASS RTOS Condition cause : null
2024-03-16 10:42:40,509 [WARN] ConditionMgr:1039 - genDependencies : Invalid condition id : UX DEVICE CLASS RTOS Condition cause : null
2024-03-16 10:42:40,510 [WARN] ConditionMgr:1039 - genDependencies : Invalid condition id : UX DEVICE CLASS RTOS Condition cause : null
2024-03-16 10:42:40,510 [WARN] ConditionMgr:1039 - genDependencies : Invalid condition id : UX DEVICE CLASS RTOS Condition cause : null
2024-03-16 10:42:40,511 [WARN] ConditionMgr:1039 - genDependencies : Invalid condition id : UX DEVICE CLASS RTOS Condition cause : null
2024-03-16 10:42:40,550 [WARN] PackLoader:240 - Cannot read IP mode file for STMicroelectronics.X-CUBE-FREERTOS.1.0.1
2024-03-16 10:42:40,629 [WARN] PackLoader:240 - Cannot read IP mode file for STMicroelectronics.X-CUBE-AZRTOS-L5.1.1.0
2024-03-16 10:42:40,680 [WARN] PackLoader:240 - Cannot read IP mode file for STMicroelectronics.X-CUBE-AI.8.0.1
2024-03-16 10:42:40,964 [WARN] PackLoader:240 - Cannot read IP mode file for STMicroelectronics.X-CUBE-SUBG2.5.0.0
2024-03-16 10:42:41,032 [WARN] PackLoader:240 - Cannot read IP mode file for STMicroelectronics.X-CUBE-TOF1.3.3.1
2024-03-16 10:42:41,122 [WARN] PackLoader:240 - Cannot read IP mode file for STMicroelectronics.X-CUBE-AZRTOS-G4.2.0.0
2024-03-16 10:42:41,170 [WARN] PackLoader:240 - Cannot read IP mode file for STMicroelectronics.X-CUBE-TOF1.3.3.0
2024-03-16 10:42:41,242 [WARN] PackLoader:240 - Cannot read IP mode file for Infineon.AIROC-Wi-Fi-Bluetooth-STM32.1.5.1
2024-03-16 10:42:41,289 [WARN] PackLoader:240 - Cannot read IP mode file for STMicroelectronics.FP-SNS-MOTENVWB1.1.3.1
2024-03-16 10:42:41,349 [WARN] PackLoader:240 - Cannot read IP mode file for STMicroelectronics.X-CUBE-AZRTOS-G4.1.0.0
2024-03-16 10:42:41,424 [WARN] PackLoader:240 - Cannot read IP mode file for STMicroelectronics.X-CUBE-AZRTOS-L4.1.0.0
2024-03-16 10:42:41,458 [WARN] PackLoader:240 - Cannot read IP mode file for STMicroelectronics.X-CUBE-ISPU.2.0.0
2024-03-16 10:42:41,571 [WARN] PackLoader:240 - Cannot read IP mode file for STMicroelectronics.X-CUBE-MEMS1.10.0.0
2024-03-16 10:42:41,824 [WARN] PackLoader:240 - Cannot read IP mode file for STMicroelectronics.X-CUBE-FREERTOS.1.1.0
2024-03-16 10:42:41,891 [WARN] PackLoader:240 - Cannot read IP mode file for STMicroelectronics.X-CUBE-AZRTOS-WL.1.0.0
2024-03-16 10:42:41,941 [WARN] PackLoader:240 - Cannot read IP mode file for portGmbH.I-Cube-SoM-uGOAL.1.1.0
2024-03-16 10:42:41,988 [WARN] PackLoader:240 - Cannot read IP mode file for STMicroelectronics.X-CUBE-ALS.1.0.1
2024-03-16 10:42:42,068 [WARN] PackLoader:240 - Cannot read IP mode file for STMicroelectronics.X-CUBE-AZRTOS-WB.1.1.0
2024-03-16 10:42:42,115 [WARN] PackLoader:240 - Cannot read IP mode file for STMicroelectronics.FP-ATR-ASTRA1.2.0.0
2024-03-16 10:42:42,172 [WARN] PackLoader:240 - Cannot read IP mode file for STMicroelectronics.X-CUBE-TOF1.3.4.0
2024-03-16 10:42:42,280 [WARN] PackLoader:240 - Cannot read IP mode file for STMicroelectronics.X-CUBE-TOF1.3.4.1
2024-03-16 10:42:42,459 [WARN] PackLoader:240 - Cannot read IP mode file for STMicroelectronics.X-CUBE-AZRTOS-H7.3.2.0
2024-03-16 10:42:42,467 [INFO] ThirdParty:978 - Integrity check success = true
2024-03-16 10:42:42,467 [INFO] IntegrityCheckThread:100 - exiting critical section [integrity check]
2024-03-16 10:42:42,467 [INFO] IntegrityCheckThread:103 - End integrity checks thread
2024-03-16 10:42:43,746 [INFO] ApiDb:240 - Found 297 in-development CPN: [B-G473E-ZEST1S, B-WB1M-WPAN1, B-WL5M-SUBG1, NUCLEO-C031C6, NUCLEO-H503RB, NUCLEO-H563ZI, NUCLEO-U545RE-Q, NUCLEO-U5A5ZJ-Q, NUCLEO-WBA52CG, STEVAL-PROTEUS1, STEVAL-STWINBX1, STM320518-EVAL, STM32C0116-DK, STM32C011D6Y3TR, STM32C011D6Y6TR, STM32C011F4P3, STM32C011F4P6, STM32C011F4U3, STM32C011F4U6TR, STM32C011F6P3, STM32C011F6P6, STM32C011F6U3, STM32C011F6U6TR, STM32C011J4M3, STM32C011J4M6, STM32C011J6M3, STM32C011J6M6, STM32C0316-DK, STM32C031C4T3, STM32C031C4T6, STM32C031C4U3, STM32C031C4U6, STM32C031C6T3, STM32C031C6T6, STM32C031C6U3, STM32C031C6U6, STM32C031F4P3, STM32C031F4P6, STM32C031F6P3, STM32C031F6P6, STM32C031G4U3, STM32C031G4U6, STM32C031G6U3, STM32C031G6U6, STM32C031K4T3, STM32C031K4T6, STM32C031K4U3, STM32C031K4U6, STM32C031K6T3, STM32C031K6T6, STM32C031K6U3, STM32C031K6U6, STM32G071K8TXN, STM32G071K8UXN, STM32G081GBU6N, STM32G081KBT6N, STM32G081KBUXN, STM32G0B1CCT6N, STM32G0B1KCT6, STM32G0B1NEY6TR, STM32G0B1RCT6N, STM32G0C1CCT6, STM32G0C1CCT6N, STM32G0C1CCU6N, STM32G0C1CET6N, STM32G0C1CEU6N, STM32G0C1KCT6, STM32G0C1NEY6TR, STM32G0C1RCI6N, STM32G0C1RCT6N, STM32G0C1REI6N, STM32G0C1RET6N, STM32G0C1VCI6, STM32G0C1VEI6, STM32G471CCT6, STM32G471CCU6, STM32G471CET3, STM32G471CET6, STM32G471CEU3, STM32G471CEU6, STM32G471MCT6, STM32G471MET3, STM32G471MET6, STM32G471MEY6TR, STM32G471QCT6, STM32G471QET3, STM32G471RCT6, STM32G471RET3, STM32G471RET6, STM32G471VCH6, STM32G471VCI6, STM32G471VCT6, STM32G471VEH3, STM32G471VEH6, STM32G471VEI3, STM32G471VEI6, STM32G471VET3, STM32G471VET6, STM32G474CCT6, STM32H503CBT6, STM32H503CBU6, STM32H503EBY6TR, STM32H503KBU6, STM32H503RBT6, STM32H562AGI6, STM32H562AII6, STM32H562IGK6, STM32H562IGT6, STM32H562IIK6, STM32H562IIT6, STM32H562RGT6, STM32H562RGV6, STM32H562RIT6, STM32H562RIV6, STM32H562VGT6, STM32H562VIT6, STM32H562ZGT6, STM32H562ZIT6, STM32H563AGI6, STM32H563AII3Q, STM32H563AII6, STM32H563IGK6, STM32H563IGT6, STM32H563IIK3Q, STM32H563IIK6, STM32H563IIT3Q, STM32H563IIT6, STM32H563MIY3QTR, STM32H563RGT6, STM32H563RGV6, STM32H563RIT6, STM32H563RIV6, STM32H563VGT6, STM32H563VIT3Q, STM32H563VIT6, STM32H563ZGT6, STM32H563ZIT3Q, STM32H563ZIT6, STM32H573AII3Q, STM32H573AII6, STM32H573I-DK, STM32H573IIK3Q, STM32H573IIK6, STM32H573IIT3Q, STM32H573IIT6, STM32H573MIY3QTR, STM32H573RIT6, STM32H573RIV6, STM32H573VIT3Q, STM32H573VIT6, STM32H573ZIT3Q, STM32H573ZIT6, STM32L4R5QGI6STR, STM32MP131AAE3, STM32MP131AAF3, STM32MP131AAG3, STM32MP131CAE3, STM32MP131CAF3, STM32MP131CAG3, STM32MP131DAE7, STM32MP131DAF7, STM32MP131DAG7, STM32MP131FAE7, STM32MP131FAF7, STM32MP131FAG7, STM32MP133AAE3, STM32MP133AAF3, STM32MP133AAG3, STM32MP133CAE3, STM32MP133CAF3, STM32MP133CAG3, STM32MP133DAE7, STM32MP133DAF7, STM32MP133DAG7, STM32MP133FAE7, STM32MP133FAF7, STM32MP133FAG7, STM32MP135AAE3, STM32MP135AAF3, STM32MP135AAG3, STM32MP135CAE3, STM32MP135CAF3, STM32MP135CAG3, STM32MP135DAE7, STM32MP135DAF7, STM32MP135DAG7, STM32MP135F-DK, STM32MP135FAE7, STM32MP135FAF7, STM32MP135FAF7T, STM32MP135FAF7U, STM32MP135FAG7, STM32U535CBT6, STM32U535CBT6Q, STM32U535CBU6, STM32U535CBU6Q, STM32U535CCT6, STM32U535CCT6Q, STM32U535CCU6, STM32U535CCU6Q, STM32U535CET6, STM32U535CET6Q, STM32U535CEU6, STM32U535CEU6Q, STM32U535JEY6QTR, STM32U535NCY6QTR, STM32U535NEY6QTR, STM32U535RBI6, STM32U535RBI6Q, STM32U535RBT6, STM32U535RBT6Q, STM32U535RCI6, STM32U535RCI6Q, STM32U535RCT6, STM32U535RCT6Q, STM32U535REI6, STM32U535REI6Q, STM32U535RET6, STM32U535RET6Q, STM32U535VCI6, STM32U535VCI6Q, STM32U535VCT6, STM32U535VCT6Q, STM32U535VEI6, STM32U535VEI6Q, STM32U535VET6, STM32U535VET6Q, STM32U545CET6, STM32U545CET6Q, STM32U545CEU6, STM32U545CEU6Q, STM32U545JEY6QTR, STM32U545NEY6QTR, STM32U545REI6, STM32U545REI6Q, STM32U545RET6, STM32U545RET6Q, STM32U545VEI6, STM32U545VEI6Q, STM32U545VET6, STM32U545VET6Q, STM32U595AIH6, STM32U595AIH6Q, STM32U595AJH6, STM32U595AJH6Q, STM32U595QII6, STM32U595QII6Q, STM32U595QJI6, STM32U595QJI6Q, STM32U595RIT6, STM32U595RIT6Q, STM32U595RJT6, STM32U595RJT6Q, STM32U595VIT6, STM32U595VIT6Q, STM32U595VJT6, STM32U595VJT6Q, STM32U595ZIT6, STM32U595ZIT6Q, STM32U595ZIY6QTR, STM32U595ZJT6, STM32U595ZJT6Q, STM32U595ZJY6QTR, STM32U599BJY6QTR, STM32U599NIH6Q, STM32U599NJH6Q, STM32U599VIT6Q, STM32U599VJT6, STM32U599VJT6Q, STM32U599ZIT6Q, STM32U599ZIY6QTR, STM32U599ZJT6Q, STM32U599ZJY6QTR, STM32U5A5AJH6, STM32U5A5AJH6Q, STM32U5A5QJI6, STM32U5A5QJI6Q, STM32U5A5RJT6, STM32U5A5RJT6Q, STM32U5A5VJT6, STM32U5A5VJT6Q, STM32U5A5ZJT6, STM32U5A5ZJT6Q, STM32U5A5ZJY6QTR, STM32U5A9BJY6QTR, STM32U5A9J-DK, STM32U5A9NJH6Q, STM32U5A9VJT6Q, STM32U5A9ZJT6Q, STM32U5A9ZJY6QTR, STM32WB1MMCH6, STM32WBA52CEU6, STM32WBA52CEU6T, STM32WBA52CGU6, STM32WBA52CGU6T, STM32WL5MOCH6, STM32WL5MOCH6TR]
2024-03-16 10:42:43,754 [INFO] DbMcus:216 - Found 3861 MCUs, 3861 are supported
2024-03-16 10:42:43,789 [INFO] ApiDb:423 - Load user favorites file C:\Users\MrIro/.stm32cubeide/favorites.mcus.txt: 1 item(s)
2024-03-16 10:42:43,789 [INFO] ApiDb:427 - User favorites MCUs=[STM32F411CEU6]
2024-03-16 10:42:43,790 [INFO] DbMcus:222 - Set 1 / 1 favorites MCUs
2024-03-16 10:42:45,005 [INFO] BoardInfo:880 - No configuration file found for board P-NUCLEO-WB55
2024-03-16 10:42:45,005 [INFO] DbBoards:157 - Kit is not supported: P-NUCLEO-WB55
2024-03-16 10:42:45,021 [INFO] BoardInfo:880 - No configuration file found for board STEVAL-BFA001V1B
2024-03-16 10:42:45,021 [INFO] DbBoards:157 - Kit is not supported: STEVAL-BFA001V1B
2024-03-16 10:42:45,024 [INFO] BoardInfo:880 - No configuration file found for board STEVAL-BFA001V2B
2024-03-16 10:42:45,024 [INFO] DbBoards:157 - Kit is not supported: STEVAL-BFA001V2B
2024-03-16 10:42:45,034 [INFO] BoardInfo:880 - No configuration file found for board STEVAL-MKBOXPRO
2024-03-16 10:42:45,034 [INFO] DbBoards:157 - Board is not supported: STEVAL-MKBOXPRO
2024-03-16 10:42:45,045 [INFO] BoardInfo:880 - No configuration file found for board STEVAL-SMARTAG2
2024-03-16 10:42:45,046 [INFO] DbBoards:157 - Board is not supported: STEVAL-SMARTAG2
2024-03-16 10:42:45,359 [INFO] DbBoards:161 - Found 189 boards, 184 are supported
2024-03-16 10:42:45,386 [INFO] ApiDb:423 - Load user favorites file C:\Users\MrIro/.stm32cubeide/favorites.boards.txt: 1 item(s)
2024-03-16 10:42:45,387 [INFO] ApiDb:427 - User favorites Boards=[NUCLEO-L452RE-P]
2024-03-16 10:42:45,388 [INFO] DbBoards:190 - Set 1 / 1 favorites Boards
2024-03-16 10:42:45,388 [INFO] McuFinderGlobals:66 - Set McuFinderConnectedMode to true
2024-03-16 10:42:45,402 [INFO] MultiScanPanel:200 - Auto-refresh data requested => check proxy status ongoing
2024-03-16 10:42:45,408 [INFO] FinderPluginLoader:95 - Searching for filters in installed packs
2024-03-16 10:42:45,413 [INFO] FinderPluginLoader:108 - Found C:\Users\MrIro\STM32Cube\Repository\Packs\STMicroelectronics\X-CUBE-AI\8.0.1\CubeMX\plugins\ip\ai.8.0.1.jar
2024-03-16 10:42:45,414 [INFO] FinderPluginLoader:118 - Loading ai.8.0.1
2024-03-16 10:42:45,547 [INFO] McuExtendedFiltersManager:95 - Add MCU extended filter: Artificial Intelligence
2024-03-16 10:42:47,391 [INFO] AInterface:109 - AInterface using toolDir: C:/Users/MrIro/STM32Cube/Repository//Packs/STMicroelectronics/X-CUBE-AI/8.0.1/Utilities/windows
2024-03-16 10:42:48,417 [INFO] LoadUrlFilesThread:185 - End of LoadServerUrlFiles without Thread
2024-03-16 10:42:48,463 [INFO] DetailPanel:341 - Set advertising image to C:/Users/MrIro/STM32Cube/Repository/\en.prom-stm32wl3-mcu-finder.jpg
2024-03-16 10:43:05,846 [INFO] MainUpdater:2854 - connection check result : 10
2024-03-16 10:43:05,847 [INFO] MainUpdater:2854 - connection check result : 10
2024-03-16 10:43:05,953 [INFO] MicroXplorer:468 - Change Database Path : 
2024-03-16 10:43:05,953 [INFO] MicroXplorer:498 - Change Database Version : DB.6.0.80
2024-03-16 10:43:05,954 [WARN] ThirdParty:871 - waiting for thirdparty lock release [close project]
2024-03-16 10:43:05,954 [INFO] ThirdParty:873 - entering critical section [close project]
2024-03-16 10:43:05,956 [INFO] ThirdParty:883 - exiting critical section [close project]
2024-03-16 10:43:05,966 [INFO] PinOutPanel:1499 - setPackage(No Configuration,No Configuration)
2024-03-16 10:43:05,979 [INFO] UtilMem:75 - Begin LoadConfig() Used Memory: 320730064 Bytes (591396864)
2024-03-16 10:43:05,981 [INFO] MicroXplorer:468 - Change Database Path : 
2024-03-16 10:43:05,982 [INFO] MicroXplorer:498 - Change Database Version : DB.6.0.80
2024-03-16 10:43:05,982 [INFO] OpenFileManager:308 - Change cursor
2024-03-16 10:43:06,567 [INFO] Mcu:1937 - Initializing MCU STM32F411CEUx STM32F411CEUx 
2024-03-16 10:43:06,569 [INFO] Mcu:1950 - No CPN specified => set CPN to STM32F411CEU6
2024-03-16 10:43:10,067 [INFO] Context:659 - Trying to add GPIOservice into a context  which must be forbidden
2024-03-16 10:43:10,915 [INFO] ImportTextPane:194 - (OptionalMessage_ERROR) Unable to find key (Mcu.ThirdPartyNb) in loaded IOC file
2024-03-16 10:43:10,915 [INFO] ImportTextPane:194 - (OptionalMessage_ERROR) Unable to find key (Mcu.PinsNb) in loaded IOC file
2024-03-16 10:43:10,916 [INFO] ImportTextPane:194 - (OptionalMessage_ERROR) Unable to find key (Mcu.IPNb) in loaded IOC file
2024-03-16 10:43:11,552 [INFO] RtosManager:555 - Registered RTOS mode: class=CMSIS, group=RTOS, mode=CMSIS_V1, owner=FREERTOS
2024-03-16 10:43:11,552 [INFO] RtosManager:555 - Registered RTOS mode: class=CMSIS, group=RTOS2, mode=CMSIS_V2, owner=FREERTOS
2024-03-16 10:43:11,553 [INFO] RtosManager:555 - Registered RTOS mode: class=RTOS, group=Core, mode=CMSIS_V1, owner=FREERTOS
2024-03-16 10:43:11,553 [INFO] RtosManager:555 - Registered RTOS mode: class=RTOS, group=Core, mode=CMSIS_V2, owner=FREERTOS
2024-03-16 10:43:11,554 [WARN] ModelIntegratedComponent:184 - Missing modes for component STMicroelectronics:FreeRTOS:0.0.1:STMicroelectronics:RTOS:FreeRTOS:Core:::10.2.0:
2024-03-16 10:43:11,567 [WARN] ModelIntegratedComponent:182 - Modes not found for component STMicroelectronics:USB_HOST:1.0.0:STMicroelectronics:USB::USB Host:Audio HS::1.0:USB_HOST_1_0_RESTRICTED_HS
2024-03-16 10:43:11,568 [WARN] ModelIntegratedComponent:188 - Modes not found for component STMicroelectronics:USB_HOST:1.0.0:STMicroelectronics:USB::USB Host:Audio HS::1.0:USB_HOST_1_0_RESTRICTED_HS
2024-03-16 10:43:11,568 [WARN] ModelIntegratedComponent:182 - Modes not found for component STMicroelectronics:USB_HOST:1.0.0:STMicroelectronics:USB::USB Host:CDC HS::1.0:USB_HOST_1_0_RESTRICTED_HS
2024-03-16 10:43:11,568 [WARN] ModelIntegratedComponent:188 - Modes not found for component STMicroelectronics:USB_HOST:1.0.0:STMicroelectronics:USB::USB Host:CDC HS::1.0:USB_HOST_1_0_RESTRICTED_HS
2024-03-16 10:43:11,569 [WARN] ModelIntegratedComponent:182 - Modes not found for component STMicroelectronics:USB_HOST:1.0.0:STMicroelectronics:USB::USB Host:MSC HS::1.0:USB_HOST_1_0_RESTRICTED_HS
2024-03-16 10:43:11,569 [WARN] ModelIntegratedComponent:188 - Modes not found for component STMicroelectronics:USB_HOST:1.0.0:STMicroelectronics:USB::USB Host:MSC HS::1.0:USB_HOST_1_0_RESTRICTED_HS
2024-03-16 10:43:11,569 [WARN] ModelIntegratedComponent:182 - Modes not found for component STMicroelectronics:USB_HOST:1.0.0:STMicroelectronics:USB::USB Host:HID HS::1.0:USB_HOST_1_0_RESTRICTED_HS
2024-03-16 10:43:11,569 [WARN] ModelIntegratedComponent:188 - Modes not found for component STMicroelectronics:USB_HOST:1.0.0:STMicroelectronics:USB::USB Host:HID HS::1.0:USB_HOST_1_0_RESTRICTED_HS
2024-03-16 10:43:11,569 [WARN] ModelIntegratedComponent:182 - Modes not found for component STMicroelectronics:USB_HOST:1.0.0:STMicroelectronics:USB::USB Host:MTP HS::1.0:USB_HOST_1_0_RESTRICTED_HS
2024-03-16 10:43:11,570 [WARN] ModelIntegratedComponent:188 - Modes not found for component STMicroelectronics:USB_HOST:1.0.0:STMicroelectronics:USB::USB Host:MTP HS::1.0:USB_HOST_1_0_RESTRICTED_HS
2024-03-16 10:43:11,615 [WARN] ModelIntegratedComponent:63 - No mode defined for component null
2024-03-16 10:43:11,616 [WARN] ModelIntegratedComponent:63 - No mode defined for component null
2024-03-16 10:43:11,616 [WARN] ModelIntegratedComponent:63 - No mode defined for component null
2024-03-16 10:43:11,616 [WARN] ModelIntegratedComponent:63 - No mode defined for component null
2024-03-16 10:43:11,616 [WARN] ModelIntegratedComponent:63 - No mode defined for component null
2024-03-16 10:43:11,616 [WARN] ModelIntegratedComponent:63 - No mode defined for component null
2024-03-16 10:43:11,616 [WARN] ModelIntegratedComponent:63 - No mode defined for component null
2024-03-16 10:43:11,616 [WARN] ModelIntegratedComponent:63 - No mode defined for component null
2024-03-16 10:43:11,616 [WARN] ModelIntegratedComponent:63 - No mode defined for component null
2024-03-16 10:43:11,616 [WARN] ModelIntegratedComponent:63 - No mode defined for component null
2024-03-16 10:43:11,616 [WARN] ModelIntegratedComponent:63 - No mode defined for component null
2024-03-16 10:43:11,616 [WARN] ModelIntegratedComponent:63 - No mode defined for component null
2024-03-16 10:43:11,620 [WARN] ModelIntegratedComponent:63 - No mode defined for component null
2024-03-16 10:43:11,621 [WARN] ModelIntegratedComponent:63 - No mode defined for component null
2024-03-16 10:43:11,622 [WARN] ModelIntegratedComponent:63 - No mode defined for component null
2024-03-16 10:43:11,623 [WARN] ModelIntegratedComponent:63 - No mode defined for component null
2024-03-16 10:43:11,623 [WARN] ModelIntegratedComponent:63 - No mode defined for component null
2024-03-16 10:43:11,623 [WARN] ModelIntegratedComponent:63 - No mode defined for component null
2024-03-16 10:43:11,624 [WARN] ModelIntegratedComponent:63 - No mode defined for component null
2024-03-16 10:43:11,624 [WARN] ModelIntegratedComponent:63 - No mode defined for component null
2024-03-16 10:43:11,624 [WARN] ModelIntegratedComponent:63 - No mode defined for component null
2024-03-16 10:43:11,624 [WARN] ModelIntegratedComponent:63 - No mode defined for component null
2024-03-16 10:43:11,624 [WARN] ModelIntegratedComponent:63 - No mode defined for component null
2024-03-16 10:43:11,624 [WARN] ModelIntegratedComponent:63 - No mode defined for component null
2024-03-16 10:43:11,625 [WARN] ModelIntegratedComponent:63 - No mode defined for component null
2024-03-16 10:43:11,625 [WARN] ModelIntegratedComponent:63 - No mode defined for component null
2024-03-16 10:43:11,625 [WARN] ModelIntegratedComponent:63 - No mode defined for component null
2024-03-16 10:43:11,625 [WARN] ModelIntegratedComponent:63 - No mode defined for component null
2024-03-16 10:43:11,626 [WARN] ModelIntegratedComponent:63 - No mode defined for component null
2024-03-16 10:43:11,626 [WARN] ModelIntegratedComponent:63 - No mode defined for component null
2024-03-16 10:43:11,626 [WARN] ModelIntegratedComponent:63 - No mode defined for component null
2024-03-16 10:43:11,626 [WARN] ModelIntegratedComponent:63 - No mode defined for component null
2024-03-16 10:43:11,626 [WARN] ModelIntegratedComponent:63 - No mode defined for component null
2024-03-16 10:43:12,086 [WARN] ModelIntegratedComponent:182 - Modes not found for component STMicroelectronics:USB_DEVICE:1.0.0:STMicroelectronics:USB::USB Device:Audio HS::1.0:USB_DEVICE_1_0_RESTRICTED_HS
2024-03-16 10:43:12,088 [WARN] ModelIntegratedComponent:188 - Modes not found for component STMicroelectronics:USB_DEVICE:1.0.0:STMicroelectronics:USB::USB Device:Audio HS::1.0:USB_DEVICE_1_0_RESTRICTED_HS
2024-03-16 10:43:12,088 [WARN] ModelIntegratedComponent:182 - Modes not found for component STMicroelectronics:USB_DEVICE:1.0.0:STMicroelectronics:USB::USB Device:CDC HS::1.0:USB_DEVICE_1_0_RESTRICTED_HS
2024-03-16 10:43:12,088 [WARN] ModelIntegratedComponent:188 - Modes not found for component STMicroelectronics:USB_DEVICE:1.0.0:STMicroelectronics:USB::USB Device:CDC HS::1.0:USB_DEVICE_1_0_RESTRICTED_HS
2024-03-16 10:43:12,088 [WARN] ModelIntegratedComponent:182 - Modes not found for component STMicroelectronics:USB_DEVICE:1.0.0:STMicroelectronics:USB::USB Device:DFU HS::1.0:USB_DEVICE_1_0_RESTRICTED_HS
2024-03-16 10:43:12,088 [WARN] ModelIntegratedComponent:188 - Modes not found for component STMicroelectronics:USB_DEVICE:1.0.0:STMicroelectronics:USB::USB Device:DFU HS::1.0:USB_DEVICE_1_0_RESTRICTED_HS
2024-03-16 10:43:12,089 [WARN] ModelIntegratedComponent:182 - Modes not found for component STMicroelectronics:USB_DEVICE:1.0.0:STMicroelectronics:USB::USB Device:HID HS::1.0:USB_DEVICE_1_0_RESTRICTED_HS
2024-03-16 10:43:12,089 [WARN] ModelIntegratedComponent:188 - Modes not found for component STMicroelectronics:USB_DEVICE:1.0.0:STMicroelectronics:USB::USB Device:HID HS::1.0:USB_DEVICE_1_0_RESTRICTED_HS
2024-03-16 10:43:12,089 [WARN] ModelIntegratedComponent:182 - Modes not found for component STMicroelectronics:USB_DEVICE:1.0.0:STMicroelectronics:USB::USB Device:Custom HID HS::1.0:USB_DEVICE_1_0_RESTRICTED_HS
2024-03-16 10:43:12,089 [WARN] ModelIntegratedComponent:188 - Modes not found for component STMicroelectronics:USB_DEVICE:1.0.0:STMicroelectronics:USB::USB Device:Custom HID HS::1.0:USB_DEVICE_1_0_RESTRICTED_HS
2024-03-16 10:43:12,089 [WARN] ModelIntegratedComponent:182 - Modes not found for component STMicroelectronics:USB_DEVICE:1.0.0:STMicroelectronics:USB::USB Device:MSC HS::1.0:USB_DEVICE_1_0_RESTRICTED_HS
2024-03-16 10:43:12,089 [WARN] ModelIntegratedComponent:188 - Modes not found for component STMicroelectronics:USB_DEVICE:1.0.0:STMicroelectronics:USB::USB Device:MSC HS::1.0:USB_DEVICE_1_0_RESTRICTED_HS
2024-03-16 10:43:12,143 [INFO] ThirdPartyModel:298 - Start build external matchings
2024-03-16 10:43:16,076 [INFO] ThirdPartyModel:316 - End build external matchings
2024-03-16 10:43:16,821 [INFO] UtilMem:75 - End LoadConfig() Used Memory: 448971744 Bytes (591396864)
2024-03-16 10:43:16,917 [WARN] ThirdParty:833 - waiting for thirdparty lock release [change project]
2024-03-16 10:43:16,917 [INFO] ThirdParty:835 - entering critical section [change project]
2024-03-16 10:43:16,917 [INFO] ThirdParty:1030 - CMSIS Pack Vendor :STMicroelectronics X-CUBE-ISPU 1.1.0
2024-03-16 10:43:16,917 [INFO] ThirdParty:1030 - CMSIS Pack Vendor :STMicroelectronics X-CUBE-GNSS1 6.0.0
2024-03-16 10:43:16,919 [INFO] ThirdParty:1030 - CMSIS Pack Vendor :STMicroelectronics USB_HOST 2.0.0
2024-03-16 10:43:16,919 [INFO] ThirdParty:1030 - CMSIS Pack Vendor :STMicroelectronics X-CUBE-AZRTOS-F4 1.1.0
2024-03-16 10:43:16,919 [INFO] ThirdParty:1030 - CMSIS Pack Vendor :STMicroelectronics LIBJPEG 8.0.0
2024-03-16 10:43:16,919 [INFO] ThirdParty:1030 - CMSIS Pack Vendor :STMicroelectronics X-CUBE-SMBUS 2.1.0
2024-03-16 10:43:16,919 [INFO] ThirdParty:1030 - CMSIS Pack Vendor :wolfSSL I-CUBE-wolfSSL 5.6.0
2024-03-16 10:43:16,919 [INFO] ThirdParty:1030 - CMSIS Pack Vendor :STMicroelectronics USB_DEVICE 3.0.0
2024-03-16 10:43:16,919 [INFO] ThirdParty:1030 - CMSIS Pack Vendor :STMicroelectronics X-CUBE-AI 8.0.0
2024-03-16 10:43:16,919 [INFO] ThirdParty:1030 - CMSIS Pack Vendor :STMicroelectronics X-CUBE-AZRTOS-WB 2.0.0
2024-03-16 10:43:16,919 [INFO] ThirdParty:1030 - CMSIS Pack Vendor :STMicroelectronics X-CUBE-FREERTOS 1.0.1
2024-03-16 10:43:16,920 [INFO] ThirdParty:1030 - CMSIS Pack Vendor :STMicroelectronics X-CUBE-TOUCHGFX 4.21.3
2024-03-16 10:43:16,920 [INFO] ThirdParty:1030 - CMSIS Pack Vendor :STMicroelectronics X-CUBE-TOUCHGFX 4.23.0
2024-03-16 10:43:16,920 [INFO] ThirdParty:1030 - CMSIS Pack Vendor :STMicroelectronics X-CUBE-AZRTOS-F7 1.1.0
2024-03-16 10:43:16,920 [INFO] ThirdParty:1030 - CMSIS Pack Vendor :STMicroelectronics X-CUBE-TOUCHGFX 4.21.4
2024-03-16 10:43:16,920 [INFO] ThirdParty:1030 - CMSIS Pack Vendor :STMicroelectronics X-CUBE-AZRTOS-L5 2.0.0
2024-03-16 10:43:16,920 [INFO] ThirdParty:1030 - CMSIS Pack Vendor :STMicroelectronics USB_DEVICE 2.0.0
2024-03-16 10:43:16,920 [INFO] ThirdParty:1030 - CMSIS Pack Vendor :STMicroelectronics X-CUBE-MEMS1 9.6.0
2024-03-16 10:43:16,921 [INFO] ThirdParty:1030 - CMSIS Pack Vendor :STMicroelectronics X-CUBE-EEPRMA1 4.2.0
2024-03-16 10:43:16,921 [INFO] ThirdParty:1030 - CMSIS Pack Vendor :ITTIA_DB I-CUBE-ITTIADB 8.8.0
2024-03-16 10:43:16,921 [INFO] ThirdParty:1030 - CMSIS Pack Vendor :STMicroelectronics FP-SNS-MOTENV1 4.3.0
2024-03-16 10:43:16,921 [INFO] ThirdParty:1030 - CMSIS Pack Vendor :STMicroelectronics FP-SNS-MOTENV1 4.3.2
2024-03-16 10:43:16,921 [INFO] ThirdParty:1030 - CMSIS Pack Vendor :STMicroelectronics FP-SNS-FLIGHT1 5.0.0
2024-03-16 10:43:16,921 [INFO] ThirdParty:1030 - CMSIS Pack Vendor :STMicroelectronics FP-SNS-FLIGHT1 5.0.1
2024-03-16 10:43:16,922 [INFO] ThirdParty:1030 - CMSIS Pack Vendor :STMicroelectronics X-CUBE-ALGOBUILD 1.3.0
2024-03-16 10:43:16,922 [INFO] ThirdParty:1030 - CMSIS Pack Vendor :STMicroelectronics X-CUBE-BLE1 6.2.4
2024-03-16 10:43:16,922 [INFO] ThirdParty:1030 - CMSIS Pack Vendor :STMicroelectronics X-CUBE-AZRTOS-L5 1.1.0
2024-03-16 10:43:16,923 [INFO] ThirdParty:1030 - CMSIS Pack Vendor :STMicroelectronics FreeRTOS 0.0.1
2024-03-16 10:43:16,923 [INFO] ThirdParty:1030 - CMSIS Pack Vendor :STMicroelectronics X-CUBE-AZRTOS-G0 1.1.0
2024-03-16 10:43:16,923 [INFO] ThirdParty:1030 - CMSIS Pack Vendor :emotas I-CUBE-CANOPEN 1.1.3
2024-03-16 10:43:16,923 [INFO] ThirdParty:1030 - CMSIS Pack Vendor :STMicroelectronics X-CUBE-BLEMGR 2.0.0
2024-03-16 10:43:16,923 [INFO] ThirdParty:1030 - CMSIS Pack Vendor :STMicroelectronics X-CUBE-AI 8.0.1
2024-03-16 10:43:16,924 [INFO] ThirdParty:1030 - CMSIS Pack Vendor :STMicroelectronics X-CUBE-NFC4 3.0.0
2024-03-16 10:43:16,924 [INFO] ThirdParty:1030 - CMSIS Pack Vendor :STMicroelectronics X-CUBE-SUBG2 5.0.0
2024-03-16 10:43:16,924 [INFO] ThirdParty:1030 - CMSIS Pack Vendor :STMicroelectronics STM32_WPAN 1.0.0
2024-03-16 10:43:16,924 [INFO] ThirdParty:1030 - CMSIS Pack Vendor :STMicroelectronics lwIP 2.0.3
2024-03-16 10:43:16,924 [INFO] ThirdParty:1030 - CMSIS Pack Vendor :STMicroelectronics FP-SNS-FLIGHT1 5.0.2
2024-03-16 10:43:16,924 [INFO] ThirdParty:1030 - CMSIS Pack Vendor :STMicroelectronics USB_HOST 1.0.0
2024-03-16 10:43:16,924 [INFO] ThirdParty:1030 - CMSIS Pack Vendor :STMicroelectronics X-CUBE-TOF1 3.3.1
2024-03-16 10:43:16,924 [INFO] ThirdParty:1030 - CMSIS Pack Vendor :STMicroelectronics X-CUBE-AZRTOS-G4 2.0.0
2024-03-16 10:43:16,924 [INFO] ThirdParty:1030 - CMSIS Pack Vendor :STMicroelectronics PDM2PCM 3.1.0
2024-03-16 10:43:16,925 [INFO] ThirdParty:1030 - CMSIS Pack Vendor :STMicroelectronics X-CUBE-AZRTOS-H7 3.1.0
2024-03-16 10:43:16,925 [INFO] ThirdParty:1030 - CMSIS Pack Vendor :STMicroelectronics X-CUBE-TOF1 3.3.0
2024-03-16 10:43:16,925 [INFO] ThirdParty:1030 - CMSIS Pack Vendor :Infineon AIROC-Wi-Fi-Bluetooth-STM32 1.5.1
2024-03-16 10:43:16,925 [INFO] ThirdParty:1030 - CMSIS Pack Vendor :STMicroelectronics X-CUBE-BLEMGR 3.0.0
2024-03-16 10:43:16,925 [INFO] ThirdParty:1030 - CMSIS Pack Vendor :STMicroelectronics PDM2PCM 3.3.0
2024-03-16 10:43:16,925 [INFO] ThirdParty:1030 - CMSIS Pack Vendor :STMicroelectronics X-CUBE-DISPLAY 3.0.0
2024-03-16 10:43:16,925 [INFO] ThirdParty:1030 - CMSIS Pack Vendor :STMicroelectronics FP-SNS-MOTENVWB1 1.3.1
2024-03-16 10:43:16,925 [INFO] ThirdParty:1030 - CMSIS Pack Vendor :STMicroelectronics X-CUBE-BLE1 7.0.0
2024-03-16 10:43:16,925 [INFO] ThirdParty:1030 - CMSIS Pack Vendor :STMicroelectronics FP-ATR-SIGFOX1 3.2.0
2024-03-16 10:43:16,926 [INFO] ThirdParty:1030 - CMSIS Pack Vendor :STMicroelectronics X-CUBE-AZRTOS-G4 1.0.0
2024-03-16 10:43:16,926 [INFO] ThirdParty:1030 - CMSIS Pack Vendor :STMicroelectronics X-CUBE-AZRTOS-L4 1.0.0
2024-03-16 10:43:16,926 [INFO] ThirdParty:1030 - CMSIS Pack Vendor :STMicroelectronics X-CUBE-ISPU 2.0.0
2024-03-16 10:43:16,926 [INFO] ThirdParty:1030 - CMSIS Pack Vendor :STMicroelectronics X-CUBE-EEPRMA1 5.1.0
2024-03-16 10:43:16,926 [INFO] ThirdParty:1030 - CMSIS Pack Vendor :STMicroelectronics HAL Drivers 0.0.0
2024-03-16 10:43:16,926 [INFO] ThirdParty:1030 - CMSIS Pack Vendor :STMicroelectronics MBEDTLS 2.16.2
2024-03-16 10:43:16,926 [INFO] ThirdParty:1030 - CMSIS Pack Vendor :STMicroelectronics X-CUBE-MEMS1 10.0.0
2024-03-16 10:43:16,926 [INFO] ThirdParty:1030 - CMSIS Pack Vendor :STMicroelectronics X-CUBE-FREERTOS 1.1.0
2024-03-16 10:43:16,927 [INFO] ThirdParty:1030 - CMSIS Pack Vendor :STMicroelectronics X-CUBE-TOUCHGFX 4.22.0
2024-03-16 10:43:16,927 [INFO] ThirdParty:1030 - CMSIS Pack Vendor :STMicroelectronics X-CUBE-NFC7 1.0.1
2024-03-16 10:43:16,927 [INFO] ThirdParty:1030 - CMSIS Pack Vendor :STMicroelectronics MBEDTLS 2.14.1
2024-03-16 10:43:16,927 [INFO] ThirdParty:1030 - CMSIS Pack Vendor :STMicroelectronics X-CUBE-NFC7 1.0.0
2024-03-16 10:43:16,927 [INFO] ThirdParty:1030 - CMSIS Pack Vendor :STMicroelectronics X-CUBE-TOUCHGFX 4.22.1
2024-03-16 10:43:16,927 [INFO] ThirdParty:1030 - CMSIS Pack Vendor :STMicroelectronics X-CUBE-AZRTOS-WL 1.0.0
2024-03-16 10:43:16,927 [INFO] ThirdParty:1030 - CMSIS Pack Vendor :STMicroelectronics X-CUBE-NFC6 3.0.0
2024-03-16 10:43:16,927 [INFO] ThirdParty:1030 - CMSIS Pack Vendor :STMicroelectronics X-CUBE-EEPRMA1 4.1.0
2024-03-16 10:43:16,927 [INFO] ThirdParty:1030 - CMSIS Pack Vendor :portGmbH I-Cube-SoM-uGOAL 1.1.0
2024-03-16 10:43:16,928 [INFO] ThirdParty:1030 - CMSIS Pack Vendor :STMicroelectronics X-CUBE-ALS 1.0.1
2024-03-16 10:43:16,928 [INFO] ThirdParty:1030 - CMSIS Pack Vendor :STMicroelectronics X-CUBE-MEMS1 9.5.0
2024-03-16 10:43:16,928 [INFO] ThirdParty:1030 - CMSIS Pack Vendor :STMicroelectronics X-CUBE-BLEMGR 3.1.0
2024-03-16 10:43:16,928 [INFO] ThirdParty:1030 - CMSIS Pack Vendor :STMicroelectronics ThreadX 1.0.0
2024-03-16 10:43:16,928 [INFO] ThirdParty:1030 - CMSIS Pack Vendor :STMicroelectronics FP-SNS-SMARTAG2 1.2.0
2024-03-16 10:43:16,928 [INFO] ThirdParty:1030 - CMSIS Pack Vendor :STMicroelectronics X-CUBE-AZRTOS-WB 1.1.0
2024-03-16 10:43:16,928 [INFO] ThirdParty:1030 - CMSIS Pack Vendor :STMicroelectronics X-CUBE-AZRTOS-WL 2.0.0
2024-03-16 10:43:16,928 [INFO] ThirdParty:1030 - CMSIS Pack Vendor :SEGGER I-CUBE-embOS 1.3.1
2024-03-16 10:43:16,929 [INFO] ThirdParty:1030 - CMSIS Pack Vendor :STMicroelectronics USB_DEVICE 1.0.0
2024-03-16 10:43:16,929 [INFO] ThirdParty:1030 - CMSIS Pack Vendor :STMicroelectronics X-CUBE-AI 8.1.0
2024-03-16 10:43:16,929 [INFO] ThirdParty:1030 - CMSIS Pack Vendor :STMicroelectronics X-CUBE-AZRTOS-L4 2.0.0
2024-03-16 10:43:16,929 [INFO] ThirdParty:1030 - CMSIS Pack Vendor :STMicroelectronics ThreadX 0.0.2
2024-03-16 10:43:16,929 [INFO] ThirdParty:1030 - CMSIS Pack Vendor :WES I-CUBE-Cesium 1.3.0
2024-03-16 10:43:16,929 [INFO] ThirdParty:1030 - CMSIS Pack Vendor :STMicroelectronics FP-ATR-ASTRA1 2.0.0
2024-03-16 10:43:16,929 [INFO] ThirdParty:1030 - CMSIS Pack Vendor :STMicroelectronics lwIP 2.1.2
2024-03-16 10:43:16,930 [INFO] ThirdParty:1030 - CMSIS Pack Vendor :STMicroelectronics X-CUBE-SFXS2LP1 4.0.0
2024-03-16 10:43:16,930 [INFO] ThirdParty:1030 - CMSIS Pack Vendor :STMicroelectronics X-CUBE-BLE2 3.3.0
2024-03-16 10:43:16,930 [INFO] ThirdParty:1030 - CMSIS Pack Vendor :STMicroelectronics X-CUBE-TOF1 3.4.0
2024-03-16 10:43:16,930 [INFO] ThirdParty:1030 - CMSIS Pack Vendor :STMicroelectronics X-CUBE-TOF1 3.4.1
2024-03-16 10:43:16,930 [INFO] ThirdParty:1030 - CMSIS Pack Vendor :STMicroelectronics X-CUBE-AZRTOS-H7 3.2.0
2024-03-16 10:43:16,930 [INFO] ThirdParty:1030 - CMSIS Pack Vendor :STMicroelectronics PDM2PCM 3.2.0
2024-03-16 10:43:16,931 [INFO] ThirdParty:841 - exiting critical section [change project]
2024-03-16 10:43:17,931 [INFO] PinOutPanel:1499 - setPackage(No Configuration,No Configuration)
2024-03-16 10:43:17,936 [INFO] PinOutPanel:1499 - setPackage(STM32F411CEUx,UFQFPN48)
2024-03-16 10:43:18,955 [INFO] UtilMem:75 - Before build in PCC Used Memory: 356223480 Bytes (591396864)
2024-03-16 10:43:20,677 [INFO] UtilMem:75 - After build in PCC Used Memory: 222622712 Bytes (591396864)
2024-03-16 10:43:20,736 [INFO] IPUIPlugin:80 - create IPUIPlugin
2024-03-16 10:43:20,738 [INFO] IPUIPlugin:80 - create IPUIPlugin
2024-03-16 10:43:20,738 [INFO] IPUIPlugin:80 - create IPUIPlugin
2024-03-16 10:43:20,739 [INFO] IPUIPlugin:80 - create IPUIPlugin
2024-03-16 10:43:20,740 [INFO] IPUIPlugin:80 - create IPUIPlugin
2024-03-16 10:43:20,740 [INFO] IPUIPlugin:80 - create IPUIPlugin
2024-03-16 10:43:20,740 [INFO] IPUIPlugin:80 - create IPUIPlugin
2024-03-16 10:43:20,741 [INFO] IPUIPlugin:80 - create IPUIPlugin
2024-03-16 10:43:20,741 [INFO] IPUIPlugin:80 - create IPUIPlugin
2024-03-16 10:43:20,741 [INFO] IPUIPlugin:80 - create IPUIPlugin
2024-03-16 10:43:20,741 [INFO] IPUIPlugin:80 - create IPUIPlugin
2024-03-16 10:43:20,741 [INFO] IPUIPlugin:80 - create IPUIPlugin
2024-03-16 10:43:20,742 [INFO] IPUIPlugin:80 - create IPUIPlugin
2024-03-16 10:43:20,742 [INFO] IPUIPlugin:80 - create IPUIPlugin
2024-03-16 10:43:20,742 [INFO] IPUIPlugin:80 - create IPUIPlugin
2024-03-16 10:43:20,743 [INFO] IPUIPlugin:80 - create IPUIPlugin
2024-03-16 10:43:20,744 [INFO] IPUIPlugin:80 - create IPUIPlugin
2024-03-16 10:43:20,744 [INFO] IPUIPlugin:80 - create IPUIPlugin
2024-03-16 10:43:20,745 [INFO] IPUIPlugin:80 - create IPUIPlugin
2024-03-16 10:43:20,746 [INFO] IPUIPlugin:80 - create IPUIPlugin
2024-03-16 10:43:20,747 [INFO] IPUIPlugin:80 - create IPUIPlugin
2024-03-16 10:43:20,749 [INFO] IPUIPlugin:80 - create IPUIPlugin
2024-03-16 10:43:20,750 [INFO] IPUIPlugin:80 - create IPUIPlugin
2024-03-16 10:43:20,750 [INFO] IPUIPlugin:80 - create IPUIPlugin
2024-03-16 10:43:20,751 [INFO] IPUIPlugin:80 - create IPUIPlugin
2024-03-16 10:43:20,752 [INFO] IPUIPlugin:80 - create IPUIPlugin
2024-03-16 10:43:20,752 [INFO] IPUIPlugin:80 - create IPUIPlugin
2024-03-16 10:43:20,752 [INFO] IPUIPlugin:80 - create IPUIPlugin
2024-03-16 10:43:20,753 [INFO] IPUIPlugin:80 - create IPUIPlugin
2024-03-16 10:43:20,753 [INFO] IPUIPlugin:80 - create IPUIPlugin
2024-03-16 10:43:20,754 [INFO] IPUIPlugin:80 - create IPUIPlugin
2024-03-16 10:43:20,755 [INFO] IPUIPlugin:80 - create IPUIPlugin
2024-03-16 10:43:20,755 [INFO] IPUIPlugin:80 - create IPUIPlugin
2024-03-16 10:43:20,756 [INFO] IPUIPlugin:80 - create IPUIPlugin
2024-03-16 10:43:20,756 [INFO] IPUIPlugin:80 - create IPUIPlugin
2024-03-16 10:43:20,757 [INFO] IPUIPlugin:80 - create IPUIPlugin
2024-03-16 10:43:20,757 [INFO] IPUIPlugin:80 - create IPUIPlugin
2024-03-16 10:43:20,757 [INFO] IPUIPlugin:80 - create IPUIPlugin
2024-03-16 10:43:20,758 [INFO] IPUIPlugin:80 - create IPUIPlugin
2024-03-16 10:43:20,759 [INFO] IPUIPlugin:80 - create IPUIPlugin
2024-03-16 10:43:20,759 [INFO] IPUIPlugin:80 - create IPUIPlugin
2024-03-16 10:43:20,760 [INFO] IPUIPlugin:80 - create IPUIPlugin
2024-03-16 10:43:20,761 [INFO] IPUIPlugin:80 - create IPUIPlugin
2024-03-16 10:43:20,900 [INFO] ApiDbMcu:507 - Load IP Config File for PDM2PCM
2024-03-16 10:43:21,311 [INFO] CADModel:165 - CPN selected for project levelSTM32F411CEU6
2024-03-16 10:43:21,311 [INFO] CADModel:114 - Register for checkConnection events
2024-03-16 10:43:21,388 [INFO] OpenFileManager:328 - Restore cursor
2024-03-16 10:43:29,889 [INFO] UtilMem:75 - End SaveConfig() Used Memory: 362605560 Bytes (591396864)
2024-03-16 10:43:30,102 [INFO] UtilMem:75 - End SaveConfig() Used Memory: 378334200 Bytes (591396864)
2024-03-16 10:43:31,112 [INFO] BlockDiagram:2759 - set Specific Code input for plugin: NVIC
2024-03-16 10:43:31,112 [INFO] BlockDiagram:2759 - set Specific Code input for plugin: RCC
2024-03-16 10:43:31,153 [INFO] CodeGenerator:793 - code generatio: config db path: C:\ST\STM32CubeIDE_1.12.0\STM32CubeIDE\plugins\com.st.stm32cube.common.mx_6.8.0.202302231600\\db\
2024-03-16 10:43:32,195 [INFO] CodeEngine:255 - oldGeneratedFile, D:\GitHub\MasteringMCU\MCU1\Clocl\MXTmpFiles\license.tmp_save
2024-03-16 10:43:33,136 [INFO] CodeEngine:279 - Generated code: D:\GitHub\MasteringMCU\MCU1\Clocl\MXTmpFiles\license.tmp
2024-03-16 10:43:33,229 [INFO] CodeEngine:255 - oldGeneratedFile, D:\GitHub\MasteringMCU\MCU1\Clocl\Core\Src\stm32f4xx_it.c_save
2024-03-16 10:43:33,771 [INFO] CodeEngine:279 - Generated code: D:\GitHub\MasteringMCU\MCU1\Clocl\Core\Src\stm32f4xx_it.c
2024-03-16 10:43:33,838 [INFO] CodeEngine:255 - oldGeneratedFile, D:\GitHub\MasteringMCU\MCU1\Clocl\Core\Inc\stm32f4xx_it.h_save
2024-03-16 10:43:34,169 [INFO] CodeEngine:279 - Generated code: D:\GitHub\MasteringMCU\MCU1\Clocl\Core\Inc\stm32f4xx_it.h
2024-03-16 10:43:34,445 [INFO] CodeEngine:255 - oldGeneratedFile, D:\GitHub\MasteringMCU\MCU1\Clocl\Core\Src\stm32f4xx_hal_msp.c_save
2024-03-16 10:43:34,903 [INFO] CodeEngine:279 - Generated code: D:\GitHub\MasteringMCU\MCU1\Clocl\Core\Src\stm32f4xx_hal_msp.c
2024-03-16 10:43:34,966 [INFO] CodeEngine:255 - oldGeneratedFile, D:\GitHub\MasteringMCU\MCU1\Clocl\MXTmpFiles\system.tmp_save
2024-03-16 10:43:35,236 [INFO] CodeEngine:279 - Generated code: D:\GitHub\MasteringMCU\MCU1\Clocl\MXTmpFiles\system.tmp
2024-03-16 10:43:35,318 [INFO] CodeEngine:311 - oldGeneratedFile, D:\GitHub\MasteringMCU\MCU1\Clocl\Core\Inc\stm32f4xx_hal_conf.h_save
2024-03-16 10:43:35,694 [INFO] CodeEngine:335 - Generated code: D:\GitHub\MasteringMCU\MCU1\Clocl\Core\Inc\stm32f4xx_hal_conf.h
2024-03-16 10:43:35,913 [INFO] CodeEngine:255 - oldGeneratedFile, D:\GitHub\MasteringMCU\MCU1\Clocl\Core\Inc\main.h_save
2024-03-16 10:43:36,331 [INFO] CodeEngine:279 - Generated code: D:\GitHub\MasteringMCU\MCU1\Clocl\Core\Inc\main.h
2024-03-16 10:43:36,387 [INFO] CodeEngine:255 - oldGeneratedFile, D:\GitHub\MasteringMCU\MCU1\Clocl\Core\Src\main.c_save
2024-03-16 10:43:36,811 [INFO] CodeEngine:279 - Generated code: D:\GitHub\MasteringMCU\MCU1\Clocl\Core\Src\main.c
2024-03-16 10:43:40,474 [INFO] ProjectBuilder:2996 - Time for Copy HAL[1] : 2069mS.
2024-03-16 10:43:40,518 [INFO] ProjectBuilder:4304 - Project Generator version: 3.19.2
2024-03-16 10:43:41,450 [INFO] ConfigFileManager:1483 - The Die is : DIE431
2024-03-16 10:43:41,498 [INFO] ApiDbMcu:507 - Load IP Config File for FATFS
2024-03-16 10:43:41,547 [INFO] ApiDbMcu:507 - Load IP Config File for FREERTOS
2024-03-16 10:43:41,578 [INFO] ApiDbMcu:507 - Load IP Config File for LIBJPEG
2024-03-16 10:43:41,619 [INFO] ApiDbMcu:507 - Load IP Config File for MBEDTLS
2024-03-16 10:43:41,668 [INFO] ApiDbMcu:507 - Load IP Config File for USB_DEVICE
2024-03-16 10:43:41,698 [INFO] ApiDbMcu:507 - Load IP Config File for USB_HOST
2024-03-16 10:43:44,529 [INFO] LogOutputStream:77 - [STDOUT_REDIRECT] 
2024-03-16 10:43:54,465 [INFO] ProjectBuilder:4505 - Time for Generating toolchain IDE Files: 13947mS.
2024-03-16 10:43:54,469 [INFO] ProjectBuilder:2867 - Time for Copy CMSIS : 2mS.
2024-03-16 10:43:54,483 [INFO] ProjectBuilder:2867 - Time for Copy CMSIS : 0mS.
2024-03-16 10:43:57,103 [INFO] McuFinderGlobals:66 - Set McuFinderConnectedMode to true
2024-03-16 10:43:57,108 [INFO] ApiDb:448 - Save user favorites file C:\Users\MrIro/.stm32cubeide/favorites.mcus.txt: 1 item(s)
2024-03-16 10:43:57,108 [INFO] ApiDb:452 - User favorites MCUs=[STM32F411CEU6]
2024-03-16 11:21:37,409 [ERROR] LogOutputStream:75 - [STDERR_REDIRECT] SLF4J: Failed to load class "org.slf4j.impl.StaticLoggerBinder".
2024-03-16 11:21:37,411 [ERROR] LogOutputStream:75 - [STDERR_REDIRECT] SLF4J: Defaulting to no-operation (NOP) logger implementation
2024-03-16 11:21:37,415 [ERROR] LogOutputStream:75 - [STDERR_REDIRECT] SLF4J: See http://www.slf4j.org/codes.html#StaticLoggerBinder for further details.
2024-03-16 15:05:15,677 [INFO] MainUpdater:2854 - connection check result : 10
2024-03-16 15:05:15,679 [INFO] MainUpdater:2854 - connection check result : 10
2024-03-16 15:05:16,338 [INFO] MicroXplorer:468 - Change Database Path : 
2024-03-16 15:05:16,339 [INFO] MicroXplorer:498 - Change Database Version : DB.6.0.80
2024-03-16 15:05:16,416 [WARN] ThirdParty:871 - waiting for thirdparty lock release [close project]
2024-03-16 15:05:16,417 [INFO] ThirdParty:873 - entering critical section [close project]
2024-03-16 15:05:16,417 [INFO] ThirdParty:883 - exiting critical section [close project]
2024-03-16 15:05:16,420 [INFO] PinOutPanel:1499 - setPackage(No Configuration,No Configuration)
2024-03-16 15:05:16,464 [WARN] IpParametersView:150 - Warning: This peripheral hasn't parameters
2024-03-16 15:05:16,510 [WARN] MainPanel:257 - <html><b><center>Warning: This peripheral has no parameters to be configured<br></b></html>
2024-03-16 15:05:16,573 [INFO] UtilMem:75 - Begin LoadConfig() Used Memory: 702165000 Bytes (728760320)
2024-03-16 15:05:16,574 [INFO] MicroXplorer:468 - Change Database Path : 
2024-03-16 15:05:16,574 [INFO] MicroXplorer:498 - Change Database Version : DB.6.0.80
2024-03-16 15:05:16,575 [INFO] OpenFileManager:308 - Change cursor
2024-03-16 15:05:16,607 [INFO] RulesReader:64 - Compatibility file has been processed (293 Rules)
2024-03-16 15:05:16,616 [INFO] Mcu:1937 - Initializing MCU STM32F411C(C-E)Ux STM32F411CEUx STM32F411CEU6
2024-03-16 15:05:18,826 [INFO] Context:659 - Trying to add GPIOservice into a context  which must be forbidden
2024-03-16 15:05:19,769 [INFO] RtosManager:555 - Registered RTOS mode: class=CMSIS, group=RTOS, mode=CMSIS_V1, owner=FREERTOS
2024-03-16 15:05:19,769 [INFO] RtosManager:555 - Registered RTOS mode: class=CMSIS, group=RTOS2, mode=CMSIS_V2, owner=FREERTOS
2024-03-16 15:05:19,769 [INFO] RtosManager:555 - Registered RTOS mode: class=RTOS, group=Core, mode=CMSIS_V1, owner=FREERTOS
2024-03-16 15:05:19,769 [INFO] RtosManager:555 - Registered RTOS mode: class=RTOS, group=Core, mode=CMSIS_V2, owner=FREERTOS
2024-03-16 15:05:19,769 [WARN] ModelIntegratedComponent:184 - Missing modes for component STMicroelectronics:FreeRTOS:0.0.1:STMicroelectronics:RTOS:FreeRTOS:Core:::10.2.0:
2024-03-16 15:05:19,782 [WARN] ModelIntegratedComponent:182 - Modes not found for component STMicroelectronics:USB_HOST:1.0.0:STMicroelectronics:USB::USB Host:Audio HS::1.0:USB_HOST_1_0_RESTRICTED_HS
2024-03-16 15:05:19,782 [WARN] ModelIntegratedComponent:188 - Modes not found for component STMicroelectronics:USB_HOST:1.0.0:STMicroelectronics:USB::USB Host:Audio HS::1.0:USB_HOST_1_0_RESTRICTED_HS
2024-03-16 15:05:19,782 [WARN] ModelIntegratedComponent:182 - Modes not found for component STMicroelectronics:USB_HOST:1.0.0:STMicroelectronics:USB::USB Host:CDC HS::1.0:USB_HOST_1_0_RESTRICTED_HS
2024-03-16 15:05:19,782 [WARN] ModelIntegratedComponent:188 - Modes not found for component STMicroelectronics:USB_HOST:1.0.0:STMicroelectronics:USB::USB Host:CDC HS::1.0:USB_HOST_1_0_RESTRICTED_HS
2024-03-16 15:05:19,783 [WARN] ModelIntegratedComponent:182 - Modes not found for component STMicroelectronics:USB_HOST:1.0.0:STMicroelectronics:USB::USB Host:MSC HS::1.0:USB_HOST_1_0_RESTRICTED_HS
2024-03-16 15:05:19,783 [WARN] ModelIntegratedComponent:188 - Modes not found for component STMicroelectronics:USB_HOST:1.0.0:STMicroelectronics:USB::USB Host:MSC HS::1.0:USB_HOST_1_0_RESTRICTED_HS
2024-03-16 15:05:19,783 [WARN] ModelIntegratedComponent:182 - Modes not found for component STMicroelectronics:USB_HOST:1.0.0:STMicroelectronics:USB::USB Host:HID HS::1.0:USB_HOST_1_0_RESTRICTED_HS
2024-03-16 15:05:19,783 [WARN] ModelIntegratedComponent:188 - Modes not found for component STMicroelectronics:USB_HOST:1.0.0:STMicroelectronics:USB::USB Host:HID HS::1.0:USB_HOST_1_0_RESTRICTED_HS
2024-03-16 15:05:19,783 [WARN] ModelIntegratedComponent:182 - Modes not found for component STMicroelectronics:USB_HOST:1.0.0:STMicroelectronics:USB::USB Host:MTP HS::1.0:USB_HOST_1_0_RESTRICTED_HS
2024-03-16 15:05:19,783 [WARN] ModelIntegratedComponent:188 - Modes not found for component STMicroelectronics:USB_HOST:1.0.0:STMicroelectronics:USB::USB Host:MTP HS::1.0:USB_HOST_1_0_RESTRICTED_HS
2024-03-16 15:05:19,810 [WARN] ModelIntegratedComponent:63 - No mode defined for component null
2024-03-16 15:05:19,810 [WARN] ModelIntegratedComponent:63 - No mode defined for component null
2024-03-16 15:05:19,810 [WARN] ModelIntegratedComponent:63 - No mode defined for component null
2024-03-16 15:05:19,810 [WARN] ModelIntegratedComponent:63 - No mode defined for component null
2024-03-16 15:05:19,810 [WARN] ModelIntegratedComponent:63 - No mode defined for component null
2024-03-16 15:05:19,810 [WARN] ModelIntegratedComponent:63 - No mode defined for component null
2024-03-16 15:05:19,810 [WARN] ModelIntegratedComponent:63 - No mode defined for component null
2024-03-16 15:05:19,810 [WARN] ModelIntegratedComponent:63 - No mode defined for component null
2024-03-16 15:05:19,812 [WARN] ModelIntegratedComponent:63 - No mode defined for component null
2024-03-16 15:05:19,812 [WARN] ModelIntegratedComponent:63 - No mode defined for component null
2024-03-16 15:05:19,812 [WARN] ModelIntegratedComponent:63 - No mode defined for component null
2024-03-16 15:05:19,812 [WARN] ModelIntegratedComponent:63 - No mode defined for component null
2024-03-16 15:05:19,812 [WARN] ModelIntegratedComponent:63 - No mode defined for component null
2024-03-16 15:05:19,812 [WARN] ModelIntegratedComponent:63 - No mode defined for component null
2024-03-16 15:05:19,812 [WARN] ModelIntegratedComponent:63 - No mode defined for component null
2024-03-16 15:05:19,812 [WARN] ModelIntegratedComponent:63 - No mode defined for component null
2024-03-16 15:05:19,812 [WARN] ModelIntegratedComponent:63 - No mode defined for component null
2024-03-16 15:05:19,812 [WARN] ModelIntegratedComponent:63 - No mode defined for component null
2024-03-16 15:05:19,812 [WARN] ModelIntegratedComponent:63 - No mode defined for component null
2024-03-16 15:05:19,814 [WARN] ModelIntegratedComponent:63 - No mode defined for component null
2024-03-16 15:05:19,815 [WARN] ModelIntegratedComponent:63 - No mode defined for component null
2024-03-16 15:05:19,816 [WARN] ModelIntegratedComponent:63 - No mode defined for component null
2024-03-16 15:05:19,816 [WARN] ModelIntegratedComponent:63 - No mode defined for component null
2024-03-16 15:05:19,816 [WARN] ModelIntegratedComponent:63 - No mode defined for component null
2024-03-16 15:05:19,816 [WARN] ModelIntegratedComponent:63 - No mode defined for component null
2024-03-16 15:05:19,816 [WARN] ModelIntegratedComponent:63 - No mode defined for component null
2024-03-16 15:05:19,816 [WARN] ModelIntegratedComponent:63 - No mode defined for component null
2024-03-16 15:05:19,816 [WARN] ModelIntegratedComponent:63 - No mode defined for component null
2024-03-16 15:05:19,816 [WARN] ModelIntegratedComponent:63 - No mode defined for component null
2024-03-16 15:05:19,817 [WARN] ModelIntegratedComponent:63 - No mode defined for component null
2024-03-16 15:05:19,817 [WARN] ModelIntegratedComponent:63 - No mode defined for component null
2024-03-16 15:05:19,817 [WARN] ModelIntegratedComponent:63 - No mode defined for component null
2024-03-16 15:05:19,819 [WARN] ModelIntegratedComponent:63 - No mode defined for component null
2024-03-16 15:05:20,408 [WARN] ModelIntegratedComponent:182 - Modes not found for component STMicroelectronics:USB_DEVICE:1.0.0:STMicroelectronics:USB::USB Device:Audio HS::1.0:USB_DEVICE_1_0_RESTRICTED_HS
2024-03-16 15:05:20,408 [WARN] ModelIntegratedComponent:188 - Modes not found for component STMicroelectronics:USB_DEVICE:1.0.0:STMicroelectronics:USB::USB Device:Audio HS::1.0:USB_DEVICE_1_0_RESTRICTED_HS
2024-03-16 15:05:20,408 [WARN] ModelIntegratedComponent:182 - Modes not found for component STMicroelectronics:USB_DEVICE:1.0.0:STMicroelectronics:USB::USB Device:CDC HS::1.0:USB_DEVICE_1_0_RESTRICTED_HS
2024-03-16 15:05:20,408 [WARN] ModelIntegratedComponent:188 - Modes not found for component STMicroelectronics:USB_DEVICE:1.0.0:STMicroelectronics:USB::USB Device:CDC HS::1.0:USB_DEVICE_1_0_RESTRICTED_HS
2024-03-16 15:05:20,409 [WARN] ModelIntegratedComponent:182 - Modes not found for component STMicroelectronics:USB_DEVICE:1.0.0:STMicroelectronics:USB::USB Device:DFU HS::1.0:USB_DEVICE_1_0_RESTRICTED_HS
2024-03-16 15:05:20,409 [WARN] ModelIntegratedComponent:188 - Modes not found for component STMicroelectronics:USB_DEVICE:1.0.0:STMicroelectronics:USB::USB Device:DFU HS::1.0:USB_DEVICE_1_0_RESTRICTED_HS
2024-03-16 15:05:20,409 [WARN] ModelIntegratedComponent:182 - Modes not found for component STMicroelectronics:USB_DEVICE:1.0.0:STMicroelectronics:USB::USB Device:HID HS::1.0:USB_DEVICE_1_0_RESTRICTED_HS
2024-03-16 15:05:20,409 [WARN] ModelIntegratedComponent:188 - Modes not found for component STMicroelectronics:USB_DEVICE:1.0.0:STMicroelectronics:USB::USB Device:HID HS::1.0:USB_DEVICE_1_0_RESTRICTED_HS
2024-03-16 15:05:20,409 [WARN] ModelIntegratedComponent:182 - Modes not found for component STMicroelectronics:USB_DEVICE:1.0.0:STMicroelectronics:USB::USB Device:Custom HID HS::1.0:USB_DEVICE_1_0_RESTRICTED_HS
2024-03-16 15:05:20,409 [WARN] ModelIntegratedComponent:188 - Modes not found for component STMicroelectronics:USB_DEVICE:1.0.0:STMicroelectronics:USB::USB Device:Custom HID HS::1.0:USB_DEVICE_1_0_RESTRICTED_HS
2024-03-16 15:05:20,409 [WARN] ModelIntegratedComponent:182 - Modes not found for component STMicroelectronics:USB_DEVICE:1.0.0:STMicroelectronics:USB::USB Device:MSC HS::1.0:USB_DEVICE_1_0_RESTRICTED_HS
2024-03-16 15:05:20,409 [WARN] ModelIntegratedComponent:188 - Modes not found for component STMicroelectronics:USB_DEVICE:1.0.0:STMicroelectronics:USB::USB Device:MSC HS::1.0:USB_DEVICE_1_0_RESTRICTED_HS
2024-03-16 15:05:20,445 [INFO] ThirdPartyModel:298 - Start build external matchings
2024-03-16 15:05:23,928 [INFO] ThirdPartyModel:316 - End build external matchings
2024-03-16 15:05:24,437 [INFO] UtilMem:75 - End LoadConfig() Used Memory: 753817448 Bytes (877658112)
2024-03-16 15:05:24,502 [WARN] ThirdParty:833 - waiting for thirdparty lock release [change project]
2024-03-16 15:05:24,502 [INFO] ThirdParty:835 - entering critical section [change project]
2024-03-16 15:05:24,502 [INFO] ThirdParty:1030 - CMSIS Pack Vendor :STMicroelectronics X-CUBE-ISPU 1.1.0
2024-03-16 15:05:24,503 [INFO] ThirdParty:1030 - CMSIS Pack Vendor :STMicroelectronics X-CUBE-GNSS1 6.0.0
2024-03-16 15:05:24,503 [INFO] ThirdParty:1030 - CMSIS Pack Vendor :STMicroelectronics USB_HOST 2.0.0
2024-03-16 15:05:24,503 [INFO] ThirdParty:1030 - CMSIS Pack Vendor :STMicroelectronics X-CUBE-AZRTOS-F4 1.1.0
2024-03-16 15:05:24,503 [INFO] ThirdParty:1030 - CMSIS Pack Vendor :STMicroelectronics LIBJPEG 8.0.0
2024-03-16 15:05:24,503 [INFO] ThirdParty:1030 - CMSIS Pack Vendor :STMicroelectronics X-CUBE-SMBUS 2.1.0
2024-03-16 15:05:24,504 [INFO] ThirdParty:1030 - CMSIS Pack Vendor :wolfSSL I-CUBE-wolfSSL 5.6.0
2024-03-16 15:05:24,504 [INFO] ThirdParty:1030 - CMSIS Pack Vendor :STMicroelectronics USB_DEVICE 3.0.0
2024-03-16 15:05:24,504 [INFO] ThirdParty:1030 - CMSIS Pack Vendor :STMicroelectronics X-CUBE-AI 8.0.0
2024-03-16 15:05:24,504 [INFO] ThirdParty:1030 - CMSIS Pack Vendor :STMicroelectronics X-CUBE-AZRTOS-WB 2.0.0
2024-03-16 15:05:24,504 [INFO] ThirdParty:1030 - CMSIS Pack Vendor :STMicroelectronics X-CUBE-FREERTOS 1.0.1
2024-03-16 15:05:24,504 [INFO] ThirdParty:1030 - CMSIS Pack Vendor :STMicroelectronics X-CUBE-TOUCHGFX 4.21.3
2024-03-16 15:05:24,504 [INFO] ThirdParty:1030 - CMSIS Pack Vendor :STMicroelectronics X-CUBE-TOUCHGFX 4.23.0
2024-03-16 15:05:24,505 [INFO] ThirdParty:1030 - CMSIS Pack Vendor :STMicroelectronics X-CUBE-AZRTOS-F7 1.1.0
2024-03-16 15:05:24,505 [INFO] ThirdParty:1030 - CMSIS Pack Vendor :STMicroelectronics X-CUBE-TOUCHGFX 4.21.4
2024-03-16 15:05:24,505 [INFO] ThirdParty:1030 - CMSIS Pack Vendor :STMicroelectronics X-CUBE-AZRTOS-L5 2.0.0
2024-03-16 15:05:24,505 [INFO] ThirdParty:1030 - CMSIS Pack Vendor :STMicroelectronics USB_DEVICE 2.0.0
2024-03-16 15:05:24,505 [INFO] ThirdParty:1030 - CMSIS Pack Vendor :STMicroelectronics X-CUBE-MEMS1 9.6.0
2024-03-16 15:05:24,505 [INFO] ThirdParty:1030 - CMSIS Pack Vendor :STMicroelectronics X-CUBE-EEPRMA1 4.2.0
2024-03-16 15:05:24,505 [INFO] ThirdParty:1030 - CMSIS Pack Vendor :ITTIA_DB I-CUBE-ITTIADB 8.8.0
2024-03-16 15:05:24,505 [INFO] ThirdParty:1030 - CMSIS Pack Vendor :STMicroelectronics FP-SNS-MOTENV1 4.3.0
2024-03-16 15:05:24,505 [INFO] ThirdParty:1030 - CMSIS Pack Vendor :STMicroelectronics FP-SNS-MOTENV1 4.3.2
2024-03-16 15:05:24,505 [INFO] ThirdParty:1030 - CMSIS Pack Vendor :STMicroelectronics FP-SNS-FLIGHT1 5.0.0
2024-03-16 15:05:24,505 [INFO] ThirdParty:1030 - CMSIS Pack Vendor :STMicroelectronics FP-SNS-FLIGHT1 5.0.1
2024-03-16 15:05:24,505 [INFO] ThirdParty:1030 - CMSIS Pack Vendor :STMicroelectronics X-CUBE-ALGOBUILD 1.3.0
2024-03-16 15:05:24,505 [INFO] ThirdParty:1030 - CMSIS Pack Vendor :STMicroelectronics X-CUBE-BLE1 6.2.4
2024-03-16 15:05:24,506 [INFO] ThirdParty:1030 - CMSIS Pack Vendor :STMicroelectronics X-CUBE-AZRTOS-L5 1.1.0
2024-03-16 15:05:24,506 [INFO] ThirdParty:1030 - CMSIS Pack Vendor :STMicroelectronics FreeRTOS 0.0.1
2024-03-16 15:05:24,506 [INFO] ThirdParty:1030 - CMSIS Pack Vendor :STMicroelectronics X-CUBE-AZRTOS-G0 1.1.0
2024-03-16 15:05:24,506 [INFO] ThirdParty:1030 - CMSIS Pack Vendor :emotas I-CUBE-CANOPEN 1.1.3
2024-03-16 15:05:24,506 [INFO] ThirdParty:1030 - CMSIS Pack Vendor :STMicroelectronics X-CUBE-BLEMGR 2.0.0
2024-03-16 15:05:24,506 [INFO] ThirdParty:1030 - CMSIS Pack Vendor :STMicroelectronics X-CUBE-AI 8.0.1
2024-03-16 15:05:24,506 [INFO] ThirdParty:1030 - CMSIS Pack Vendor :STMicroelectronics X-CUBE-NFC4 3.0.0
2024-03-16 15:05:24,506 [INFO] ThirdParty:1030 - CMSIS Pack Vendor :STMicroelectronics X-CUBE-SUBG2 5.0.0
2024-03-16 15:05:24,506 [INFO] ThirdParty:1030 - CMSIS Pack Vendor :STMicroelectronics STM32_WPAN 1.0.0
2024-03-16 15:05:24,506 [INFO] ThirdParty:1030 - CMSIS Pack Vendor :STMicroelectronics lwIP 2.0.3
2024-03-16 15:05:24,506 [INFO] ThirdParty:1030 - CMSIS Pack Vendor :STMicroelectronics FP-SNS-FLIGHT1 5.0.2
2024-03-16 15:05:24,506 [INFO] ThirdParty:1030 - CMSIS Pack Vendor :STMicroelectronics USB_HOST 1.0.0
2024-03-16 15:05:24,506 [INFO] ThirdParty:1030 - CMSIS Pack Vendor :STMicroelectronics X-CUBE-TOF1 3.3.1
2024-03-16 15:05:24,507 [INFO] ThirdParty:1030 - CMSIS Pack Vendor :STMicroelectronics X-CUBE-AZRTOS-G4 2.0.0
2024-03-16 15:05:24,507 [INFO] ThirdParty:1030 - CMSIS Pack Vendor :STMicroelectronics PDM2PCM 3.1.0
2024-03-16 15:05:24,507 [INFO] ThirdParty:1030 - CMSIS Pack Vendor :STMicroelectronics X-CUBE-AZRTOS-H7 3.1.0
2024-03-16 15:05:24,507 [INFO] ThirdParty:1030 - CMSIS Pack Vendor :STMicroelectronics X-CUBE-TOF1 3.3.0
2024-03-16 15:05:24,507 [INFO] ThirdParty:1030 - CMSIS Pack Vendor :Infineon AIROC-Wi-Fi-Bluetooth-STM32 1.5.1
2024-03-16 15:05:24,507 [INFO] ThirdParty:1030 - CMSIS Pack Vendor :STMicroelectronics X-CUBE-BLEMGR 3.0.0
2024-03-16 15:05:24,508 [INFO] ThirdParty:1030 - CMSIS Pack Vendor :STMicroelectronics PDM2PCM 3.3.0
2024-03-16 15:05:24,509 [INFO] ThirdParty:1030 - CMSIS Pack Vendor :STMicroelectronics X-CUBE-DISPLAY 3.0.0
2024-03-16 15:05:24,509 [INFO] ThirdParty:1030 - CMSIS Pack Vendor :STMicroelectronics FP-SNS-MOTENVWB1 1.3.1
2024-03-16 15:05:24,509 [INFO] ThirdParty:1030 - CMSIS Pack Vendor :STMicroelectronics X-CUBE-BLE1 7.0.0
2024-03-16 15:05:24,509 [INFO] ThirdParty:1030 - CMSIS Pack Vendor :STMicroelectronics FP-ATR-SIGFOX1 3.2.0
2024-03-16 15:05:24,509 [INFO] ThirdParty:1030 - CMSIS Pack Vendor :STMicroelectronics X-CUBE-AZRTOS-G4 1.0.0
2024-03-16 15:05:24,510 [INFO] ThirdParty:1030 - CMSIS Pack Vendor :STMicroelectronics X-CUBE-AZRTOS-L4 1.0.0
2024-03-16 15:05:24,510 [INFO] ThirdParty:1030 - CMSIS Pack Vendor :STMicroelectronics X-CUBE-ISPU 2.0.0
2024-03-16 15:05:24,510 [INFO] ThirdParty:1030 - CMSIS Pack Vendor :STMicroelectronics X-CUBE-EEPRMA1 5.1.0
2024-03-16 15:05:24,510 [INFO] ThirdParty:1030 - CMSIS Pack Vendor :STMicroelectronics HAL Drivers 0.0.0
2024-03-16 15:05:24,510 [INFO] ThirdParty:1030 - CMSIS Pack Vendor :STMicroelectronics MBEDTLS 2.16.2
2024-03-16 15:05:24,510 [INFO] ThirdParty:1030 - CMSIS Pack Vendor :STMicroelectronics X-CUBE-MEMS1 10.0.0
2024-03-16 15:05:24,510 [INFO] ThirdParty:1030 - CMSIS Pack Vendor :STMicroelectronics X-CUBE-FREERTOS 1.1.0
2024-03-16 15:05:24,510 [INFO] ThirdParty:1030 - CMSIS Pack Vendor :STMicroelectronics X-CUBE-TOUCHGFX 4.22.0
2024-03-16 15:05:24,510 [INFO] ThirdParty:1030 - CMSIS Pack Vendor :STMicroelectronics X-CUBE-NFC7 1.0.1
2024-03-16 15:05:24,510 [INFO] ThirdParty:1030 - CMSIS Pack Vendor :STMicroelectronics MBEDTLS 2.14.1
2024-03-16 15:05:24,512 [INFO] ThirdParty:1030 - CMSIS Pack Vendor :STMicroelectronics X-CUBE-NFC7 1.0.0
2024-03-16 15:05:24,512 [INFO] ThirdParty:1030 - CMSIS Pack Vendor :STMicroelectronics X-CUBE-TOUCHGFX 4.22.1
2024-03-16 15:05:24,512 [INFO] ThirdParty:1030 - CMSIS Pack Vendor :STMicroelectronics X-CUBE-AZRTOS-WL 1.0.0
2024-03-16 15:05:24,512 [INFO] ThirdParty:1030 - CMSIS Pack Vendor :STMicroelectronics X-CUBE-NFC6 3.0.0
2024-03-16 15:05:24,512 [INFO] ThirdParty:1030 - CMSIS Pack Vendor :STMicroelectronics X-CUBE-EEPRMA1 4.1.0
2024-03-16 15:05:24,512 [INFO] ThirdParty:1030 - CMSIS Pack Vendor :portGmbH I-Cube-SoM-uGOAL 1.1.0
2024-03-16 15:05:24,512 [INFO] ThirdParty:1030 - CMSIS Pack Vendor :STMicroelectronics X-CUBE-ALS 1.0.1
2024-03-16 15:05:24,512 [INFO] ThirdParty:1030 - CMSIS Pack Vendor :STMicroelectronics X-CUBE-MEMS1 9.5.0
2024-03-16 15:05:24,512 [INFO] ThirdParty:1030 - CMSIS Pack Vendor :STMicroelectronics X-CUBE-BLEMGR 3.1.0
2024-03-16 15:05:24,512 [INFO] ThirdParty:1030 - CMSIS Pack Vendor :STMicroelectronics ThreadX 1.0.0
2024-03-16 15:05:24,512 [INFO] ThirdParty:1030 - CMSIS Pack Vendor :STMicroelectronics FP-SNS-SMARTAG2 1.2.0
2024-03-16 15:05:24,512 [INFO] ThirdParty:1030 - CMSIS Pack Vendor :STMicroelectronics X-CUBE-AZRTOS-WB 1.1.0
2024-03-16 15:05:24,512 [INFO] ThirdParty:1030 - CMSIS Pack Vendor :STMicroelectronics X-CUBE-AZRTOS-WL 2.0.0
2024-03-16 15:05:24,512 [INFO] ThirdParty:1030 - CMSIS Pack Vendor :SEGGER I-CUBE-embOS 1.3.1
2024-03-16 15:05:24,513 [INFO] ThirdParty:1030 - CMSIS Pack Vendor :STMicroelectronics USB_DEVICE 1.0.0
2024-03-16 15:05:24,513 [INFO] ThirdParty:1030 - CMSIS Pack Vendor :STMicroelectronics X-CUBE-AI 8.1.0
2024-03-16 15:05:24,514 [INFO] ThirdParty:1030 - CMSIS Pack Vendor :STMicroelectronics X-CUBE-AZRTOS-L4 2.0.0
2024-03-16 15:05:24,514 [INFO] ThirdParty:1030 - CMSIS Pack Vendor :STMicroelectronics ThreadX 0.0.2
2024-03-16 15:05:24,514 [INFO] ThirdParty:1030 - CMSIS Pack Vendor :WES I-CUBE-Cesium 1.3.0
2024-03-16 15:05:24,514 [INFO] ThirdParty:1030 - CMSIS Pack Vendor :STMicroelectronics FP-ATR-ASTRA1 2.0.0
2024-03-16 15:05:24,514 [INFO] ThirdParty:1030 - CMSIS Pack Vendor :STMicroelectronics lwIP 2.1.2
2024-03-16 15:05:24,514 [INFO] ThirdParty:1030 - CMSIS Pack Vendor :STMicroelectronics X-CUBE-SFXS2LP1 4.0.0
2024-03-16 15:05:24,514 [INFO] ThirdParty:1030 - CMSIS Pack Vendor :STMicroelectronics X-CUBE-BLE2 3.3.0
2024-03-16 15:05:24,514 [INFO] ThirdParty:1030 - CMSIS Pack Vendor :STMicroelectronics X-CUBE-TOF1 3.4.0
2024-03-16 15:05:24,515 [INFO] ThirdParty:1030 - CMSIS Pack Vendor :STMicroelectronics X-CUBE-TOF1 3.4.1
2024-03-16 15:05:24,515 [INFO] ThirdParty:1030 - CMSIS Pack Vendor :STMicroelectronics X-CUBE-AZRTOS-H7 3.2.0
2024-03-16 15:05:24,515 [INFO] ThirdParty:1030 - CMSIS Pack Vendor :STMicroelectronics PDM2PCM 3.2.0
2024-03-16 15:05:24,515 [INFO] ThirdParty:841 - exiting critical section [change project]
2024-03-16 15:05:25,024 [INFO] PinOutPanel:1499 - setPackage(No Configuration,No Configuration)
2024-03-16 15:05:25,026 [INFO] PinOutPanel:1499 - setPackage(STM32F411CEUx,UFQFPN48)
2024-03-16 15:05:25,451 [INFO] UtilMem:75 - Before build in PCC Used Memory: 703579600 Bytes (877658112)
2024-03-16 15:05:26,205 [INFO] UtilMem:75 - After build in PCC Used Memory: 746571216 Bytes (877658112)
2024-03-16 15:05:26,253 [INFO] IPUIPlugin:80 - create IPUIPlugin
2024-03-16 15:05:26,253 [INFO] IPUIPlugin:80 - create IPUIPlugin
2024-03-16 15:05:26,257 [INFO] IPUIPlugin:80 - create IPUIPlugin
2024-03-16 15:05:26,257 [INFO] IPUIPlugin:80 - create IPUIPlugin
2024-03-16 15:05:26,257 [INFO] IPUIPlugin:80 - create IPUIPlugin
2024-03-16 15:05:26,258 [INFO] IPUIPlugin:80 - create IPUIPlugin
2024-03-16 15:05:26,258 [INFO] IPUIPlugin:80 - create IPUIPlugin
2024-03-16 15:05:26,258 [INFO] IPUIPlugin:80 - create IPUIPlugin
2024-03-16 15:05:26,258 [INFO] IPUIPlugin:80 - create IPUIPlugin
2024-03-16 15:05:26,259 [INFO] IPUIPlugin:80 - create IPUIPlugin
2024-03-16 15:05:26,260 [INFO] IPUIPlugin:80 - create IPUIPlugin
2024-03-16 15:05:26,260 [INFO] IPUIPlugin:80 - create IPUIPlugin
2024-03-16 15:05:26,260 [INFO] IPUIPlugin:80 - create IPUIPlugin
2024-03-16 15:05:26,260 [INFO] IPUIPlugin:80 - create IPUIPlugin
2024-03-16 15:05:26,260 [INFO] IPUIPlugin:80 - create IPUIPlugin
2024-03-16 15:05:26,262 [INFO] IPUIPlugin:80 - create IPUIPlugin
2024-03-16 15:05:26,267 [INFO] IPUIPlugin:80 - create IPUIPlugin
2024-03-16 15:05:26,268 [INFO] IPUIPlugin:80 - create IPUIPlugin
2024-03-16 15:05:26,268 [INFO] IPUIPlugin:80 - create IPUIPlugin
2024-03-16 15:05:26,269 [INFO] IPUIPlugin:80 - create IPUIPlugin
2024-03-16 15:05:26,269 [INFO] IPUIPlugin:80 - create IPUIPlugin
2024-03-16 15:05:26,270 [INFO] IPUIPlugin:80 - create IPUIPlugin
2024-03-16 15:05:26,270 [INFO] IPUIPlugin:80 - create IPUIPlugin
2024-03-16 15:05:26,271 [INFO] IPUIPlugin:80 - create IPUIPlugin
2024-03-16 15:05:26,271 [INFO] IPUIPlugin:80 - create IPUIPlugin
2024-03-16 15:05:26,272 [INFO] IPUIPlugin:80 - create IPUIPlugin
2024-03-16 15:05:26,272 [INFO] IPUIPlugin:80 - create IPUIPlugin
2024-03-16 15:05:26,273 [INFO] IPUIPlugin:80 - create IPUIPlugin
2024-03-16 15:05:26,274 [INFO] IPUIPlugin:80 - create IPUIPlugin
2024-03-16 15:05:26,275 [INFO] IPUIPlugin:80 - create IPUIPlugin
2024-03-16 15:05:26,275 [INFO] IPUIPlugin:80 - create IPUIPlugin
2024-03-16 15:05:26,276 [INFO] IPUIPlugin:80 - create IPUIPlugin
2024-03-16 15:05:26,277 [INFO] IPUIPlugin:80 - create IPUIPlugin
2024-03-16 15:05:26,278 [INFO] IPUIPlugin:80 - create IPUIPlugin
2024-03-16 15:05:26,278 [INFO] IPUIPlugin:80 - create IPUIPlugin
2024-03-16 15:05:26,279 [INFO] IPUIPlugin:80 - create IPUIPlugin
2024-03-16 15:05:26,280 [INFO] IPUIPlugin:80 - create IPUIPlugin
2024-03-16 15:05:26,280 [INFO] IPUIPlugin:80 - create IPUIPlugin
2024-03-16 15:05:26,283 [INFO] IPUIPlugin:80 - create IPUIPlugin
2024-03-16 15:05:26,283 [INFO] IPUIPlugin:80 - create IPUIPlugin
2024-03-16 15:05:26,285 [INFO] IPUIPlugin:80 - create IPUIPlugin
2024-03-16 15:05:26,286 [INFO] IPUIPlugin:80 - create IPUIPlugin
2024-03-16 15:05:26,287 [INFO] IPUIPlugin:80 - create IPUIPlugin
2024-03-16 15:05:26,294 [INFO] ApiDbMcu:507 - Load IP Config File for PDM2PCM
2024-03-16 15:05:26,348 [INFO] CADModel:165 - CPN selected for project levelSTM32F411CEU6
2024-03-16 15:05:26,349 [INFO] CADModel:114 - Register for checkConnection events
2024-03-16 15:05:26,467 [INFO] OpenFileManager:328 - Restore cursor
2024-03-16 15:35:50,394 [INFO] MainUpdater:2854 - connection check result : 10
2024-03-16 15:35:50,635 [INFO] McuFinderGlobals:66 - Set McuFinderConnectedMode to true
2024-03-16 15:35:50,637 [INFO] MultiScanPanel:200 - Auto-refresh data requested => check proxy status ongoing
2024-03-16 15:35:50,638 [INFO] FinderPluginLoader:95 - Searching for filters in installed packs
2024-03-16 15:35:50,641 [INFO] FinderPluginLoader:108 - Found C:\Users\MrIro\STM32Cube\Repository\Packs\STMicroelectronics\X-CUBE-AI\8.0.1\CubeMX\plugins\ip\ai.8.0.1.jar
2024-03-16 15:35:50,642 [INFO] FinderPluginLoader:118 - Loading ai.8.0.1
2024-03-16 15:35:50,674 [INFO] McuExtendedFiltersManager:95 - Add MCU extended filter: Artificial Intelligence
2024-03-16 15:35:51,450 [INFO] AInterface:109 - AInterface using toolDir: C:/Users/MrIro/STM32Cube/Repository//Packs/STMicroelectronics/X-CUBE-AI/8.0.1/Utilities/windows
2024-03-16 15:35:52,157 [INFO] LoadUrlFilesThread:185 - End of LoadServerUrlFiles without Thread
2024-03-16 15:35:52,157 [INFO] DetailPanel:341 - Set advertising image to C:/Users/MrIro/STM32Cube/Repository/\en.prom-stm32wl3-mcu-finder.jpg
2024-03-16 15:36:45,372 [INFO] McuFinderGlobals:66 - Set McuFinderConnectedMode to true
2024-03-16 15:36:46,292 [INFO] ApiDb:448 - Save user favorites file C:\Users\MrIro/.stm32cubeide/favorites.mcus.txt: 1 item(s)
2024-03-16 15:36:46,293 [INFO] ApiDb:452 - User favorites MCUs=[STM32F411CEU6]
2024-03-16 15:36:47,013 [INFO] McuFinderGlobals:66 - Set McuFinderConnectedMode to true
2024-03-16 15:36:47,156 [INFO] ApiDb:448 - Save user favorites file C:\Users\MrIro/.stm32cubeide/favorites.mcus.txt: 1 item(s)
2024-03-16 15:36:47,157 [INFO] ApiDb:452 - User favorites MCUs=[STM32F411CEU6]
2024-03-16 16:51:51,515 [ERROR] ConfigurationRetriever:142 - IOException on connection: Read timed out
