2024-05-14 21:27:36,813 [INFO] Activator:176 - 


2024-05-14 21:27:36,825 [INFO] Activator:177 - !SESSION log4j initialized
2024-05-14 21:27:50,054 [INFO] LogOutputStream:77 - [STDOUT_REDIRECT] 
2024-05-14 21:27:52,931 [INFO] ApplicationProperties:184 - Using Application install path: C:\ST\STM32CubeIDE_1.12.0\STM32CubeIDE\plugins\com.st.stm32cube.common.mx_6.11.1.202404110753
2024-05-14 21:27:52,959 [INFO] DbMcusXml:78 - Set database path to: C:\ST\STM32CubeIDE_1.12.0\STM32CubeIDE\plugins\com.st.stm32cube.common.mx_6.11.1.202404110753\\db\/mcu/
2024-05-14 21:27:52,959 [INFO] ApiDb:274 - Set plugin database path to: C:\ST\STM32CubeIDE_1.12.0\STM32CubeIDE\plugins\com.st.stm32cube.common.mx_6.11.1.202404110753\\db\/plugins/boardmanager/
2024-05-14 21:27:52,961 [WARN] ApiDb:259 - Overriding images path with different value:  => C:\ST\STM32CubeIDE_1.12.0\STM32CubeIDE\plugins\com.st.stm32cube.common.mx_6.11.1.202404110753\\db\/plugins/mcufinder/images/
2024-05-14 21:27:52,977 [INFO] ApiDb:250 - Set database path to: C:\Users\MrIro\.stmcufinder\plugins\mcufinder//mcu/
2024-05-14 21:27:52,979 [INFO] DbMcusAds:125 - Set database path to: C:\Users\MrIro\.stmcufinder\plugins\mcufinder//mcu/
2024-05-14 21:27:52,983 [INFO] CrossReferenceDbSqlite:203 - Set database path to: C:\Users\MrIro\.stmcufinder\plugins\mcufinder//mcu/cs/
2024-05-14 21:27:53,176 [INFO] RulesReader:64 - Compatibility file has been processed (297 Rules)
2024-05-14 21:27:53,309 [INFO] DbMcusXml:78 - Set database path to: C:\ST\STM32CubeIDE_1.12.0\STM32CubeIDE\plugins\com.st.stm32cube.common.mx_6.11.1.202404110753\\db\/mcu/
2024-05-14 21:27:53,309 [INFO] ApiDb:274 - Set plugin database path to: C:\ST\STM32CubeIDE_1.12.0\STM32CubeIDE\plugins\com.st.stm32cube.common.mx_6.11.1.202404110753\\db\/plugins/boardmanager/
2024-05-14 21:27:53,309 [INFO] ApiDb:261 - Set plugin images path to: C:\ST\STM32CubeIDE_1.12.0\STM32CubeIDE\plugins\com.st.stm32cube.common.mx_6.11.1.202404110753\\db\/plugins/mcufinder/images/
2024-05-14 21:27:53,309 [WARN] DbFile:41 - Overriding database path with different value: C:\Users\MrIro\.stmcufinder\plugins\mcufinder/ => C:\Users\MrIro\.stmcufinder\plugins\mcufinder
2024-05-14 21:27:53,309 [INFO] ApiDb:250 - Set database path to: C:\Users\MrIro\.stmcufinder\plugins\mcufinder//mcu/
2024-05-14 21:27:53,309 [WARN] DbFile:41 - Overriding database path with different value: C:\Users\MrIro\.stmcufinder\plugins\mcufinder/ => C:\Users\MrIro\.stmcufinder\plugins\mcufinder
2024-05-14 21:27:53,309 [INFO] DbMcusAds:125 - Set database path to: C:\Users\MrIro\.stmcufinder\plugins\mcufinder//mcu/
2024-05-14 21:27:53,309 [WARN] DbFile:41 - Overriding database path with different value: C:\Users\MrIro\.stmcufinder\plugins\mcufinder/ => C:\Users\MrIro\.stmcufinder\plugins\mcufinder
2024-05-14 21:27:53,309 [WARN] DbFile:41 - Overriding database path with different value: C:\Users\MrIro\.stmcufinder\plugins\mcufinder/ => C:\Users\MrIro\.stmcufinder\plugins\mcufinder
2024-05-14 21:27:53,309 [INFO] CrossReferenceDbSqlite:203 - Set database path to: C:\Users\MrIro\.stmcufinder\plugins\mcufinder//mcu/cs/
2024-05-14 21:27:53,451 [INFO] MainPanel:264 - HeapMemory: 268435456
2024-05-14 21:27:53,606 [INFO] DbMcusXml:78 - Set database path to: C:\ST\STM32CubeIDE_1.12.0\STM32CubeIDE\plugins\com.st.stm32cube.common.mx_6.11.1.202404110753\\db\/mcu/
2024-05-14 21:27:53,607 [INFO] ApiDb:274 - Set plugin database path to: C:\ST\STM32CubeIDE_1.12.0\STM32CubeIDE\plugins\com.st.stm32cube.common.mx_6.11.1.202404110753\\db\/plugins/boardmanager/
2024-05-14 21:27:53,607 [INFO] ApiDb:261 - Set plugin images path to: C:\ST\STM32CubeIDE_1.12.0\STM32CubeIDE\plugins\com.st.stm32cube.common.mx_6.11.1.202404110753\\db\/plugins/mcufinder/images/
2024-05-14 21:27:53,608 [WARN] DbFile:41 - Overriding database path with different value: C:\Users\MrIro\.stmcufinder\plugins\mcufinder/ => C:\Users\MrIro\.stmcufinder\plugins\mcufinder
2024-05-14 21:27:53,608 [INFO] ApiDb:250 - Set database path to: C:\Users\MrIro\.stmcufinder\plugins\mcufinder//mcu/
2024-05-14 21:27:53,608 [WARN] DbFile:41 - Overriding database path with different value: C:\Users\MrIro\.stmcufinder\plugins\mcufinder/ => C:\Users\MrIro\.stmcufinder\plugins\mcufinder
2024-05-14 21:27:53,608 [INFO] DbMcusAds:125 - Set database path to: C:\Users\MrIro\.stmcufinder\plugins\mcufinder//mcu/
2024-05-14 21:27:53,608 [WARN] DbFile:41 - Overriding database path with different value: C:\Users\MrIro\.stmcufinder\plugins\mcufinder/ => C:\Users\MrIro\.stmcufinder\plugins\mcufinder
2024-05-14 21:27:53,609 [WARN] DbFile:41 - Overriding database path with different value: C:\Users\MrIro\.stmcufinder\plugins\mcufinder/ => C:\Users\MrIro\.stmcufinder\plugins\mcufinder
2024-05-14 21:27:53,609 [INFO] CrossReferenceDbSqlite:203 - Set database path to: C:\Users\MrIro\.stmcufinder\plugins\mcufinder//mcu/cs/
2024-05-14 21:27:53,643 [INFO] ApplicationProperties:184 - Using Application install path: C:\ST\STM32CubeIDE_1.12.0\STM32CubeIDE\plugins\com.st.stm32cube.common.mx_6.11.1.202404110753
2024-05-14 21:27:53,645 [INFO] PluginManage:196 - Search for loadable plugins [exclusion list=, ]
2024-05-14 21:27:53,648 [INFO] PluginManage:310 - Check plugin analytics
2024-05-14 21:27:53,992 [INFO] AnalyticsPlugin:253 - Accepted Software Licenses: 
2024-05-14 21:27:53,993 [INFO] AnalyticsPlugin:255 - Accepted CMSIS Pack Licenses: STMicroelectronics.X-CUBE-AI.8.0.1
2024-05-14 21:27:53,994 [INFO] AnalyticsPlugin:257 - Accepted Firmware Licenses: FW.F4.1.27.0,FW.F7.1.17.0,FW.C0.1.0.0
2024-05-14 21:27:54,001 [INFO] PluginManage:359 - Loaded plugin analytics (category:tool,tabindex:-1)
2024-05-14 21:27:54,001 [INFO] PluginManage:310 - Check plugin cadmodel
2024-05-14 21:27:54,027 [INFO] CADModel:105 - Init CAD model plugin
2024-05-14 21:27:54,028 [INFO] PluginManage:359 - Loaded plugin cadmodel (category:power,tabindex:5)
2024-05-14 21:27:54,028 [INFO] PluginManage:310 - Check plugin clock
2024-05-14 21:27:54,674 [INFO] PluginManage:359 - Loaded plugin clock (category:base,tabindex:2)
2024-05-14 21:27:54,674 [INFO] PluginManage:310 - Check plugin ddr
2024-05-14 21:27:54,677 [INFO] PluginManage:359 - Loaded plugin ddr (category:tool,tabindex:6)
2024-05-14 21:27:54,677 [INFO] PluginManage:310 - Check plugin filemanager
2024-05-14 21:27:54,886 [INFO] PluginManage:359 - Loaded plugin filemanager (category:base,tabindex:10)
2024-05-14 21:27:54,886 [INFO] PluginManage:310 - Check plugin ipmanager
2024-05-14 21:27:54,900 [INFO] PluginManage:359 - Loaded plugin ipmanager (category:base,tabindex:5)
2024-05-14 21:27:54,900 [INFO] PluginManage:310 - Check plugin lpbam
2024-05-14 21:27:55,065 [INFO] PluginManage:359 - Loaded plugin lpbam (category:base,tabindex:0)
2024-05-14 21:27:55,065 [INFO] PluginManage:310 - Check plugin memorymap
2024-05-14 21:27:55,239 [INFO] PluginManage:359 - Loaded plugin memorymap (category:base,tabindex:4)
2024-05-14 21:27:55,239 [INFO] PluginManage:310 - Check plugin pinoutandconfiguration
2024-05-14 21:27:55,548 [INFO] PluginManage:359 - Loaded plugin pinoutandconfiguration (category:base,tabindex:1)
2024-05-14 21:27:55,548 [INFO] PluginManage:310 - Check plugin pinoutconfig
2024-05-14 21:27:55,933 [WARN] SupportedApi:132 - Cannot load RTOS API schema: s4s-elt-must-match.1: The content of 'definitions' must match (annotation?, (simpleType | complexType)?, (unique | key | keyref)*)). A problem was found starting at: attribute.
2024-05-14 21:27:56,134 [INFO] PluginManage:359 - Loaded plugin pinoutconfig (category:base,tabindex:0)
2024-05-14 21:27:56,134 [INFO] PluginManage:310 - Check plugin power
2024-05-14 21:27:56,163 [INFO] PluginManage:359 - Loaded plugin power (category:power,tabindex:4)
2024-05-14 21:27:56,164 [INFO] PluginManage:310 - Check plugin projectmanager
2024-05-14 21:27:56,193 [INFO] PluginManage:359 - Loaded plugin projectmanager (category:projectmanager,tabindex:3)
2024-05-14 21:27:56,193 [INFO] PluginManage:310 - Check plugin thirdparty
2024-05-14 21:27:56,696 [INFO] PluginManage:359 - Loaded plugin thirdparty (category:base,tabindex:-1)
2024-05-14 21:27:56,697 [INFO] PluginManage:310 - Check plugin tools
2024-05-14 21:27:56,696 [WARN] IntegrityCheckThread:84 - waiting for thirdparty lock release [integrity check]
2024-05-14 21:27:56,697 [INFO] IntegrityCheckThread:86 - entering critical section [integrity check]
2024-05-14 21:27:56,697 [INFO] ThirdPartyUpdaterWithRetryManager:70 - Updater plugin not ready yet. [1/15]
2024-05-14 21:27:56,720 [INFO] PluginManage:359 - Loaded plugin tools (category:base,tabindex:7)
2024-05-14 21:27:56,721 [INFO] PluginManage:310 - Check plugin tutovideos
2024-05-14 21:27:57,074 [INFO] PluginManage:359 - Loaded plugin tutovideos (category:base,tabindex:-1)
2024-05-14 21:27:57,074 [INFO] PluginManage:310 - Check plugin updater
2024-05-14 21:27:57,092 [INFO] PluginManage:359 - Loaded plugin updater (category:base,tabindex:12)
2024-05-14 21:27:57,092 [INFO] PluginManage:310 - Check plugin userauth
2024-05-14 21:27:57,101 [INFO] UserAuth:114 - Init User Auth plugin
2024-05-14 21:27:57,101 [INFO] PluginManage:359 - Loaded plugin userauth (category:base,tabindex:14)
2024-05-14 21:27:57,102 [INFO] PluginManage:283 - PluginManage : Loaded plugins [17]
2024-05-14 21:27:57,483 [INFO] PinOutPanel:1561 - setPackage(No Configuration,No Configuration)
2024-05-14 21:27:57,607 [INFO] CADModel:165 - CPN selected for project level
2024-05-14 21:27:57,608 [INFO] CADModel:114 - Register for checkConnection events
2024-05-14 21:27:57,672 [INFO] IPUIPlugin:80 - create IPUIPlugin
2024-05-14 21:27:57,672 [INFO] PluginManager:220 - loadIPPluginJar : add adc
2024-05-14 21:27:57,696 [INFO] IPUIPlugin:80 - create IPUIPlugin
2024-05-14 21:27:57,696 [INFO] PluginManager:220 - loadIPPluginJar : add aes
2024-05-14 21:27:57,724 [INFO] IPUIPlugin:80 - create IPUIPlugin
2024-05-14 21:27:57,724 [INFO] PluginManager:220 - loadIPPluginJar : add can
2024-05-14 21:27:57,744 [INFO] IPUIPlugin:80 - create IPUIPlugin
2024-05-14 21:27:57,744 [INFO] PluginManager:220 - loadIPPluginJar : add comp
2024-05-14 21:27:57,771 [INFO] IPUIPlugin:80 - create IPUIPlugin
2024-05-14 21:27:57,771 [INFO] PluginManager:220 - loadIPPluginJar : add cryp
2024-05-14 21:27:57,799 [INFO] IPUIPlugin:80 - create IPUIPlugin
2024-05-14 21:27:57,799 [INFO] PluginManager:220 - loadIPPluginJar : add dfsdm
2024-05-14 21:27:57,844 [INFO] IPUIPlugin:80 - create IPUIPlugin
2024-05-14 21:27:57,845 [INFO] PluginManager:220 - loadIPPluginJar : add dma
2024-05-14 21:27:57,879 [INFO] IPUIPlugin:80 - create IPUIPlugin
2024-05-14 21:27:57,879 [INFO] PluginManager:220 - loadIPPluginJar : add dma3
2024-05-14 21:27:57,905 [INFO] IPUIPlugin:80 - create IPUIPlugin
2024-05-14 21:27:57,905 [INFO] PluginManager:220 - loadIPPluginJar : add extmemmanager
2024-05-14 21:27:57,929 [INFO] IPUIPlugin:80 - create IPUIPlugin
2024-05-14 21:27:57,929 [INFO] PluginManager:220 - loadIPPluginJar : add fatfs
2024-05-14 21:27:57,959 [INFO] IPUIPlugin:80 - create IPUIPlugin
2024-05-14 21:27:57,960 [INFO] PluginManager:220 - loadIPPluginJar : add fmc
2024-05-14 21:27:58,165 [INFO] IPUIPlugin:80 - create IPUIPlugin
2024-05-14 21:27:58,165 [INFO] PluginManager:220 - loadIPPluginJar : add freertos
2024-05-14 21:27:58,183 [INFO] IPUIPlugin:80 - create IPUIPlugin
2024-05-14 21:27:58,183 [INFO] PluginManager:220 - loadIPPluginJar : add genericplugin
2024-05-14 21:27:58,226 [INFO] IPUIPlugin:80 - create IPUIPlugin
2024-05-14 21:27:58,226 [INFO] PluginManager:220 - loadIPPluginJar : add gfxmmu
2024-05-14 21:27:58,276 [INFO] IPUIPlugin:80 - create IPUIPlugin
2024-05-14 21:27:58,276 [INFO] PluginManager:220 - loadIPPluginJar : add gic
2024-05-14 21:27:58,369 [INFO] IPUIPlugin:80 - create IPUIPlugin
2024-05-14 21:27:58,370 [INFO] PluginManager:220 - loadIPPluginJar : add gpio
2024-05-14 21:27:58,413 [INFO] IPUIPlugin:80 - create IPUIPlugin
2024-05-14 21:27:58,413 [INFO] PluginManager:220 - loadIPPluginJar : add gtzc
2024-05-14 21:27:58,437 [INFO] IPUIPlugin:80 - create IPUIPlugin
2024-05-14 21:27:58,437 [INFO] PluginManager:220 - loadIPPluginJar : add hash
2024-05-14 21:27:58,468 [INFO] IPUIPlugin:80 - create IPUIPlugin
2024-05-14 21:27:58,468 [INFO] PluginManager:220 - loadIPPluginJar : add i2c
2024-05-14 21:27:58,495 [INFO] IPUIPlugin:80 - create IPUIPlugin
2024-05-14 21:27:58,495 [INFO] PluginManager:220 - loadIPPluginJar : add i2s
2024-05-14 21:27:58,520 [INFO] IPUIPlugin:80 - create IPUIPlugin
2024-05-14 21:27:58,520 [INFO] PluginManager:220 - loadIPPluginJar : add i3c
2024-05-14 21:27:58,557 [INFO] IPUIPlugin:80 - create IPUIPlugin
2024-05-14 21:27:58,557 [INFO] PluginManager:220 - loadIPPluginJar : add ipddr
2024-05-14 21:27:58,603 [INFO] IPUIPlugin:80 - create IPUIPlugin
2024-05-14 21:27:58,603 [INFO] PluginManager:220 - loadIPPluginJar : add linkedlist
2024-05-14 21:27:58,630 [INFO] IPUIPlugin:80 - create IPUIPlugin
2024-05-14 21:27:58,631 [INFO] PluginManager:220 - loadIPPluginJar : add lorawan
2024-05-14 21:27:58,653 [INFO] IPUIPlugin:80 - create IPUIPlugin
2024-05-14 21:27:58,655 [INFO] PluginManager:220 - loadIPPluginJar : add ltdc
2024-05-14 21:27:58,730 [INFO] IPUIPlugin:80 - create IPUIPlugin
2024-05-14 21:27:58,740 [INFO] PluginManager:220 - loadIPPluginJar : add mdma
2024-05-14 21:27:58,821 [INFO] IPUIPlugin:80 - create IPUIPlugin
2024-05-14 21:27:58,822 [INFO] PluginManager:220 - loadIPPluginJar : add nvic
2024-05-14 21:27:58,843 [INFO] IPUIPlugin:80 - create IPUIPlugin
2024-05-14 21:27:58,843 [INFO] PluginManager:220 - loadIPPluginJar : add opamp
2024-05-14 21:27:58,877 [INFO] IPUIPlugin:80 - create IPUIPlugin
2024-05-14 21:27:58,877 [INFO] PluginManager:220 - loadIPPluginJar : add openamp
2024-05-14 21:27:58,904 [INFO] IPUIPlugin:80 - create IPUIPlugin
2024-05-14 21:27:58,904 [INFO] PluginManager:220 - loadIPPluginJar : add pdm2pcm
2024-05-14 21:27:58,985 [INFO] IPUIPlugin:80 - create IPUIPlugin
2024-05-14 21:27:58,990 [INFO] PluginManager:220 - loadIPPluginJar : add plateformsettings
2024-05-14 21:27:59,008 [INFO] IPUIPlugin:80 - create IPUIPlugin
2024-05-14 21:27:59,009 [INFO] PluginManager:220 - loadIPPluginJar : add quadspi
2024-05-14 21:27:59,260 [INFO] IPUIPlugin:80 - create IPUIPlugin
2024-05-14 21:27:59,260 [INFO] PluginManager:220 - loadIPPluginJar : add resmgrutility
2024-05-14 21:27:59,284 [INFO] IPUIPlugin:80 - create IPUIPlugin
2024-05-14 21:27:59,285 [INFO] PluginManager:220 - loadIPPluginJar : add sai
2024-05-14 21:27:59,312 [INFO] IPUIPlugin:80 - create IPUIPlugin
2024-05-14 21:27:59,312 [INFO] PluginManager:220 - loadIPPluginJar : add spi
2024-05-14 21:27:59,346 [INFO] IPUIPlugin:80 - create IPUIPlugin
2024-05-14 21:27:59,346 [INFO] PluginManager:220 - loadIPPluginJar : add stm32_wpan
2024-05-14 21:27:59,367 [INFO] IPUIPlugin:80 - create IPUIPlugin
2024-05-14 21:27:59,367 [INFO] PluginManager:220 - loadIPPluginJar : add tim
2024-05-14 21:27:59,413 [INFO] IPUIPlugin:80 - create IPUIPlugin
2024-05-14 21:27:59,413 [INFO] PluginManager:220 - loadIPPluginJar : add touchsensing
2024-05-14 21:27:59,438 [INFO] IPUIPlugin:80 - create IPUIPlugin
2024-05-14 21:27:59,438 [INFO] PluginManager:220 - loadIPPluginJar : add tracer_emb
2024-05-14 21:27:59,465 [INFO] IPUIPlugin:80 - create IPUIPlugin
2024-05-14 21:27:59,465 [INFO] PluginManager:220 - loadIPPluginJar : add ts
2024-05-14 21:27:59,489 [INFO] IPUIPlugin:80 - create IPUIPlugin
2024-05-14 21:27:59,489 [INFO] PluginManager:220 - loadIPPluginJar : add tsc
2024-05-14 21:27:59,512 [INFO] IPUIPlugin:80 - create IPUIPlugin
2024-05-14 21:27:59,512 [INFO] PluginManager:220 - loadIPPluginJar : add ucpd
2024-05-14 21:27:59,540 [INFO] IPUIPlugin:80 - create IPUIPlugin
2024-05-14 21:27:59,540 [INFO] PluginManager:220 - loadIPPluginJar : add usart
2024-05-14 21:27:59,568 [INFO] IPUIPlugin:80 - create IPUIPlugin
2024-05-14 21:27:59,568 [INFO] PluginManager:220 - loadIPPluginJar : add usbx
2024-05-14 21:27:59,700 [INFO] ThirdPartyUpdaterWithRetryManager:70 - Updater plugin not ready yet. [2/15]
2024-05-14 21:27:59,739 [INFO] CADModel:165 - CPN selected for project level
2024-05-14 21:27:59,739 [INFO] CADModel:114 - Register for checkConnection events
2024-05-14 21:27:59,739 [FATAL] Updater:308 - Updater called before beeing initialized
2024-05-14 21:27:59,739 [ERROR] CADModel:125 - Updater not yet initialized, retry later 
2024-05-14 21:28:00,002 [INFO] CADModel:165 - CPN selected for project level
2024-05-14 21:28:00,002 [INFO] CADModel:114 - Register for checkConnection events
2024-05-14 21:28:00,002 [FATAL] Updater:308 - Updater called before beeing initialized
2024-05-14 21:28:00,002 [ERROR] CADModel:125 - Updater not yet initialized, retry later 
2024-05-14 21:28:00,010 [FATAL] Updater:308 - Updater called before beeing initialized
2024-05-14 21:28:00,287 [FATAL] Updater:308 - Updater called before beeing initialized
2024-05-14 21:28:00,306 [INFO] DbMcusAds:53 - JSON generation date=Thu Sep 30 08:55:09 CEST 2021 (1632984909247)
2024-05-14 21:28:00,307 [FATAL] Updater:308 - Updater called before beeing initialized
2024-05-14 21:28:00,409 [WARN] DetailPanel:346 - Failed to get advertising image, set to default
2024-05-14 21:28:00,597 [FATAL] Updater:308 - Updater called before beeing initialized
2024-05-14 21:28:00,602 [FATAL] Updater:308 - Updater called before beeing initialized
2024-05-14 21:28:00,602 [FATAL] Updater:308 - Updater called before beeing initialized
2024-05-14 21:28:00,603 [WARN] DetailPanel:346 - Failed to get advertising image, set to default
2024-05-14 21:28:00,603 [FATAL] Updater:308 - Updater called before beeing initialized
2024-05-14 21:28:00,734 [ERROR] Updater:1120 - MainUpdater not yet initialized. External WinMGr cannot be set.
2024-05-14 21:28:00,757 [INFO] Updater:1056 - Updater Version found : 6.11.1
2024-05-14 21:28:00,791 [INFO] ApplicationProperties:184 - Using Application install path: C:\ST\STM32CubeIDE_1.12.0\STM32CubeIDE\plugins\com.st.stm32cube.common.mx_6.11.1.202404110753
2024-05-14 21:28:02,398 [ERROR] LogOutputStream:75 - [STDERR_REDIRECT] May 14, 2024 9:28:02 PM java.util.prefs.WindowsPreferences <init>
2024-05-14 21:28:02,402 [ERROR] LogOutputStream:75 - [STDERR_REDIRECT] WARNING: Could not open/create prefs root node Software\JavaSoft\Prefs at root 0xffffffff80000002. Windows RegCreateKeyEx(...) returned error code 5.
2024-05-14 21:28:02,402 [ERROR] LogOutputStream:75 - [STDERR_REDIRECT] 
2024-05-14 21:28:02,702 [FATAL] Updater:308 - Updater called before beeing initialized
2024-05-14 21:28:02,702 [ERROR] IntegrityCheckThread:130 - Cannot retrieve database content from updater: error 21
2024-05-14 21:28:02,703 [INFO] ThirdParty:978 - Integrity check success = false
2024-05-14 21:28:02,703 [INFO] IntegrityCheckThread:100 - exiting critical section [integrity check]
2024-05-14 21:28:02,703 [INFO] IntegrityCheckThread:103 - End integrity checks thread
2024-05-14 21:28:02,981 [INFO] MainUpdater:2873 - connection check result : 10
2024-05-14 21:28:02,981 [INFO] MainUpdater:290 - Updater Check For Update Now.
2024-05-14 21:28:02,981 [INFO] MicroXplorer:498 - Change Database Version : DB.6.0.111
2024-05-14 21:28:03,010 [INFO] McuFinderGlobals:63 - Set McuFinder mode to 2 (CubeIDE integrated)
2024-05-14 21:28:03,010 [INFO] UserAuth:179 - activating auth plugin
2024-05-14 21:28:03,016 [INFO] UserAuth:415 - Internet connection configuration mode: 1
2024-05-14 21:28:03,074 [INFO] JxBrowserEngine:152 - Initiate JxBrowser Engine with user profile folder
2024-05-14 21:28:03,330 [INFO] CheckServerUpdateThread:120 - End of CheckServer Thread
2024-05-14 21:28:08,165 [INFO] WebApp:161 - Instantiating new browser for Auth
2024-05-14 21:28:09,322 [INFO] WebApp:779 - Register for checkConnection events
2024-05-14 21:28:09,322 [INFO] WebApp:414 - Apply proxy settings
2024-05-14 21:28:09,323 [INFO] WebApp:499 - Chromium requires no authentication
2024-05-14 21:28:09,336 [INFO] WebApp:442 - Direct internet connection detected
2024-05-14 21:28:09,632 [INFO] WebApp:192 - Starting web application
2024-05-14 21:28:09,633 [INFO] WebApp:544 - Web application path used C:\ST\STM32CubeIDE_1.12.0\STM32CubeIDE\plugins\com.st.stm32cube.common.mx_6.11.1.202404110753\db\plugins\mcufinder\reactClient1\index.html
2024-05-14 22:56:32,779 [ERROR] LogOutputStream:75 - [STDERR_REDIRECT] 
2024-05-14 22:56:32,784 [ERROR] LogOutputStream:75 - [STDERR_REDIRECT] 
