2024-05-13 21:50:27,643 [INFO] Activator:176 - 


2024-05-13 21:50:27,657 [INFO] Activator:177 - !SESSION log4j initialized
2024-05-13 21:50:42,910 [INFO] LogOutputStream:77 - [STDOUT_REDIRECT] 
2024-05-13 21:50:45,769 [INFO] ApplicationProperties:184 - Using Application install path: C:\ST\STM32CubeIDE_1.12.0\STM32CubeIDE\plugins\com.st.stm32cube.common.mx_6.11.1.202404110753
2024-05-13 21:50:45,801 [INFO] DbMcusXml:78 - Set database path to: C:\ST\STM32CubeIDE_1.12.0\STM32CubeIDE\plugins\com.st.stm32cube.common.mx_6.11.1.202404110753\\db\/mcu/
2024-05-13 21:50:45,803 [INFO] ApiDb:274 - Set plugin database path to: C:\ST\STM32CubeIDE_1.12.0\STM32CubeIDE\plugins\com.st.stm32cube.common.mx_6.11.1.202404110753\\db\/plugins/boardmanager/
2024-05-13 21:50:45,805 [WARN] ApiDb:259 - Overriding images path with different value:  => C:\ST\STM32CubeIDE_1.12.0\STM32CubeIDE\plugins\com.st.stm32cube.common.mx_6.11.1.202404110753\\db\/plugins/mcufinder/images/
2024-05-13 21:50:45,827 [INFO] ApiDb:250 - Set database path to: C:\Users\MrIro\.stmcufinder\plugins\mcufinder//mcu/
2024-05-13 21:50:45,829 [INFO] DbMcusAds:125 - Set database path to: C:\Users\MrIro\.stmcufinder\plugins\mcufinder//mcu/
2024-05-13 21:50:45,833 [INFO] CrossReferenceDbSqlite:203 - Set database path to: C:\Users\MrIro\.stmcufinder\plugins\mcufinder//mcu/cs/
2024-05-13 21:50:46,058 [INFO] RulesReader:64 - Compatibility file has been processed (297 Rules)
2024-05-13 21:50:46,221 [INFO] DbMcusXml:78 - Set database path to: C:\ST\STM32CubeIDE_1.12.0\STM32CubeIDE\plugins\com.st.stm32cube.common.mx_6.11.1.202404110753\\db\/mcu/
2024-05-13 21:50:46,221 [INFO] ApiDb:274 - Set plugin database path to: C:\ST\STM32CubeIDE_1.12.0\STM32CubeIDE\plugins\com.st.stm32cube.common.mx_6.11.1.202404110753\\db\/plugins/boardmanager/
2024-05-13 21:50:46,223 [INFO] ApiDb:261 - Set plugin images path to: C:\ST\STM32CubeIDE_1.12.0\STM32CubeIDE\plugins\com.st.stm32cube.common.mx_6.11.1.202404110753\\db\/plugins/mcufinder/images/
2024-05-13 21:50:46,223 [WARN] DbFile:41 - Overriding database path with different value: C:\Users\MrIro\.stmcufinder\plugins\mcufinder/ => C:\Users\MrIro\.stmcufinder\plugins\mcufinder
2024-05-13 21:50:46,224 [INFO] ApiDb:250 - Set database path to: C:\Users\MrIro\.stmcufinder\plugins\mcufinder//mcu/
2024-05-13 21:50:46,224 [WARN] DbFile:41 - Overriding database path with different value: C:\Users\MrIro\.stmcufinder\plugins\mcufinder/ => C:\Users\MrIro\.stmcufinder\plugins\mcufinder
2024-05-13 21:50:46,224 [INFO] DbMcusAds:125 - Set database path to: C:\Users\MrIro\.stmcufinder\plugins\mcufinder//mcu/
2024-05-13 21:50:46,224 [WARN] DbFile:41 - Overriding database path with different value: C:\Users\MrIro\.stmcufinder\plugins\mcufinder/ => C:\Users\MrIro\.stmcufinder\plugins\mcufinder
2024-05-13 21:50:46,224 [WARN] DbFile:41 - Overriding database path with different value: C:\Users\MrIro\.stmcufinder\plugins\mcufinder/ => C:\Users\MrIro\.stmcufinder\plugins\mcufinder
2024-05-13 21:50:46,224 [INFO] CrossReferenceDbSqlite:203 - Set database path to: C:\Users\MrIro\.stmcufinder\plugins\mcufinder//mcu/cs/
2024-05-13 21:50:46,374 [INFO] MainPanel:264 - HeapMemory: 268435456
2024-05-13 21:50:46,577 [INFO] DbMcusXml:78 - Set database path to: C:\ST\STM32CubeIDE_1.12.0\STM32CubeIDE\plugins\com.st.stm32cube.common.mx_6.11.1.202404110753\\db\/mcu/
2024-05-13 21:50:46,577 [INFO] ApiDb:274 - Set plugin database path to: C:\ST\STM32CubeIDE_1.12.0\STM32CubeIDE\plugins\com.st.stm32cube.common.mx_6.11.1.202404110753\\db\/plugins/boardmanager/
2024-05-13 21:50:46,578 [INFO] ApiDb:261 - Set plugin images path to: C:\ST\STM32CubeIDE_1.12.0\STM32CubeIDE\plugins\com.st.stm32cube.common.mx_6.11.1.202404110753\\db\/plugins/mcufinder/images/
2024-05-13 21:50:46,578 [WARN] DbFile:41 - Overriding database path with different value: C:\Users\MrIro\.stmcufinder\plugins\mcufinder/ => C:\Users\MrIro\.stmcufinder\plugins\mcufinder
2024-05-13 21:50:46,578 [INFO] ApiDb:250 - Set database path to: C:\Users\MrIro\.stmcufinder\plugins\mcufinder//mcu/
2024-05-13 21:50:46,579 [WARN] DbFile:41 - Overriding database path with different value: C:\Users\MrIro\.stmcufinder\plugins\mcufinder/ => C:\Users\MrIro\.stmcufinder\plugins\mcufinder
2024-05-13 21:50:46,579 [INFO] DbMcusAds:125 - Set database path to: C:\Users\MrIro\.stmcufinder\plugins\mcufinder//mcu/
2024-05-13 21:50:46,579 [WARN] DbFile:41 - Overriding database path with different value: C:\Users\MrIro\.stmcufinder\plugins\mcufinder/ => C:\Users\MrIro\.stmcufinder\plugins\mcufinder
2024-05-13 21:50:46,579 [WARN] DbFile:41 - Overriding database path with different value: C:\Users\MrIro\.stmcufinder\plugins\mcufinder/ => C:\Users\MrIro\.stmcufinder\plugins\mcufinder
2024-05-13 21:50:46,579 [INFO] CrossReferenceDbSqlite:203 - Set database path to: C:\Users\MrIro\.stmcufinder\plugins\mcufinder//mcu/cs/
2024-05-13 21:50:46,615 [INFO] ApplicationProperties:184 - Using Application install path: C:\ST\STM32CubeIDE_1.12.0\STM32CubeIDE\plugins\com.st.stm32cube.common.mx_6.11.1.202404110753
2024-05-13 21:50:46,617 [INFO] PluginManage:196 - Search for loadable plugins [exclusion list=, ]
2024-05-13 21:50:46,620 [INFO] PluginManage:310 - Check plugin analytics
2024-05-13 21:50:47,023 [INFO] AnalyticsPlugin:253 - Accepted Software Licenses: 
2024-05-13 21:50:47,025 [INFO] AnalyticsPlugin:255 - Accepted CMSIS Pack Licenses: STMicroelectronics.X-CUBE-AI.8.0.1
2024-05-13 21:50:47,025 [INFO] AnalyticsPlugin:257 - Accepted Firmware Licenses: FW.F4.1.27.0,FW.F7.1.17.0,FW.C0.1.0.0
2024-05-13 21:50:47,033 [INFO] PluginManage:359 - Loaded plugin analytics (category:tool,tabindex:-1)
2024-05-13 21:50:47,033 [INFO] PluginManage:310 - Check plugin cadmodel
2024-05-13 21:50:47,059 [INFO] CADModel:105 - Init CAD model plugin
2024-05-13 21:50:47,060 [INFO] PluginManage:359 - Loaded plugin cadmodel (category:power,tabindex:5)
2024-05-13 21:50:47,060 [INFO] PluginManage:310 - Check plugin clock
2024-05-13 21:50:47,597 [INFO] PluginManage:359 - Loaded plugin clock (category:base,tabindex:2)
2024-05-13 21:50:47,597 [INFO] PluginManage:310 - Check plugin ddr
2024-05-13 21:50:47,600 [INFO] PluginManage:359 - Loaded plugin ddr (category:tool,tabindex:6)
2024-05-13 21:50:47,600 [INFO] PluginManage:310 - Check plugin filemanager
2024-05-13 21:50:47,827 [INFO] PluginManage:359 - Loaded plugin filemanager (category:base,tabindex:10)
2024-05-13 21:50:47,827 [INFO] PluginManage:310 - Check plugin ipmanager
2024-05-13 21:50:47,840 [INFO] PluginManage:359 - Loaded plugin ipmanager (category:base,tabindex:5)
2024-05-13 21:50:47,841 [INFO] PluginManage:310 - Check plugin lpbam
2024-05-13 21:50:47,967 [INFO] PluginManage:359 - Loaded plugin lpbam (category:base,tabindex:0)
2024-05-13 21:50:47,967 [INFO] PluginManage:310 - Check plugin memorymap
2024-05-13 21:50:48,089 [INFO] PluginManage:359 - Loaded plugin memorymap (category:base,tabindex:4)
2024-05-13 21:50:48,090 [INFO] PluginManage:310 - Check plugin pinoutandconfiguration
2024-05-13 21:50:48,344 [INFO] PluginManage:359 - Loaded plugin pinoutandconfiguration (category:base,tabindex:1)
2024-05-13 21:50:48,344 [INFO] PluginManage:310 - Check plugin pinoutconfig
2024-05-13 21:50:48,677 [WARN] SupportedApi:132 - Cannot load RTOS API schema: s4s-elt-must-match.1: The content of 'definitions' must match (annotation?, (simpleType | complexType)?, (unique | key | keyref)*)). A problem was found starting at: attribute.
2024-05-13 21:50:48,921 [INFO] PluginManage:359 - Loaded plugin pinoutconfig (category:base,tabindex:0)
2024-05-13 21:50:48,921 [INFO] PluginManage:310 - Check plugin power
2024-05-13 21:50:48,960 [INFO] PluginManage:359 - Loaded plugin power (category:power,tabindex:4)
2024-05-13 21:50:48,961 [INFO] PluginManage:310 - Check plugin projectmanager
2024-05-13 21:50:49,000 [INFO] PluginManage:359 - Loaded plugin projectmanager (category:projectmanager,tabindex:3)
2024-05-13 21:50:49,000 [INFO] PluginManage:310 - Check plugin thirdparty
2024-05-13 21:50:49,570 [INFO] PluginManage:359 - Loaded plugin thirdparty (category:base,tabindex:-1)
2024-05-13 21:50:49,570 [WARN] IntegrityCheckThread:84 - waiting for thirdparty lock release [integrity check]
2024-05-13 21:50:49,570 [INFO] PluginManage:310 - Check plugin tools
2024-05-13 21:50:49,570 [INFO] IntegrityCheckThread:86 - entering critical section [integrity check]
2024-05-13 21:50:49,571 [INFO] ThirdPartyUpdaterWithRetryManager:70 - Updater plugin not ready yet. [1/15]
2024-05-13 21:50:49,596 [INFO] PluginManage:359 - Loaded plugin tools (category:base,tabindex:7)
2024-05-13 21:50:49,596 [INFO] PluginManage:310 - Check plugin tutovideos
2024-05-13 21:50:49,949 [INFO] PluginManage:359 - Loaded plugin tutovideos (category:base,tabindex:-1)
2024-05-13 21:50:49,949 [INFO] PluginManage:310 - Check plugin updater
2024-05-13 21:50:49,971 [INFO] PluginManage:359 - Loaded plugin updater (category:base,tabindex:12)
2024-05-13 21:50:49,971 [INFO] PluginManage:310 - Check plugin userauth
2024-05-13 21:50:49,981 [INFO] UserAuth:114 - Init User Auth plugin
2024-05-13 21:50:49,982 [INFO] PluginManage:359 - Loaded plugin userauth (category:base,tabindex:14)
2024-05-13 21:50:49,982 [INFO] PluginManage:283 - PluginManage : Loaded plugins [17]
2024-05-13 21:50:50,368 [INFO] PinOutPanel:1561 - setPackage(No Configuration,No Configuration)
2024-05-13 21:50:50,509 [INFO] CADModel:165 - CPN selected for project level
2024-05-13 21:50:50,509 [INFO] CADModel:114 - Register for checkConnection events
2024-05-13 21:50:50,573 [INFO] IPUIPlugin:80 - create IPUIPlugin
2024-05-13 21:50:50,573 [INFO] PluginManager:220 - loadIPPluginJar : add adc
2024-05-13 21:50:50,597 [INFO] IPUIPlugin:80 - create IPUIPlugin
2024-05-13 21:50:50,597 [INFO] PluginManager:220 - loadIPPluginJar : add aes
2024-05-13 21:50:50,622 [INFO] IPUIPlugin:80 - create IPUIPlugin
2024-05-13 21:50:50,622 [INFO] PluginManager:220 - loadIPPluginJar : add can
2024-05-13 21:50:50,642 [INFO] IPUIPlugin:80 - create IPUIPlugin
2024-05-13 21:50:50,642 [INFO] PluginManager:220 - loadIPPluginJar : add comp
2024-05-13 21:50:50,664 [INFO] IPUIPlugin:80 - create IPUIPlugin
2024-05-13 21:50:50,665 [INFO] PluginManager:220 - loadIPPluginJar : add cryp
2024-05-13 21:50:50,686 [INFO] IPUIPlugin:80 - create IPUIPlugin
2024-05-13 21:50:50,687 [INFO] PluginManager:220 - loadIPPluginJar : add dfsdm
2024-05-13 21:50:50,730 [INFO] IPUIPlugin:80 - create IPUIPlugin
2024-05-13 21:50:50,730 [INFO] PluginManager:220 - loadIPPluginJar : add dma
2024-05-13 21:50:50,760 [INFO] IPUIPlugin:80 - create IPUIPlugin
2024-05-13 21:50:50,760 [INFO] PluginManager:220 - loadIPPluginJar : add dma3
2024-05-13 21:50:50,787 [INFO] IPUIPlugin:80 - create IPUIPlugin
2024-05-13 21:50:50,787 [INFO] PluginManager:220 - loadIPPluginJar : add extmemmanager
2024-05-13 21:50:50,806 [INFO] IPUIPlugin:80 - create IPUIPlugin
2024-05-13 21:50:50,806 [INFO] PluginManager:220 - loadIPPluginJar : add fatfs
2024-05-13 21:50:50,835 [INFO] IPUIPlugin:80 - create IPUIPlugin
2024-05-13 21:50:50,836 [INFO] PluginManager:220 - loadIPPluginJar : add fmc
2024-05-13 21:50:51,023 [INFO] IPUIPlugin:80 - create IPUIPlugin
2024-05-13 21:50:51,024 [INFO] PluginManager:220 - loadIPPluginJar : add freertos
2024-05-13 21:50:51,045 [INFO] IPUIPlugin:80 - create IPUIPlugin
2024-05-13 21:50:51,045 [INFO] PluginManager:220 - loadIPPluginJar : add genericplugin
2024-05-13 21:50:51,098 [INFO] IPUIPlugin:80 - create IPUIPlugin
2024-05-13 21:50:51,098 [INFO] PluginManager:220 - loadIPPluginJar : add gfxmmu
2024-05-13 21:50:51,167 [INFO] IPUIPlugin:80 - create IPUIPlugin
2024-05-13 21:50:51,167 [INFO] PluginManager:220 - loadIPPluginJar : add gic
2024-05-13 21:50:51,263 [INFO] IPUIPlugin:80 - create IPUIPlugin
2024-05-13 21:50:51,263 [INFO] PluginManager:220 - loadIPPluginJar : add gpio
2024-05-13 21:50:51,308 [INFO] IPUIPlugin:80 - create IPUIPlugin
2024-05-13 21:50:51,308 [INFO] PluginManager:220 - loadIPPluginJar : add gtzc
2024-05-13 21:50:51,335 [INFO] IPUIPlugin:80 - create IPUIPlugin
2024-05-13 21:50:51,336 [INFO] PluginManager:220 - loadIPPluginJar : add hash
2024-05-13 21:50:51,368 [INFO] IPUIPlugin:80 - create IPUIPlugin
2024-05-13 21:50:51,368 [INFO] PluginManager:220 - loadIPPluginJar : add i2c
2024-05-13 21:50:51,407 [INFO] IPUIPlugin:80 - create IPUIPlugin
2024-05-13 21:50:51,407 [INFO] PluginManager:220 - loadIPPluginJar : add i2s
2024-05-13 21:50:51,444 [INFO] IPUIPlugin:80 - create IPUIPlugin
2024-05-13 21:50:51,444 [INFO] PluginManager:220 - loadIPPluginJar : add i3c
2024-05-13 21:50:51,500 [INFO] IPUIPlugin:80 - create IPUIPlugin
2024-05-13 21:50:51,501 [INFO] PluginManager:220 - loadIPPluginJar : add ipddr
2024-05-13 21:50:51,569 [INFO] IPUIPlugin:80 - create IPUIPlugin
2024-05-13 21:50:51,570 [INFO] PluginManager:220 - loadIPPluginJar : add linkedlist
2024-05-13 21:50:51,606 [INFO] IPUIPlugin:80 - create IPUIPlugin
2024-05-13 21:50:51,606 [INFO] PluginManager:220 - loadIPPluginJar : add lorawan
2024-05-13 21:50:51,636 [INFO] IPUIPlugin:80 - create IPUIPlugin
2024-05-13 21:50:51,637 [INFO] PluginManager:220 - loadIPPluginJar : add ltdc
2024-05-13 21:50:51,734 [INFO] IPUIPlugin:80 - create IPUIPlugin
2024-05-13 21:50:51,734 [INFO] PluginManager:220 - loadIPPluginJar : add mdma
2024-05-13 21:50:51,843 [INFO] IPUIPlugin:80 - create IPUIPlugin
2024-05-13 21:50:51,844 [INFO] PluginManager:220 - loadIPPluginJar : add nvic
2024-05-13 21:50:51,870 [INFO] IPUIPlugin:80 - create IPUIPlugin
2024-05-13 21:50:51,871 [INFO] PluginManager:220 - loadIPPluginJar : add opamp
2024-05-13 21:50:51,912 [INFO] IPUIPlugin:80 - create IPUIPlugin
2024-05-13 21:50:51,913 [INFO] PluginManager:220 - loadIPPluginJar : add openamp
2024-05-13 21:50:51,945 [INFO] IPUIPlugin:80 - create IPUIPlugin
2024-05-13 21:50:51,946 [INFO] PluginManager:220 - loadIPPluginJar : add pdm2pcm
2024-05-13 21:50:52,030 [INFO] IPUIPlugin:80 - create IPUIPlugin
2024-05-13 21:50:52,033 [INFO] PluginManager:220 - loadIPPluginJar : add plateformsettings
2024-05-13 21:50:52,053 [INFO] IPUIPlugin:80 - create IPUIPlugin
2024-05-13 21:50:52,054 [INFO] PluginManager:220 - loadIPPluginJar : add quadspi
2024-05-13 21:50:52,387 [INFO] IPUIPlugin:80 - create IPUIPlugin
2024-05-13 21:50:52,387 [INFO] PluginManager:220 - loadIPPluginJar : add resmgrutility
2024-05-13 21:50:52,415 [INFO] IPUIPlugin:80 - create IPUIPlugin
2024-05-13 21:50:52,415 [INFO] PluginManager:220 - loadIPPluginJar : add sai
2024-05-13 21:50:52,442 [INFO] IPUIPlugin:80 - create IPUIPlugin
2024-05-13 21:50:52,442 [INFO] PluginManager:220 - loadIPPluginJar : add spi
2024-05-13 21:50:52,478 [INFO] IPUIPlugin:80 - create IPUIPlugin
2024-05-13 21:50:52,478 [INFO] PluginManager:220 - loadIPPluginJar : add stm32_wpan
2024-05-13 21:50:52,499 [INFO] IPUIPlugin:80 - create IPUIPlugin
2024-05-13 21:50:52,499 [INFO] PluginManager:220 - loadIPPluginJar : add tim
2024-05-13 21:50:52,532 [INFO] IPUIPlugin:80 - create IPUIPlugin
2024-05-13 21:50:52,533 [INFO] PluginManager:220 - loadIPPluginJar : add touchsensing
2024-05-13 21:50:52,554 [INFO] IPUIPlugin:80 - create IPUIPlugin
2024-05-13 21:50:52,555 [INFO] PluginManager:220 - loadIPPluginJar : add tracer_emb
2024-05-13 21:50:52,575 [INFO] ThirdPartyUpdaterWithRetryManager:70 - Updater plugin not ready yet. [2/15]
2024-05-13 21:50:52,579 [INFO] IPUIPlugin:80 - create IPUIPlugin
2024-05-13 21:50:52,579 [INFO] PluginManager:220 - loadIPPluginJar : add ts
2024-05-13 21:50:52,601 [INFO] IPUIPlugin:80 - create IPUIPlugin
2024-05-13 21:50:52,601 [INFO] PluginManager:220 - loadIPPluginJar : add tsc
2024-05-13 21:50:52,622 [INFO] IPUIPlugin:80 - create IPUIPlugin
2024-05-13 21:50:52,623 [INFO] PluginManager:220 - loadIPPluginJar : add ucpd
2024-05-13 21:50:52,651 [INFO] IPUIPlugin:80 - create IPUIPlugin
2024-05-13 21:50:52,651 [INFO] PluginManager:220 - loadIPPluginJar : add usart
2024-05-13 21:50:52,675 [INFO] IPUIPlugin:80 - create IPUIPlugin
2024-05-13 21:50:52,676 [INFO] PluginManager:220 - loadIPPluginJar : add usbx
2024-05-13 21:50:52,848 [INFO] CADModel:165 - CPN selected for project level
2024-05-13 21:50:52,848 [INFO] CADModel:114 - Register for checkConnection events
2024-05-13 21:50:52,849 [FATAL] Updater:308 - Updater called before beeing initialized
2024-05-13 21:50:52,849 [ERROR] CADModel:125 - Updater not yet initialized, retry later 
2024-05-13 21:50:53,099 [INFO] CADModel:165 - CPN selected for project level
2024-05-13 21:50:53,099 [INFO] CADModel:114 - Register for checkConnection events
2024-05-13 21:50:53,099 [FATAL] Updater:308 - Updater called before beeing initialized
2024-05-13 21:50:53,099 [ERROR] CADModel:125 - Updater not yet initialized, retry later 
2024-05-13 21:50:53,104 [FATAL] Updater:308 - Updater called before beeing initialized
2024-05-13 21:50:53,302 [FATAL] Updater:308 - Updater called before beeing initialized
2024-05-13 21:50:53,320 [INFO] DbMcusAds:53 - JSON generation date=Thu Sep 30 08:55:09 CEST 2021 (1632984909247)
2024-05-13 21:50:53,320 [FATAL] Updater:308 - Updater called before beeing initialized
2024-05-13 21:50:53,408 [WARN] DetailPanel:346 - Failed to get advertising image, set to default
2024-05-13 21:50:53,567 [FATAL] Updater:308 - Updater called before beeing initialized
2024-05-13 21:50:53,569 [FATAL] Updater:308 - Updater called before beeing initialized
2024-05-13 21:50:53,570 [FATAL] Updater:308 - Updater called before beeing initialized
2024-05-13 21:50:53,570 [WARN] DetailPanel:346 - Failed to get advertising image, set to default
2024-05-13 21:50:53,571 [FATAL] Updater:308 - Updater called before beeing initialized
2024-05-13 21:50:53,700 [ERROR] Updater:1120 - MainUpdater not yet initialized. External WinMGr cannot be set.
2024-05-13 21:50:53,719 [INFO] Updater:1056 - Updater Version found : 6.11.1
2024-05-13 21:50:53,753 [INFO] ApplicationProperties:184 - Using Application install path: C:\ST\STM32CubeIDE_1.12.0\STM32CubeIDE\plugins\com.st.stm32cube.common.mx_6.11.1.202404110753
2024-05-13 21:50:55,378 [ERROR] LogOutputStream:75 - [STDERR_REDIRECT] May 13, 2024 9:50:55 PM java.util.prefs.WindowsPreferences <init>
2024-05-13 21:50:55,379 [ERROR] LogOutputStream:75 - [STDERR_REDIRECT] WARNING: Could not open/create prefs root node Software\JavaSoft\Prefs at root 0xffffffff80000002. Windows RegCreateKeyEx(...) returned error code 5.
2024-05-13 21:50:55,379 [ERROR] LogOutputStream:75 - [STDERR_REDIRECT] 
2024-05-13 21:50:55,588 [INFO] ThirdPartyUpdaterWithRetryManager:70 - Updater plugin not ready yet. [3/15]
2024-05-13 21:50:55,959 [INFO] MainUpdater:2873 - connection check result : 10
2024-05-13 21:50:55,960 [INFO] MainUpdater:290 - Updater Check For Update Now.
2024-05-13 21:50:55,960 [INFO] MicroXplorer:498 - Change Database Version : DB.6.0.111
2024-05-13 21:50:55,987 [INFO] McuFinderGlobals:63 - Set McuFinder mode to 2 (CubeIDE integrated)
2024-05-13 21:50:55,987 [INFO] UserAuth:179 - activating auth plugin
2024-05-13 21:50:55,993 [INFO] UserAuth:415 - Internet connection configuration mode: 1
2024-05-13 21:50:56,048 [INFO] JxBrowserEngine:152 - Initiate JxBrowser Engine with user profile folder
2024-05-13 21:50:56,305 [INFO] CheckServerUpdateThread:120 - End of CheckServer Thread
2024-05-13 21:50:59,168 [WARN] PackLoader:240 - Cannot read IP mode file for STMicroelectronics.FP-SNS-MOTENVWB1.1.4.0
2024-05-13 21:50:59,202 [WARN] PackLoader:240 - Cannot read IP mode file for STMicroelectronics.X-CUBE-SMBUS.2.1.0
2024-05-13 21:50:59,233 [WARN] PackLoader:240 - Cannot read IP mode file for STMicroelectronics.X-CUBE-TOUCHGFX.4.23.0
2024-05-13 21:50:59,258 [WARN] PackLoader:240 - Cannot read IP mode file for STMicroelectronics.X-CUBE-TOUCHGFX.4.23.2
2024-05-13 21:50:59,377 [WARN] PackLoader:240 - Cannot read IP mode file for STMicroelectronics.X-CUBE-AZRTOS-F7.1.1.0
2024-05-13 21:50:59,429 [ERROR] RealEvaluatedCondition:428 - Found unsupported composite condition: GROUP='STM32_MetaDataManager' CLASS='Data Exchange'
2024-05-13 21:50:59,430 [ERROR] RealEvaluatedCondition:428 - Found unsupported composite condition: GROUP='STM32_MetaDataManager' CLASS='Data Exchange'
2024-05-13 21:50:59,434 [WARN] PackLoader:240 - Cannot read IP mode file for STMicroelectronics.FP-SNS-MOTENV1.4.3.0
2024-05-13 21:50:59,471 [WARN] PackLoader:240 - Cannot read IP mode file for STMicroelectronics.FP-SNS-MOTENV1.4.3.2
2024-05-13 21:50:59,501 [WARN] PackLoader:240 - Cannot read IP mode file for STMicroelectronics.FP-SNS-FLIGHT1.5.0.0
2024-05-13 21:50:59,527 [WARN] PackLoader:240 - Cannot read IP mode file for STMicroelectronics.FP-SNS-FLIGHT1.5.0.1
2024-05-13 21:50:59,562 [WARN] PackLoader:240 - Cannot read IP mode file for STMicroelectronics.X-CUBE-BLE1.6.2.4
2024-05-13 21:50:59,594 [WARN] PackLoader:240 - Cannot read IP mode file for STMicroelectronics.FP-SNS-FLIGHT1.5.0.2
2024-05-13 21:50:59,639 [WARN] PackLoader:240 - Cannot read IP mode file for STMicroelectronics.X-CUBE-DISPLAY.3.0.0
2024-05-13 21:50:59,688 [WARN] PackLoader:240 - Cannot read IP mode file for STMicroelectronics.X-CUBE-BLE1.7.0.0
2024-05-13 21:50:59,714 [WARN] PackLoader:240 - Cannot read IP mode file for STMicroelectronics.X-CUBE-TOUCHGFX.4.22.0
2024-05-13 21:50:59,734 [WARN] PackLoader:240 - Cannot read IP mode file for STMicroelectronics.X-CUBE-TOUCHGFX.4.22.1
2024-05-13 21:50:59,768 [WARN] PackLoader:240 - Cannot read IP mode file for STMicroelectronics.X-CUBE-BLEMGR.3.1.0
2024-05-13 21:50:59,804 [WARN] PackLoader:240 - Cannot read IP mode file for STMicroelectronics.FP-SNS-SMARTAG2.1.2.0
2024-05-13 21:50:59,860 [INFO] LogOutputStream:77 - [STDOUT_REDIRECT] 1 : Invalid condition id : UX_CORESTACK_Condition cause : null
2024-05-13 21:50:59,861 [INFO] LogOutputStream:77 - [STDOUT_REDIRECT] 1 : Invalid condition id : UX_CORESTACK_Condition cause : null
2024-05-13 21:50:59,864 [INFO] LogOutputStream:77 - [STDOUT_REDIRECT] 1 : Invalid condition id : UX_CORESTACK_Condition cause : null
2024-05-13 21:50:59,868 [INFO] LogOutputStream:77 - [STDOUT_REDIRECT] 1 : Invalid condition id : UX_CORESTACK_Condition cause : null
2024-05-13 21:50:59,871 [INFO] LogOutputStream:77 - [STDOUT_REDIRECT] 1 : Invalid condition id : UX_CORESTACK_Condition cause : null
2024-05-13 21:50:59,878 [WARN] PackLoader:240 - Cannot read IP mode file for STMicroelectronics.X-CUBE-AZRTOS-WL.2.0.0
2024-05-13 21:50:59,925 [WARN] PackLoader:240 - Cannot read IP mode file for STMicroelectronics.FP-SNS-MOTENV1.5.0.0
2024-05-13 21:50:59,965 [WARN] PackLoader:240 - Cannot read IP mode file for WES.I-CUBE-Cesium.1.3.0
2024-05-13 21:50:59,995 [WARN] PackLoader:240 - Cannot read IP mode file for STMicroelectronics.X-CUBE-BLE2.3.3.0
2024-05-13 21:51:00,031 [WARN] PackLoader:240 - Cannot read IP mode file for STMicroelectronics.X-CUBE-TCPP.4.1.0
2024-05-13 21:51:00,063 [WARN] PackLoader:240 - Cannot read IP mode file for STMicroelectronics.X-CUBE-TOUCHGFX.4.21.3
2024-05-13 21:51:00,085 [WARN] PackLoader:240 - Cannot read IP mode file for STMicroelectronics.X-CUBE-TOUCHGFX.4.21.4
2024-05-13 21:51:00,111 [WARN] PackLoader:240 - Cannot read IP mode file for STMicroelectronics.X-CUBE-ALGOBUILD.1.3.0
2024-05-13 21:51:00,172 [WARN] PackLoader:240 - Cannot read IP mode file for STMicroelectronics.X-CUBE-AZRTOS-G0.1.1.0
2024-05-13 21:51:00,210 [WARN] PackLoader:240 - Cannot read IP mode file for STMicroelectronics.X-CUBE-SAFEA1.1.2.2
2024-05-13 21:51:00,241 [WARN] PackLoader:240 - Cannot read IP mode file for STMicroelectronics.X-CUBE-NFC4.3.0.0
2024-05-13 21:51:00,276 [WARN] PackLoader:240 - Cannot read IP mode file for STMicroelectronics.X-CUBE-BLEMGR.3.0.0
2024-05-13 21:51:00,311 [WARN] PackLoader:240 - Cannot read IP mode file for STMicroelectronics.FP-ATR-SIGFOX1.3.2.0
2024-05-13 21:51:00,359 [WARN] PackLoader:240 - Cannot read IP mode file for STMicroelectronics.X-CUBE-EEPRMA1.5.1.0
2024-05-13 21:51:00,502 [WARN] PackLoader:240 - Cannot read IP mode file for STMicroelectronics.X-CUBE-MEMS1.9.5.0
2024-05-13 21:51:00,859 [WARN] PackLoader:240 - Cannot read IP mode file for SEGGER.I-CUBE-embOS.1.3.1
2024-05-13 21:51:00,994 [WARN] PackLoader:240 - Cannot read IP mode file for STMicroelectronics.X-CUBE-ALGOBUILD.1.4.0
2024-05-13 21:51:01,036 [WARN] PackLoader:240 - Cannot read IP mode file for STMicroelectronics.X-CUBE-GNSS1.6.0.0
2024-05-13 21:51:01,119 [WARN] PackLoader:240 - Cannot read IP mode file for STMicroelectronics.X-CUBE-AZRTOS-F4.1.1.0
2024-05-13 21:51:01,155 [WARN] PackLoader:240 - Cannot read IP mode file for wolfSSL.I-CUBE-wolfSSL.5.6.0
2024-05-13 21:51:01,201 [WARN] PackLoader:240 - Cannot read IP mode file for STMicroelectronics.X-CUBE-FREERTOS.1.2.0
2024-05-13 21:51:01,443 [WARN] PackLoader:240 - Cannot read IP mode file for STMicroelectronics.X-CUBE-AZRTOS-L5.2.0.0
2024-05-13 21:51:01,597 [WARN] PackLoader:240 - Cannot read IP mode file for STMicroelectronics.X-CUBE-MEMS1.9.6.0
2024-05-13 21:51:02,268 [WARN] PackLoader:240 - Cannot read IP mode file for STMicroelectronics.X-CUBE-EEPRMA1.4.2.0
2024-05-13 21:51:02,464 [WARN] PackLoader:240 - Cannot read IP mode file for STMicroelectronics.X-CUBE-NFC6.3.1.0
2024-05-13 21:51:02,666 [WARN] PackLoader:240 - Cannot read IP mode file for ITTIA_DB.I-CUBE-ITTIADB.8.8.0
2024-05-13 21:51:02,725 [WARN] PackLoader:240 - Cannot read IP mode file for emotas.I-CUBE-CANOPEN.1.1.3
2024-05-13 21:51:02,846 [INFO] WebApp:161 - Instantiating new browser for Auth
2024-05-13 21:51:02,854 [WARN] PackLoader:240 - Cannot read IP mode file for STMicroelectronics.X-CUBE-BLEMGR.2.0.0
2024-05-13 21:51:03,026 [WARN] PackLoader:240 - Cannot read IP mode file for STMicroelectronics.X-CUBE-AI.9.0.0
2024-05-13 21:51:03,320 [WARN] ConditionMgr:438 - getConditionDescription Invalid condition id : UX DEVICE CLASS RTOS Condition cause : null
2024-05-13 21:51:03,322 [WARN] ConditionMgr:438 - getConditionDescription Invalid condition id : UX DEVICE CLASS RTOS Condition cause : null
2024-05-13 21:51:03,393 [WARN] PackLoader:240 - Cannot read IP mode file for STMicroelectronics.X-CUBE-AZRTOS-H7.3.1.0
2024-05-13 21:51:03,398 [WARN] ConditionMgr:1039 - genDependencies : Invalid condition id : UX DEVICE CLASS RTOS Condition cause : null
2024-05-13 21:51:03,398 [WARN] ConditionMgr:1039 - genDependencies : Invalid condition id : UX DEVICE CLASS RTOS Condition cause : null
2024-05-13 21:51:03,400 [WARN] ConditionMgr:1039 - genDependencies : Invalid condition id : UX DEVICE CLASS RTOS Condition cause : null
2024-05-13 21:51:03,400 [WARN] ConditionMgr:1039 - genDependencies : Invalid condition id : UX DEVICE CLASS RTOS Condition cause : null
2024-05-13 21:51:03,401 [WARN] ConditionMgr:1039 - genDependencies : Invalid condition id : UX DEVICE CLASS RTOS Condition cause : null
2024-05-13 21:51:03,540 [WARN] PackLoader:240 - Cannot read IP mode file for STMicroelectronics.X-CUBE-NFC7.1.0.1
2024-05-13 21:51:03,596 [WARN] PackLoader:240 - Cannot read IP mode file for STMicroelectronics.X-CUBE-NFC7.1.0.0
2024-05-13 21:51:03,762 [WARN] PackLoader:240 - Cannot read IP mode file for STMicroelectronics.X-CUBE-NFC6.3.0.0
2024-05-13 21:51:03,820 [WARN] PackLoader:240 - Cannot read IP mode file for STMicroelectronics.X-CUBE-EEPRMA1.4.1.0
2024-05-13 21:51:03,878 [WARN] PackLoader:240 - Cannot read IP mode file for STMicroelectronics.X-CUBE-AI.8.1.0
2024-05-13 21:51:04,000 [WARN] ConditionMgr:438 - getConditionDescription Invalid condition id : LAN8742 Phy interface Condition cause : null
2024-05-13 21:51:04,000 [WARN] PackLoader:240 - Cannot read IP mode file for STMicroelectronics.X-CUBE-AZRTOS-L4.2.0.0
2024-05-13 21:51:04,003 [WARN] ConditionMgr:1039 - genDependencies : Invalid condition id : LAN8742 Phy interface Condition cause : null
2024-05-13 21:51:04,003 [WARN] ConditionMgr:1039 - genDependencies : Invalid condition id : LAN8742 Phy interface Condition cause : null
2024-05-13 21:51:04,004 [WARN] ConditionMgr:1039 - genDependencies : Invalid condition id : LAN8742 Phy interface Condition cause : null
2024-05-13 21:51:04,216 [WARN] PackLoader:240 - Cannot read IP mode file for STMicroelectronics.X-CUBE-SFXS2LP1.4.0.0
2024-05-13 21:51:04,258 [WARN] PackLoader:240 - Cannot read IP mode file for STMicroelectronics.X-CUBE-ISPU.1.1.0
2024-05-13 21:51:04,325 [WARN] PackLoader:240 - Cannot read IP mode file for STMicroelectronics.X-CUBE-AI.8.0.0
2024-05-13 21:51:04,429 [WARN] ConditionMgr:438 - getConditionDescription Invalid condition id : UX DEVICE CLASS RTOS Condition cause : null
2024-05-13 21:51:04,434 [WARN] ConditionMgr:438 - getConditionDescription Invalid condition id : UX DEVICE CLASS RTOS Condition cause : null
2024-05-13 21:51:04,438 [WARN] PackLoader:240 - Cannot read IP mode file for STMicroelectronics.X-CUBE-AZRTOS-WB.2.0.0
2024-05-13 21:51:04,439 [WARN] ConditionMgr:1039 - genDependencies : Invalid condition id : UX DEVICE CLASS RTOS Condition cause : null
2024-05-13 21:51:04,439 [WARN] ConditionMgr:1039 - genDependencies : Invalid condition id : UX DEVICE CLASS RTOS Condition cause : null
2024-05-13 21:51:04,440 [WARN] ConditionMgr:1039 - genDependencies : Invalid condition id : UX DEVICE CLASS RTOS Condition cause : null
2024-05-13 21:51:04,440 [WARN] ConditionMgr:1039 - genDependencies : Invalid condition id : UX DEVICE CLASS RTOS Condition cause : null
2024-05-13 21:51:04,441 [WARN] ConditionMgr:1039 - genDependencies : Invalid condition id : UX DEVICE CLASS RTOS Condition cause : null
2024-05-13 21:51:04,562 [WARN] PackLoader:240 - Cannot read IP mode file for STMicroelectronics.X-CUBE-FREERTOS.1.0.1
2024-05-13 21:51:04,665 [WARN] PackLoader:240 - Cannot read IP mode file for STMicroelectronics.X-CUBE-AZRTOS-L5.1.1.0
2024-05-13 21:51:04,723 [WARN] PackLoader:240 - Cannot read IP mode file for STMicroelectronics.X-CUBE-AI.8.0.1
2024-05-13 21:51:05,014 [WARN] PackLoader:240 - Cannot read IP mode file for STMicroelectronics.X-CUBE-SUBG2.5.0.0
2024-05-13 21:51:05,043 [INFO] WebApp:779 - Register for checkConnection events
2024-05-13 21:51:05,043 [INFO] WebApp:414 - Apply proxy settings
2024-05-13 21:51:05,044 [INFO] WebApp:499 - Chromium requires no authentication
2024-05-13 21:51:05,066 [WARN] PackLoader:240 - Cannot read IP mode file for STMicroelectronics.X-CUBE-TOF1.3.3.1
2024-05-13 21:51:05,068 [INFO] WebApp:442 - Direct internet connection detected
2024-05-13 21:51:05,147 [WARN] PackLoader:240 - Cannot read IP mode file for STMicroelectronics.X-CUBE-AZRTOS-G4.2.0.0
2024-05-13 21:51:05,191 [WARN] PackLoader:240 - Cannot read IP mode file for STMicroelectronics.X-CUBE-TOF1.3.3.0
2024-05-13 21:51:05,294 [WARN] PackLoader:240 - Cannot read IP mode file for Infineon.AIROC-Wi-Fi-Bluetooth-STM32.1.5.1
2024-05-13 21:51:05,345 [WARN] PackLoader:240 - Cannot read IP mode file for STMicroelectronics.FP-SNS-MOTENVWB1.1.3.1
2024-05-13 21:51:05,399 [WARN] PackLoader:240 - Cannot read IP mode file for STMicroelectronics.X-CUBE-AZRTOS-G4.1.0.0
2024-05-13 21:51:05,483 [WARN] PackLoader:240 - Cannot read IP mode file for STMicroelectronics.X-CUBE-AZRTOS-L4.1.0.0
2024-05-13 21:51:05,523 [WARN] PackLoader:240 - Cannot read IP mode file for STMicroelectronics.X-CUBE-ISPU.2.0.0
2024-05-13 21:51:05,661 [WARN] PackLoader:240 - Cannot read IP mode file for STMicroelectronics.X-CUBE-MEMS1.10.0.0
2024-05-13 21:51:05,679 [INFO] WebApp:192 - Starting web application
2024-05-13 21:51:05,680 [INFO] WebApp:544 - Web application path used C:\ST\STM32CubeIDE_1.12.0\STM32CubeIDE\plugins\com.st.stm32cube.common.mx_6.11.1.202404110753\db\plugins\mcufinder\reactClient1\index.html
2024-05-13 21:51:06,121 [WARN] PackLoader:240 - Cannot read IP mode file for STMicroelectronics.X-CUBE-FREERTOS.1.1.0
2024-05-13 21:51:06,206 [WARN] PackLoader:240 - Cannot read IP mode file for STMicroelectronics.X-CUBE-AZRTOS-WL.1.0.0
2024-05-13 21:51:06,324 [WARN] PackLoader:240 - Cannot read IP mode file for portGmbH.I-Cube-SoM-uGOAL.1.1.0
2024-05-13 21:51:06,445 [WARN] PackLoader:240 - Cannot read IP mode file for STMicroelectronics.X-CUBE-ALS.1.0.1
2024-05-13 21:51:06,522 [WARN] PackLoader:240 - Cannot read IP mode file for STMicroelectronics.X-CUBE-AZRTOS-WB.1.1.0
2024-05-13 21:51:06,607 [WARN] PackLoader:240 - Cannot read IP mode file for STMicroelectronics.X-CUBE-AZRTOS-H7RS.1.0.0
2024-05-13 21:51:06,665 [WARN] PackLoader:240 - Cannot read IP mode file for STMicroelectronics.FP-ATR-ASTRA1.2.0.0
2024-05-13 21:51:06,739 [WARN] PackLoader:240 - Cannot read IP mode file for STMicroelectronics.X-CUBE-TOF1.3.4.0
2024-05-13 21:51:06,830 [WARN] PackLoader:240 - Cannot read IP mode file for STMicroelectronics.X-CUBE-TOF1.3.4.1
2024-05-13 21:51:06,942 [WARN] PackLoader:240 - Cannot read IP mode file for STMicroelectronics.X-CUBE-AZRTOS-H7.3.2.0
2024-05-13 21:51:06,949 [INFO] ThirdParty:978 - Integrity check success = true
2024-05-13 21:51:06,949 [INFO] IntegrityCheckThread:100 - exiting critical section [integrity check]
2024-05-13 21:51:06,949 [INFO] IntegrityCheckThread:103 - End integrity checks thread
2024-05-13 22:15:53,844 [INFO] McuFinderGlobals:63 - Set McuFinder mode to 2 (CubeIDE integrated)
2024-05-13 22:15:53,845 [INFO] UserAuth:179 - activating auth plugin
2024-05-13 22:15:53,851 [INFO] UserAuth:415 - Internet connection configuration mode: 1
