2024-05-16 22:19:20,704 [INFO] Activator:176 - 


2024-05-16 22:19:20,717 [INFO] Activator:177 - !SESSION log4j initialized
2024-05-16 22:19:29,026 [INFO] LogOutputStream:77 - [STDOUT_REDIRECT] 
2024-05-16 22:19:35,227 [INFO] ApplicationProperties:184 - Using Application install path: C:\ST\STM32CubeIDE_1.12.0\STM32CubeIDE\plugins\com.st.stm32cube.common.mx_6.11.1.202404110753
2024-05-16 22:19:35,251 [INFO] DbMcusXml:78 - Set database path to: C:\ST\STM32CubeIDE_1.12.0\STM32CubeIDE\plugins\com.st.stm32cube.common.mx_6.11.1.202404110753\\db\/mcu/
2024-05-16 22:19:35,252 [INFO] ApiDb:274 - Set plugin database path to: C:\ST\STM32CubeIDE_1.12.0\STM32CubeIDE\plugins\com.st.stm32cube.common.mx_6.11.1.202404110753\\db\/plugins/boardmanager/
2024-05-16 22:19:35,254 [WARN] ApiDb:259 - Overriding images path with different value:  => C:\ST\STM32CubeIDE_1.12.0\STM32CubeIDE\plugins\com.st.stm32cube.common.mx_6.11.1.202404110753\\db\/plugins/mcufinder/images/
2024-05-16 22:19:35,269 [INFO] ApiDb:250 - Set database path to: C:\Users\MrIro\.stmcufinder\plugins\mcufinder//mcu/
2024-05-16 22:19:35,271 [INFO] DbMcusAds:125 - Set database path to: C:\Users\MrIro\.stmcufinder\plugins\mcufinder//mcu/
2024-05-16 22:19:35,274 [INFO] CrossReferenceDbSqlite:203 - Set database path to: C:\Users\MrIro\.stmcufinder\plugins\mcufinder//mcu/cs/
2024-05-16 22:19:35,454 [INFO] RulesReader:64 - Compatibility file has been processed (297 Rules)
2024-05-16 22:19:35,463 [INFO] McuFinderGlobals:63 - Set McuFinder mode to 2 (CubeIDE integrated)
2024-05-16 22:19:35,589 [INFO] DbMcusXml:78 - Set database path to: C:\ST\STM32CubeIDE_1.12.0\STM32CubeIDE\plugins\com.st.stm32cube.common.mx_6.11.1.202404110753\\db\/mcu/
2024-05-16 22:19:35,589 [INFO] ApiDb:274 - Set plugin database path to: C:\ST\STM32CubeIDE_1.12.0\STM32CubeIDE\plugins\com.st.stm32cube.common.mx_6.11.1.202404110753\\db\/plugins/boardmanager/
2024-05-16 22:19:35,589 [INFO] ApiDb:261 - Set plugin images path to: C:\ST\STM32CubeIDE_1.12.0\STM32CubeIDE\plugins\com.st.stm32cube.common.mx_6.11.1.202404110753\\db\/plugins/mcufinder/images/
2024-05-16 22:19:35,590 [WARN] DbFile:41 - Overriding database path with different value: C:\Users\MrIro\.stmcufinder\plugins\mcufinder/ => C:\Users\MrIro\.stmcufinder\plugins\mcufinder
2024-05-16 22:19:35,590 [INFO] ApiDb:250 - Set database path to: C:\Users\MrIro\.stmcufinder\plugins\mcufinder//mcu/
2024-05-16 22:19:35,590 [WARN] DbFile:41 - Overriding database path with different value: C:\Users\MrIro\.stmcufinder\plugins\mcufinder/ => C:\Users\MrIro\.stmcufinder\plugins\mcufinder
2024-05-16 22:19:35,590 [INFO] DbMcusAds:125 - Set database path to: C:\Users\MrIro\.stmcufinder\plugins\mcufinder//mcu/
2024-05-16 22:19:35,590 [WARN] DbFile:41 - Overriding database path with different value: C:\Users\MrIro\.stmcufinder\plugins\mcufinder/ => C:\Users\MrIro\.stmcufinder\plugins\mcufinder
2024-05-16 22:19:35,590 [WARN] DbFile:41 - Overriding database path with different value: C:\Users\MrIro\.stmcufinder\plugins\mcufinder/ => C:\Users\MrIro\.stmcufinder\plugins\mcufinder
2024-05-16 22:19:35,590 [INFO] CrossReferenceDbSqlite:203 - Set database path to: C:\Users\MrIro\.stmcufinder\plugins\mcufinder//mcu/cs/
2024-05-16 22:19:35,711 [INFO] MainPanel:264 - HeapMemory: 268435456
2024-05-16 22:19:35,850 [INFO] DbMcusXml:78 - Set database path to: C:\ST\STM32CubeIDE_1.12.0\STM32CubeIDE\plugins\com.st.stm32cube.common.mx_6.11.1.202404110753\\db\/mcu/
2024-05-16 22:19:35,850 [INFO] ApiDb:274 - Set plugin database path to: C:\ST\STM32CubeIDE_1.12.0\STM32CubeIDE\plugins\com.st.stm32cube.common.mx_6.11.1.202404110753\\db\/plugins/boardmanager/
2024-05-16 22:19:35,850 [INFO] ApiDb:261 - Set plugin images path to: C:\ST\STM32CubeIDE_1.12.0\STM32CubeIDE\plugins\com.st.stm32cube.common.mx_6.11.1.202404110753\\db\/plugins/mcufinder/images/
2024-05-16 22:19:35,851 [WARN] DbFile:41 - Overriding database path with different value: C:\Users\MrIro\.stmcufinder\plugins\mcufinder/ => C:\Users\MrIro\.stmcufinder\plugins\mcufinder
2024-05-16 22:19:35,851 [INFO] ApiDb:250 - Set database path to: C:\Users\MrIro\.stmcufinder\plugins\mcufinder//mcu/
2024-05-16 22:19:35,851 [WARN] DbFile:41 - Overriding database path with different value: C:\Users\MrIro\.stmcufinder\plugins\mcufinder/ => C:\Users\MrIro\.stmcufinder\plugins\mcufinder
2024-05-16 22:19:35,851 [INFO] DbMcusAds:125 - Set database path to: C:\Users\MrIro\.stmcufinder\plugins\mcufinder//mcu/
2024-05-16 22:19:35,851 [WARN] DbFile:41 - Overriding database path with different value: C:\Users\MrIro\.stmcufinder\plugins\mcufinder/ => C:\Users\MrIro\.stmcufinder\plugins\mcufinder
2024-05-16 22:19:35,851 [WARN] DbFile:41 - Overriding database path with different value: C:\Users\MrIro\.stmcufinder\plugins\mcufinder/ => C:\Users\MrIro\.stmcufinder\plugins\mcufinder
2024-05-16 22:19:35,851 [INFO] CrossReferenceDbSqlite:203 - Set database path to: C:\Users\MrIro\.stmcufinder\plugins\mcufinder//mcu/cs/
2024-05-16 22:19:35,878 [INFO] ApplicationProperties:184 - Using Application install path: C:\ST\STM32CubeIDE_1.12.0\STM32CubeIDE\plugins\com.st.stm32cube.common.mx_6.11.1.202404110753
2024-05-16 22:19:35,880 [INFO] PluginManage:196 - Search for loadable plugins [exclusion list=, ]
2024-05-16 22:19:35,881 [INFO] PluginManage:310 - Check plugin analytics
2024-05-16 22:19:41,073 [INFO] AnalyticsPlugin:253 - Accepted Software Licenses: 
2024-05-16 22:19:41,074 [INFO] AnalyticsPlugin:255 - Accepted CMSIS Pack Licenses: STMicroelectronics.X-CUBE-AI.8.0.1
2024-05-16 22:19:41,074 [INFO] AnalyticsPlugin:257 - Accepted Firmware Licenses: FW.F4.1.27.0,FW.F7.1.17.0,FW.C0.1.0.0
2024-05-16 22:19:41,077 [INFO] PluginManage:359 - Loaded plugin analytics (category:tool,tabindex:-1)
2024-05-16 22:19:41,078 [INFO] PluginManage:310 - Check plugin cadmodel
2024-05-16 22:19:41,085 [INFO] CADModel:105 - Init CAD model plugin
2024-05-16 22:19:41,086 [INFO] PluginManage:359 - Loaded plugin cadmodel (category:power,tabindex:5)
2024-05-16 22:19:41,086 [INFO] PluginManage:310 - Check plugin clock
2024-05-16 22:19:41,101 [INFO] PluginManage:359 - Loaded plugin clock (category:base,tabindex:2)
2024-05-16 22:19:41,101 [INFO] PluginManage:310 - Check plugin ddr
2024-05-16 22:19:41,104 [INFO] PluginManage:359 - Loaded plugin ddr (category:tool,tabindex:6)
2024-05-16 22:19:41,104 [INFO] PluginManage:310 - Check plugin filemanager
2024-05-16 22:19:41,288 [INFO] PluginManage:359 - Loaded plugin filemanager (category:base,tabindex:10)
2024-05-16 22:19:41,289 [INFO] PluginManage:310 - Check plugin ipmanager
2024-05-16 22:19:41,299 [INFO] PluginManage:359 - Loaded plugin ipmanager (category:base,tabindex:5)
2024-05-16 22:19:41,300 [INFO] PluginManage:310 - Check plugin lpbam
2024-05-16 22:19:41,310 [INFO] PluginManage:359 - Loaded plugin lpbam (category:base,tabindex:0)
2024-05-16 22:19:41,311 [INFO] PluginManage:310 - Check plugin memorymap
2024-05-16 22:19:41,329 [INFO] PluginManage:359 - Loaded plugin memorymap (category:base,tabindex:4)
2024-05-16 22:19:41,329 [INFO] PluginManage:310 - Check plugin pinoutandconfiguration
2024-05-16 22:19:41,339 [INFO] PluginManage:359 - Loaded plugin pinoutandconfiguration (category:base,tabindex:1)
2024-05-16 22:19:41,340 [INFO] PluginManage:310 - Check plugin pinoutconfig
2024-05-16 22:19:41,462 [WARN] SupportedApi:132 - Cannot load RTOS API schema: s4s-elt-must-match.1: The content of 'definitions' must match (annotation?, (simpleType | complexType)?, (unique | key | keyref)*)). A problem was found starting at: attribute.
2024-05-16 22:19:41,641 [INFO] PluginManage:359 - Loaded plugin pinoutconfig (category:base,tabindex:0)
2024-05-16 22:19:41,642 [INFO] PluginManage:310 - Check plugin power
2024-05-16 22:19:41,661 [INFO] PluginManage:359 - Loaded plugin power (category:power,tabindex:4)
2024-05-16 22:19:41,661 [INFO] PluginManage:310 - Check plugin projectmanager
2024-05-16 22:19:41,688 [INFO] PluginManage:359 - Loaded plugin projectmanager (category:projectmanager,tabindex:3)
2024-05-16 22:19:41,688 [INFO] PluginManage:310 - Check plugin thirdparty
2024-05-16 22:19:41,889 [INFO] PluginManage:359 - Loaded plugin thirdparty (category:base,tabindex:-1)
2024-05-16 22:19:41,889 [WARN] IntegrityCheckThread:84 - waiting for thirdparty lock release [integrity check]
2024-05-16 22:19:41,889 [INFO] IntegrityCheckThread:86 - entering critical section [integrity check]
2024-05-16 22:19:41,889 [INFO] PluginManage:310 - Check plugin tools
2024-05-16 22:19:41,890 [INFO] ThirdPartyUpdaterWithRetryManager:70 - Updater plugin not ready yet. [1/15]
2024-05-16 22:19:41,894 [INFO] PluginManage:359 - Loaded plugin tools (category:base,tabindex:7)
2024-05-16 22:19:41,894 [INFO] PluginManage:310 - Check plugin tutovideos
2024-05-16 22:19:42,143 [INFO] PluginManage:359 - Loaded plugin tutovideos (category:base,tabindex:-1)
2024-05-16 22:19:42,143 [INFO] PluginManage:310 - Check plugin updater
2024-05-16 22:19:42,158 [INFO] PluginManage:359 - Loaded plugin updater (category:base,tabindex:12)
2024-05-16 22:19:42,158 [INFO] PluginManage:310 - Check plugin userauth
2024-05-16 22:19:42,166 [INFO] UserAuth:114 - Init User Auth plugin
2024-05-16 22:19:42,166 [INFO] PluginManage:359 - Loaded plugin userauth (category:base,tabindex:14)
2024-05-16 22:19:42,167 [INFO] PluginManage:283 - PluginManage : Loaded plugins [17]
2024-05-16 22:19:42,474 [INFO] PinOutPanel:1561 - setPackage(No Configuration,No Configuration)
2024-05-16 22:19:42,585 [INFO] CADModel:165 - CPN selected for project level
2024-05-16 22:19:42,585 [INFO] CADModel:114 - Register for checkConnection events
2024-05-16 22:19:42,609 [INFO] IPUIPlugin:80 - create IPUIPlugin
2024-05-16 22:19:42,609 [INFO] PluginManager:220 - loadIPPluginJar : add adc
2024-05-16 22:19:42,613 [INFO] IPUIPlugin:80 - create IPUIPlugin
2024-05-16 22:19:42,613 [INFO] PluginManager:220 - loadIPPluginJar : add aes
2024-05-16 22:19:42,617 [INFO] IPUIPlugin:80 - create IPUIPlugin
2024-05-16 22:19:42,617 [INFO] PluginManager:220 - loadIPPluginJar : add can
2024-05-16 22:19:42,620 [INFO] IPUIPlugin:80 - create IPUIPlugin
2024-05-16 22:19:42,620 [INFO] PluginManager:220 - loadIPPluginJar : add comp
2024-05-16 22:19:42,625 [INFO] IPUIPlugin:80 - create IPUIPlugin
2024-05-16 22:19:42,625 [INFO] PluginManager:220 - loadIPPluginJar : add cryp
2024-05-16 22:19:42,629 [INFO] IPUIPlugin:80 - create IPUIPlugin
2024-05-16 22:19:42,630 [INFO] PluginManager:220 - loadIPPluginJar : add dfsdm
2024-05-16 22:19:42,639 [INFO] IPUIPlugin:80 - create IPUIPlugin
2024-05-16 22:19:42,640 [INFO] PluginManager:220 - loadIPPluginJar : add dma
2024-05-16 22:19:42,646 [INFO] IPUIPlugin:80 - create IPUIPlugin
2024-05-16 22:19:42,646 [INFO] PluginManager:220 - loadIPPluginJar : add dma3
2024-05-16 22:19:42,652 [INFO] IPUIPlugin:80 - create IPUIPlugin
2024-05-16 22:19:42,652 [INFO] PluginManager:220 - loadIPPluginJar : add extmemmanager
2024-05-16 22:19:42,655 [INFO] IPUIPlugin:80 - create IPUIPlugin
2024-05-16 22:19:42,655 [INFO] PluginManager:220 - loadIPPluginJar : add fatfs
2024-05-16 22:19:42,663 [INFO] IPUIPlugin:80 - create IPUIPlugin
2024-05-16 22:19:42,663 [INFO] PluginManager:220 - loadIPPluginJar : add fmc
2024-05-16 22:19:42,671 [INFO] IPUIPlugin:80 - create IPUIPlugin
2024-05-16 22:19:42,671 [INFO] PluginManager:220 - loadIPPluginJar : add freertos
2024-05-16 22:19:42,675 [INFO] IPUIPlugin:80 - create IPUIPlugin
2024-05-16 22:19:42,675 [INFO] PluginManager:220 - loadIPPluginJar : add genericplugin
2024-05-16 22:19:42,679 [INFO] IPUIPlugin:80 - create IPUIPlugin
2024-05-16 22:19:42,680 [INFO] PluginManager:220 - loadIPPluginJar : add gfxmmu
2024-05-16 22:19:42,687 [INFO] IPUIPlugin:80 - create IPUIPlugin
2024-05-16 22:19:42,688 [INFO] PluginManager:220 - loadIPPluginJar : add gic
2024-05-16 22:19:42,695 [INFO] IPUIPlugin:80 - create IPUIPlugin
2024-05-16 22:19:42,695 [INFO] PluginManager:220 - loadIPPluginJar : add gpio
2024-05-16 22:19:42,701 [INFO] IPUIPlugin:80 - create IPUIPlugin
2024-05-16 22:19:42,701 [INFO] PluginManager:220 - loadIPPluginJar : add gtzc
2024-05-16 22:19:42,705 [INFO] IPUIPlugin:80 - create IPUIPlugin
2024-05-16 22:19:42,706 [INFO] PluginManager:220 - loadIPPluginJar : add hash
2024-05-16 22:19:42,711 [INFO] IPUIPlugin:80 - create IPUIPlugin
2024-05-16 22:19:42,711 [INFO] PluginManager:220 - loadIPPluginJar : add i2c
2024-05-16 22:19:42,716 [INFO] IPUIPlugin:80 - create IPUIPlugin
2024-05-16 22:19:42,716 [INFO] PluginManager:220 - loadIPPluginJar : add i2s
2024-05-16 22:19:42,721 [INFO] IPUIPlugin:80 - create IPUIPlugin
2024-05-16 22:19:42,721 [INFO] PluginManager:220 - loadIPPluginJar : add i3c
2024-05-16 22:19:42,728 [INFO] IPUIPlugin:80 - create IPUIPlugin
2024-05-16 22:19:42,728 [INFO] PluginManager:220 - loadIPPluginJar : add ipddr
2024-05-16 22:19:42,737 [INFO] IPUIPlugin:80 - create IPUIPlugin
2024-05-16 22:19:42,737 [INFO] PluginManager:220 - loadIPPluginJar : add linkedlist
2024-05-16 22:19:42,743 [INFO] IPUIPlugin:80 - create IPUIPlugin
2024-05-16 22:19:42,744 [INFO] PluginManager:220 - loadIPPluginJar : add lorawan
2024-05-16 22:19:42,746 [INFO] IPUIPlugin:80 - create IPUIPlugin
2024-05-16 22:19:42,746 [INFO] PluginManager:220 - loadIPPluginJar : add ltdc
2024-05-16 22:19:42,758 [INFO] IPUIPlugin:80 - create IPUIPlugin
2024-05-16 22:19:42,758 [INFO] PluginManager:220 - loadIPPluginJar : add mdma
2024-05-16 22:19:42,765 [INFO] IPUIPlugin:80 - create IPUIPlugin
2024-05-16 22:19:42,765 [INFO] PluginManager:220 - loadIPPluginJar : add nvic
2024-05-16 22:19:42,771 [INFO] IPUIPlugin:80 - create IPUIPlugin
2024-05-16 22:19:42,771 [INFO] PluginManager:220 - loadIPPluginJar : add opamp
2024-05-16 22:19:42,778 [INFO] IPUIPlugin:80 - create IPUIPlugin
2024-05-16 22:19:42,778 [INFO] PluginManager:220 - loadIPPluginJar : add openamp
2024-05-16 22:19:42,786 [INFO] IPUIPlugin:80 - create IPUIPlugin
2024-05-16 22:19:42,786 [INFO] PluginManager:220 - loadIPPluginJar : add pdm2pcm
2024-05-16 22:19:42,808 [INFO] IPUIPlugin:80 - create IPUIPlugin
2024-05-16 22:19:42,812 [INFO] PluginManager:220 - loadIPPluginJar : add plateformsettings
2024-05-16 22:19:42,814 [INFO] IPUIPlugin:80 - create IPUIPlugin
2024-05-16 22:19:42,815 [INFO] PluginManager:220 - loadIPPluginJar : add quadspi
2024-05-16 22:19:42,823 [INFO] IPUIPlugin:80 - create IPUIPlugin
2024-05-16 22:19:42,823 [INFO] PluginManager:220 - loadIPPluginJar : add resmgrutility
2024-05-16 22:19:42,830 [INFO] IPUIPlugin:80 - create IPUIPlugin
2024-05-16 22:19:42,830 [INFO] PluginManager:220 - loadIPPluginJar : add sai
2024-05-16 22:19:42,836 [INFO] IPUIPlugin:80 - create IPUIPlugin
2024-05-16 22:19:42,836 [INFO] PluginManager:220 - loadIPPluginJar : add spi
2024-05-16 22:19:42,846 [INFO] IPUIPlugin:80 - create IPUIPlugin
2024-05-16 22:19:42,846 [INFO] PluginManager:220 - loadIPPluginJar : add stm32_wpan
2024-05-16 22:19:42,850 [INFO] IPUIPlugin:80 - create IPUIPlugin
2024-05-16 22:19:42,850 [INFO] PluginManager:220 - loadIPPluginJar : add tim
2024-05-16 22:19:42,855 [INFO] IPUIPlugin:80 - create IPUIPlugin
2024-05-16 22:19:42,856 [INFO] PluginManager:220 - loadIPPluginJar : add touchsensing
2024-05-16 22:19:42,860 [INFO] IPUIPlugin:80 - create IPUIPlugin
2024-05-16 22:19:42,860 [INFO] PluginManager:220 - loadIPPluginJar : add tracer_emb
2024-05-16 22:19:42,864 [INFO] IPUIPlugin:80 - create IPUIPlugin
2024-05-16 22:19:42,864 [INFO] PluginManager:220 - loadIPPluginJar : add ts
2024-05-16 22:19:42,868 [INFO] IPUIPlugin:80 - create IPUIPlugin
2024-05-16 22:19:42,868 [INFO] PluginManager:220 - loadIPPluginJar : add tsc
2024-05-16 22:19:42,871 [INFO] IPUIPlugin:80 - create IPUIPlugin
2024-05-16 22:19:42,871 [INFO] PluginManager:220 - loadIPPluginJar : add ucpd
2024-05-16 22:19:42,877 [INFO] IPUIPlugin:80 - create IPUIPlugin
2024-05-16 22:19:42,877 [INFO] PluginManager:220 - loadIPPluginJar : add usart
2024-05-16 22:19:42,883 [INFO] IPUIPlugin:80 - create IPUIPlugin
2024-05-16 22:19:42,883 [INFO] PluginManager:220 - loadIPPluginJar : add usbx
2024-05-16 22:19:43,095 [INFO] CADModel:165 - CPN selected for project level
2024-05-16 22:19:43,095 [INFO] CADModel:114 - Register for checkConnection events
2024-05-16 22:19:43,096 [FATAL] Updater:308 - Updater called before beeing initialized
2024-05-16 22:19:43,096 [ERROR] CADModel:125 - Updater not yet initialized, retry later 
2024-05-16 22:19:43,325 [INFO] CADModel:165 - CPN selected for project level
2024-05-16 22:19:43,325 [INFO] CADModel:114 - Register for checkConnection events
2024-05-16 22:19:43,325 [FATAL] Updater:308 - Updater called before beeing initialized
2024-05-16 22:19:43,325 [ERROR] CADModel:125 - Updater not yet initialized, retry later 
2024-05-16 22:19:43,329 [FATAL] Updater:308 - Updater called before beeing initialized
2024-05-16 22:19:43,522 [FATAL] Updater:308 - Updater called before beeing initialized
2024-05-16 22:19:43,528 [INFO] DbMcusAds:53 - JSON generation date=Thu Sep 30 08:55:09 CEST 2021 (1632984909247)
2024-05-16 22:19:43,529 [FATAL] Updater:308 - Updater called before beeing initialized
2024-05-16 22:19:43,593 [WARN] DetailPanel:346 - Failed to get advertising image, set to default
2024-05-16 22:19:43,710 [FATAL] Updater:308 - Updater called before beeing initialized
2024-05-16 22:19:43,713 [FATAL] Updater:308 - Updater called before beeing initialized
2024-05-16 22:19:43,713 [FATAL] Updater:308 - Updater called before beeing initialized
2024-05-16 22:19:43,713 [WARN] DetailPanel:346 - Failed to get advertising image, set to default
2024-05-16 22:19:43,714 [FATAL] Updater:308 - Updater called before beeing initialized
2024-05-16 22:19:43,792 [ERROR] Updater:1120 - MainUpdater not yet initialized. External WinMGr cannot be set.
2024-05-16 22:19:43,796 [INFO] Updater:1056 - Updater Version found : 6.11.1
2024-05-16 22:19:43,860 [INFO] ApplicationProperties:184 - Using Application install path: C:\ST\STM32CubeIDE_1.12.0\STM32CubeIDE\plugins\com.st.stm32cube.common.mx_6.11.1.202404110753
2024-05-16 22:19:44,892 [INFO] ThirdPartyUpdaterWithRetryManager:70 - Updater plugin not ready yet. [2/15]
2024-05-16 22:19:45,446 [ERROR] LogOutputStream:75 - [STDERR_REDIRECT] May 16, 2024 10:19:45 PM java.util.prefs.WindowsPreferences <init>
2024-05-16 22:19:45,448 [ERROR] LogOutputStream:75 - [STDERR_REDIRECT] WARNING: Could not open/create prefs root node Software\JavaSoft\Prefs at root 0xffffffff80000002. Windows RegCreateKeyEx(...) returned error code 5.
2024-05-16 22:19:45,448 [ERROR] LogOutputStream:75 - [STDERR_REDIRECT] 
2024-05-16 22:19:45,914 [INFO] MainUpdater:2873 - connection check result : 10
2024-05-16 22:19:45,916 [INFO] MainUpdater:290 - Updater Check For Update Now.
2024-05-16 22:19:45,916 [INFO] MicroXplorer:498 - Change Database Version : DB.6.0.111
2024-05-16 22:19:45,926 [INFO] McuFinderGlobals:63 - Set McuFinder mode to 2 (CubeIDE integrated)
2024-05-16 22:19:45,927 [INFO] UserAuth:179 - activating auth plugin
2024-05-16 22:19:45,932 [INFO] UserAuth:415 - Internet connection configuration mode: 1
2024-05-16 22:19:45,962 [INFO] JxBrowserEngine:152 - Initiate JxBrowser Engine with user profile folder
2024-05-16 22:19:46,154 [INFO] CheckServerUpdateThread:120 - End of CheckServer Thread
2024-05-16 22:19:46,332 [INFO] MainUpdater:2873 - connection check result : 10
2024-05-16 22:19:46,336 [INFO] McuFinderGlobals:76 - Set McuFinderConnectedMode to true
2024-05-16 22:19:46,567 [INFO] ServerAccessManage:473 - Download File mcusAds.json._tmp_
2024-05-16 22:19:46,735 [INFO] LoadUrlFilesThread:156 - End of LoadUrlFiles Thread
2024-05-16 22:19:47,092 [INFO] ServerAccessManage:473 - Download File cube-finder-db.zip
2024-05-16 22:19:47,820 [INFO] WebApp:161 - Instantiating new browser for Auth
2024-05-16 22:19:47,893 [WARN] MainUpdater:1194 - Updater busy. Cannot search thirdparties
2024-05-16 22:19:47,894 [INFO] ThirdPartyUpdaterWithRetryManager:96 - Updater plugin is busy. [1/15]
2024-05-16 22:19:49,019 [INFO] WebApp:779 - Register for checkConnection events
2024-05-16 22:19:49,020 [INFO] WebApp:414 - Apply proxy settings
2024-05-16 22:19:49,020 [INFO] WebApp:499 - Chromium requires no authentication
2024-05-16 22:19:49,038 [INFO] WebApp:442 - Direct internet connection detected
2024-05-16 22:19:49,398 [INFO] WebApp:192 - Starting web application
2024-05-16 22:19:49,398 [INFO] WebApp:544 - Web application path used C:\ST\STM32CubeIDE_1.12.0\STM32CubeIDE\plugins\com.st.stm32cube.common.mx_6.11.1.202404110753\db\plugins\mcufinder\reactClient1\index.html
2024-05-16 22:19:50,896 [WARN] MainUpdater:1194 - Updater busy. Cannot search thirdparties
2024-05-16 22:19:50,896 [INFO] ThirdPartyUpdaterWithRetryManager:96 - Updater plugin is busy. [2/15]
2024-05-16 22:19:52,708 [INFO] FileExtend:240 - Unzip File : cube-finder-db.zip
2024-05-16 22:19:52,709 [INFO] FileExtend:255 - Standard Zip Deflate
2024-05-16 22:19:53,819 [INFO] LoadUrlFilesThread:156 - End of LoadUrlFiles Thread
2024-05-16 22:19:53,897 [WARN] MainUpdater:1194 - Updater busy. Cannot search thirdparties
2024-05-16 22:19:53,897 [INFO] ThirdPartyUpdaterWithRetryManager:96 - Updater plugin is busy. [3/15]
2024-05-16 22:19:54,095 [INFO] ServerAccessManage:473 - Download File crdb.zip
2024-05-16 22:19:54,355 [INFO] FileExtend:240 - Unzip File : crdb.zip
2024-05-16 22:19:54,356 [INFO] FileExtend:255 - Standard Zip Deflate
2024-05-16 22:19:54,483 [INFO] LoadUrlFilesThread:156 - End of LoadUrlFiles Thread
2024-05-16 22:19:54,699 [INFO] ServerAccessManage:473 - Download File tutoVideoDB.zip
2024-05-16 22:19:54,718 [INFO] FileExtend:240 - Unzip File : tutoVideoDB.zip
2024-05-16 22:19:54,719 [INFO] FileExtend:255 - Standard Zip Deflate
2024-05-16 22:19:54,830 [INFO] LoadUrlFilesThread:156 - End of LoadUrlFiles Thread
2024-05-16 22:19:54,834 [WARN] DbFile:41 - Overriding database path with different value: C:\Users\MrIro\.stmcufinder\plugins\mcufinder/ => C:\Users\MrIro\.stmcufinder\plugins\mcufinder
2024-05-16 22:19:55,073 [INFO] ServerAccessManage:473 - Download File api_config.json
2024-05-16 22:19:55,182 [INFO] LoadUrlFilesThread:156 - End of LoadUrlFiles Thread
2024-05-16 22:19:55,183 [INFO] DbMcusAds:53 - JSON generation date=Thu May 16 11:22:00 CEST 2024 (1715851320852)
2024-05-16 22:19:55,283 [INFO] ServerAccessManage:473 - Download File 
2024-05-16 22:19:55,324 [INFO] LoadUrlFilesThread:185 - End of LoadServerUrlFiles without Thread
2024-05-16 22:19:55,325 [INFO] TargetSelectorAdapter:259 - Refresh data is successful
2024-05-16 22:19:55,461 [INFO] ApiDb:581 - Connected to CubeFinder SQLite database (C:\Users\MrIro\.stmcufinder\plugins\mcufinder\mcu\cube-finder-db.db)
2024-05-16 22:19:55,533 [INFO] ApiDb:668 - CubeFinder database Data Model version=2.1
2024-05-16 22:19:55,533 [INFO] ApiDb:669 - CubeFinder database Configuration version=3.0.39
2024-05-16 22:19:55,533 [INFO] ApiDb:670 - CubeFinder database generation date=2024-04-15 (1713193726)
2024-05-16 22:19:55,534 [INFO] ApiDb:671 - CubeFinder database FW Pack versions=[FP-ATR-ASTRA1_V2.0.0, FP-SNS-FLIGHT1_V5.0.1, FP-SNS-FLIGHT1_V5.0.2, FP-SNS-MOTENV1_V4.3.1, FP-SNS-MOTENV1_V4.3.2, FP-SNS-MOTENVWB1_V1.3.1, FP-SNS-SMARTAG2_V1.2.0, STM32Cube_FW_C0_V1.1.0, STM32Cube_FW_F4_V1.28.0, STM32Cube_FW_F7_V1.17.0, STM32Cube_FW_G0_V1.6.2, STM32Cube_FW_G4_V1.5.2, STM32Cube_FW_H5_V0.5.1, STM32Cube_FW_H5_V1.1.1, STM32Cube_FW_H5_V1.2.0, STM32Cube_FW_H5_V1.2.0RC4, STM32Cube_FW_H7RS_V1.0.0, STM32Cube_FW_H7RS_V1.0.0RC4, STM32Cube_FW_H7_V1.11.0, STM32Cube_FW_L0_V1.12.2, STM32Cube_FW_L5_V1.5.1, STM32Cube_FW_U0_V1.0.0, STM32Cube_FW_U0_V1.0.0RC1, STM32Cube_FW_U5_V1.3.0RC4, STM32Cube_FW_U5_V1.5.0, STM32Cube_FW_U5_V1.5.0RC1, STM32Cube_FW_WBA_V1.0.0RC1, STM32Cube_FW_WBA_V1.2.0, STM32Cube_FW_WBA_V1.2.0RC2, STM32Cube_FW_WBA_V1.3.0, STM32Cube_FW_WBA_V1.3.0RC1, STM32Cube_FW_WB_V1.15.0RC1, STM32Cube_FW_WB_V1.16.0, STM32Cube_FW_WB_V1.16.0RC2, STM32Cube_FW_WB_V1.18.0, STM32Cube_FW_WB_V1.19.0, STM32Cube_FW_WL_V1.3.0, X-CUBE-ALGOBUILD_V1.3.0, X-CUBE-ALS_V1.0.1, X-CUBE-AZRTOS-F4_V1.1.0, X-CUBE-AZRTOS-F7_V1.1.0, X-CUBE-AZRTOS-G0_V1.1.0, X-CUBE-AZRTOS-G4_V2.0.0, X-CUBE-AZRTOS-H7_V3.2.0, X-CUBE-AZRTOS-L4_V1.0.0, X-CUBE-AZRTOS-L4_V2.0.0, X-CUBE-AZRTOS-L5_V1.1.0, X-CUBE-AZRTOS-WB_V2.0.0, X-CUBE-AZRTOS-WL_V2.0.0, X-CUBE-BLE1_V7.0.0, X-CUBE-BLE2_V3.3.0, X-CUBE-BLEMGR_V3.1.0, X-CUBE-EEPRMA1_V4.1.0, X-CUBE-EEPRMA1_V5.1.0, X-CUBE-FREERTOS_V1.1.0, X-CUBE-GNSS1_V6.0.0, X-CUBE-MEMS1_V10.0.0, X-CUBE-MEMS1_V9.1.0, X-CUBE-MEMS1_V9.4.0, X-CUBE-MEMS1_V9.6.0, X-CUBE-NFC4_V3.0.0, X-CUBE-NFC7_V1.0.1, X-CUBE-SFXS2LP1_V4.0.0, X-CUBE-SUBG2_V5.0.0, X-CUBE-TOF1_V3.4.0]
2024-05-16 22:19:57,402 [WARN] PackLoader:240 - Cannot read IP mode file for STMicroelectronics.FP-SNS-MOTENVWB1.1.4.0
2024-05-16 22:19:57,419 [WARN] PackLoader:240 - Cannot read IP mode file for STMicroelectronics.X-CUBE-SMBUS.2.1.0
2024-05-16 22:19:57,430 [WARN] PackLoader:240 - Cannot read IP mode file for STMicroelectronics.X-CUBE-TOUCHGFX.4.23.0
2024-05-16 22:19:57,435 [WARN] PackLoader:240 - Cannot read IP mode file for STMicroelectronics.X-CUBE-TOUCHGFX.4.23.2
2024-05-16 22:19:57,479 [WARN] PackLoader:240 - Cannot read IP mode file for STMicroelectronics.X-CUBE-AZRTOS-F7.1.1.0
2024-05-16 22:19:57,497 [ERROR] RealEvaluatedCondition:428 - Found unsupported composite condition: CLASS='Data Exchange' GROUP='STM32_MetaDataManager'
2024-05-16 22:19:57,498 [ERROR] RealEvaluatedCondition:428 - Found unsupported composite condition: GROUP='STM32_MetaDataManager' CLASS='Data Exchange'
2024-05-16 22:19:57,501 [WARN] PackLoader:240 - Cannot read IP mode file for STMicroelectronics.FP-SNS-MOTENV1.4.3.0
2024-05-16 22:19:57,517 [WARN] PackLoader:240 - Cannot read IP mode file for STMicroelectronics.FP-SNS-MOTENV1.4.3.2
2024-05-16 22:19:57,527 [WARN] PackLoader:240 - Cannot read IP mode file for STMicroelectronics.FP-SNS-FLIGHT1.5.0.0
2024-05-16 22:19:57,534 [WARN] PackLoader:240 - Cannot read IP mode file for STMicroelectronics.FP-SNS-FLIGHT1.5.0.1
2024-05-16 22:19:57,547 [WARN] PackLoader:240 - Cannot read IP mode file for STMicroelectronics.X-CUBE-BLE1.6.2.4
2024-05-16 22:19:57,556 [WARN] PackLoader:240 - Cannot read IP mode file for STMicroelectronics.FP-SNS-FLIGHT1.5.0.2
2024-05-16 22:19:57,570 [WARN] PackLoader:240 - Cannot read IP mode file for STMicroelectronics.X-CUBE-DISPLAY.3.0.0
2024-05-16 22:19:57,586 [WARN] PackLoader:240 - Cannot read IP mode file for STMicroelectronics.X-CUBE-BLE1.7.0.0
2024-05-16 22:19:57,594 [WARN] PackLoader:240 - Cannot read IP mode file for STMicroelectronics.X-CUBE-TOUCHGFX.4.22.0
2024-05-16 22:19:57,599 [WARN] PackLoader:240 - Cannot read IP mode file for STMicroelectronics.X-CUBE-TOUCHGFX.4.22.1
2024-05-16 22:19:57,616 [WARN] PackLoader:240 - Cannot read IP mode file for STMicroelectronics.X-CUBE-BLEMGR.3.1.0
2024-05-16 22:19:57,632 [WARN] PackLoader:240 - Cannot read IP mode file for STMicroelectronics.FP-SNS-SMARTAG2.1.2.0
2024-05-16 22:19:57,651 [INFO] LogOutputStream:77 - [STDOUT_REDIRECT] 1 : Invalid condition id : UX_CORESTACK_Condition cause : null
2024-05-16 22:19:57,654 [INFO] LogOutputStream:77 - [STDOUT_REDIRECT] 1 : Invalid condition id : UX_CORESTACK_Condition cause : null
2024-05-16 22:19:57,656 [INFO] LogOutputStream:77 - [STDOUT_REDIRECT] 1 : Invalid condition id : UX_CORESTACK_Condition cause : null
2024-05-16 22:19:57,658 [INFO] LogOutputStream:77 - [STDOUT_REDIRECT] 1 : Invalid condition id : UX_CORESTACK_Condition cause : null
2024-05-16 22:19:57,660 [INFO] LogOutputStream:77 - [STDOUT_REDIRECT] 1 : Invalid condition id : UX_CORESTACK_Condition cause : null
2024-05-16 22:19:57,667 [WARN] PackLoader:240 - Cannot read IP mode file for STMicroelectronics.X-CUBE-AZRTOS-WL.2.0.0
2024-05-16 22:19:57,680 [WARN] PackLoader:240 - Cannot read IP mode file for STMicroelectronics.FP-SNS-MOTENV1.5.0.0
2024-05-16 22:19:57,700 [WARN] PackLoader:240 - Cannot read IP mode file for WES.I-CUBE-Cesium.1.3.0
2024-05-16 22:19:57,712 [WARN] PackLoader:240 - Cannot read IP mode file for STMicroelectronics.X-CUBE-BLE2.3.3.0
2024-05-16 22:19:57,725 [WARN] PackLoader:240 - Cannot read IP mode file for STMicroelectronics.X-CUBE-TCPP.4.1.0
2024-05-16 22:19:57,733 [WARN] PackLoader:240 - Cannot read IP mode file for STMicroelectronics.X-CUBE-TOUCHGFX.4.21.3
2024-05-16 22:19:57,739 [WARN] PackLoader:240 - Cannot read IP mode file for STMicroelectronics.X-CUBE-TOUCHGFX.4.21.4
2024-05-16 22:19:57,752 [WARN] PackLoader:240 - Cannot read IP mode file for STMicroelectronics.X-CUBE-ALGOBUILD.1.3.0
2024-05-16 22:19:57,787 [WARN] PackLoader:240 - Cannot read IP mode file for STMicroelectronics.X-CUBE-AZRTOS-G0.1.1.0
2024-05-16 22:19:57,806 [WARN] PackLoader:240 - Cannot read IP mode file for STMicroelectronics.X-CUBE-SAFEA1.1.2.2
2024-05-16 22:19:57,820 [WARN] PackLoader:240 - Cannot read IP mode file for STMicroelectronics.X-CUBE-NFC4.3.0.0
2024-05-16 22:19:57,842 [WARN] PackLoader:240 - Cannot read IP mode file for STMicroelectronics.X-CUBE-BLEMGR.3.0.0
2024-05-16 22:19:57,854 [WARN] PackLoader:240 - Cannot read IP mode file for STMicroelectronics.FP-ATR-SIGFOX1.3.2.0
2024-05-16 22:19:57,869 [WARN] PackLoader:240 - Cannot read IP mode file for STMicroelectronics.X-CUBE-EEPRMA1.5.1.0
2024-05-16 22:19:57,966 [WARN] PackLoader:240 - Cannot read IP mode file for STMicroelectronics.X-CUBE-MEMS1.9.5.0
2024-05-16 22:19:58,334 [WARN] PackLoader:240 - Cannot read IP mode file for SEGGER.I-CUBE-embOS.1.3.1
2024-05-16 22:19:58,424 [WARN] PackLoader:240 - Cannot read IP mode file for STMicroelectronics.X-CUBE-ALGOBUILD.1.4.0
2024-05-16 22:19:58,437 [WARN] PackLoader:240 - Cannot read IP mode file for STMicroelectronics.X-CUBE-GNSS1.6.0.0
2024-05-16 22:19:58,471 [WARN] PackLoader:240 - Cannot read IP mode file for STMicroelectronics.X-CUBE-AZRTOS-F4.1.1.0
2024-05-16 22:19:58,485 [WARN] PackLoader:240 - Cannot read IP mode file for wolfSSL.I-CUBE-wolfSSL.5.6.0
2024-05-16 22:19:58,496 [WARN] PackLoader:240 - Cannot read IP mode file for STMicroelectronics.X-CUBE-FREERTOS.1.2.0
2024-05-16 22:19:58,526 [WARN] PackLoader:240 - Cannot read IP mode file for STMicroelectronics.X-CUBE-AZRTOS-L5.2.0.0
2024-05-16 22:19:58,609 [WARN] PackLoader:240 - Cannot read IP mode file for STMicroelectronics.X-CUBE-MEMS1.9.6.0
2024-05-16 22:19:58,664 [INFO] ApiDb:240 - Found 483 in-development CPN: [B-G473E-ZEST1S, B-WB1M-WPAN1, B-WL5M-SUBG1, NUCLEO-C031C6, NUCLEO-H503RB, NUCLEO-H533RE, NUCLEO-H563ZI, NUCLEO-H7S3L8, NUCLEO-U031R8, NUCLEO-U083RC, NUCLEO-U545RE-Q, NUCLEO-U5A5ZJ-Q, NUCLEO-WBA52CG, NUCLEO-WBA55CG, STEVAL-PROTEUS1, STEVAL-SMARTAG2, STEVAL-STWINBX1, STM320518-EVAL, STM32C0116-DK, STM32C011D6Y3TR, STM32C011D6Y6TR, STM32C011F4P3, STM32C011F4P6, STM32C011F4U3, STM32C011F4U6TR, STM32C011F6P3, STM32C011F6P6, STM32C011F6U3, STM32C011F6U6TR, STM32C011J4M3, STM32C011J4M6, STM32C011J6M3, STM32C011J6M6, STM32C0316-DK, STM32C031C4T3, STM32C031C4T6, STM32C031C4U3, STM32C031C4U6, STM32C031C6T3, STM32C031C6T6, STM32C031C6U3, STM32C031C6U6, STM32C031F4P3, STM32C031F4P6, STM32C031F6P3, STM32C031F6P6, STM32C031G4U3, STM32C031G4U6, STM32C031G6U3, STM32C031G6U6, STM32C031K4T3, STM32C031K4T6, STM32C031K4U3, STM32C031K4U6, STM32C031K6T3, STM32C031K6T6, STM32C031K6U3, STM32C031K6U6, STM32G071K8TXN, STM32G071K8UXN, STM32G081GBU6N, STM32G081KBT6N, STM32G081KBUXN, STM32G0B1CCT6N, STM32G0B1KCT6, STM32G0B1NEY6TR, STM32G0B1RCT6N, STM32G0C1CCT6, STM32G0C1CCT6N, STM32G0C1CCU6N, STM32G0C1CET6N, STM32G0C1CEU6N, STM32G0C1KCT6, STM32G0C1NEY6TR, STM32G0C1RCI6N, STM32G0C1RCT6N, STM32G0C1REI6N, STM32G0C1RET6N, STM32G0C1VCI6, STM32G0C1VEI6, STM32G471CCT6, STM32G471CCU6, STM32G471CET3, STM32G471CET6, STM32G471CEU3, STM32G471CEU6, STM32G471MCT6, STM32G471MET3, STM32G471MET6, STM32G471MEY6TR, STM32G471QCT6, STM32G471QET3, STM32G471RCT6, STM32G471RET3, STM32G471RET6, STM32G471VCH6, STM32G471VCI6, STM32G471VCT6, STM32G471VEH3, STM32G471VEH6, STM32G471VEI3, STM32G471VEI6, STM32G471VET3, STM32G471VET6, STM32G474CCT6, STM32H503CBT6, STM32H503CBU6, STM32H503EBY6TR, STM32H503KBU6, STM32H503RBT6, STM32H523CCT6, STM32H523CCU6, STM32H523CET6, STM32H523CEU6, STM32H523HEY6TR, STM32H523RCT6, STM32H523RET6, STM32H523VCI6, STM32H523VCT6, STM32H523VEI6, STM32H523VET6, STM32H523ZCJ6, STM32H523ZCT6, STM32H523ZEJ6, STM32H523ZET6, STM32H533CET6, STM32H533CEU6, STM32H533HEY6TR, STM32H533RET6, STM32H533VEI6, STM32H533VET6, STM32H533ZEJ6, STM32H533ZET6, STM32H562AGI6, STM32H562AII6, STM32H562IGK6, STM32H562IGT6, STM32H562IIK6, STM32H562IIT6, STM32H562RGT6, STM32H562RGV6, STM32H562RIT6, STM32H562RIV6, STM32H562VGT6, STM32H562VIT6, STM32H562ZGT6, STM32H562ZIT6, STM32H563AGI6, STM32H563AII3Q, STM32H563AII6, STM32H563IGK6, STM32H563IGT6, STM32H563IIK3Q, STM32H563IIK6, STM32H563IIT3Q, STM32H563IIT6, STM32H563MIY3QTR, STM32H563RGT6, STM32H563RGV6, STM32H563RIT6, STM32H563RIV6, STM32H563VGT6, STM32H563VIT3Q, STM32H563VIT6, STM32H563ZGT6, STM32H563ZIT3Q, STM32H563ZIT6, STM32H573AII3Q, STM32H573AII6, STM32H573I-DK, STM32H573IIK3Q, STM32H573IIK6, STM32H573IIT3Q, STM32H573IIT6, STM32H573MIY3QTR, STM32H573RIT6, STM32H573RIV6, STM32H573VIT3Q, STM32H573VIT6, STM32H573ZIT3Q, STM32H573ZIT6, STM32H7R3A8I6, STM32H7R3I8K6, STM32H7R3I8T6, STM32H7R3L8H6, STM32H7R3L8H6H, STM32H7R3R8V6, STM32H7R3V8H6, STM32H7R3V8T6, STM32H7R3V8Y6, STM32H7R3Z8J6, STM32H7R3Z8T6, STM32H7R7A8I6, STM32H7R7I8K6, STM32H7R7I8T6, STM32H7R7L8H6, STM32H7R7L8H6H, STM32H7R7Z8J6, STM32H7S3A8I6, STM32H7S3I8K6, STM32H7S3I8T6, STM32H7S3L8H6, STM32H7S3L8H6H, STM32H7S3R8V6, STM32H7S3V8H6, STM32H7S3V8T6, STM32H7S3V8Y6, STM32H7S3Z8J6, STM32H7S3Z8T6, STM32H7S78-DK, STM32H7S7A8I6, STM32H7S7I8K6, STM32H7S7I8T6, STM32H7S7L8H6, STM32H7S7L8H6H, STM32H7S7Z8J6, STM32L4R5QGI6STR, STM32MP131AAE3, STM32MP131AAF3, STM32MP131AAG3, STM32MP131CAE3, STM32MP131CAF3, STM32MP131CAG3, STM32MP131DAE7, STM32MP131DAF7, STM32MP131DAG7, STM32MP131FAE7, STM32MP131FAF7, STM32MP131FAG7, STM32MP133AAE3, STM32MP133AAF3, STM32MP133AAG3, STM32MP133CAE3, STM32MP133CAF3, STM32MP133CAG3, STM32MP133DAE7, STM32MP133DAF7, STM32MP133DAG7, STM32MP133FAE7, STM32MP133FAF7, STM32MP133FAG7, STM32MP135AAE3, STM32MP135AAF3, STM32MP135AAG3, STM32MP135CAE3, STM32MP135CAF3, STM32MP135CAG3, STM32MP135DAE7, STM32MP135DAF7, STM32MP135DAG7, STM32MP135F-DK, STM32MP135FAE7, STM32MP135FAF7, STM32MP135FAF7T, STM32MP135FAF7U, STM32MP135FAG7, STM32U031C6T6, STM32U031C6U6, STM32U031C8T6, STM32U031C8U6, STM32U031F4P6, STM32U031F6P6, STM32U031F8P6, STM32U031G6Y6TR, STM32U031G8Y6TR, STM32U031K4U6, STM32U031K6U6, STM32U031K8U6, STM32U031R6I6, STM32U031R6T6, STM32U031R8I6, STM32U031R8T6, STM32U073C8T6, STM32U073C8U6, STM32U073CBT6, STM32U073CBU6, STM32U073CCT6, STM32U073CCU6, STM32U073H8Y6TR, STM32U073HBY6TR, STM32U073HCY6TR, STM32U073K8U6, STM32U073KBU6, STM32U073KCU6, STM32U073M8I6, STM32U073M8T6, STM32U073MBI6, STM32U073MBT6, STM32U073MCI6, STM32U073MCT6, STM32U073R8I6, STM32U073R8T6, STM32U073RBI6, STM32U073RBT6, STM32U073RCI6, STM32U073RCT6, STM32U083C-DK, STM32U083CCT6, STM32U083CCU6, STM32U083HCY6TR, STM32U083KCU6, STM32U083MCI6, STM32U083MCT6, STM32U083RCI6, STM32U083RCT6, STM32U535CBT6, STM32U535CBT6Q, STM32U535CBU6, STM32U535CBU6Q, STM32U535CCT6, STM32U535CCT6Q, STM32U535CCU6, STM32U535CCU6Q, STM32U535CET6, STM32U535CET6Q, STM32U535CEU6, STM32U535CEU6Q, STM32U535JEY6QTR, STM32U535NCY6QTR, STM32U535NEY6QTR, STM32U535RBI6, STM32U535RBI6Q, STM32U535RBT6, STM32U535RBT6Q, STM32U535RCI6, STM32U535RCI6Q, STM32U535RCT6, STM32U535RCT6Q, STM32U535REI6, STM32U535REI6Q, STM32U535RET6, STM32U535RET6Q, STM32U535VCI6, STM32U535VCI6Q, STM32U535VCT6, STM32U535VCT6Q, STM32U535VEI6, STM32U535VEI6Q, STM32U535VET6, STM32U535VET6Q, STM32U545CET6, STM32U545CET6Q, STM32U545CEU6, STM32U545CEU6Q, STM32U545JEY6QTR, STM32U545NEY6QTR, STM32U545REI6, STM32U545REI6Q, STM32U545RET6, STM32U545RET6Q, STM32U545VEI6, STM32U545VEI6Q, STM32U545VET6, STM32U545VET6Q, STM32U595AIH6, STM32U595AIH6Q, STM32U595AJH6, STM32U595AJH6Q, STM32U595QII6, STM32U595QII6Q, STM32U595QJI6, STM32U595QJI6Q, STM32U595RIT6, STM32U595RIT6Q, STM32U595RJT6, STM32U595RJT6Q, STM32U595VIT6, STM32U595VIT6Q, STM32U595VJT6, STM32U595VJT6Q, STM32U595ZIT6, STM32U595ZIT6Q, STM32U595ZIY6QTR, STM32U595ZJT6, STM32U595ZJT6Q, STM32U595ZJY6QTR, STM32U599BJY6QTR, STM32U599NIH6Q, STM32U599NJH6Q, STM32U599VIT6Q, STM32U599VJT6, STM32U599VJT6Q, STM32U599ZIT6Q, STM32U599ZIY6QTR, STM32U599ZJT6Q, STM32U599ZJY6QTR, STM32U5A5AJH6, STM32U5A5AJH6Q, STM32U5A5QII3Q , STM32U5A5QJI6, STM32U5A5QJI6Q, STM32U5A5RJT6, STM32U5A5RJT6Q, STM32U5A5VJT6, STM32U5A5VJT6Q, STM32U5A5ZJT6, STM32U5A5ZJT6Q, STM32U5A5ZJY6QTR, STM32U5A9BJY6QTR, STM32U5A9J-DK, STM32U5A9NJH6Q, STM32U5A9VJT6Q, STM32U5A9ZJT6Q, STM32U5A9ZJY6QTR, STM32U5F7VIT6, STM32U5F7VIT6Q, STM32U5F7VJT6, STM32U5F7VJT6Q, STM32U5F9BJY6QTR, STM32U5F9NJH6Q, STM32U5F9VIT6Q, STM32U5F9VJT6Q, STM32U5F9ZIJ6QTR, STM32U5F9ZIT6Q, STM32U5F9ZJJ6QTR, STM32U5F9ZJT6Q, STM32U5G7VJT6, STM32U5G7VJT6Q, STM32U5G9BJY6QTR, STM32U5G9J-DK1, STM32U5G9J-DK2, STM32U5G9NJH6Q, STM32U5G9VJT6Q, STM32U5G9ZJJ6QTR, STM32U5G9ZJT6Q, STM32WB1MMCH6, STM32WBA50KEU6, STM32WBA50KEU6TR, STM32WBA50KGU6, STM32WBA50KGU6TR, STM32WBA52CEU6, STM32WBA52CEU6TR, STM32WBA52CEU7, STM32WBA52CEU7TR, STM32WBA52CGU6, STM32WBA52CGU6TR, STM32WBA52CGU6U, STM32WBA52CGU7, STM32WBA52CGU7TR, STM32WBA52KEU6, STM32WBA52KEU6TR, STM32WBA52KGU6, STM32WBA52KGU6TR, STM32WBA54CEU6, STM32WBA54CEU6TR, STM32WBA54CEU7, STM32WBA54CEU7TR, STM32WBA54CGU6, STM32WBA54CGU6TR, STM32WBA54CGU7, STM32WBA54CGU7TR, STM32WBA54KEU6, STM32WBA54KEU6TR, STM32WBA54KEU7, STM32WBA54KEU7TR, STM32WBA54KGU6, STM32WBA54KGU6TR, STM32WBA54KGU7, STM32WBA54KGU7TR, STM32WBA55CEU6, STM32WBA55CEU6TR, STM32WBA55CEU7, STM32WBA55CEU7TR, STM32WBA55CGU6, STM32WBA55CGU6TR, STM32WBA55CGU6U, STM32WBA55CGU7, STM32WBA55CGU7TR, STM32WBA55G-DK1, STM32WBA55HEF6, STM32WBA55HEF7, STM32WBA55HGF6, STM32WBA55HGF7, STM32WBA55UEI6, STM32WBA55UEI6TR, STM32WBA55UEI7, STM32WBA55UEI7TR, STM32WBA55UGI6, STM32WBA55UGI6TR, STM32WBA55UGI7, STM32WBA55UGI7TR, STM32WL5MOCH6, STM32WL5MOCH6TR]
2024-05-16 22:19:58,676 [INFO] DbMcus:218 - Found 4096 MCUs, 4096 are supported
2024-05-16 22:19:58,679 [INFO] ApiDb:423 - Load user favorites file C:\Users\MrIro/.stm32cubeide/favorites.mcus.txt: 1 item(s)
2024-05-16 22:19:58,680 [INFO] ApiDb:427 - User favorites MCUs=[STM32F411CEU6]
2024-05-16 22:19:58,680 [INFO] DbMcus:224 - Set 1 / 1 favorites MCUs
2024-05-16 22:19:58,882 [WARN] PackLoader:240 - Cannot read IP mode file for STMicroelectronics.X-CUBE-EEPRMA1.4.2.0
2024-05-16 22:19:58,894 [WARN] PackLoader:240 - Cannot read IP mode file for STMicroelectronics.X-CUBE-NFC6.3.1.0
2024-05-16 22:19:58,925 [WARN] PackLoader:240 - Cannot read IP mode file for ITTIA_DB.I-CUBE-ITTIADB.8.8.0
2024-05-16 22:19:58,939 [WARN] PackLoader:240 - Cannot read IP mode file for emotas.I-CUBE-CANOPEN.1.1.3
2024-05-16 22:19:58,952 [WARN] PackLoader:240 - Cannot read IP mode file for STMicroelectronics.X-CUBE-BLEMGR.2.0.0
2024-05-16 22:19:58,962 [WARN] PackLoader:240 - Cannot read IP mode file for STMicroelectronics.X-CUBE-AI.9.0.0
2024-05-16 22:19:58,987 [WARN] ConditionMgr:438 - getConditionDescription Invalid condition id : UX DEVICE CLASS RTOS Condition cause : null
2024-05-16 22:19:58,987 [WARN] ConditionMgr:438 - getConditionDescription Invalid condition id : UX DEVICE CLASS RTOS Condition cause : null
2024-05-16 22:19:58,992 [WARN] PackLoader:240 - Cannot read IP mode file for STMicroelectronics.X-CUBE-AZRTOS-H7.3.1.0
2024-05-16 22:19:58,993 [WARN] ConditionMgr:1039 - genDependencies : Invalid condition id : UX DEVICE CLASS RTOS Condition cause : null
2024-05-16 22:19:58,993 [WARN] ConditionMgr:1039 - genDependencies : Invalid condition id : UX DEVICE CLASS RTOS Condition cause : null
2024-05-16 22:19:58,994 [WARN] ConditionMgr:1039 - genDependencies : Invalid condition id : UX DEVICE CLASS RTOS Condition cause : null
2024-05-16 22:19:58,995 [WARN] ConditionMgr:1039 - genDependencies : Invalid condition id : UX DEVICE CLASS RTOS Condition cause : null
2024-05-16 22:19:58,996 [WARN] ConditionMgr:1039 - genDependencies : Invalid condition id : UX DEVICE CLASS RTOS Condition cause : null
2024-05-16 22:19:59,008 [WARN] PackLoader:240 - Cannot read IP mode file for STMicroelectronics.X-CUBE-NFC7.1.0.1
2024-05-16 22:19:59,016 [WARN] PackLoader:240 - Cannot read IP mode file for STMicroelectronics.X-CUBE-NFC7.1.0.0
2024-05-16 22:19:59,027 [WARN] PackLoader:240 - Cannot read IP mode file for STMicroelectronics.X-CUBE-NFC6.3.0.0
2024-05-16 22:19:59,038 [WARN] PackLoader:240 - Cannot read IP mode file for STMicroelectronics.X-CUBE-EEPRMA1.4.1.0
2024-05-16 22:19:59,045 [WARN] PackLoader:240 - Cannot read IP mode file for STMicroelectronics.X-CUBE-AI.8.1.0
2024-05-16 22:19:59,071 [WARN] ConditionMgr:438 - getConditionDescription Invalid condition id : LAN8742 Phy interface Condition cause : null
2024-05-16 22:19:59,073 [WARN] PackLoader:240 - Cannot read IP mode file for STMicroelectronics.X-CUBE-AZRTOS-L4.2.0.0
2024-05-16 22:19:59,074 [WARN] ConditionMgr:1039 - genDependencies : Invalid condition id : LAN8742 Phy interface Condition cause : null
2024-05-16 22:19:59,075 [WARN] ConditionMgr:1039 - genDependencies : Invalid condition id : LAN8742 Phy interface Condition cause : null
2024-05-16 22:19:59,076 [WARN] ConditionMgr:1039 - genDependencies : Invalid condition id : LAN8742 Phy interface Condition cause : null
2024-05-16 22:19:59,088 [WARN] PackLoader:240 - Cannot read IP mode file for STMicroelectronics.X-CUBE-SFXS2LP1.4.0.0
2024-05-16 22:19:59,098 [WARN] PackLoader:240 - Cannot read IP mode file for STMicroelectronics.X-CUBE-ISPU.1.1.0
2024-05-16 22:19:59,105 [WARN] PackLoader:240 - Cannot read IP mode file for STMicroelectronics.X-CUBE-AI.8.0.0
2024-05-16 22:19:59,124 [WARN] ConditionMgr:438 - getConditionDescription Invalid condition id : UX DEVICE CLASS RTOS Condition cause : null
2024-05-16 22:19:59,124 [WARN] ConditionMgr:438 - getConditionDescription Invalid condition id : UX DEVICE CLASS RTOS Condition cause : null
2024-05-16 22:19:59,129 [WARN] PackLoader:240 - Cannot read IP mode file for STMicroelectronics.X-CUBE-AZRTOS-WB.2.0.0
2024-05-16 22:19:59,130 [WARN] ConditionMgr:1039 - genDependencies : Invalid condition id : UX DEVICE CLASS RTOS Condition cause : null
2024-05-16 22:19:59,130 [WARN] ConditionMgr:1039 - genDependencies : Invalid condition id : UX DEVICE CLASS RTOS Condition cause : null
2024-05-16 22:19:59,131 [WARN] ConditionMgr:1039 - genDependencies : Invalid condition id : UX DEVICE CLASS RTOS Condition cause : null
2024-05-16 22:19:59,131 [WARN] ConditionMgr:1039 - genDependencies : Invalid condition id : UX DEVICE CLASS RTOS Condition cause : null
2024-05-16 22:19:59,131 [WARN] ConditionMgr:1039 - genDependencies : Invalid condition id : UX DEVICE CLASS RTOS Condition cause : null
2024-05-16 22:19:59,139 [WARN] PackLoader:240 - Cannot read IP mode file for STMicroelectronics.X-CUBE-FREERTOS.1.0.1
2024-05-16 22:19:59,165 [WARN] PackLoader:240 - Cannot read IP mode file for STMicroelectronics.X-CUBE-AZRTOS-L5.1.1.0
2024-05-16 22:19:59,178 [WARN] PackLoader:240 - Cannot read IP mode file for STMicroelectronics.X-CUBE-AI.8.0.1
2024-05-16 22:19:59,319 [WARN] PackLoader:240 - Cannot read IP mode file for STMicroelectronics.X-CUBE-SUBG2.5.0.0
2024-05-16 22:19:59,342 [WARN] PackLoader:240 - Cannot read IP mode file for STMicroelectronics.X-CUBE-TOF1.3.3.1
2024-05-16 22:19:59,378 [WARN] PackLoader:240 - Cannot read IP mode file for STMicroelectronics.X-CUBE-AZRTOS-G4.2.0.0
2024-05-16 22:19:59,395 [WARN] PackLoader:240 - Cannot read IP mode file for STMicroelectronics.X-CUBE-TOF1.3.3.0
2024-05-16 22:19:59,434 [WARN] PackLoader:240 - Cannot read IP mode file for Infineon.AIROC-Wi-Fi-Bluetooth-STM32.1.5.1
2024-05-16 22:19:59,448 [WARN] PackLoader:240 - Cannot read IP mode file for STMicroelectronics.FP-SNS-MOTENVWB1.1.3.1
2024-05-16 22:19:59,468 [WARN] PackLoader:240 - Cannot read IP mode file for STMicroelectronics.X-CUBE-AZRTOS-G4.1.0.0
2024-05-16 22:19:59,504 [WARN] PackLoader:240 - Cannot read IP mode file for STMicroelectronics.X-CUBE-AZRTOS-L4.1.0.0
2024-05-16 22:19:59,515 [WARN] PackLoader:240 - Cannot read IP mode file for STMicroelectronics.X-CUBE-ISPU.2.0.0
2024-05-16 22:19:59,571 [WARN] PackLoader:240 - Cannot read IP mode file for STMicroelectronics.X-CUBE-MEMS1.10.0.0
2024-05-16 22:19:59,786 [WARN] PackLoader:240 - Cannot read IP mode file for STMicroelectronics.X-CUBE-FREERTOS.1.1.0
2024-05-16 22:19:59,804 [WARN] PackLoader:240 - Cannot read IP mode file for STMicroelectronics.X-CUBE-AZRTOS-WL.1.0.0
2024-05-16 22:19:59,825 [WARN] PackLoader:240 - Cannot read IP mode file for portGmbH.I-Cube-SoM-uGOAL.1.1.0
2024-05-16 22:19:59,834 [WARN] PackLoader:240 - Cannot read IP mode file for STMicroelectronics.X-CUBE-ALS.1.0.1
2024-05-16 22:19:59,863 [WARN] PackLoader:240 - Cannot read IP mode file for STMicroelectronics.X-CUBE-AZRTOS-WB.1.1.0
2024-05-16 22:19:59,899 [WARN] PackLoader:240 - Cannot read IP mode file for STMicroelectronics.X-CUBE-AZRTOS-H7RS.1.0.0
2024-05-16 22:19:59,911 [WARN] PackLoader:240 - Cannot read IP mode file for STMicroelectronics.FP-ATR-ASTRA1.2.0.0
2024-05-16 22:19:59,929 [WARN] PackLoader:240 - Cannot read IP mode file for STMicroelectronics.X-CUBE-TOF1.3.4.0
2024-05-16 22:19:59,958 [WARN] PackLoader:240 - Cannot read IP mode file for STMicroelectronics.X-CUBE-TOF1.3.4.1
2024-05-16 22:19:59,999 [WARN] PackLoader:240 - Cannot read IP mode file for STMicroelectronics.X-CUBE-AZRTOS-H7.3.2.0
2024-05-16 22:20:00,005 [INFO] ThirdParty:978 - Integrity check success = true
2024-05-16 22:20:00,005 [INFO] IntegrityCheckThread:100 - exiting critical section [integrity check]
2024-05-16 22:20:00,005 [INFO] IntegrityCheckThread:103 - End integrity checks thread
2024-05-16 22:20:00,533 [INFO] ApiDb:668 - CubeFinder database Data Model version=2.1
2024-05-16 22:20:00,534 [INFO] ApiDb:669 - CubeFinder database Configuration version=3.0.39
2024-05-16 22:20:00,534 [INFO] ApiDb:670 - CubeFinder database generation date=2024-04-15 (1713193726)
2024-05-16 22:20:00,534 [INFO] ApiDb:671 - CubeFinder database FW Pack versions=[FP-ATR-ASTRA1_V2.0.0, FP-SNS-FLIGHT1_V5.0.1, FP-SNS-FLIGHT1_V5.0.2, FP-SNS-MOTENV1_V4.3.1, FP-SNS-MOTENV1_V4.3.2, FP-SNS-MOTENVWB1_V1.3.1, FP-SNS-SMARTAG2_V1.2.0, STM32Cube_FW_C0_V1.1.0, STM32Cube_FW_F4_V1.28.0, STM32Cube_FW_F7_V1.17.0, STM32Cube_FW_G0_V1.6.2, STM32Cube_FW_G4_V1.5.2, STM32Cube_FW_H5_V0.5.1, STM32Cube_FW_H5_V1.1.1, STM32Cube_FW_H5_V1.2.0, STM32Cube_FW_H5_V1.2.0RC4, STM32Cube_FW_H7RS_V1.0.0, STM32Cube_FW_H7RS_V1.0.0RC4, STM32Cube_FW_H7_V1.11.0, STM32Cube_FW_L0_V1.12.2, STM32Cube_FW_L5_V1.5.1, STM32Cube_FW_U0_V1.0.0, STM32Cube_FW_U0_V1.0.0RC1, STM32Cube_FW_U5_V1.3.0RC4, STM32Cube_FW_U5_V1.5.0, STM32Cube_FW_U5_V1.5.0RC1, STM32Cube_FW_WBA_V1.0.0RC1, STM32Cube_FW_WBA_V1.2.0, STM32Cube_FW_WBA_V1.2.0RC2, STM32Cube_FW_WBA_V1.3.0, STM32Cube_FW_WBA_V1.3.0RC1, STM32Cube_FW_WB_V1.15.0RC1, STM32Cube_FW_WB_V1.16.0, STM32Cube_FW_WB_V1.16.0RC2, STM32Cube_FW_WB_V1.18.0, STM32Cube_FW_WB_V1.19.0, STM32Cube_FW_WL_V1.3.0, X-CUBE-ALGOBUILD_V1.3.0, X-CUBE-ALS_V1.0.1, X-CUBE-AZRTOS-F4_V1.1.0, X-CUBE-AZRTOS-F7_V1.1.0, X-CUBE-AZRTOS-G0_V1.1.0, X-CUBE-AZRTOS-G4_V2.0.0, X-CUBE-AZRTOS-H7_V3.2.0, X-CUBE-AZRTOS-L4_V1.0.0, X-CUBE-AZRTOS-L4_V2.0.0, X-CUBE-AZRTOS-L5_V1.1.0, X-CUBE-AZRTOS-WB_V2.0.0, X-CUBE-AZRTOS-WL_V2.0.0, X-CUBE-BLE1_V7.0.0, X-CUBE-BLE2_V3.3.0, X-CUBE-BLEMGR_V3.1.0, X-CUBE-EEPRMA1_V4.1.0, X-CUBE-EEPRMA1_V5.1.0, X-CUBE-FREERTOS_V1.1.0, X-CUBE-GNSS1_V6.0.0, X-CUBE-MEMS1_V10.0.0, X-CUBE-MEMS1_V9.1.0, X-CUBE-MEMS1_V9.4.0, X-CUBE-MEMS1_V9.6.0, X-CUBE-NFC4_V3.0.0, X-CUBE-NFC7_V1.0.1, X-CUBE-SFXS2LP1_V4.0.0, X-CUBE-SUBG2_V5.0.0, X-CUBE-TOF1_V3.4.0]
2024-05-16 22:20:00,616 [INFO] DbBoardsSqlite:226 - include board P-NUCLEO-WB55-NUCLEO as a kit item of type 'Nucleo-64'
2024-05-16 22:20:00,616 [INFO] DbBoardsSqlite:226 - include board P-NUCLEO-WB55-USBDONGLE as a kit item of type 'Nucleo USB Dongle'
2024-05-16 22:20:00,616 [INFO] DbBoardsSqlite:226 - include board STEVAL-IDP005V1 as a kit item of type 'Evaluation Board'
2024-05-16 22:20:00,617 [INFO] DbBoardsSqlite:226 - include board STEVAL-IDP005V2 as a kit item of type 'Evaluation Board'
2024-05-16 22:20:00,689 [INFO] ApiDb:240 - Found 483 in-development CPN: [B-G473E-ZEST1S, B-WB1M-WPAN1, B-WL5M-SUBG1, NUCLEO-C031C6, NUCLEO-H503RB, NUCLEO-H533RE, NUCLEO-H563ZI, NUCLEO-H7S3L8, NUCLEO-U031R8, NUCLEO-U083RC, NUCLEO-U545RE-Q, NUCLEO-U5A5ZJ-Q, NUCLEO-WBA52CG, NUCLEO-WBA55CG, STEVAL-PROTEUS1, STEVAL-SMARTAG2, STEVAL-STWINBX1, STM320518-EVAL, STM32C0116-DK, STM32C011D6Y3TR, STM32C011D6Y6TR, STM32C011F4P3, STM32C011F4P6, STM32C011F4U3, STM32C011F4U6TR, STM32C011F6P3, STM32C011F6P6, STM32C011F6U3, STM32C011F6U6TR, STM32C011J4M3, STM32C011J4M6, STM32C011J6M3, STM32C011J6M6, STM32C0316-DK, STM32C031C4T3, STM32C031C4T6, STM32C031C4U3, STM32C031C4U6, STM32C031C6T3, STM32C031C6T6, STM32C031C6U3, STM32C031C6U6, STM32C031F4P3, STM32C031F4P6, STM32C031F6P3, STM32C031F6P6, STM32C031G4U3, STM32C031G4U6, STM32C031G6U3, STM32C031G6U6, STM32C031K4T3, STM32C031K4T6, STM32C031K4U3, STM32C031K4U6, STM32C031K6T3, STM32C031K6T6, STM32C031K6U3, STM32C031K6U6, STM32G071K8TXN, STM32G071K8UXN, STM32G081GBU6N, STM32G081KBT6N, STM32G081KBUXN, STM32G0B1CCT6N, STM32G0B1KCT6, STM32G0B1NEY6TR, STM32G0B1RCT6N, STM32G0C1CCT6, STM32G0C1CCT6N, STM32G0C1CCU6N, STM32G0C1CET6N, STM32G0C1CEU6N, STM32G0C1KCT6, STM32G0C1NEY6TR, STM32G0C1RCI6N, STM32G0C1RCT6N, STM32G0C1REI6N, STM32G0C1RET6N, STM32G0C1VCI6, STM32G0C1VEI6, STM32G471CCT6, STM32G471CCU6, STM32G471CET3, STM32G471CET6, STM32G471CEU3, STM32G471CEU6, STM32G471MCT6, STM32G471MET3, STM32G471MET6, STM32G471MEY6TR, STM32G471QCT6, STM32G471QET3, STM32G471RCT6, STM32G471RET3, STM32G471RET6, STM32G471VCH6, STM32G471VCI6, STM32G471VCT6, STM32G471VEH3, STM32G471VEH6, STM32G471VEI3, STM32G471VEI6, STM32G471VET3, STM32G471VET6, STM32G474CCT6, STM32H503CBT6, STM32H503CBU6, STM32H503EBY6TR, STM32H503KBU6, STM32H503RBT6, STM32H523CCT6, STM32H523CCU6, STM32H523CET6, STM32H523CEU6, STM32H523HEY6TR, STM32H523RCT6, STM32H523RET6, STM32H523VCI6, STM32H523VCT6, STM32H523VEI6, STM32H523VET6, STM32H523ZCJ6, STM32H523ZCT6, STM32H523ZEJ6, STM32H523ZET6, STM32H533CET6, STM32H533CEU6, STM32H533HEY6TR, STM32H533RET6, STM32H533VEI6, STM32H533VET6, STM32H533ZEJ6, STM32H533ZET6, STM32H562AGI6, STM32H562AII6, STM32H562IGK6, STM32H562IGT6, STM32H562IIK6, STM32H562IIT6, STM32H562RGT6, STM32H562RGV6, STM32H562RIT6, STM32H562RIV6, STM32H562VGT6, STM32H562VIT6, STM32H562ZGT6, STM32H562ZIT6, STM32H563AGI6, STM32H563AII3Q, STM32H563AII6, STM32H563IGK6, STM32H563IGT6, STM32H563IIK3Q, STM32H563IIK6, STM32H563IIT3Q, STM32H563IIT6, STM32H563MIY3QTR, STM32H563RGT6, STM32H563RGV6, STM32H563RIT6, STM32H563RIV6, STM32H563VGT6, STM32H563VIT3Q, STM32H563VIT6, STM32H563ZGT6, STM32H563ZIT3Q, STM32H563ZIT6, STM32H573AII3Q, STM32H573AII6, STM32H573I-DK, STM32H573IIK3Q, STM32H573IIK6, STM32H573IIT3Q, STM32H573IIT6, STM32H573MIY3QTR, STM32H573RIT6, STM32H573RIV6, STM32H573VIT3Q, STM32H573VIT6, STM32H573ZIT3Q, STM32H573ZIT6, STM32H7R3A8I6, STM32H7R3I8K6, STM32H7R3I8T6, STM32H7R3L8H6, STM32H7R3L8H6H, STM32H7R3R8V6, STM32H7R3V8H6, STM32H7R3V8T6, STM32H7R3V8Y6, STM32H7R3Z8J6, STM32H7R3Z8T6, STM32H7R7A8I6, STM32H7R7I8K6, STM32H7R7I8T6, STM32H7R7L8H6, STM32H7R7L8H6H, STM32H7R7Z8J6, STM32H7S3A8I6, STM32H7S3I8K6, STM32H7S3I8T6, STM32H7S3L8H6, STM32H7S3L8H6H, STM32H7S3R8V6, STM32H7S3V8H6, STM32H7S3V8T6, STM32H7S3V8Y6, STM32H7S3Z8J6, STM32H7S3Z8T6, STM32H7S78-DK, STM32H7S7A8I6, STM32H7S7I8K6, STM32H7S7I8T6, STM32H7S7L8H6, STM32H7S7L8H6H, STM32H7S7Z8J6, STM32L4R5QGI6STR, STM32MP131AAE3, STM32MP131AAF3, STM32MP131AAG3, STM32MP131CAE3, STM32MP131CAF3, STM32MP131CAG3, STM32MP131DAE7, STM32MP131DAF7, STM32MP131DAG7, STM32MP131FAE7, STM32MP131FAF7, STM32MP131FAG7, STM32MP133AAE3, STM32MP133AAF3, STM32MP133AAG3, STM32MP133CAE3, STM32MP133CAF3, STM32MP133CAG3, STM32MP133DAE7, STM32MP133DAF7, STM32MP133DAG7, STM32MP133FAE7, STM32MP133FAF7, STM32MP133FAG7, STM32MP135AAE3, STM32MP135AAF3, STM32MP135AAG3, STM32MP135CAE3, STM32MP135CAF3, STM32MP135CAG3, STM32MP135DAE7, STM32MP135DAF7, STM32MP135DAG7, STM32MP135F-DK, STM32MP135FAE7, STM32MP135FAF7, STM32MP135FAF7T, STM32MP135FAF7U, STM32MP135FAG7, STM32U031C6T6, STM32U031C6U6, STM32U031C8T6, STM32U031C8U6, STM32U031F4P6, STM32U031F6P6, STM32U031F8P6, STM32U031G6Y6TR, STM32U031G8Y6TR, STM32U031K4U6, STM32U031K6U6, STM32U031K8U6, STM32U031R6I6, STM32U031R6T6, STM32U031R8I6, STM32U031R8T6, STM32U073C8T6, STM32U073C8U6, STM32U073CBT6, STM32U073CBU6, STM32U073CCT6, STM32U073CCU6, STM32U073H8Y6TR, STM32U073HBY6TR, STM32U073HCY6TR, STM32U073K8U6, STM32U073KBU6, STM32U073KCU6, STM32U073M8I6, STM32U073M8T6, STM32U073MBI6, STM32U073MBT6, STM32U073MCI6, STM32U073MCT6, STM32U073R8I6, STM32U073R8T6, STM32U073RBI6, STM32U073RBT6, STM32U073RCI6, STM32U073RCT6, STM32U083C-DK, STM32U083CCT6, STM32U083CCU6, STM32U083HCY6TR, STM32U083KCU6, STM32U083MCI6, STM32U083MCT6, STM32U083RCI6, STM32U083RCT6, STM32U535CBT6, STM32U535CBT6Q, STM32U535CBU6, STM32U535CBU6Q, STM32U535CCT6, STM32U535CCT6Q, STM32U535CCU6, STM32U535CCU6Q, STM32U535CET6, STM32U535CET6Q, STM32U535CEU6, STM32U535CEU6Q, STM32U535JEY6QTR, STM32U535NCY6QTR, STM32U535NEY6QTR, STM32U535RBI6, STM32U535RBI6Q, STM32U535RBT6, STM32U535RBT6Q, STM32U535RCI6, STM32U535RCI6Q, STM32U535RCT6, STM32U535RCT6Q, STM32U535REI6, STM32U535REI6Q, STM32U535RET6, STM32U535RET6Q, STM32U535VCI6, STM32U535VCI6Q, STM32U535VCT6, STM32U535VCT6Q, STM32U535VEI6, STM32U535VEI6Q, STM32U535VET6, STM32U535VET6Q, STM32U545CET6, STM32U545CET6Q, STM32U545CEU6, STM32U545CEU6Q, STM32U545JEY6QTR, STM32U545NEY6QTR, STM32U545REI6, STM32U545REI6Q, STM32U545RET6, STM32U545RET6Q, STM32U545VEI6, STM32U545VEI6Q, STM32U545VET6, STM32U545VET6Q, STM32U595AIH6, STM32U595AIH6Q, STM32U595AJH6, STM32U595AJH6Q, STM32U595QII6, STM32U595QII6Q, STM32U595QJI6, STM32U595QJI6Q, STM32U595RIT6, STM32U595RIT6Q, STM32U595RJT6, STM32U595RJT6Q, STM32U595VIT6, STM32U595VIT6Q, STM32U595VJT6, STM32U595VJT6Q, STM32U595ZIT6, STM32U595ZIT6Q, STM32U595ZIY6QTR, STM32U595ZJT6, STM32U595ZJT6Q, STM32U595ZJY6QTR, STM32U599BJY6QTR, STM32U599NIH6Q, STM32U599NJH6Q, STM32U599VIT6Q, STM32U599VJT6, STM32U599VJT6Q, STM32U599ZIT6Q, STM32U599ZIY6QTR, STM32U599ZJT6Q, STM32U599ZJY6QTR, STM32U5A5AJH6, STM32U5A5AJH6Q, STM32U5A5QII3Q , STM32U5A5QJI6, STM32U5A5QJI6Q, STM32U5A5RJT6, STM32U5A5RJT6Q, STM32U5A5VJT6, STM32U5A5VJT6Q, STM32U5A5ZJT6, STM32U5A5ZJT6Q, STM32U5A5ZJY6QTR, STM32U5A9BJY6QTR, STM32U5A9J-DK, STM32U5A9NJH6Q, STM32U5A9VJT6Q, STM32U5A9ZJT6Q, STM32U5A9ZJY6QTR, STM32U5F7VIT6, STM32U5F7VIT6Q, STM32U5F7VJT6, STM32U5F7VJT6Q, STM32U5F9BJY6QTR, STM32U5F9NJH6Q, STM32U5F9VIT6Q, STM32U5F9VJT6Q, STM32U5F9ZIJ6QTR, STM32U5F9ZIT6Q, STM32U5F9ZJJ6QTR, STM32U5F9ZJT6Q, STM32U5G7VJT6, STM32U5G7VJT6Q, STM32U5G9BJY6QTR, STM32U5G9J-DK1, STM32U5G9J-DK2, STM32U5G9NJH6Q, STM32U5G9VJT6Q, STM32U5G9ZJJ6QTR, STM32U5G9ZJT6Q, STM32WB1MMCH6, STM32WBA50KEU6, STM32WBA50KEU6TR, STM32WBA50KGU6, STM32WBA50KGU6TR, STM32WBA52CEU6, STM32WBA52CEU6TR, STM32WBA52CEU7, STM32WBA52CEU7TR, STM32WBA52CGU6, STM32WBA52CGU6TR, STM32WBA52CGU6U, STM32WBA52CGU7, STM32WBA52CGU7TR, STM32WBA52KEU6, STM32WBA52KEU6TR, STM32WBA52KGU6, STM32WBA52KGU6TR, STM32WBA54CEU6, STM32WBA54CEU6TR, STM32WBA54CEU7, STM32WBA54CEU7TR, STM32WBA54CGU6, STM32WBA54CGU6TR, STM32WBA54CGU7, STM32WBA54CGU7TR, STM32WBA54KEU6, STM32WBA54KEU6TR, STM32WBA54KEU7, STM32WBA54KEU7TR, STM32WBA54KGU6, STM32WBA54KGU6TR, STM32WBA54KGU7, STM32WBA54KGU7TR, STM32WBA55CEU6, STM32WBA55CEU6TR, STM32WBA55CEU7, STM32WBA55CEU7TR, STM32WBA55CGU6, STM32WBA55CGU6TR, STM32WBA55CGU6U, STM32WBA55CGU7, STM32WBA55CGU7TR, STM32WBA55G-DK1, STM32WBA55HEF6, STM32WBA55HEF7, STM32WBA55HGF6, STM32WBA55HGF7, STM32WBA55UEI6, STM32WBA55UEI6TR, STM32WBA55UEI7, STM32WBA55UEI7TR, STM32WBA55UGI6, STM32WBA55UGI6TR, STM32WBA55UGI7, STM32WBA55UGI7TR, STM32WL5MOCH6, STM32WL5MOCH6TR]
2024-05-16 22:20:00,926 [INFO] BoardInfo:889 - No configuration file found for board P-NUCLEO-WB55
2024-05-16 22:20:00,928 [INFO] DbBoards:161 - Kit is not supported: P-NUCLEO-WB55
2024-05-16 22:20:00,936 [INFO] BoardInfo:889 - No configuration file found for board STEVAL-BFA001V1B
2024-05-16 22:20:00,937 [INFO] DbBoards:161 - Kit is not supported: STEVAL-BFA001V1B
2024-05-16 22:20:00,939 [INFO] BoardInfo:889 - No configuration file found for board STEVAL-BFA001V2B
2024-05-16 22:20:00,939 [INFO] DbBoards:161 - Kit is not supported: STEVAL-BFA001V2B
2024-05-16 22:20:01,161 [INFO] DbBoards:168 - Found 199 boards, 196 are supported
2024-05-16 22:20:01,161 [INFO] DbBoards:169 - Found 199 boards, 8 of them is supported for  Bsp
2024-05-16 22:20:01,165 [INFO] ApiDb:423 - Load user favorites file C:\Users\MrIro/.stm32cubeide/favorites.boards.txt: 1 item(s)
2024-05-16 22:20:01,165 [INFO] ApiDb:427 - User favorites Boards=[NUCLEO-L452RE-P]
2024-05-16 22:20:01,166 [INFO] DbBoards:198 - Set 1 / 1 favorites Boards
2024-05-16 22:20:01,169 [INFO] ApiDb:668 - CubeFinder database Data Model version=2.1
2024-05-16 22:20:01,169 [INFO] ApiDb:669 - CubeFinder database Configuration version=3.0.39
2024-05-16 22:20:01,169 [INFO] ApiDb:670 - CubeFinder database generation date=2024-04-15 (1713193726)
2024-05-16 22:20:01,169 [INFO] ApiDb:671 - CubeFinder database FW Pack versions=[FP-ATR-ASTRA1_V2.0.0, FP-SNS-FLIGHT1_V5.0.1, FP-SNS-FLIGHT1_V5.0.2, FP-SNS-MOTENV1_V4.3.1, FP-SNS-MOTENV1_V4.3.2, FP-SNS-MOTENVWB1_V1.3.1, FP-SNS-SMARTAG2_V1.2.0, STM32Cube_FW_C0_V1.1.0, STM32Cube_FW_F4_V1.28.0, STM32Cube_FW_F7_V1.17.0, STM32Cube_FW_G0_V1.6.2, STM32Cube_FW_G4_V1.5.2, STM32Cube_FW_H5_V0.5.1, STM32Cube_FW_H5_V1.1.1, STM32Cube_FW_H5_V1.2.0, STM32Cube_FW_H5_V1.2.0RC4, STM32Cube_FW_H7RS_V1.0.0, STM32Cube_FW_H7RS_V1.0.0RC4, STM32Cube_FW_H7_V1.11.0, STM32Cube_FW_L0_V1.12.2, STM32Cube_FW_L5_V1.5.1, STM32Cube_FW_U0_V1.0.0, STM32Cube_FW_U0_V1.0.0RC1, STM32Cube_FW_U5_V1.3.0RC4, STM32Cube_FW_U5_V1.5.0, STM32Cube_FW_U5_V1.5.0RC1, STM32Cube_FW_WBA_V1.0.0RC1, STM32Cube_FW_WBA_V1.2.0, STM32Cube_FW_WBA_V1.2.0RC2, STM32Cube_FW_WBA_V1.3.0, STM32Cube_FW_WBA_V1.3.0RC1, STM32Cube_FW_WB_V1.15.0RC1, STM32Cube_FW_WB_V1.16.0, STM32Cube_FW_WB_V1.16.0RC2, STM32Cube_FW_WB_V1.18.0, STM32Cube_FW_WB_V1.19.0, STM32Cube_FW_WL_V1.3.0, X-CUBE-ALGOBUILD_V1.3.0, X-CUBE-ALS_V1.0.1, X-CUBE-AZRTOS-F4_V1.1.0, X-CUBE-AZRTOS-F7_V1.1.0, X-CUBE-AZRTOS-G0_V1.1.0, X-CUBE-AZRTOS-G4_V2.0.0, X-CUBE-AZRTOS-H7_V3.2.0, X-CUBE-AZRTOS-L4_V1.0.0, X-CUBE-AZRTOS-L4_V2.0.0, X-CUBE-AZRTOS-L5_V1.1.0, X-CUBE-AZRTOS-WB_V2.0.0, X-CUBE-AZRTOS-WL_V2.0.0, X-CUBE-BLE1_V7.0.0, X-CUBE-BLE2_V3.3.0, X-CUBE-BLEMGR_V3.1.0, X-CUBE-EEPRMA1_V4.1.0, X-CUBE-EEPRMA1_V5.1.0, X-CUBE-FREERTOS_V1.1.0, X-CUBE-GNSS1_V6.0.0, X-CUBE-MEMS1_V10.0.0, X-CUBE-MEMS1_V9.1.0, X-CUBE-MEMS1_V9.4.0, X-CUBE-MEMS1_V9.6.0, X-CUBE-NFC4_V3.0.0, X-CUBE-NFC7_V1.0.1, X-CUBE-SFXS2LP1_V4.0.0, X-CUBE-SUBG2_V5.0.0, X-CUBE-TOF1_V3.4.0]
2024-05-16 22:20:02,074 [ERROR] DbExamplesSqlite:437 - Missing JSON key: board_cpn
2024-05-16 22:20:02,074 [ERROR] DbExamplesSqlite:437 - Missing JSON key: board_cpn
2024-05-16 22:20:02,075 [ERROR] DbExamplesSqlite:437 - Missing JSON key: board_cpn
2024-05-16 22:20:02,075 [ERROR] DbExamplesSqlite:437 - Missing JSON key: board_cpn
2024-05-16 22:20:02,185 [INFO] DbExamplesSqlite:395 - Ignored 60 examples not supported by CubeIDE
2024-05-16 22:20:02,185 [INFO] DbExamplesSqlite:396 - Found 8152 examples active
2024-05-16 22:20:02,185 [INFO] DbExamplesSqlite:397 - Found 871 examples obsolete
2024-05-16 22:20:02,186 [INFO] DbExamplesSqlite:398 - Found 0 examples under development
2024-05-16 22:20:02,186 [INFO] DbExamplesSqlite:399 - Found 10 examples not building
2024-05-16 22:20:02,189 [INFO] DbExamples:125 - Found 8102 examples
2024-05-16 22:20:02,206 [INFO] DbExamples:222 - Found 101 boards with related examples
2024-05-16 22:20:02,208 [INFO] DbExamples:235 - Found 86 MCUs with related examples
2024-05-16 22:20:02,238 [INFO] ApiDb:423 - Load user favorites file C:\Users\MrIro/.stm32cubeide/favorites.examples.txt: 0 item(s)
2024-05-16 22:20:02,238 [INFO] ApiDb:427 - User favorites Examples=[]
2024-05-16 22:20:02,239 [INFO] DbExamples:250 - Set 0 / 0 favorites Examples
2024-05-16 22:20:02,566 [INFO] McuFinderGlobals:76 - Set McuFinderConnectedMode to true
2024-05-16 22:20:02,582 [INFO] MultiScanPanel:200 - Auto-refresh data requested => check proxy status ongoing
2024-05-16 22:20:02,589 [INFO] FinderPluginLoader:95 - Searching for filters in installed packs
2024-05-16 22:20:02,594 [INFO] FinderPluginLoader:108 - Found C:\Users\MrIro\STM32Cube\Repository\Packs\STMicroelectronics\X-CUBE-AI\8.0.1\CubeMX\plugins\ip\ai.8.0.1.jar
2024-05-16 22:20:02,595 [INFO] FinderPluginLoader:118 - Loading ai.8.0.1
2024-05-16 22:20:02,665 [INFO] McuExtendedFiltersManager:95 - Add MCU extended filter: Artificial Intelligence
2024-05-16 22:20:04,082 [INFO] AInterface:109 - AInterface using toolDir: C:/Users/MrIro/STM32Cube/Repository//Packs/STMicroelectronics/X-CUBE-AI/8.0.1/Utilities/windows
2024-05-16 22:20:04,642 [INFO] LoadUrlFilesThread:185 - End of LoadServerUrlFiles without Thread
2024-05-16 22:20:04,655 [INFO] DetailPanel:341 - Set advertising image to C:/Users/MrIro/STM32Cube/Repository/\en.prom-stm32h7rs-mcu-finder.jpg
2024-05-16 22:21:26,296 [INFO] MainUpdater:2873 - connection check result : 10
2024-05-16 22:21:26,296 [INFO] MainUpdater:2873 - connection check result : 10
2024-05-16 22:21:34,650 [INFO] MicroXplorer:468 - Change Database Path : 
2024-05-16 22:21:34,651 [INFO] MicroXplorer:498 - Change Database Version : DB.6.0.111
2024-05-16 22:21:34,663 [WARN] ThirdParty:871 - waiting for thirdparty lock release [close project]
2024-05-16 22:21:34,663 [INFO] ThirdParty:873 - entering critical section [close project]
2024-05-16 22:21:34,664 [INFO] ThirdParty:883 - exiting critical section [close project]
2024-05-16 22:21:34,668 [INFO] PinOutPanel:1561 - setPackage(No Configuration,No Configuration)
2024-05-16 22:21:34,674 [INFO] UtilMem:75 - Begin LoadConfig() Used Memory: 310280192 Bytes (603979776)
2024-05-16 22:21:34,677 [INFO] MicroXplorer:468 - Change Database Path : 
2024-05-16 22:21:34,677 [INFO] MicroXplorer:498 - Change Database Version : DB.6.0.111
2024-05-16 22:21:34,677 [INFO] OpenFileManager:312 - Change cursor
2024-05-16 22:21:34,735 [INFO] Mcu:2021 - Initializing MCU STM32F746NGHx STM32F746NGHx STM32F746NGH7
2024-05-16 22:21:40,064 [INFO] Context:663 - Trying to add GPIOservice into a context  which must be forbidden
2024-05-16 22:21:41,068 [INFO] ImportTextPane:194 - (OptionalMessage_ERROR) Unable to find key (Mcu.ThirdPartyNb) in loaded IOC file
2024-05-16 22:21:41,068 [INFO] ImportTextPane:194 - (OptionalMessage_ERROR) Unable to find key (Mcu.PinsNb) in loaded IOC file
2024-05-16 22:21:41,069 [INFO] ImportTextPane:194 - (OptionalMessage_ERROR) Unable to find key (Mcu.IPNb) in loaded IOC file
2024-05-16 22:21:41,516 [INFO] RtosManager:555 - Registered RTOS mode: class=CMSIS, group=RTOS, mode=CMSIS_V1, owner=FREERTOS
2024-05-16 22:21:41,517 [INFO] RtosManager:555 - Registered RTOS mode: class=CMSIS, group=RTOS2, mode=CMSIS_V2, owner=FREERTOS
2024-05-16 22:21:41,517 [INFO] RtosManager:555 - Registered RTOS mode: class=RTOS, group=Core, mode=CMSIS_V1, owner=FREERTOS
2024-05-16 22:21:41,517 [INFO] RtosManager:555 - Registered RTOS mode: class=RTOS, group=Core, mode=CMSIS_V2, owner=FREERTOS
2024-05-16 22:21:41,517 [WARN] ModelIntegratedComponent:184 - Missing modes for component STMicroelectronics:FreeRTOS:0.0.1:STMicroelectronics:RTOS:FreeRTOS:Core:::10.2.0:
2024-05-16 22:21:41,525 [WARN] ModelIntegratedComponent:63 - No mode defined for component null
2024-05-16 22:21:41,525 [WARN] ModelIntegratedComponent:63 - No mode defined for component null
2024-05-16 22:21:41,526 [WARN] ModelIntegratedComponent:63 - No mode defined for component null
2024-05-16 22:21:41,526 [WARN] ModelIntegratedComponent:63 - No mode defined for component null
2024-05-16 22:21:41,526 [WARN] ModelIntegratedComponent:63 - No mode defined for component null
2024-05-16 22:21:41,526 [WARN] ModelIntegratedComponent:63 - No mode defined for component null
2024-05-16 22:21:41,526 [WARN] ModelIntegratedComponent:63 - No mode defined for component null
2024-05-16 22:21:41,526 [WARN] ModelIntegratedComponent:63 - No mode defined for component null
2024-05-16 22:21:41,526 [WARN] ModelIntegratedComponent:63 - No mode defined for component null
2024-05-16 22:21:41,526 [WARN] ModelIntegratedComponent:63 - No mode defined for component null
2024-05-16 22:21:41,526 [WARN] ModelIntegratedComponent:63 - No mode defined for component null
2024-05-16 22:21:41,526 [WARN] ModelIntegratedComponent:63 - No mode defined for component null
2024-05-16 22:21:41,526 [WARN] ModelIntegratedComponent:63 - No mode defined for component null
2024-05-16 22:21:41,526 [WARN] ModelIntegratedComponent:63 - No mode defined for component null
2024-05-16 22:21:41,526 [WARN] ModelIntegratedComponent:63 - No mode defined for component null
2024-05-16 22:21:41,526 [WARN] ModelIntegratedComponent:63 - No mode defined for component null
2024-05-16 22:21:41,527 [WARN] ModelIntegratedComponent:63 - No mode defined for component null
2024-05-16 22:21:41,527 [WARN] ModelIntegratedComponent:63 - No mode defined for component null
2024-05-16 22:21:41,527 [WARN] ModelIntegratedComponent:63 - No mode defined for component null
2024-05-16 22:21:41,527 [WARN] ModelIntegratedComponent:63 - No mode defined for component null
2024-05-16 22:21:41,527 [WARN] ModelIntegratedComponent:63 - No mode defined for component null
2024-05-16 22:21:41,527 [WARN] ModelIntegratedComponent:63 - No mode defined for component null
2024-05-16 22:21:41,527 [WARN] ModelIntegratedComponent:63 - No mode defined for component null
2024-05-16 22:21:41,527 [WARN] ModelIntegratedComponent:63 - No mode defined for component null
2024-05-16 22:21:41,527 [WARN] ModelIntegratedComponent:63 - No mode defined for component null
2024-05-16 22:21:41,527 [WARN] ModelIntegratedComponent:63 - No mode defined for component null
2024-05-16 22:21:41,527 [WARN] ModelIntegratedComponent:63 - No mode defined for component null
2024-05-16 22:21:41,527 [WARN] ModelIntegratedComponent:63 - No mode defined for component null
2024-05-16 22:21:41,527 [WARN] ModelIntegratedComponent:63 - No mode defined for component null
2024-05-16 22:21:41,527 [WARN] ModelIntegratedComponent:63 - No mode defined for component null
2024-05-16 22:21:41,527 [WARN] ModelIntegratedComponent:63 - No mode defined for component null
2024-05-16 22:21:41,527 [WARN] ModelIntegratedComponent:63 - No mode defined for component null
2024-05-16 22:21:41,527 [WARN] ModelIntegratedComponent:63 - No mode defined for component null
2024-05-16 22:21:41,528 [WARN] ModelIntegratedComponent:63 - No mode defined for component null
2024-05-16 22:21:41,847 [INFO] ThirdPartyModel:298 - Start build external matchings
2024-05-16 22:21:44,530 [INFO] ThirdPartyModel:316 - End build external matchings
2024-05-16 22:21:45,389 [INFO] UtilMem:75 - End LoadConfig() Used Memory: 449461160 Bytes (603979776)
2024-05-16 22:21:45,685 [WARN] ThirdParty:833 - waiting for thirdparty lock release [change project]
2024-05-16 22:21:45,686 [INFO] ThirdParty:835 - entering critical section [change project]
2024-05-16 22:21:45,687 [INFO] ThirdParty:1030 - CMSIS Pack Vendor :STMicroelectronics USBPD 4.1
2024-05-16 22:21:45,687 [INFO] ThirdParty:1030 - CMSIS Pack Vendor :STMicroelectronics X-CUBE-GNSS1 6.0.0
2024-05-16 22:21:45,687 [INFO] ThirdParty:1030 - CMSIS Pack Vendor :STMicroelectronics USB_HOST 2.0.0
2024-05-16 22:21:45,687 [INFO] ThirdParty:1030 - CMSIS Pack Vendor :STMicroelectronics FP-SNS-MOTENVWB1 1.4.0
2024-05-16 22:21:45,687 [INFO] ThirdParty:1030 - CMSIS Pack Vendor :STMicroelectronics X-CUBE-AZRTOS-F4 1.1.0
2024-05-16 22:21:45,688 [INFO] ThirdParty:1030 - CMSIS Pack Vendor :STMicroelectronics LIBJPEG 8.0.0
2024-05-16 22:21:45,688 [INFO] ThirdParty:1030 - CMSIS Pack Vendor :STMicroelectronics X-CUBE-SMBUS 2.1.0
2024-05-16 22:21:45,688 [INFO] ThirdParty:1030 - CMSIS Pack Vendor :wolfSSL I-CUBE-wolfSSL 5.6.0
2024-05-16 22:21:45,688 [INFO] ThirdParty:1030 - CMSIS Pack Vendor :STMicroelectronics X-CUBE-FREERTOS 1.2.0
2024-05-16 22:21:45,688 [INFO] ThirdParty:1030 - CMSIS Pack Vendor :STMicroelectronics X-CUBE-TOUCHGFX 4.23.0
2024-05-16 22:21:45,688 [INFO] ThirdParty:1030 - CMSIS Pack Vendor :STMicroelectronics X-CUBE-TOUCHGFX 4.23.2
2024-05-16 22:21:45,688 [INFO] ThirdParty:1030 - CMSIS Pack Vendor :STMicroelectronics X-CUBE-AZRTOS-F7 1.1.0
2024-05-16 22:21:45,688 [INFO] ThirdParty:1030 - CMSIS Pack Vendor :STMicroelectronics X-CUBE-AZRTOS-L5 2.0.0
2024-05-16 22:21:45,688 [INFO] ThirdParty:1030 - CMSIS Pack Vendor :STMicroelectronics USB_DEVICE 2.0.0
2024-05-16 22:21:45,688 [INFO] ThirdParty:1030 - CMSIS Pack Vendor :STMicroelectronics X-CUBE-MEMS1 9.6.0
2024-05-16 22:21:45,689 [INFO] ThirdParty:1030 - CMSIS Pack Vendor :STMicroelectronics X-CUBE-EEPRMA1 4.2.0
2024-05-16 22:21:45,689 [INFO] ThirdParty:1030 - CMSIS Pack Vendor :STMicroelectronics X-CUBE-NFC6 3.1.0
2024-05-16 22:21:45,689 [INFO] ThirdParty:1030 - CMSIS Pack Vendor :ITTIA_DB I-CUBE-ITTIADB 8.8.0
2024-05-16 22:21:45,689 [INFO] ThirdParty:1030 - CMSIS Pack Vendor :STMicroelectronics FP-SNS-MOTENV1 4.3.0
2024-05-16 22:21:45,689 [INFO] ThirdParty:1030 - CMSIS Pack Vendor :STMicroelectronics FP-SNS-MOTENV1 4.3.2
2024-05-16 22:21:45,689 [INFO] ThirdParty:1030 - CMSIS Pack Vendor :STMicroelectronics FP-SNS-FLIGHT1 5.0.0
2024-05-16 22:21:45,690 [INFO] ThirdParty:1030 - CMSIS Pack Vendor :STMicroelectronics FP-SNS-FLIGHT1 5.0.1
2024-05-16 22:21:45,690 [INFO] ThirdParty:1030 - CMSIS Pack Vendor :STMicroelectronics X-CUBE-BLE1 6.2.4
2024-05-16 22:21:45,690 [INFO] ThirdParty:1030 - CMSIS Pack Vendor :STMicroelectronics FreeRTOS 0.0.1
2024-05-16 22:21:45,690 [INFO] ThirdParty:1030 - CMSIS Pack Vendor :emotas I-CUBE-CANOPEN 1.1.3
2024-05-16 22:21:45,690 [INFO] ThirdParty:1030 - CMSIS Pack Vendor :STMicroelectronics X-CUBE-BLEMGR 2.0.0
2024-05-16 22:21:45,690 [INFO] ThirdParty:1030 - CMSIS Pack Vendor :STMicroelectronics FP-SNS-FLIGHT1 5.0.2
2024-05-16 22:21:45,690 [INFO] ThirdParty:1030 - CMSIS Pack Vendor :STMicroelectronics X-CUBE-AI 9.0.0
2024-05-16 22:21:45,690 [INFO] ThirdParty:1030 - CMSIS Pack Vendor :STMicroelectronics X-CUBE-AZRTOS-H7 3.1.0
2024-05-16 22:21:45,690 [INFO] ThirdParty:1030 - CMSIS Pack Vendor :STMicroelectronics PDM2PCM 3.3.0
2024-05-16 22:21:45,690 [INFO] ThirdParty:1030 - CMSIS Pack Vendor :STMicroelectronics X-CUBE-DISPLAY 3.0.0
2024-05-16 22:21:45,690 [INFO] ThirdParty:1030 - CMSIS Pack Vendor :STMicroelectronics X-CUBE-BLE1 7.0.0
2024-05-16 22:21:45,690 [INFO] ThirdParty:1030 - CMSIS Pack Vendor :STMicroelectronics HAL Drivers 0.0.0
2024-05-16 22:21:45,691 [INFO] ThirdParty:1030 - CMSIS Pack Vendor :STMicroelectronics X-CUBE-TOUCHGFX 4.22.0
2024-05-16 22:21:45,691 [INFO] ThirdParty:1030 - CMSIS Pack Vendor :STMicroelectronics X-CUBE-NFC7 1.0.1
2024-05-16 22:21:45,691 [INFO] ThirdParty:1030 - CMSIS Pack Vendor :STMicroelectronics MBEDTLS 2.14.1
2024-05-16 22:21:45,691 [INFO] ThirdParty:1030 - CMSIS Pack Vendor :STMicroelectronics X-CUBE-NFC7 1.0.0
2024-05-16 22:21:45,691 [INFO] ThirdParty:1030 - CMSIS Pack Vendor :STMicroelectronics X-CUBE-TOUCHGFX 4.22.1
2024-05-16 22:21:45,691 [INFO] ThirdParty:1030 - CMSIS Pack Vendor :STMicroelectronics X-CUBE-NFC6 3.0.0
2024-05-16 22:21:45,691 [INFO] ThirdParty:1030 - CMSIS Pack Vendor :STMicroelectronics X-CUBE-EEPRMA1 4.1.0
2024-05-16 22:21:45,691 [INFO] ThirdParty:1030 - CMSIS Pack Vendor :STMicroelectronics X-CUBE-BLEMGR 3.1.0
2024-05-16 22:21:45,691 [INFO] ThirdParty:1030 - CMSIS Pack Vendor :STMicroelectronics FP-SNS-SMARTAG2 1.2.0
2024-05-16 22:21:45,691 [INFO] ThirdParty:1030 - CMSIS Pack Vendor :STMicroelectronics X-CUBE-AZRTOS-WL 2.0.0
2024-05-16 22:21:45,691 [INFO] ThirdParty:1030 - CMSIS Pack Vendor :STMicroelectronics FP-SNS-MOTENV1 5.0.0
2024-05-16 22:21:45,692 [INFO] ThirdParty:1030 - CMSIS Pack Vendor :STMicroelectronics USB_DEVICE 1.0.0
2024-05-16 22:21:45,692 [INFO] ThirdParty:1030 - CMSIS Pack Vendor :STMicroelectronics X-CUBE-AI 8.1.0
2024-05-16 22:21:45,692 [INFO] ThirdParty:1030 - CMSIS Pack Vendor :STMicroelectronics X-CUBE-AZRTOS-L4 2.0.0
2024-05-16 22:21:45,692 [INFO] ThirdParty:1030 - CMSIS Pack Vendor :STMicroelectronics ThreadX 0.0.2
2024-05-16 22:21:45,692 [INFO] ThirdParty:1030 - CMSIS Pack Vendor :WES I-CUBE-Cesium 1.3.0
2024-05-16 22:21:45,692 [INFO] ThirdParty:1030 - CMSIS Pack Vendor :STMicroelectronics lwIP 2.1.2
2024-05-16 22:21:45,692 [INFO] ThirdParty:1030 - CMSIS Pack Vendor :STMicroelectronics X-CUBE-SFXS2LP1 4.0.0
2024-05-16 22:21:45,692 [INFO] ThirdParty:1030 - CMSIS Pack Vendor :STMicroelectronics X-CUBE-BLE2 3.3.0
2024-05-16 22:21:45,692 [INFO] ThirdParty:1030 - CMSIS Pack Vendor :STMicroelectronics PDM2PCM 3.2.0
2024-05-16 22:21:45,692 [INFO] ThirdParty:1030 - CMSIS Pack Vendor :STMicroelectronics X-CUBE-ISPU 1.1.0
2024-05-16 22:21:45,692 [INFO] ThirdParty:1030 - CMSIS Pack Vendor :STMicroelectronics USB_DEVICE 3.0.0
2024-05-16 22:21:45,693 [INFO] ThirdParty:1030 - CMSIS Pack Vendor :STMicroelectronics X-CUBE-TCPP 4.1.0
2024-05-16 22:21:45,693 [INFO] ThirdParty:1030 - CMSIS Pack Vendor :STMicroelectronics X-CUBE-AI 8.0.0
2024-05-16 22:21:45,693 [INFO] ThirdParty:1030 - CMSIS Pack Vendor :STMicroelectronics X-CUBE-AZRTOS-WB 2.0.0
2024-05-16 22:21:45,694 [INFO] ThirdParty:1030 - CMSIS Pack Vendor :STMicroelectronics X-CUBE-FREERTOS 1.0.1
2024-05-16 22:21:45,695 [INFO] ThirdParty:1030 - CMSIS Pack Vendor :STMicroelectronics X-CUBE-TOUCHGFX 4.21.3
2024-05-16 22:21:45,695 [INFO] ThirdParty:1030 - CMSIS Pack Vendor :STMicroelectronics X-CUBE-TOUCHGFX 4.21.4
2024-05-16 22:21:45,695 [INFO] ThirdParty:1030 - CMSIS Pack Vendor :STMicroelectronics X-CUBE-ALGOBUILD 1.3.0
2024-05-16 22:21:45,695 [INFO] ThirdParty:1030 - CMSIS Pack Vendor :STMicroelectronics X-CUBE-AZRTOS-L5 1.1.0
2024-05-16 22:21:45,695 [INFO] ThirdParty:1030 - CMSIS Pack Vendor :STMicroelectronics X-CUBE-AZRTOS-G0 1.1.0
2024-05-16 22:21:45,696 [INFO] ThirdParty:1030 - CMSIS Pack Vendor :STMicroelectronics X-CUBE-AI 8.0.1
2024-05-16 22:21:45,696 [INFO] ThirdParty:1030 - CMSIS Pack Vendor :STMicroelectronics X-CUBE-SAFEA1 1.2.2
2024-05-16 22:21:45,696 [INFO] ThirdParty:1030 - CMSIS Pack Vendor :STMicroelectronics X-CUBE-NFC4 3.0.0
2024-05-16 22:21:45,696 [INFO] ThirdParty:1030 - CMSIS Pack Vendor :STMicroelectronics X-CUBE-SUBG2 5.0.0
2024-05-16 22:21:45,696 [INFO] ThirdParty:1030 - CMSIS Pack Vendor :STMicroelectronics STM32_WPAN 1.0.0
2024-05-16 22:21:45,696 [INFO] ThirdParty:1030 - CMSIS Pack Vendor :STMicroelectronics lwIP 2.0.3
2024-05-16 22:21:45,696 [INFO] ThirdParty:1030 - CMSIS Pack Vendor :STMicroelectronics USB_HOST 1.0.0
2024-05-16 22:21:45,696 [INFO] ThirdParty:1030 - CMSIS Pack Vendor :STMicroelectronics X-CUBE-TOF1 3.3.1
2024-05-16 22:21:45,696 [INFO] ThirdParty:1030 - CMSIS Pack Vendor :STMicroelectronics X-CUBE-AZRTOS-G4 2.0.0
2024-05-16 22:21:45,696 [INFO] ThirdParty:1030 - CMSIS Pack Vendor :STMicroelectronics PDM2PCM 3.1.0
2024-05-16 22:21:45,696 [INFO] ThirdParty:1030 - CMSIS Pack Vendor :STMicroelectronics X-CUBE-TOF1 3.3.0
2024-05-16 22:21:45,696 [INFO] ThirdParty:1030 - CMSIS Pack Vendor :Infineon AIROC-Wi-Fi-Bluetooth-STM32 1.5.1
2024-05-16 22:21:45,696 [INFO] ThirdParty:1030 - CMSIS Pack Vendor :STMicroelectronics X-CUBE-BLEMGR 3.0.0
2024-05-16 22:21:45,696 [INFO] ThirdParty:1030 - CMSIS Pack Vendor :STMicroelectronics FP-SNS-MOTENVWB1 1.3.1
2024-05-16 22:21:45,696 [INFO] ThirdParty:1030 - CMSIS Pack Vendor :STMicroelectronics FP-ATR-SIGFOX1 3.2.0
2024-05-16 22:21:45,696 [INFO] ThirdParty:1030 - CMSIS Pack Vendor :STMicroelectronics X-CUBE-AZRTOS-G4 1.0.0
2024-05-16 22:21:45,697 [INFO] ThirdParty:1030 - CMSIS Pack Vendor :STMicroelectronics X-CUBE-AZRTOS-L4 1.0.0
2024-05-16 22:21:45,697 [INFO] ThirdParty:1030 - CMSIS Pack Vendor :STMicroelectronics X-CUBE-ISPU 2.0.0
2024-05-16 22:21:45,697 [INFO] ThirdParty:1030 - CMSIS Pack Vendor :STMicroelectronics X-CUBE-EEPRMA1 5.1.0
2024-05-16 22:21:45,697 [INFO] ThirdParty:1030 - CMSIS Pack Vendor :STMicroelectronics MBEDTLS 2.16.2
2024-05-16 22:21:45,697 [INFO] ThirdParty:1030 - CMSIS Pack Vendor :STMicroelectronics X-CUBE-MEMS1 10.0.0
2024-05-16 22:21:45,697 [INFO] ThirdParty:1030 - CMSIS Pack Vendor :STMicroelectronics X-CUBE-FREERTOS 1.1.0
2024-05-16 22:21:45,697 [INFO] ThirdParty:1030 - CMSIS Pack Vendor :STMicroelectronics X-CUBE-AZRTOS-WL 1.0.0
2024-05-16 22:21:45,698 [INFO] ThirdParty:1030 - CMSIS Pack Vendor :portGmbH I-Cube-SoM-uGOAL 1.1.0
2024-05-16 22:21:45,698 [INFO] ThirdParty:1030 - CMSIS Pack Vendor :STMicroelectronics X-CUBE-ALS 1.0.1
2024-05-16 22:21:45,699 [INFO] ThirdParty:1030 - CMSIS Pack Vendor :STMicroelectronics X-CUBE-MEMS1 9.5.0
2024-05-16 22:21:45,699 [INFO] ThirdParty:1030 - CMSIS Pack Vendor :STMicroelectronics ThreadX 1.0.0
2024-05-16 22:21:45,700 [INFO] ThirdParty:1030 - CMSIS Pack Vendor :STMicroelectronics X-CUBE-AZRTOS-WB 1.1.0
2024-05-16 22:21:45,700 [INFO] ThirdParty:1030 - CMSIS Pack Vendor :SEGGER I-CUBE-embOS 1.3.1
2024-05-16 22:21:45,700 [INFO] ThirdParty:1030 - CMSIS Pack Vendor :STMicroelectronics X-CUBE-ALGOBUILD 1.4.0
2024-05-16 22:21:45,700 [INFO] ThirdParty:1030 - CMSIS Pack Vendor :STMicroelectronics X-CUBE-AZRTOS-H7RS 1.0.0
2024-05-16 22:21:45,700 [INFO] ThirdParty:1030 - CMSIS Pack Vendor :STMicroelectronics FP-ATR-ASTRA1 2.0.0
2024-05-16 22:21:45,700 [INFO] ThirdParty:1030 - CMSIS Pack Vendor :STMicroelectronics X-CUBE-TOF1 3.4.0
2024-05-16 22:21:45,700 [INFO] ThirdParty:1030 - CMSIS Pack Vendor :STMicroelectronics X-CUBE-TOF1 3.4.1
2024-05-16 22:21:45,701 [INFO] ThirdParty:1030 - CMSIS Pack Vendor :STMicroelectronics X-CUBE-AZRTOS-H7 3.2.0
2024-05-16 22:21:45,701 [INFO] ThirdParty:841 - exiting critical section [change project]
2024-05-16 22:21:46,657 [INFO] PinOutPanel:1561 - setPackage(No Configuration,No Configuration)
2024-05-16 22:21:46,661 [INFO] PinOutPanel:1561 - setPackage(STM32F746NGHx,TFBGA216)
2024-05-16 22:21:47,794 [INFO] UtilMem:75 - Before build in PCC Used Memory: 482956464 Bytes (603979776)
2024-05-16 22:21:49,251 [INFO] UtilMem:75 - After build in PCC Used Memory: 279138304 Bytes (603979776)
2024-05-16 22:21:49,334 [INFO] IPUIPlugin:80 - create IPUIPlugin
2024-05-16 22:21:49,334 [INFO] IPUIPlugin:80 - create IPUIPlugin
2024-05-16 22:21:49,334 [INFO] IPUIPlugin:80 - create IPUIPlugin
2024-05-16 22:21:49,334 [INFO] IPUIPlugin:80 - create IPUIPlugin
2024-05-16 22:21:49,334 [INFO] IPUIPlugin:80 - create IPUIPlugin
2024-05-16 22:21:49,335 [INFO] IPUIPlugin:80 - create IPUIPlugin
2024-05-16 22:21:49,336 [INFO] IPUIPlugin:80 - create IPUIPlugin
2024-05-16 22:21:49,336 [INFO] IPUIPlugin:80 - create IPUIPlugin
2024-05-16 22:21:49,336 [INFO] IPUIPlugin:80 - create IPUIPlugin
2024-05-16 22:21:49,337 [INFO] IPUIPlugin:80 - create IPUIPlugin
2024-05-16 22:21:49,337 [INFO] IPUIPlugin:80 - create IPUIPlugin
2024-05-16 22:21:49,338 [INFO] IPUIPlugin:80 - create IPUIPlugin
2024-05-16 22:21:49,338 [INFO] IPUIPlugin:80 - create IPUIPlugin
2024-05-16 22:21:49,338 [INFO] IPUIPlugin:80 - create IPUIPlugin
2024-05-16 22:21:49,339 [INFO] IPUIPlugin:80 - create IPUIPlugin
2024-05-16 22:21:49,339 [INFO] IPUIPlugin:80 - create IPUIPlugin
2024-05-16 22:21:49,340 [INFO] IPUIPlugin:80 - create IPUIPlugin
2024-05-16 22:21:49,340 [INFO] IPUIPlugin:80 - create IPUIPlugin
2024-05-16 22:21:49,341 [INFO] IPUIPlugin:80 - create IPUIPlugin
2024-05-16 22:21:49,341 [INFO] IPUIPlugin:80 - create IPUIPlugin
2024-05-16 22:21:49,341 [INFO] IPUIPlugin:80 - create IPUIPlugin
2024-05-16 22:21:49,341 [INFO] IPUIPlugin:80 - create IPUIPlugin
2024-05-16 22:21:49,342 [INFO] IPUIPlugin:80 - create IPUIPlugin
2024-05-16 22:21:49,342 [INFO] IPUIPlugin:80 - create IPUIPlugin
2024-05-16 22:21:49,342 [INFO] IPUIPlugin:80 - create IPUIPlugin
2024-05-16 22:21:49,343 [INFO] IPUIPlugin:80 - create IPUIPlugin
2024-05-16 22:21:49,344 [INFO] IPUIPlugin:80 - create IPUIPlugin
2024-05-16 22:21:49,344 [INFO] IPUIPlugin:80 - create IPUIPlugin
2024-05-16 22:21:49,345 [INFO] IPUIPlugin:80 - create IPUIPlugin
2024-05-16 22:21:49,345 [INFO] IPUIPlugin:80 - create IPUIPlugin
2024-05-16 22:21:49,345 [INFO] IPUIPlugin:80 - create IPUIPlugin
2024-05-16 22:21:49,347 [INFO] IPUIPlugin:80 - create IPUIPlugin
2024-05-16 22:21:49,347 [INFO] IPUIPlugin:80 - create IPUIPlugin
2024-05-16 22:21:49,348 [INFO] IPUIPlugin:80 - create IPUIPlugin
2024-05-16 22:21:49,348 [INFO] IPUIPlugin:80 - create IPUIPlugin
2024-05-16 22:21:49,349 [INFO] IPUIPlugin:80 - create IPUIPlugin
2024-05-16 22:21:49,350 [INFO] IPUIPlugin:80 - create IPUIPlugin
2024-05-16 22:21:49,351 [INFO] IPUIPlugin:80 - create IPUIPlugin
2024-05-16 22:21:49,351 [INFO] IPUIPlugin:80 - create IPUIPlugin
2024-05-16 22:21:49,352 [INFO] IPUIPlugin:80 - create IPUIPlugin
2024-05-16 22:21:49,353 [INFO] IPUIPlugin:80 - create IPUIPlugin
2024-05-16 22:21:49,353 [INFO] IPUIPlugin:80 - create IPUIPlugin
2024-05-16 22:21:49,354 [INFO] IPUIPlugin:80 - create IPUIPlugin
2024-05-16 22:21:49,354 [INFO] IPUIPlugin:80 - create IPUIPlugin
2024-05-16 22:21:49,355 [INFO] IPUIPlugin:80 - create IPUIPlugin
2024-05-16 22:21:49,356 [INFO] IPUIPlugin:80 - create IPUIPlugin
2024-05-16 22:21:49,356 [INFO] IPUIPlugin:80 - create IPUIPlugin
2024-05-16 22:21:49,357 [INFO] IPUIPlugin:80 - create IPUIPlugin
2024-05-16 22:21:49,357 [INFO] IPUIPlugin:80 - create IPUIPlugin
2024-05-16 22:21:49,359 [INFO] IPUIPlugin:80 - create IPUIPlugin
2024-05-16 22:21:49,359 [INFO] IPUIPlugin:80 - create IPUIPlugin
2024-05-16 22:21:49,360 [INFO] IPUIPlugin:80 - create IPUIPlugin
2024-05-16 22:21:49,361 [INFO] IPUIPlugin:80 - create IPUIPlugin
2024-05-16 22:21:49,362 [INFO] IPUIPlugin:80 - create IPUIPlugin
2024-05-16 22:21:49,362 [INFO] IPUIPlugin:80 - create IPUIPlugin
2024-05-16 22:21:49,363 [INFO] IPUIPlugin:80 - create IPUIPlugin
2024-05-16 22:21:49,364 [INFO] IPUIPlugin:80 - create IPUIPlugin
2024-05-16 22:21:49,365 [INFO] IPUIPlugin:80 - create IPUIPlugin
2024-05-16 22:21:49,365 [INFO] IPUIPlugin:80 - create IPUIPlugin
2024-05-16 22:21:49,366 [INFO] IPUIPlugin:80 - create IPUIPlugin
2024-05-16 22:21:49,367 [INFO] IPUIPlugin:80 - create IPUIPlugin
2024-05-16 22:21:49,367 [INFO] IPUIPlugin:80 - create IPUIPlugin
2024-05-16 22:21:49,368 [INFO] IPUIPlugin:80 - create IPUIPlugin
2024-05-16 22:21:49,369 [INFO] IPUIPlugin:80 - create IPUIPlugin
2024-05-16 22:21:49,370 [INFO] IPUIPlugin:80 - create IPUIPlugin
2024-05-16 22:21:49,371 [INFO] IPUIPlugin:80 - create IPUIPlugin
2024-05-16 22:21:49,372 [INFO] IPUIPlugin:80 - create IPUIPlugin
2024-05-16 22:21:49,373 [INFO] IPUIPlugin:80 - create IPUIPlugin
2024-05-16 22:21:49,374 [INFO] IPUIPlugin:80 - create IPUIPlugin
2024-05-16 22:21:49,375 [INFO] IPUIPlugin:80 - create IPUIPlugin
2024-05-16 22:21:49,376 [INFO] IPUIPlugin:80 - create IPUIPlugin
2024-05-16 22:21:49,377 [INFO] IPUIPlugin:80 - create IPUIPlugin
2024-05-16 22:21:49,379 [INFO] IPUIPlugin:80 - create IPUIPlugin
2024-05-16 22:21:49,380 [INFO] IPUIPlugin:80 - create IPUIPlugin
2024-05-16 22:21:49,520 [INFO] ApiDbMcu:508 - Load IP Config File for PDM2PCM
2024-05-16 22:21:49,960 [INFO] CADModel:165 - CPN selected for project levelSTM32F746NGH7
2024-05-16 22:21:49,960 [INFO] CADModel:114 - Register for checkConnection events
2024-05-16 22:21:50,030 [INFO] OpenFileManager:343 - Restore cursor
2024-05-16 22:21:52,207 [INFO] UtilMem:75 - End SaveConfig() Used Memory: 485053712 Bytes (603979776)
2024-05-16 22:21:52,423 [INFO] UtilMem:75 - End SaveConfig() Used Memory: 249031896 Bytes (603979776)
2024-05-16 22:21:53,317 [INFO] BlockDiagram:2759 - set Specific Code input for plugin: RCC
2024-05-16 22:21:53,317 [INFO] BlockDiagram:2759 - set Specific Code input for plugin: NVIC
2024-05-16 22:21:53,322 [INFO] CodeGenerator:807 - code generatio: config db path: C:\ST\STM32CubeIDE_1.12.0\STM32CubeIDE\plugins\com.st.stm32cube.common.mx_6.11.1.202404110753\\db\
2024-05-16 22:21:53,735 [INFO] CodeEngine:255 - oldGeneratedFile, D:\GitHub\MasteringMCU\MCU1\DEL\MXTmpFiles\license.tmp_save
2024-05-16 22:21:54,494 [INFO] CodeEngine:279 - Generated code: D:\GitHub\MasteringMCU\MCU1\DEL\MXTmpFiles\license.tmp
2024-05-16 22:21:54,639 [INFO] CodeEngine:255 - oldGeneratedFile, D:\GitHub\MasteringMCU\MCU1\DEL\MXTmpFiles\cortex.tmp_save
2024-05-16 22:21:54,889 [INFO] CodeEngine:279 - Generated code: D:\GitHub\MasteringMCU\MCU1\DEL\MXTmpFiles\cortex.tmp
2024-05-16 22:21:54,929 [INFO] CodeEngine:255 - oldGeneratedFile, D:\GitHub\MasteringMCU\MCU1\DEL\Core\Src\stm32f7xx_it.c_save
2024-05-16 22:21:55,192 [INFO] CodeEngine:279 - Generated code: D:\GitHub\MasteringMCU\MCU1\DEL\Core\Src\stm32f7xx_it.c
2024-05-16 22:21:55,208 [INFO] CodeEngine:255 - oldGeneratedFile, D:\GitHub\MasteringMCU\MCU1\DEL\Core\Inc\stm32f7xx_it.h_save
2024-05-16 22:21:55,392 [INFO] CodeEngine:279 - Generated code: D:\GitHub\MasteringMCU\MCU1\DEL\Core\Inc\stm32f7xx_it.h
2024-05-16 22:21:55,460 [INFO] CodeEngine:255 - oldGeneratedFile, D:\GitHub\MasteringMCU\MCU1\DEL\Core\Src\stm32f7xx_hal_msp.c_save
2024-05-16 22:21:55,709 [INFO] CodeEngine:279 - Generated code: D:\GitHub\MasteringMCU\MCU1\DEL\Core\Src\stm32f7xx_hal_msp.c
2024-05-16 22:21:55,730 [INFO] CodeEngine:255 - oldGeneratedFile, D:\GitHub\MasteringMCU\MCU1\DEL\MXTmpFiles\system.tmp_save
2024-05-16 22:21:55,918 [INFO] CodeEngine:279 - Generated code: D:\GitHub\MasteringMCU\MCU1\DEL\MXTmpFiles\system.tmp
2024-05-16 22:21:55,955 [INFO] CodeEngine:311 - oldGeneratedFile, D:\GitHub\MasteringMCU\MCU1\DEL\Core\Inc\stm32f7xx_hal_conf.h_save
2024-05-16 22:21:56,151 [INFO] CodeEngine:335 - Generated code: D:\GitHub\MasteringMCU\MCU1\DEL\Core\Inc\stm32f7xx_hal_conf.h
2024-05-16 22:21:56,256 [INFO] CodeEngine:255 - oldGeneratedFile, D:\GitHub\MasteringMCU\MCU1\DEL\Core\Inc\main.h_save
2024-05-16 22:21:56,488 [INFO] CodeEngine:279 - Generated code: D:\GitHub\MasteringMCU\MCU1\DEL\Core\Inc\main.h
2024-05-16 22:21:56,502 [INFO] CodeEngine:255 - oldGeneratedFile, D:\GitHub\MasteringMCU\MCU1\DEL\Core\Src\main.c_save
2024-05-16 22:21:56,774 [INFO] CodeEngine:279 - Generated code: D:\GitHub\MasteringMCU\MCU1\DEL\Core\Src\main.c
2024-05-16 22:21:57,776 [INFO] ProjectBuilder:3163 - Time for Copy HAL[1] : 492mS.
2024-05-16 22:21:57,795 [INFO] ProjectBuilder:4736 - Project Generator version: 4.3.0-B58
2024-05-16 22:21:57,982 [INFO] ConfigFileManager:1503 - The Die is : DIE449
2024-05-16 22:21:58,003 [INFO] ApiDbMcu:508 - Load IP Config File for FATFS
2024-05-16 22:21:58,018 [INFO] ApiDbMcu:508 - Load IP Config File for FREERTOS
2024-05-16 22:21:58,025 [INFO] ApiDbMcu:508 - Load IP Config File for LIBJPEG
2024-05-16 22:21:58,037 [INFO] ApiDbMcu:508 - Load IP Config File for LWIP
2024-05-16 22:21:58,051 [INFO] ApiDbMcu:508 - Load IP Config File for MBEDTLS
2024-05-16 22:21:58,065 [INFO] ApiDbMcu:508 - Load IP Config File for USB_DEVICE
2024-05-16 22:21:58,072 [INFO] ApiDbMcu:508 - Load IP Config File for USB_HOST
2024-05-16 22:21:58,852 [INFO] LogOutputStream:77 - [STDOUT_REDIRECT] 
2024-05-16 22:22:04,465 [INFO] ProjectBuilder:5002 - Time for Generating toolchain IDE Files: 6671mS.
2024-05-16 22:22:04,468 [INFO] ProjectBuilder:3034 - Time for Copy CMSIS : 2mS.
2024-05-16 22:22:04,482 [INFO] ProjectBuilder:3034 - Time for Copy CMSIS : 1mS.
2024-05-16 22:22:08,786 [INFO] McuFinderGlobals:76 - Set McuFinderConnectedMode to true
2024-05-16 22:22:08,799 [INFO] ApiDb:448 - Save user favorites file C:\Users\MrIro/.stm32cubeide/favorites.mcus.txt: 1 item(s)
2024-05-16 22:22:08,800 [INFO] ApiDb:452 - User favorites MCUs=[STM32F411CEU6]
2024-05-16 22:23:37,993 [INFO] MainUpdater:2873 - connection check result : 10
2024-05-16 22:23:38,274 [INFO] McuFinderGlobals:76 - Set McuFinderConnectedMode to true
2024-05-16 22:23:38,276 [INFO] MultiScanPanel:200 - Auto-refresh data requested => check proxy status ongoing
2024-05-16 22:23:38,278 [INFO] FinderPluginLoader:95 - Searching for filters in installed packs
2024-05-16 22:23:38,285 [INFO] FinderPluginLoader:108 - Found C:\Users\MrIro\STM32Cube\Repository\Packs\STMicroelectronics\X-CUBE-AI\8.0.1\CubeMX\plugins\ip\ai.8.0.1.jar
2024-05-16 22:23:38,285 [INFO] FinderPluginLoader:118 - Loading ai.8.0.1
2024-05-16 22:23:38,303 [INFO] McuExtendedFiltersManager:95 - Add MCU extended filter: Artificial Intelligence
2024-05-16 22:23:39,148 [INFO] AInterface:109 - AInterface using toolDir: C:/Users/MrIro/STM32Cube/Repository//Packs/STMicroelectronics/X-CUBE-AI/8.0.1/Utilities/windows
2024-05-16 22:23:39,715 [INFO] LoadUrlFilesThread:185 - End of LoadServerUrlFiles without Thread
2024-05-16 22:23:39,715 [INFO] DetailPanel:341 - Set advertising image to C:/Users/MrIro/STM32Cube/Repository/\en.prom-stm32h7rs-mcu-finder.jpg
2024-05-16 22:23:46,362 [INFO] MainUpdater:2873 - connection check result : 10
2024-05-16 22:23:46,609 [INFO] McuFinderGlobals:76 - Set McuFinderConnectedMode to true
2024-05-16 22:23:46,613 [INFO] MultiScanPanel:200 - Auto-refresh data requested => check proxy status ongoing
2024-05-16 22:23:46,614 [INFO] FinderPluginLoader:95 - Searching for filters in installed packs
2024-05-16 22:23:46,617 [INFO] FinderPluginLoader:108 - Found C:\Users\MrIro\STM32Cube\Repository\Packs\STMicroelectronics\X-CUBE-AI\8.0.1\CubeMX\plugins\ip\ai.8.0.1.jar
2024-05-16 22:23:46,617 [INFO] FinderPluginLoader:118 - Loading ai.8.0.1
2024-05-16 22:23:46,633 [INFO] McuExtendedFiltersManager:95 - Add MCU extended filter: Artificial Intelligence
2024-05-16 22:23:47,350 [INFO] AInterface:109 - AInterface using toolDir: C:/Users/MrIro/STM32Cube/Repository//Packs/STMicroelectronics/X-CUBE-AI/8.0.1/Utilities/windows
2024-05-16 22:23:47,903 [INFO] LoadUrlFilesThread:185 - End of LoadServerUrlFiles without Thread
2024-05-16 22:23:47,904 [INFO] DetailPanel:341 - Set advertising image to C:/Users/MrIro/STM32Cube/Repository/\en.prom-stm32h7rs-mcu-finder.jpg
2024-05-16 22:24:11,294 [INFO] ApiDb:581 - Connected to CubeFinder SQLite database (C:\Users\MrIro\.stmcufinder\plugins\mcufinder\mcu\cube-finder-db.db)
2024-05-16 22:26:05,471 [INFO] McuFinderGlobals:76 - Set McuFinderConnectedMode to true
2024-05-16 22:26:05,713 [INFO] ApiDb:448 - Save user favorites file C:\Users\MrIro/.stm32cubeide/favorites.mcus.txt: 1 item(s)
2024-05-16 22:26:05,713 [INFO] ApiDb:452 - User favorites MCUs=[STM32F411CEU6]
2024-05-16 22:26:09,783 [ERROR] LogOutputStream:75 - [STDERR_REDIRECT] Exception in thread "AWT-EventQueue-0" org.eclipse.swt.SWTException: Device is disposed
2024-05-16 22:26:09,785 [ERROR] LogOutputStream:75 - [STDERR_REDIRECT] 	at org.eclipse.swt.SWT.error(SWT.java:4918)
2024-05-16 22:26:09,786 [ERROR] LogOutputStream:75 - [STDERR_REDIRECT] 	at org.eclipse.swt.SWT.error(SWT.java:4833)
2024-05-16 22:26:09,788 [ERROR] LogOutputStream:75 - [STDERR_REDIRECT] 	at org.eclipse.swt.SWT.error(SWT.java:4804)
2024-05-16 22:26:09,790 [ERROR] LogOutputStream:75 - [STDERR_REDIRECT] 	at org.eclipse.swt.widgets.Display.error(Display.java:1278)
2024-05-16 22:26:09,792 [ERROR] LogOutputStream:75 - [STDERR_REDIRECT] 	at org.eclipse.swt.widgets.Display.asyncExec(Display.java:774)
2024-05-16 22:26:09,793 [ERROR] LogOutputStream:75 - [STDERR_REDIRECT] 	at com.st.stm32cube.common.mx.oss.core.awtswtbridge.AwtEnvironment$2.run(AwtEnvironment.java:168)
2024-05-16 22:26:09,798 [ERROR] LogOutputStream:75 - [STDERR_REDIRECT] 	at java.desktop/java.awt.event.InvocationEvent.dispatch(InvocationEvent.java:318)
2024-05-16 22:26:09,801 [ERROR] LogOutputStream:75 - [STDERR_REDIRECT] 	at java.desktop/java.awt.EventQueue.dispatchEventImpl(EventQueue.java:773)
2024-05-16 22:26:09,803 [ERROR] LogOutputStream:75 - [STDERR_REDIRECT] 	at java.desktop/java.awt.EventQueue$4.run(EventQueue.java:720)
2024-05-16 22:26:09,805 [ERROR] LogOutputStream:75 - [STDERR_REDIRECT] 	at java.desktop/java.awt.EventQueue$4.run(EventQueue.java:714)
2024-05-16 22:26:09,808 [ERROR] LogOutputStream:75 - [STDERR_REDIRECT] 	at java.base/java.security.AccessController.doPrivileged(AccessController.java:399)
2024-05-16 22:26:09,812 [ERROR] LogOutputStream:75 - [STDERR_REDIRECT] 	at java.base/java.security.ProtectionDomain$JavaSecurityAccessImpl.doIntersectionPrivilege(ProtectionDomain.java:86)
2024-05-16 22:26:09,814 [ERROR] LogOutputStream:75 - [STDERR_REDIRECT] 	at java.desktop/java.awt.EventQueue.dispatchEvent(EventQueue.java:742)
2024-05-16 22:26:09,817 [ERROR] LogOutputStream:75 - [STDERR_REDIRECT] 	at java.desktop/java.awt.EventDispatchThread.pumpOneEventForFilters(EventDispatchThread.java:203)
2024-05-16 22:26:09,820 [ERROR] LogOutputStream:75 - [STDERR_REDIRECT] 	at java.desktop/java.awt.EventDispatchThread.pumpEventsForFilter(EventDispatchThread.java:124)
2024-05-16 22:26:09,822 [ERROR] LogOutputStream:75 - [STDERR_REDIRECT] 	at java.desktop/java.awt.EventDispatchThread.pumpEventsForHierarchy(EventDispatchThread.java:113)
2024-05-16 22:26:09,825 [ERROR] LogOutputStream:75 - [STDERR_REDIRECT] 	at java.desktop/java.awt.EventDispatchThread.pumpEvents(EventDispatchThread.java:109)
2024-05-16 22:26:09,828 [ERROR] LogOutputStream:75 - [STDERR_REDIRECT] 	at java.desktop/java.awt.EventDispatchThread.pumpEvents(EventDispatchThread.java:101)
2024-05-16 22:26:09,830 [ERROR] LogOutputStream:75 - [STDERR_REDIRECT] 	at java.desktop/java.awt.EventDispatchThread.run(EventDispatchThread.java:90)
2024-05-16 22:26:09,982 [ERROR] LogOutputStream:75 - [STDERR_REDIRECT] 
2024-05-16 22:26:09,984 [ERROR] LogOutputStream:75 - [STDERR_REDIRECT] 
