2024-03-20 22:30:45,564 [INFO] Activator:176 - 


2024-03-20 22:30:45,576 [INFO] Activator:177 - !SESSION log4j initialized
2024-03-20 22:30:56,056 [INFO] LogOutputStream:77 - [STDOUT_REDIRECT] 
2024-03-20 22:41:33,532 [INFO] ApplicationProperties:184 - Using Application install path: C:\ST\STM32CubeIDE_1.12.0\STM32CubeIDE\plugins\com.st.stm32cube.common.mx_6.8.0.202302231600
2024-03-20 22:41:33,562 [INFO] DbMcusXml:78 - Set database path to: C:\ST\STM32CubeIDE_1.12.0\STM32CubeIDE\plugins\com.st.stm32cube.common.mx_6.8.0.202302231600\\db\/mcu/
2024-03-20 22:41:33,562 [INFO] ApiDb:274 - Set plugin database path to: C:\ST\STM32CubeIDE_1.12.0\STM32CubeIDE\plugins\com.st.stm32cube.common.mx_6.8.0.202302231600\\db\/plugins/boardmanager/
2024-03-20 22:41:33,566 [WARN] ApiDb:259 - Overriding images path with different value:  => C:\ST\STM32CubeIDE_1.12.0\STM32CubeIDE\plugins\com.st.stm32cube.common.mx_6.8.0.202302231600\\db\/plugins/mcufinder/images/
2024-03-20 22:41:33,593 [INFO] ApiDb:250 - Set database path to: C:\Users\MrIro\.stmcufinder\plugins\mcufinder//mcu/
2024-03-20 22:41:33,595 [INFO] DbMcusAds:125 - Set database path to: C:\Users\MrIro\.stmcufinder\plugins\mcufinder//mcu/
2024-03-20 22:41:33,639 [INFO] CrossReferenceDbSqlite:203 - Set database path to: C:\Users\MrIro\.stmcufinder\plugins\mcufinder//mcu/cs/
2024-03-20 22:41:33,802 [INFO] RulesReader:64 - Compatibility file has been processed (293 Rules)
2024-03-20 22:41:33,940 [INFO] DbMcusXml:78 - Set database path to: C:\ST\STM32CubeIDE_1.12.0\STM32CubeIDE\plugins\com.st.stm32cube.common.mx_6.8.0.202302231600\\db\/mcu/
2024-03-20 22:41:33,940 [INFO] ApiDb:274 - Set plugin database path to: C:\ST\STM32CubeIDE_1.12.0\STM32CubeIDE\plugins\com.st.stm32cube.common.mx_6.8.0.202302231600\\db\/plugins/boardmanager/
2024-03-20 22:41:33,941 [INFO] ApiDb:261 - Set plugin images path to: C:\ST\STM32CubeIDE_1.12.0\STM32CubeIDE\plugins\com.st.stm32cube.common.mx_6.8.0.202302231600\\db\/plugins/mcufinder/images/
2024-03-20 22:41:33,941 [WARN] DbFile:41 - Overriding database path with different value: C:\Users\MrIro\.stmcufinder\plugins\mcufinder/ => C:\Users\MrIro\.stmcufinder\plugins\mcufinder
2024-03-20 22:41:33,941 [INFO] ApiDb:250 - Set database path to: C:\Users\MrIro\.stmcufinder\plugins\mcufinder//mcu/
2024-03-20 22:41:33,941 [WARN] DbFile:41 - Overriding database path with different value: C:\Users\MrIro\.stmcufinder\plugins\mcufinder/ => C:\Users\MrIro\.stmcufinder\plugins\mcufinder
2024-03-20 22:41:33,941 [INFO] DbMcusAds:125 - Set database path to: C:\Users\MrIro\.stmcufinder\plugins\mcufinder//mcu/
2024-03-20 22:41:33,941 [WARN] DbFile:41 - Overriding database path with different value: C:\Users\MrIro\.stmcufinder\plugins\mcufinder/ => C:\Users\MrIro\.stmcufinder\plugins\mcufinder
2024-03-20 22:41:33,941 [WARN] DbFile:41 - Overriding database path with different value: C:\Users\MrIro\.stmcufinder\plugins\mcufinder/ => C:\Users\MrIro\.stmcufinder\plugins\mcufinder
2024-03-20 22:41:33,942 [INFO] CrossReferenceDbSqlite:203 - Set database path to: C:\Users\MrIro\.stmcufinder\plugins\mcufinder//mcu/cs/
2024-03-20 22:41:34,070 [INFO] MainPanel:253 - HeapMemory: 268435456
2024-03-20 22:41:34,223 [INFO] DbMcusXml:78 - Set database path to: C:\ST\STM32CubeIDE_1.12.0\STM32CubeIDE\plugins\com.st.stm32cube.common.mx_6.8.0.202302231600\\db\/mcu/
2024-03-20 22:41:34,223 [INFO] ApiDb:274 - Set plugin database path to: C:\ST\STM32CubeIDE_1.12.0\STM32CubeIDE\plugins\com.st.stm32cube.common.mx_6.8.0.202302231600\\db\/plugins/boardmanager/
2024-03-20 22:41:34,223 [INFO] ApiDb:261 - Set plugin images path to: C:\ST\STM32CubeIDE_1.12.0\STM32CubeIDE\plugins\com.st.stm32cube.common.mx_6.8.0.202302231600\\db\/plugins/mcufinder/images/
2024-03-20 22:41:34,223 [WARN] DbFile:41 - Overriding database path with different value: C:\Users\MrIro\.stmcufinder\plugins\mcufinder/ => C:\Users\MrIro\.stmcufinder\plugins\mcufinder
2024-03-20 22:41:34,223 [INFO] ApiDb:250 - Set database path to: C:\Users\MrIro\.stmcufinder\plugins\mcufinder//mcu/
2024-03-20 22:41:34,224 [WARN] DbFile:41 - Overriding database path with different value: C:\Users\MrIro\.stmcufinder\plugins\mcufinder/ => C:\Users\MrIro\.stmcufinder\plugins\mcufinder
2024-03-20 22:41:34,224 [INFO] DbMcusAds:125 - Set database path to: C:\Users\MrIro\.stmcufinder\plugins\mcufinder//mcu/
2024-03-20 22:41:34,224 [WARN] DbFile:41 - Overriding database path with different value: C:\Users\MrIro\.stmcufinder\plugins\mcufinder/ => C:\Users\MrIro\.stmcufinder\plugins\mcufinder
2024-03-20 22:41:34,224 [WARN] DbFile:41 - Overriding database path with different value: C:\Users\MrIro\.stmcufinder\plugins\mcufinder/ => C:\Users\MrIro\.stmcufinder\plugins\mcufinder
2024-03-20 22:41:34,224 [INFO] CrossReferenceDbSqlite:203 - Set database path to: C:\Users\MrIro\.stmcufinder\plugins\mcufinder//mcu/cs/
2024-03-20 22:41:34,253 [INFO] ApplicationProperties:184 - Using Application install path: C:\ST\STM32CubeIDE_1.12.0\STM32CubeIDE\plugins\com.st.stm32cube.common.mx_6.8.0.202302231600
2024-03-20 22:41:34,255 [INFO] PluginManage:196 - Search for loadable plugins [exclusion list=, ]
2024-03-20 22:41:34,258 [INFO] PluginManage:310 - Check plugin analytics
2024-03-20 22:41:34,511 [INFO] AnalyticsPlugin:253 - Accepted Software Licenses: 
2024-03-20 22:41:34,512 [INFO] AnalyticsPlugin:255 - Accepted CMSIS Pack Licenses: STMicroelectronics.X-CUBE-AI.8.0.1
2024-03-20 22:41:34,513 [INFO] AnalyticsPlugin:257 - Accepted Firmware Licenses: FW.F4.1.27.0,FW.F7.1.17.0,FW.C0.1.0.0
2024-03-20 22:41:34,524 [INFO] PluginManage:359 - Loaded plugin analytics (category:tool,tabindex:-1)
2024-03-20 22:41:34,524 [INFO] PluginManage:310 - Check plugin cadmodel
2024-03-20 22:41:34,557 [INFO] CADModel:105 - Init CAD model plugin
2024-03-20 22:41:34,557 [INFO] PluginManage:359 - Loaded plugin cadmodel (category:power,tabindex:5)
2024-03-20 22:41:34,557 [INFO] PluginManage:310 - Check plugin clock
2024-03-20 22:41:35,031 [INFO] PluginManage:359 - Loaded plugin clock (category:base,tabindex:2)
2024-03-20 22:41:35,031 [INFO] PluginManage:310 - Check plugin ddr
2024-03-20 22:41:35,035 [INFO] PluginManage:359 - Loaded plugin ddr (category:tool,tabindex:6)
2024-03-20 22:41:35,036 [INFO] PluginManage:310 - Check plugin filemanager
2024-03-20 22:41:35,200 [INFO] PluginManage:359 - Loaded plugin filemanager (category:base,tabindex:10)
2024-03-20 22:41:35,200 [INFO] PluginManage:310 - Check plugin ipmanager
2024-03-20 22:41:35,214 [INFO] PluginManage:359 - Loaded plugin ipmanager (category:base,tabindex:5)
2024-03-20 22:41:35,214 [INFO] PluginManage:310 - Check plugin lpbam
2024-03-20 22:41:35,326 [INFO] PluginManage:359 - Loaded plugin lpbam (category:base,tabindex:0)
2024-03-20 22:41:35,326 [INFO] PluginManage:310 - Check plugin pinoutandconfiguration
2024-03-20 22:41:35,588 [INFO] PluginManage:359 - Loaded plugin pinoutandconfiguration (category:base,tabindex:1)
2024-03-20 22:41:35,588 [INFO] PluginManage:310 - Check plugin pinoutconfig
2024-03-20 22:41:35,891 [WARN] SupportedApi:132 - Cannot load RTOS API schema: s4s-elt-must-match.1: The content of 'definitions' must match (annotation?, (simpleType | complexType)?, (unique | key | keyref)*)). A problem was found starting at: attribute.
2024-03-20 22:41:36,076 [INFO] PluginManage:359 - Loaded plugin pinoutconfig (category:base,tabindex:0)
2024-03-20 22:41:36,076 [INFO] PluginManage:310 - Check plugin power
2024-03-20 22:41:36,105 [INFO] PluginManage:359 - Loaded plugin power (category:power,tabindex:4)
2024-03-20 22:41:36,106 [INFO] PluginManage:310 - Check plugin projectmanager
2024-03-20 22:41:36,126 [INFO] PluginManage:359 - Loaded plugin projectmanager (category:projectmanager,tabindex:3)
2024-03-20 22:41:36,127 [INFO] PluginManage:310 - Check plugin thirdparty
2024-03-20 22:41:36,624 [INFO] PluginManage:359 - Loaded plugin thirdparty (category:base,tabindex:-1)
2024-03-20 22:41:36,624 [WARN] IntegrityCheckThread:84 - waiting for thirdparty lock release [integrity check]
2024-03-20 22:41:36,624 [INFO] PluginManage:310 - Check plugin tools
2024-03-20 22:41:36,624 [INFO] IntegrityCheckThread:86 - entering critical section [integrity check]
2024-03-20 22:41:36,627 [INFO] ThirdPartyUpdaterWithRetryManager:70 - Updater plugin not ready yet. [1/15]
2024-03-20 22:41:36,651 [INFO] PluginManage:359 - Loaded plugin tools (category:base,tabindex:7)
2024-03-20 22:41:36,651 [INFO] PluginManage:310 - Check plugin tutovideos
2024-03-20 22:41:37,027 [INFO] PluginManage:359 - Loaded plugin tutovideos (category:base,tabindex:-1)
2024-03-20 22:41:37,028 [INFO] PluginManage:310 - Check plugin updater
2024-03-20 22:41:37,050 [INFO] PluginManage:359 - Loaded plugin updater (category:base,tabindex:12)
2024-03-20 22:41:37,051 [INFO] PluginManage:283 - PluginManage : Loaded plugins [15]
2024-03-20 22:41:37,500 [INFO] PinOutPanel:1499 - setPackage(No Configuration,No Configuration)
2024-03-20 22:41:37,620 [INFO] CADModel:165 - CPN selected for project level
2024-03-20 22:41:37,621 [INFO] CADModel:114 - Register for checkConnection events
2024-03-20 22:41:37,683 [INFO] IPUIPlugin:80 - create IPUIPlugin
2024-03-20 22:41:37,684 [INFO] PluginManager:220 - loadIPPluginJar : add adc
2024-03-20 22:41:37,707 [INFO] IPUIPlugin:80 - create IPUIPlugin
2024-03-20 22:41:37,707 [INFO] PluginManager:220 - loadIPPluginJar : add aes
2024-03-20 22:41:37,733 [INFO] IPUIPlugin:80 - create IPUIPlugin
2024-03-20 22:41:37,733 [INFO] PluginManager:220 - loadIPPluginJar : add can
2024-03-20 22:41:37,752 [INFO] IPUIPlugin:80 - create IPUIPlugin
2024-03-20 22:41:37,752 [INFO] PluginManager:220 - loadIPPluginJar : add comp
2024-03-20 22:41:37,774 [INFO] IPUIPlugin:80 - create IPUIPlugin
2024-03-20 22:41:37,775 [INFO] PluginManager:220 - loadIPPluginJar : add cryp
2024-03-20 22:41:37,797 [INFO] IPUIPlugin:80 - create IPUIPlugin
2024-03-20 22:41:37,797 [INFO] PluginManager:220 - loadIPPluginJar : add dfsdm
2024-03-20 22:41:37,837 [INFO] IPUIPlugin:80 - create IPUIPlugin
2024-03-20 22:41:37,838 [INFO] PluginManager:220 - loadIPPluginJar : add dma
2024-03-20 22:41:37,863 [INFO] IPUIPlugin:80 - create IPUIPlugin
2024-03-20 22:41:37,864 [INFO] PluginManager:220 - loadIPPluginJar : add dma3
2024-03-20 22:41:37,882 [INFO] IPUIPlugin:80 - create IPUIPlugin
2024-03-20 22:41:37,882 [INFO] PluginManager:220 - loadIPPluginJar : add fatfs
2024-03-20 22:41:37,908 [INFO] IPUIPlugin:80 - create IPUIPlugin
2024-03-20 22:41:37,909 [INFO] PluginManager:220 - loadIPPluginJar : add fmc
2024-03-20 22:41:38,080 [INFO] IPUIPlugin:80 - create IPUIPlugin
2024-03-20 22:41:38,080 [INFO] PluginManager:220 - loadIPPluginJar : add freertos
2024-03-20 22:41:38,098 [INFO] IPUIPlugin:80 - create IPUIPlugin
2024-03-20 22:41:38,098 [INFO] PluginManager:220 - loadIPPluginJar : add genericplugin
2024-03-20 22:41:38,135 [INFO] IPUIPlugin:80 - create IPUIPlugin
2024-03-20 22:41:38,136 [INFO] PluginManager:220 - loadIPPluginJar : add gfxmmu
2024-03-20 22:41:38,196 [INFO] IPUIPlugin:80 - create IPUIPlugin
2024-03-20 22:41:38,196 [INFO] PluginManager:220 - loadIPPluginJar : add gic
2024-03-20 22:41:38,280 [INFO] IPUIPlugin:80 - create IPUIPlugin
2024-03-20 22:41:38,281 [INFO] PluginManager:220 - loadIPPluginJar : add gpio
2024-03-20 22:41:38,321 [INFO] IPUIPlugin:80 - create IPUIPlugin
2024-03-20 22:41:38,321 [INFO] PluginManager:220 - loadIPPluginJar : add gtzc
2024-03-20 22:41:38,343 [INFO] IPUIPlugin:80 - create IPUIPlugin
2024-03-20 22:41:38,343 [INFO] PluginManager:220 - loadIPPluginJar : add hash
2024-03-20 22:41:38,371 [INFO] IPUIPlugin:80 - create IPUIPlugin
2024-03-20 22:41:38,371 [INFO] PluginManager:220 - loadIPPluginJar : add i2c
2024-03-20 22:41:38,395 [INFO] IPUIPlugin:80 - create IPUIPlugin
2024-03-20 22:41:38,396 [INFO] PluginManager:220 - loadIPPluginJar : add i2s
2024-03-20 22:41:38,419 [INFO] IPUIPlugin:80 - create IPUIPlugin
2024-03-20 22:41:38,419 [INFO] PluginManager:220 - loadIPPluginJar : add i3c
2024-03-20 22:41:38,451 [INFO] IPUIPlugin:80 - create IPUIPlugin
2024-03-20 22:41:38,451 [INFO] PluginManager:220 - loadIPPluginJar : add ipddr
2024-03-20 22:41:38,493 [INFO] IPUIPlugin:80 - create IPUIPlugin
2024-03-20 22:41:38,493 [INFO] PluginManager:220 - loadIPPluginJar : add linkedlist
2024-03-20 22:41:38,518 [INFO] IPUIPlugin:80 - create IPUIPlugin
2024-03-20 22:41:38,518 [INFO] PluginManager:220 - loadIPPluginJar : add lorawan
2024-03-20 22:41:38,544 [INFO] IPUIPlugin:80 - create IPUIPlugin
2024-03-20 22:41:38,545 [INFO] PluginManager:220 - loadIPPluginJar : add ltdc
2024-03-20 22:41:38,628 [INFO] IPUIPlugin:80 - create IPUIPlugin
2024-03-20 22:41:38,629 [INFO] PluginManager:220 - loadIPPluginJar : add mdma
2024-03-20 22:41:38,739 [INFO] IPUIPlugin:80 - create IPUIPlugin
2024-03-20 22:41:38,740 [INFO] PluginManager:220 - loadIPPluginJar : add nvic
2024-03-20 22:41:38,764 [INFO] IPUIPlugin:80 - create IPUIPlugin
2024-03-20 22:41:38,764 [INFO] PluginManager:220 - loadIPPluginJar : add opamp
2024-03-20 22:41:38,800 [INFO] IPUIPlugin:80 - create IPUIPlugin
2024-03-20 22:41:38,801 [INFO] PluginManager:220 - loadIPPluginJar : add openamp
2024-03-20 22:41:38,836 [INFO] IPUIPlugin:80 - create IPUIPlugin
2024-03-20 22:41:38,836 [INFO] PluginManager:220 - loadIPPluginJar : add pdm2pcm
2024-03-20 22:41:38,956 [INFO] IPUIPlugin:80 - create IPUIPlugin
2024-03-20 22:41:38,962 [INFO] PluginManager:220 - loadIPPluginJar : add plateformsettings
2024-03-20 22:41:38,991 [INFO] IPUIPlugin:80 - create IPUIPlugin
2024-03-20 22:41:38,991 [INFO] PluginManager:220 - loadIPPluginJar : add quadspi
2024-03-20 22:41:39,310 [INFO] IPUIPlugin:80 - create IPUIPlugin
2024-03-20 22:41:39,310 [INFO] PluginManager:220 - loadIPPluginJar : add resmgrutility
2024-03-20 22:41:39,337 [INFO] IPUIPlugin:80 - create IPUIPlugin
2024-03-20 22:41:39,337 [INFO] PluginManager:220 - loadIPPluginJar : add sai
2024-03-20 22:41:39,365 [INFO] IPUIPlugin:80 - create IPUIPlugin
2024-03-20 22:41:39,365 [INFO] PluginManager:220 - loadIPPluginJar : add spi
2024-03-20 22:41:39,401 [INFO] IPUIPlugin:80 - create IPUIPlugin
2024-03-20 22:41:39,401 [INFO] PluginManager:220 - loadIPPluginJar : add stm32_wpan
2024-03-20 22:41:39,421 [INFO] IPUIPlugin:80 - create IPUIPlugin
2024-03-20 22:41:39,422 [INFO] PluginManager:220 - loadIPPluginJar : add tim
2024-03-20 22:41:39,453 [INFO] IPUIPlugin:80 - create IPUIPlugin
2024-03-20 22:41:39,453 [INFO] PluginManager:220 - loadIPPluginJar : add touchsensing
2024-03-20 22:41:39,476 [INFO] IPUIPlugin:80 - create IPUIPlugin
2024-03-20 22:41:39,476 [INFO] PluginManager:220 - loadIPPluginJar : add tracer_emb
2024-03-20 22:41:39,512 [INFO] IPUIPlugin:80 - create IPUIPlugin
2024-03-20 22:41:39,512 [INFO] PluginManager:220 - loadIPPluginJar : add ts
2024-03-20 22:41:39,532 [INFO] IPUIPlugin:80 - create IPUIPlugin
2024-03-20 22:41:39,532 [INFO] PluginManager:220 - loadIPPluginJar : add tsc
2024-03-20 22:41:39,553 [INFO] IPUIPlugin:80 - create IPUIPlugin
2024-03-20 22:41:39,553 [INFO] PluginManager:220 - loadIPPluginJar : add ucpd
2024-03-20 22:41:39,582 [INFO] IPUIPlugin:80 - create IPUIPlugin
2024-03-20 22:41:39,582 [INFO] PluginManager:220 - loadIPPluginJar : add usart
2024-03-20 22:41:39,611 [INFO] IPUIPlugin:80 - create IPUIPlugin
2024-03-20 22:41:39,611 [INFO] PluginManager:220 - loadIPPluginJar : add usbx
2024-03-20 22:41:39,628 [INFO] ThirdPartyUpdaterWithRetryManager:70 - Updater plugin not ready yet. [2/15]
2024-03-20 22:41:39,860 [INFO] CADModel:165 - CPN selected for project level
2024-03-20 22:41:39,861 [INFO] CADModel:114 - Register for checkConnection events
2024-03-20 22:41:39,861 [FATAL] Updater:308 - Updater called before beeing initialized
2024-03-20 22:41:39,861 [ERROR] CADModel:125 - Updater not yet initialized, retry later 
2024-03-20 22:41:40,121 [INFO] CADModel:165 - CPN selected for project level
2024-03-20 22:41:40,121 [INFO] CADModel:114 - Register for checkConnection events
2024-03-20 22:41:40,121 [FATAL] Updater:308 - Updater called before beeing initialized
2024-03-20 22:41:40,121 [ERROR] CADModel:125 - Updater not yet initialized, retry later 
2024-03-20 22:41:40,126 [FATAL] Updater:308 - Updater called before beeing initialized
2024-03-20 22:41:40,350 [FATAL] Updater:308 - Updater called before beeing initialized
2024-03-20 22:41:40,390 [INFO] DbMcusAds:53 - JSON generation date=Wed Nov 29 11:52:27 CET 2023 (1701255147349)
2024-03-20 22:41:40,391 [FATAL] Updater:308 - Updater called before beeing initialized
2024-03-20 22:41:40,488 [WARN] DetailPanel:346 - Failed to get advertising image, set to default
2024-03-20 22:41:40,643 [FATAL] Updater:308 - Updater called before beeing initialized
2024-03-20 22:41:40,646 [FATAL] Updater:308 - Updater called before beeing initialized
2024-03-20 22:41:40,646 [FATAL] Updater:308 - Updater called before beeing initialized
2024-03-20 22:41:40,647 [WARN] DetailPanel:346 - Failed to get advertising image, set to default
2024-03-20 22:41:40,647 [FATAL] Updater:308 - Updater called before beeing initialized
2024-03-20 22:41:40,746 [ERROR] Updater:1120 - MainUpdater not yet initialized. External WinMGr cannot be set.
2024-03-20 22:41:40,765 [INFO] Updater:1056 - Updater Version found : 6.8.0
2024-03-20 22:41:40,791 [INFO] ApplicationProperties:184 - Using Application install path: C:\ST\STM32CubeIDE_1.12.0\STM32CubeIDE\plugins\com.st.stm32cube.common.mx_6.8.0.202302231600
2024-03-20 22:41:42,402 [INFO] MainUpdater:2854 - connection check result : 10
2024-03-20 22:41:42,403 [INFO] MainUpdater:283 - Updater Check For Update Now.
2024-03-20 22:41:42,404 [INFO] MicroXplorer:498 - Change Database Version : DB.6.0.80
2024-03-20 22:41:42,629 [WARN] MainUpdater:1187 - Updater busy. Cannot search thirdparties
2024-03-20 22:41:42,630 [INFO] ThirdPartyUpdaterWithRetryManager:96 - Updater plugin is busy. [1/15]
2024-03-20 22:41:42,660 [INFO] CheckServerUpdateThread:120 - End of CheckServer Thread
2024-03-20 22:41:42,661 [INFO] MainUpdater:2854 - connection check result : 10
2024-03-20 22:41:42,722 [INFO] McuFinderGlobals:66 - Set McuFinderConnectedMode to true
2024-03-20 22:41:43,313 [INFO] ServerAccessManage:473 - Download File mcusAds.json._tmp_
2024-03-20 22:41:43,428 [INFO] LoadUrlFilesThread:156 - End of LoadUrlFiles Thread
2024-03-20 22:41:43,806 [INFO] ServerAccessManage:473 - Download File cube-finder-db.zip
2024-03-20 22:41:45,631 [WARN] MainUpdater:1187 - Updater busy. Cannot search thirdparties
2024-03-20 22:41:45,631 [INFO] ThirdPartyUpdaterWithRetryManager:96 - Updater plugin is busy. [2/15]
2024-03-20 22:41:46,197 [INFO] FileExtend:240 - Unzip File : cube-finder-db.zip
2024-03-20 22:41:46,197 [INFO] FileExtend:255 - Standard Zip Deflate
2024-03-20 22:41:47,358 [INFO] LoadUrlFilesThread:156 - End of LoadUrlFiles Thread
2024-03-20 22:41:48,009 [INFO] ServerAccessManage:473 - Download File crdb.zip
2024-03-20 22:41:48,288 [INFO] FileExtend:240 - Unzip File : crdb.zip
2024-03-20 22:41:48,289 [INFO] FileExtend:255 - Standard Zip Deflate
2024-03-20 22:41:48,440 [INFO] LoadUrlFilesThread:156 - End of LoadUrlFiles Thread
2024-03-20 22:41:48,631 [WARN] MainUpdater:1187 - Updater busy. Cannot search thirdparties
2024-03-20 22:41:48,631 [INFO] ThirdPartyUpdaterWithRetryManager:96 - Updater plugin is busy. [3/15]
2024-03-20 22:41:48,766 [INFO] ServerAccessManage:473 - Download File tutoVideoDB.zip
2024-03-20 22:41:48,792 [INFO] FileExtend:240 - Unzip File : tutoVideoDB.zip
2024-03-20 22:41:48,792 [INFO] FileExtend:255 - Standard Zip Deflate
2024-03-20 22:41:48,917 [INFO] LoadUrlFilesThread:156 - End of LoadUrlFiles Thread
2024-03-20 22:41:48,923 [WARN] DbFile:41 - Overriding database path with different value: C:\Users\MrIro\.stmcufinder\plugins\mcufinder/ => C:\Users\MrIro\.stmcufinder\plugins\mcufinder
2024-03-20 22:41:49,154 [INFO] ServerAccessManage:473 - Download File api_config.json
2024-03-20 22:41:49,264 [INFO] LoadUrlFilesThread:156 - End of LoadUrlFiles Thread
2024-03-20 22:41:49,279 [INFO] DbMcusAds:53 - JSON generation date=Wed Nov 29 11:52:27 CET 2023 (1701255147349)
2024-03-20 22:41:49,325 [INFO] LoadUrlFilesThread:185 - End of LoadServerUrlFiles without Thread
2024-03-20 22:41:49,325 [INFO] TargetSelectorAdapter:259 - Refresh data is successful
2024-03-20 22:41:49,458 [INFO] ApiDb:581 - Connected to CubeFinder SQLite database (C:\Users\MrIro\.stmcufinder\plugins\mcufinder\mcu\cube-finder-db.db)
2024-03-20 22:41:49,536 [INFO] ApiDb:668 - CubeFinder database Data Model version=2.1
2024-03-20 22:41:49,536 [INFO] ApiDb:669 - CubeFinder database Configuration version=3.0.39
2024-03-20 22:41:49,536 [INFO] ApiDb:670 - CubeFinder database generation date=2024-03-01 (1709305525)
2024-03-20 22:41:49,537 [INFO] ApiDb:671 - CubeFinder database FW Pack versions=[FP-ATR-ASTRA1_V2.0.0, FP-SNS-FLIGHT1_V5.0.1, FP-SNS-FLIGHT1_V5.0.2, FP-SNS-MOTENV1_V4.3.1, FP-SNS-MOTENV1_V4.3.2, FP-SNS-MOTENVWB1_V1.3.1, FP-SNS-SMARTAG2_V1.2.0, STM32Cube_FW_C0_V1.1.0, STM32Cube_FW_F4_V1.28.0, STM32Cube_FW_F7_V1.17.0, STM32Cube_FW_G0_V1.6.2, STM32Cube_FW_G4_V1.5.2, STM32Cube_FW_H5_V0.5.1, STM32Cube_FW_H5_V1.1.1, STM32Cube_FW_H5_V1.2.0, STM32Cube_FW_H5_V1.2.0RC4, STM32Cube_FW_H7RS_V1.0.0, STM32Cube_FW_H7RS_V1.0.0RC4, STM32Cube_FW_H7_V1.11.0, STM32Cube_FW_L0_V1.12.2, STM32Cube_FW_L5_V1.5.1, STM32Cube_FW_U0_V1.0.0, STM32Cube_FW_U0_V1.0.0RC1, STM32Cube_FW_U5_V1.3.0RC4, STM32Cube_FW_U5_V1.5.0, STM32Cube_FW_U5_V1.5.0RC1, STM32Cube_FW_WBA_V1.0.0RC1, STM32Cube_FW_WBA_V1.2.0, STM32Cube_FW_WBA_V1.2.0RC2, STM32Cube_FW_WBA_V1.3.0, STM32Cube_FW_WBA_V1.3.0RC1, STM32Cube_FW_WB_V1.15.0RC1, STM32Cube_FW_WB_V1.16.0, STM32Cube_FW_WB_V1.16.0RC2, STM32Cube_FW_WB_V1.18.0, STM32Cube_FW_WB_V1.19.0, STM32Cube_FW_WL_V1.3.0, X-CUBE-ALGOBUILD_V1.3.0, X-CUBE-ALS_V1.0.1, X-CUBE-AZRTOS-F4_V1.1.0, X-CUBE-AZRTOS-F7_V1.1.0, X-CUBE-AZRTOS-G0_V1.1.0, X-CUBE-AZRTOS-G4_V2.0.0, X-CUBE-AZRTOS-H7_V3.2.0, X-CUBE-AZRTOS-L4_V1.0.0, X-CUBE-AZRTOS-L4_V2.0.0, X-CUBE-AZRTOS-L5_V1.1.0, X-CUBE-AZRTOS-WB_V2.0.0, X-CUBE-AZRTOS-WL_V2.0.0, X-CUBE-BLE1_V7.0.0, X-CUBE-BLE2_V3.3.0, X-CUBE-BLEMGR_V3.1.0, X-CUBE-EEPRMA1_V4.1.0, X-CUBE-EEPRMA1_V5.1.0, X-CUBE-FREERTOS_V1.1.0, X-CUBE-GNSS1_V6.0.0, X-CUBE-MEMS1_V10.0.0, X-CUBE-MEMS1_V9.1.0, X-CUBE-MEMS1_V9.4.0, X-CUBE-MEMS1_V9.6.0, X-CUBE-NFC4_V3.0.0, X-CUBE-NFC7_V1.0.1, X-CUBE-SFXS2LP1_V4.0.0, X-CUBE-SUBG2_V5.0.0, X-CUBE-TOF1_V3.4.0]
2024-03-20 22:41:52,063 [WARN] PackLoader:240 - Cannot read IP mode file for STMicroelectronics.X-CUBE-SMBUS.2.1.0
2024-03-20 22:41:52,090 [WARN] PackLoader:240 - Cannot read IP mode file for STMicroelectronics.X-CUBE-TOUCHGFX.4.23.0
2024-03-20 22:41:52,157 [WARN] PackLoader:240 - Cannot read IP mode file for STMicroelectronics.X-CUBE-AZRTOS-F7.1.1.0
2024-03-20 22:41:52,193 [ERROR] RealEvaluatedCondition:428 - Found unsupported composite condition: CLASS='Data Exchange' GROUP='STM32_MetaDataManager'
2024-03-20 22:41:52,194 [ERROR] RealEvaluatedCondition:428 - Found unsupported composite condition: CLASS='Data Exchange' GROUP='STM32_MetaDataManager'
2024-03-20 22:41:52,197 [WARN] PackLoader:240 - Cannot read IP mode file for STMicroelectronics.FP-SNS-MOTENV1.4.3.0
2024-03-20 22:41:52,230 [WARN] PackLoader:240 - Cannot read IP mode file for STMicroelectronics.FP-SNS-MOTENV1.4.3.2
2024-03-20 22:41:52,255 [WARN] PackLoader:240 - Cannot read IP mode file for STMicroelectronics.FP-SNS-FLIGHT1.5.0.0
2024-03-20 22:41:52,276 [WARN] PackLoader:240 - Cannot read IP mode file for STMicroelectronics.FP-SNS-FLIGHT1.5.0.1
2024-03-20 22:41:52,309 [WARN] PackLoader:240 - Cannot read IP mode file for STMicroelectronics.X-CUBE-BLE1.6.2.4
2024-03-20 22:41:52,332 [WARN] PackLoader:240 - Cannot read IP mode file for STMicroelectronics.FP-SNS-FLIGHT1.5.0.2
2024-03-20 22:41:52,359 [WARN] PackLoader:240 - Cannot read IP mode file for STMicroelectronics.X-CUBE-DISPLAY.3.0.0
2024-03-20 22:41:52,389 [WARN] PackLoader:240 - Cannot read IP mode file for STMicroelectronics.X-CUBE-BLE1.7.0.0
2024-03-20 22:41:52,411 [WARN] PackLoader:240 - Cannot read IP mode file for STMicroelectronics.X-CUBE-TOUCHGFX.4.22.0
2024-03-20 22:41:52,436 [WARN] PackLoader:240 - Cannot read IP mode file for STMicroelectronics.X-CUBE-TOUCHGFX.4.22.1
2024-03-20 22:41:52,470 [WARN] PackLoader:240 - Cannot read IP mode file for STMicroelectronics.X-CUBE-BLEMGR.3.1.0
2024-03-20 22:41:52,502 [INFO] ApiDb:240 - Found 297 in-development CPN: [B-G473E-ZEST1S, B-WB1M-WPAN1, B-WL5M-SUBG1, NUCLEO-C031C6, NUCLEO-H503RB, NUCLEO-H563ZI, NUCLEO-U545RE-Q, NUCLEO-U5A5ZJ-Q, NUCLEO-WBA52CG, STEVAL-PROTEUS1, STEVAL-STWINBX1, STM320518-EVAL, STM32C0116-DK, STM32C011D6Y3TR, STM32C011D6Y6TR, STM32C011F4P3, STM32C011F4P6, STM32C011F4U3, STM32C011F4U6TR, STM32C011F6P3, STM32C011F6P6, STM32C011F6U3, STM32C011F6U6TR, STM32C011J4M3, STM32C011J4M6, STM32C011J6M3, STM32C011J6M6, STM32C0316-DK, STM32C031C4T3, STM32C031C4T6, STM32C031C4U3, STM32C031C4U6, STM32C031C6T3, STM32C031C6T6, STM32C031C6U3, STM32C031C6U6, STM32C031F4P3, STM32C031F4P6, STM32C031F6P3, STM32C031F6P6, STM32C031G4U3, STM32C031G4U6, STM32C031G6U3, STM32C031G6U6, STM32C031K4T3, STM32C031K4T6, STM32C031K4U3, STM32C031K4U6, STM32C031K6T3, STM32C031K6T6, STM32C031K6U3, STM32C031K6U6, STM32G071K8TXN, STM32G071K8UXN, STM32G081GBU6N, STM32G081KBT6N, STM32G081KBUXN, STM32G0B1CCT6N, STM32G0B1KCT6, STM32G0B1NEY6TR, STM32G0B1RCT6N, STM32G0C1CCT6, STM32G0C1CCT6N, STM32G0C1CCU6N, STM32G0C1CET6N, STM32G0C1CEU6N, STM32G0C1KCT6, STM32G0C1NEY6TR, STM32G0C1RCI6N, STM32G0C1RCT6N, STM32G0C1REI6N, STM32G0C1RET6N, STM32G0C1VCI6, STM32G0C1VEI6, STM32G471CCT6, STM32G471CCU6, STM32G471CET3, STM32G471CET6, STM32G471CEU3, STM32G471CEU6, STM32G471MCT6, STM32G471MET3, STM32G471MET6, STM32G471MEY6TR, STM32G471QCT6, STM32G471QET3, STM32G471RCT6, STM32G471RET3, STM32G471RET6, STM32G471VCH6, STM32G471VCI6, STM32G471VCT6, STM32G471VEH3, STM32G471VEH6, STM32G471VEI3, STM32G471VEI6, STM32G471VET3, STM32G471VET6, STM32G474CCT6, STM32H503CBT6, STM32H503CBU6, STM32H503EBY6TR, STM32H503KBU6, STM32H503RBT6, STM32H562AGI6, STM32H562AII6, STM32H562IGK6, STM32H562IGT6, STM32H562IIK6, STM32H562IIT6, STM32H562RGT6, STM32H562RGV6, STM32H562RIT6, STM32H562RIV6, STM32H562VGT6, STM32H562VIT6, STM32H562ZGT6, STM32H562ZIT6, STM32H563AGI6, STM32H563AII3Q, STM32H563AII6, STM32H563IGK6, STM32H563IGT6, STM32H563IIK3Q, STM32H563IIK6, STM32H563IIT3Q, STM32H563IIT6, STM32H563MIY3QTR, STM32H563RGT6, STM32H563RGV6, STM32H563RIT6, STM32H563RIV6, STM32H563VGT6, STM32H563VIT3Q, STM32H563VIT6, STM32H563ZGT6, STM32H563ZIT3Q, STM32H563ZIT6, STM32H573AII3Q, STM32H573AII6, STM32H573I-DK, STM32H573IIK3Q, STM32H573IIK6, STM32H573IIT3Q, STM32H573IIT6, STM32H573MIY3QTR, STM32H573RIT6, STM32H573RIV6, STM32H573VIT3Q, STM32H573VIT6, STM32H573ZIT3Q, STM32H573ZIT6, STM32L4R5QGI6STR, STM32MP131AAE3, STM32MP131AAF3, STM32MP131AAG3, STM32MP131CAE3, STM32MP131CAF3, STM32MP131CAG3, STM32MP131DAE7, STM32MP131DAF7, STM32MP131DAG7, STM32MP131FAE7, STM32MP131FAF7, STM32MP131FAG7, STM32MP133AAE3, STM32MP133AAF3, STM32MP133AAG3, STM32MP133CAE3, STM32MP133CAF3, STM32MP133CAG3, STM32MP133DAE7, STM32MP133DAF7, STM32MP133DAG7, STM32MP133FAE7, STM32MP133FAF7, STM32MP133FAG7, STM32MP135AAE3, STM32MP135AAF3, STM32MP135AAG3, STM32MP135CAE3, STM32MP135CAF3, STM32MP135CAG3, STM32MP135DAE7, STM32MP135DAF7, STM32MP135DAG7, STM32MP135F-DK, STM32MP135FAE7, STM32MP135FAF7, STM32MP135FAF7T, STM32MP135FAF7U, STM32MP135FAG7, STM32U535CBT6, STM32U535CBT6Q, STM32U535CBU6, STM32U535CBU6Q, STM32U535CCT6, STM32U535CCT6Q, STM32U535CCU6, STM32U535CCU6Q, STM32U535CET6, STM32U535CET6Q, STM32U535CEU6, STM32U535CEU6Q, STM32U535JEY6QTR, STM32U535NCY6QTR, STM32U535NEY6QTR, STM32U535RBI6, STM32U535RBI6Q, STM32U535RBT6, STM32U535RBT6Q, STM32U535RCI6, STM32U535RCI6Q, STM32U535RCT6, STM32U535RCT6Q, STM32U535REI6, STM32U535REI6Q, STM32U535RET6, STM32U535RET6Q, STM32U535VCI6, STM32U535VCI6Q, STM32U535VCT6, STM32U535VCT6Q, STM32U535VEI6, STM32U535VEI6Q, STM32U535VET6, STM32U535VET6Q, STM32U545CET6, STM32U545CET6Q, STM32U545CEU6, STM32U545CEU6Q, STM32U545JEY6QTR, STM32U545NEY6QTR, STM32U545REI6, STM32U545REI6Q, STM32U545RET6, STM32U545RET6Q, STM32U545VEI6, STM32U545VEI6Q, STM32U545VET6, STM32U545VET6Q, STM32U595AIH6, STM32U595AIH6Q, STM32U595AJH6, STM32U595AJH6Q, STM32U595QII6, STM32U595QII6Q, STM32U595QJI6, STM32U595QJI6Q, STM32U595RIT6, STM32U595RIT6Q, STM32U595RJT6, STM32U595RJT6Q, STM32U595VIT6, STM32U595VIT6Q, STM32U595VJT6, STM32U595VJT6Q, STM32U595ZIT6, STM32U595ZIT6Q, STM32U595ZIY6QTR, STM32U595ZJT6, STM32U595ZJT6Q, STM32U595ZJY6QTR, STM32U599BJY6QTR, STM32U599NIH6Q, STM32U599NJH6Q, STM32U599VIT6Q, STM32U599VJT6, STM32U599VJT6Q, STM32U599ZIT6Q, STM32U599ZIY6QTR, STM32U599ZJT6Q, STM32U599ZJY6QTR, STM32U5A5AJH6, STM32U5A5AJH6Q, STM32U5A5QJI6, STM32U5A5QJI6Q, STM32U5A5RJT6, STM32U5A5RJT6Q, STM32U5A5VJT6, STM32U5A5VJT6Q, STM32U5A5ZJT6, STM32U5A5ZJT6Q, STM32U5A5ZJY6QTR, STM32U5A9BJY6QTR, STM32U5A9J-DK, STM32U5A9NJH6Q, STM32U5A9VJT6Q, STM32U5A9ZJT6Q, STM32U5A9ZJY6QTR, STM32WB1MMCH6, STM32WBA52CEU6, STM32WBA52CEU6T, STM32WBA52CGU6, STM32WBA52CGU6T, STM32WL5MOCH6, STM32WL5MOCH6TR]
2024-03-20 22:41:52,508 [WARN] PackLoader:240 - Cannot read IP mode file for STMicroelectronics.FP-SNS-SMARTAG2.1.2.0
2024-03-20 22:41:52,511 [INFO] DbMcus:216 - Found 3931 MCUs, 3931 are supported
2024-03-20 22:41:52,539 [INFO] ApiDb:423 - Load user favorites file C:\Users\MrIro/.stm32cubeide/favorites.mcus.txt: 1 item(s)
2024-03-20 22:41:52,540 [INFO] ApiDb:427 - User favorites MCUs=[STM32F411CEU6]
2024-03-20 22:41:52,540 [INFO] DbMcus:222 - Set 1 / 1 favorites MCUs
2024-03-20 22:41:52,558 [INFO] LogOutputStream:77 - [STDOUT_REDIRECT] 1 : Invalid condition id : UX_CORESTACK_Condition cause : null
2024-03-20 22:41:52,559 [INFO] LogOutputStream:77 - [STDOUT_REDIRECT] 1 : Invalid condition id : UX_CORESTACK_Condition cause : null
2024-03-20 22:41:52,562 [INFO] LogOutputStream:77 - [STDOUT_REDIRECT] 1 : Invalid condition id : UX_CORESTACK_Condition cause : null
2024-03-20 22:41:52,565 [INFO] LogOutputStream:77 - [STDOUT_REDIRECT] 1 : Invalid condition id : UX_CORESTACK_Condition cause : null
2024-03-20 22:41:52,569 [INFO] LogOutputStream:77 - [STDOUT_REDIRECT] 1 : Invalid condition id : UX_CORESTACK_Condition cause : null
2024-03-20 22:41:52,578 [WARN] PackLoader:240 - Cannot read IP mode file for STMicroelectronics.X-CUBE-AZRTOS-WL.2.0.0
2024-03-20 22:41:52,619 [WARN] PackLoader:240 - Cannot read IP mode file for WES.I-CUBE-Cesium.1.3.0
2024-03-20 22:41:52,650 [WARN] PackLoader:240 - Cannot read IP mode file for STMicroelectronics.X-CUBE-BLE2.3.3.0
2024-03-20 22:41:52,676 [WARN] PackLoader:240 - Cannot read IP mode file for STMicroelectronics.X-CUBE-TOUCHGFX.4.21.3
2024-03-20 22:41:52,705 [WARN] PackLoader:240 - Cannot read IP mode file for STMicroelectronics.X-CUBE-TOUCHGFX.4.21.4
2024-03-20 22:41:52,735 [WARN] PackLoader:240 - Cannot read IP mode file for STMicroelectronics.X-CUBE-ALGOBUILD.1.3.0
2024-03-20 22:41:52,814 [WARN] PackLoader:240 - Cannot read IP mode file for STMicroelectronics.X-CUBE-AZRTOS-G0.1.1.0
2024-03-20 22:41:52,851 [WARN] PackLoader:240 - Cannot read IP mode file for STMicroelectronics.X-CUBE-NFC4.3.0.0
2024-03-20 22:41:52,892 [WARN] PackLoader:240 - Cannot read IP mode file for STMicroelectronics.X-CUBE-BLEMGR.3.0.0
2024-03-20 22:41:52,943 [WARN] PackLoader:240 - Cannot read IP mode file for STMicroelectronics.FP-ATR-SIGFOX1.3.2.0
2024-03-20 22:41:52,980 [WARN] PackLoader:240 - Cannot read IP mode file for STMicroelectronics.X-CUBE-EEPRMA1.5.1.0
2024-03-20 22:41:53,124 [WARN] PackLoader:240 - Cannot read IP mode file for STMicroelectronics.X-CUBE-MEMS1.9.5.0
2024-03-20 22:41:53,544 [WARN] PackLoader:240 - Cannot read IP mode file for SEGGER.I-CUBE-embOS.1.3.1
2024-03-20 22:41:53,679 [WARN] PackLoader:240 - Cannot read IP mode file for STMicroelectronics.X-CUBE-GNSS1.6.0.0
2024-03-20 22:41:53,747 [WARN] PackLoader:240 - Cannot read IP mode file for STMicroelectronics.X-CUBE-AZRTOS-F4.1.1.0
2024-03-20 22:41:53,779 [WARN] PackLoader:240 - Cannot read IP mode file for wolfSSL.I-CUBE-wolfSSL.5.6.0
2024-03-20 22:41:53,844 [WARN] PackLoader:240 - Cannot read IP mode file for STMicroelectronics.X-CUBE-AZRTOS-L5.2.0.0
2024-03-20 22:41:53,952 [WARN] PackLoader:240 - Cannot read IP mode file for STMicroelectronics.X-CUBE-MEMS1.9.6.0
2024-03-20 22:41:54,045 [INFO] ApiDb:668 - CubeFinder database Data Model version=2.1
2024-03-20 22:41:54,045 [INFO] ApiDb:669 - CubeFinder database Configuration version=3.0.39
2024-03-20 22:41:54,045 [INFO] ApiDb:670 - CubeFinder database generation date=2024-03-01 (1709305525)
2024-03-20 22:41:54,046 [INFO] ApiDb:671 - CubeFinder database FW Pack versions=[FP-ATR-ASTRA1_V2.0.0, FP-SNS-FLIGHT1_V5.0.1, FP-SNS-FLIGHT1_V5.0.2, FP-SNS-MOTENV1_V4.3.1, FP-SNS-MOTENV1_V4.3.2, FP-SNS-MOTENVWB1_V1.3.1, FP-SNS-SMARTAG2_V1.2.0, STM32Cube_FW_C0_V1.1.0, STM32Cube_FW_F4_V1.28.0, STM32Cube_FW_F7_V1.17.0, STM32Cube_FW_G0_V1.6.2, STM32Cube_FW_G4_V1.5.2, STM32Cube_FW_H5_V0.5.1, STM32Cube_FW_H5_V1.1.1, STM32Cube_FW_H5_V1.2.0, STM32Cube_FW_H5_V1.2.0RC4, STM32Cube_FW_H7RS_V1.0.0, STM32Cube_FW_H7RS_V1.0.0RC4, STM32Cube_FW_H7_V1.11.0, STM32Cube_FW_L0_V1.12.2, STM32Cube_FW_L5_V1.5.1, STM32Cube_FW_U0_V1.0.0, STM32Cube_FW_U0_V1.0.0RC1, STM32Cube_FW_U5_V1.3.0RC4, STM32Cube_FW_U5_V1.5.0, STM32Cube_FW_U5_V1.5.0RC1, STM32Cube_FW_WBA_V1.0.0RC1, STM32Cube_FW_WBA_V1.2.0, STM32Cube_FW_WBA_V1.2.0RC2, STM32Cube_FW_WBA_V1.3.0, STM32Cube_FW_WBA_V1.3.0RC1, STM32Cube_FW_WB_V1.15.0RC1, STM32Cube_FW_WB_V1.16.0, STM32Cube_FW_WB_V1.16.0RC2, STM32Cube_FW_WB_V1.18.0, STM32Cube_FW_WB_V1.19.0, STM32Cube_FW_WL_V1.3.0, X-CUBE-ALGOBUILD_V1.3.0, X-CUBE-ALS_V1.0.1, X-CUBE-AZRTOS-F4_V1.1.0, X-CUBE-AZRTOS-F7_V1.1.0, X-CUBE-AZRTOS-G0_V1.1.0, X-CUBE-AZRTOS-G4_V2.0.0, X-CUBE-AZRTOS-H7_V3.2.0, X-CUBE-AZRTOS-L4_V1.0.0, X-CUBE-AZRTOS-L4_V2.0.0, X-CUBE-AZRTOS-L5_V1.1.0, X-CUBE-AZRTOS-WB_V2.0.0, X-CUBE-AZRTOS-WL_V2.0.0, X-CUBE-BLE1_V7.0.0, X-CUBE-BLE2_V3.3.0, X-CUBE-BLEMGR_V3.1.0, X-CUBE-EEPRMA1_V4.1.0, X-CUBE-EEPRMA1_V5.1.0, X-CUBE-FREERTOS_V1.1.0, X-CUBE-GNSS1_V6.0.0, X-CUBE-MEMS1_V10.0.0, X-CUBE-MEMS1_V9.1.0, X-CUBE-MEMS1_V9.4.0, X-CUBE-MEMS1_V9.6.0, X-CUBE-NFC4_V3.0.0, X-CUBE-NFC7_V1.0.1, X-CUBE-SFXS2LP1_V4.0.0, X-CUBE-SUBG2_V5.0.0, X-CUBE-TOF1_V3.4.0]
2024-03-20 22:41:54,161 [INFO] DbBoardsSqlite:226 - include board P-NUCLEO-WB55-NUCLEO as a kit item of type 'Nucleo-64'
2024-03-20 22:41:54,161 [INFO] DbBoardsSqlite:226 - include board P-NUCLEO-WB55-USBDONGLE as a kit item of type 'Nucleo USB Dongle'
2024-03-20 22:41:54,162 [INFO] DbBoardsSqlite:226 - include board STEVAL-IDP005V1 as a kit item of type 'Evaluation Board'
2024-03-20 22:41:54,162 [INFO] DbBoardsSqlite:226 - include board STEVAL-IDP005V2 as a kit item of type 'Evaluation Board'
2024-03-20 22:41:54,219 [WARN] PackLoader:240 - Cannot read IP mode file for STMicroelectronics.X-CUBE-EEPRMA1.4.2.0
2024-03-20 22:41:54,256 [WARN] PackLoader:240 - Cannot read IP mode file for ITTIA_DB.I-CUBE-ITTIADB.8.8.0
2024-03-20 22:41:54,293 [WARN] PackLoader:240 - Cannot read IP mode file for emotas.I-CUBE-CANOPEN.1.1.3
2024-03-20 22:41:54,315 [INFO] ApiDb:240 - Found 297 in-development CPN: [B-G473E-ZEST1S, B-WB1M-WPAN1, B-WL5M-SUBG1, NUCLEO-C031C6, NUCLEO-H503RB, NUCLEO-H563ZI, NUCLEO-U545RE-Q, NUCLEO-U5A5ZJ-Q, NUCLEO-WBA52CG, STEVAL-PROTEUS1, STEVAL-STWINBX1, STM320518-EVAL, STM32C0116-DK, STM32C011D6Y3TR, STM32C011D6Y6TR, STM32C011F4P3, STM32C011F4P6, STM32C011F4U3, STM32C011F4U6TR, STM32C011F6P3, STM32C011F6P6, STM32C011F6U3, STM32C011F6U6TR, STM32C011J4M3, STM32C011J4M6, STM32C011J6M3, STM32C011J6M6, STM32C0316-DK, STM32C031C4T3, STM32C031C4T6, STM32C031C4U3, STM32C031C4U6, STM32C031C6T3, STM32C031C6T6, STM32C031C6U3, STM32C031C6U6, STM32C031F4P3, STM32C031F4P6, STM32C031F6P3, STM32C031F6P6, STM32C031G4U3, STM32C031G4U6, STM32C031G6U3, STM32C031G6U6, STM32C031K4T3, STM32C031K4T6, STM32C031K4U3, STM32C031K4U6, STM32C031K6T3, STM32C031K6T6, STM32C031K6U3, STM32C031K6U6, STM32G071K8TXN, STM32G071K8UXN, STM32G081GBU6N, STM32G081KBT6N, STM32G081KBUXN, STM32G0B1CCT6N, STM32G0B1KCT6, STM32G0B1NEY6TR, STM32G0B1RCT6N, STM32G0C1CCT6, STM32G0C1CCT6N, STM32G0C1CCU6N, STM32G0C1CET6N, STM32G0C1CEU6N, STM32G0C1KCT6, STM32G0C1NEY6TR, STM32G0C1RCI6N, STM32G0C1RCT6N, STM32G0C1REI6N, STM32G0C1RET6N, STM32G0C1VCI6, STM32G0C1VEI6, STM32G471CCT6, STM32G471CCU6, STM32G471CET3, STM32G471CET6, STM32G471CEU3, STM32G471CEU6, STM32G471MCT6, STM32G471MET3, STM32G471MET6, STM32G471MEY6TR, STM32G471QCT6, STM32G471QET3, STM32G471RCT6, STM32G471RET3, STM32G471RET6, STM32G471VCH6, STM32G471VCI6, STM32G471VCT6, STM32G471VEH3, STM32G471VEH6, STM32G471VEI3, STM32G471VEI6, STM32G471VET3, STM32G471VET6, STM32G474CCT6, STM32H503CBT6, STM32H503CBU6, STM32H503EBY6TR, STM32H503KBU6, STM32H503RBT6, STM32H562AGI6, STM32H562AII6, STM32H562IGK6, STM32H562IGT6, STM32H562IIK6, STM32H562IIT6, STM32H562RGT6, STM32H562RGV6, STM32H562RIT6, STM32H562RIV6, STM32H562VGT6, STM32H562VIT6, STM32H562ZGT6, STM32H562ZIT6, STM32H563AGI6, STM32H563AII3Q, STM32H563AII6, STM32H563IGK6, STM32H563IGT6, STM32H563IIK3Q, STM32H563IIK6, STM32H563IIT3Q, STM32H563IIT6, STM32H563MIY3QTR, STM32H563RGT6, STM32H563RGV6, STM32H563RIT6, STM32H563RIV6, STM32H563VGT6, STM32H563VIT3Q, STM32H563VIT6, STM32H563ZGT6, STM32H563ZIT3Q, STM32H563ZIT6, STM32H573AII3Q, STM32H573AII6, STM32H573I-DK, STM32H573IIK3Q, STM32H573IIK6, STM32H573IIT3Q, STM32H573IIT6, STM32H573MIY3QTR, STM32H573RIT6, STM32H573RIV6, STM32H573VIT3Q, STM32H573VIT6, STM32H573ZIT3Q, STM32H573ZIT6, STM32L4R5QGI6STR, STM32MP131AAE3, STM32MP131AAF3, STM32MP131AAG3, STM32MP131CAE3, STM32MP131CAF3, STM32MP131CAG3, STM32MP131DAE7, STM32MP131DAF7, STM32MP131DAG7, STM32MP131FAE7, STM32MP131FAF7, STM32MP131FAG7, STM32MP133AAE3, STM32MP133AAF3, STM32MP133AAG3, STM32MP133CAE3, STM32MP133CAF3, STM32MP133CAG3, STM32MP133DAE7, STM32MP133DAF7, STM32MP133DAG7, STM32MP133FAE7, STM32MP133FAF7, STM32MP133FAG7, STM32MP135AAE3, STM32MP135AAF3, STM32MP135AAG3, STM32MP135CAE3, STM32MP135CAF3, STM32MP135CAG3, STM32MP135DAE7, STM32MP135DAF7, STM32MP135DAG7, STM32MP135F-DK, STM32MP135FAE7, STM32MP135FAF7, STM32MP135FAF7T, STM32MP135FAF7U, STM32MP135FAG7, STM32U535CBT6, STM32U535CBT6Q, STM32U535CBU6, STM32U535CBU6Q, STM32U535CCT6, STM32U535CCT6Q, STM32U535CCU6, STM32U535CCU6Q, STM32U535CET6, STM32U535CET6Q, STM32U535CEU6, STM32U535CEU6Q, STM32U535JEY6QTR, STM32U535NCY6QTR, STM32U535NEY6QTR, STM32U535RBI6, STM32U535RBI6Q, STM32U535RBT6, STM32U535RBT6Q, STM32U535RCI6, STM32U535RCI6Q, STM32U535RCT6, STM32U535RCT6Q, STM32U535REI6, STM32U535REI6Q, STM32U535RET6, STM32U535RET6Q, STM32U535VCI6, STM32U535VCI6Q, STM32U535VCT6, STM32U535VCT6Q, STM32U535VEI6, STM32U535VEI6Q, STM32U535VET6, STM32U535VET6Q, STM32U545CET6, STM32U545CET6Q, STM32U545CEU6, STM32U545CEU6Q, STM32U545JEY6QTR, STM32U545NEY6QTR, STM32U545REI6, STM32U545REI6Q, STM32U545RET6, STM32U545RET6Q, STM32U545VEI6, STM32U545VEI6Q, STM32U545VET6, STM32U545VET6Q, STM32U595AIH6, STM32U595AIH6Q, STM32U595AJH6, STM32U595AJH6Q, STM32U595QII6, STM32U595QII6Q, STM32U595QJI6, STM32U595QJI6Q, STM32U595RIT6, STM32U595RIT6Q, STM32U595RJT6, STM32U595RJT6Q, STM32U595VIT6, STM32U595VIT6Q, STM32U595VJT6, STM32U595VJT6Q, STM32U595ZIT6, STM32U595ZIT6Q, STM32U595ZIY6QTR, STM32U595ZJT6, STM32U595ZJT6Q, STM32U595ZJY6QTR, STM32U599BJY6QTR, STM32U599NIH6Q, STM32U599NJH6Q, STM32U599VIT6Q, STM32U599VJT6, STM32U599VJT6Q, STM32U599ZIT6Q, STM32U599ZIY6QTR, STM32U599ZJT6Q, STM32U599ZJY6QTR, STM32U5A5AJH6, STM32U5A5AJH6Q, STM32U5A5QJI6, STM32U5A5QJI6Q, STM32U5A5RJT6, STM32U5A5RJT6Q, STM32U5A5VJT6, STM32U5A5VJT6Q, STM32U5A5ZJT6, STM32U5A5ZJT6Q, STM32U5A5ZJY6QTR, STM32U5A9BJY6QTR, STM32U5A9J-DK, STM32U5A9NJH6Q, STM32U5A9VJT6Q, STM32U5A9ZJT6Q, STM32U5A9ZJY6QTR, STM32WB1MMCH6, STM32WBA52CEU6, STM32WBA52CEU6T, STM32WBA52CGU6, STM32WBA52CGU6T, STM32WL5MOCH6, STM32WL5MOCH6TR]
2024-03-20 22:41:54,333 [WARN] PackLoader:240 - Cannot read IP mode file for STMicroelectronics.X-CUBE-BLEMGR.2.0.0
2024-03-20 22:41:54,414 [WARN] ConditionMgr:438 - getConditionDescription Invalid condition id : UX DEVICE CLASS RTOS Condition cause : null
2024-03-20 22:41:54,414 [WARN] ConditionMgr:438 - getConditionDescription Invalid condition id : UX DEVICE CLASS RTOS Condition cause : null
2024-03-20 22:41:54,421 [WARN] PackLoader:240 - Cannot read IP mode file for STMicroelectronics.X-CUBE-AZRTOS-H7.3.1.0
2024-03-20 22:41:54,424 [WARN] ConditionMgr:1039 - genDependencies : Invalid condition id : UX DEVICE CLASS RTOS Condition cause : null
2024-03-20 22:41:54,424 [WARN] ConditionMgr:1039 - genDependencies : Invalid condition id : UX DEVICE CLASS RTOS Condition cause : null
2024-03-20 22:41:54,426 [WARN] ConditionMgr:1039 - genDependencies : Invalid condition id : UX DEVICE CLASS RTOS Condition cause : null
2024-03-20 22:41:54,427 [WARN] ConditionMgr:1039 - genDependencies : Invalid condition id : UX DEVICE CLASS RTOS Condition cause : null
2024-03-20 22:41:54,427 [WARN] ConditionMgr:1039 - genDependencies : Invalid condition id : UX DEVICE CLASS RTOS Condition cause : null
2024-03-20 22:41:54,462 [WARN] PackLoader:240 - Cannot read IP mode file for STMicroelectronics.X-CUBE-NFC7.1.0.1
2024-03-20 22:41:54,496 [WARN] PackLoader:240 - Cannot read IP mode file for STMicroelectronics.X-CUBE-NFC7.1.0.0
2024-03-20 22:41:54,534 [WARN] PackLoader:240 - Cannot read IP mode file for STMicroelectronics.X-CUBE-NFC6.3.0.0
2024-03-20 22:41:54,565 [WARN] PackLoader:240 - Cannot read IP mode file for STMicroelectronics.X-CUBE-EEPRMA1.4.1.0
2024-03-20 22:41:54,599 [WARN] PackLoader:240 - Cannot read IP mode file for STMicroelectronics.X-CUBE-AI.8.1.0
2024-03-20 22:41:54,665 [WARN] ConditionMgr:438 - getConditionDescription Invalid condition id : LAN8742 Phy interface Condition cause : null
2024-03-20 22:41:54,666 [WARN] PackLoader:240 - Cannot read IP mode file for STMicroelectronics.X-CUBE-AZRTOS-L4.2.0.0
2024-03-20 22:41:54,669 [WARN] ConditionMgr:1039 - genDependencies : Invalid condition id : LAN8742 Phy interface Condition cause : null
2024-03-20 22:41:54,670 [WARN] ConditionMgr:1039 - genDependencies : Invalid condition id : LAN8742 Phy interface Condition cause : null
2024-03-20 22:41:54,671 [WARN] ConditionMgr:1039 - genDependencies : Invalid condition id : LAN8742 Phy interface Condition cause : null
2024-03-20 22:41:54,689 [INFO] BoardInfo:880 - No configuration file found for board P-NUCLEO-WB55
2024-03-20 22:41:54,689 [INFO] DbBoards:157 - Kit is not supported: P-NUCLEO-WB55
2024-03-20 22:41:54,709 [INFO] BoardInfo:880 - No configuration file found for board STEVAL-BFA001V1B
2024-03-20 22:41:54,709 [INFO] DbBoards:157 - Kit is not supported: STEVAL-BFA001V1B
2024-03-20 22:41:54,711 [WARN] PackLoader:240 - Cannot read IP mode file for STMicroelectronics.X-CUBE-SFXS2LP1.4.0.0
2024-03-20 22:41:54,713 [INFO] BoardInfo:880 - No configuration file found for board STEVAL-BFA001V2B
2024-03-20 22:41:54,713 [INFO] DbBoards:157 - Kit is not supported: STEVAL-BFA001V2B
2024-03-20 22:41:54,726 [INFO] BoardInfo:880 - No configuration file found for board STEVAL-MKBOXPRO
2024-03-20 22:41:54,726 [INFO] DbBoards:157 - Board is not supported: STEVAL-MKBOXPRO
2024-03-20 22:41:54,739 [INFO] BoardInfo:880 - No configuration file found for board STEVAL-SMARTAG2
2024-03-20 22:41:54,739 [INFO] DbBoards:157 - Board is not supported: STEVAL-SMARTAG2
2024-03-20 22:41:54,742 [WARN] PackLoader:240 - Cannot read IP mode file for STMicroelectronics.X-CUBE-ISPU.1.1.0
2024-03-20 22:41:54,777 [WARN] PackLoader:240 - Cannot read IP mode file for STMicroelectronics.X-CUBE-AI.8.0.0
2024-03-20 22:41:54,836 [WARN] ConditionMgr:438 - getConditionDescription Invalid condition id : UX DEVICE CLASS RTOS Condition cause : null
2024-03-20 22:41:54,836 [WARN] ConditionMgr:438 - getConditionDescription Invalid condition id : UX DEVICE CLASS RTOS Condition cause : null
2024-03-20 22:41:54,841 [WARN] PackLoader:240 - Cannot read IP mode file for STMicroelectronics.X-CUBE-AZRTOS-WB.2.0.0
2024-03-20 22:41:54,842 [WARN] ConditionMgr:1039 - genDependencies : Invalid condition id : UX DEVICE CLASS RTOS Condition cause : null
2024-03-20 22:41:54,842 [WARN] ConditionMgr:1039 - genDependencies : Invalid condition id : UX DEVICE CLASS RTOS Condition cause : null
2024-03-20 22:41:54,843 [WARN] ConditionMgr:1039 - genDependencies : Invalid condition id : UX DEVICE CLASS RTOS Condition cause : null
2024-03-20 22:41:54,844 [WARN] ConditionMgr:1039 - genDependencies : Invalid condition id : UX DEVICE CLASS RTOS Condition cause : null
2024-03-20 22:41:54,844 [WARN] ConditionMgr:1039 - genDependencies : Invalid condition id : UX DEVICE CLASS RTOS Condition cause : null
2024-03-20 22:41:54,878 [WARN] PackLoader:240 - Cannot read IP mode file for STMicroelectronics.X-CUBE-FREERTOS.1.0.1
2024-03-20 22:41:54,938 [WARN] PackLoader:240 - Cannot read IP mode file for STMicroelectronics.X-CUBE-AZRTOS-L5.1.1.0
2024-03-20 22:41:54,974 [WARN] PackLoader:240 - Cannot read IP mode file for STMicroelectronics.X-CUBE-AI.8.0.1
2024-03-20 22:41:55,071 [INFO] BoardInfo:880 - No configuration file found for board STM32U5G9J-DK1
2024-03-20 22:41:55,072 [INFO] DbBoards:157 - Board is not supported: STM32U5G9J-DK1
2024-03-20 22:41:55,075 [INFO] BoardInfo:880 - No configuration file found for board STM32U5G9J-DK2
2024-03-20 22:41:55,075 [INFO] DbBoards:157 - Board is not supported: STM32U5G9J-DK2
2024-03-20 22:41:55,082 [INFO] DbBoards:161 - Found 191 boards, 184 are supported
2024-03-20 22:41:55,109 [INFO] ApiDb:423 - Load user favorites file C:\Users\MrIro/.stm32cubeide/favorites.boards.txt: 1 item(s)
2024-03-20 22:41:55,109 [INFO] ApiDb:427 - User favorites Boards=[NUCLEO-L452RE-P]
2024-03-20 22:41:55,110 [INFO] DbBoards:190 - Set 1 / 1 favorites Boards
2024-03-20 22:41:55,115 [INFO] ApiDb:668 - CubeFinder database Data Model version=2.1
2024-03-20 22:41:55,115 [INFO] ApiDb:669 - CubeFinder database Configuration version=3.0.39
2024-03-20 22:41:55,116 [INFO] ApiDb:670 - CubeFinder database generation date=2024-03-01 (1709305525)
2024-03-20 22:41:55,116 [INFO] ApiDb:671 - CubeFinder database FW Pack versions=[FP-ATR-ASTRA1_V2.0.0, FP-SNS-FLIGHT1_V5.0.1, FP-SNS-FLIGHT1_V5.0.2, FP-SNS-MOTENV1_V4.3.1, FP-SNS-MOTENV1_V4.3.2, FP-SNS-MOTENVWB1_V1.3.1, FP-SNS-SMARTAG2_V1.2.0, STM32Cube_FW_C0_V1.1.0, STM32Cube_FW_F4_V1.28.0, STM32Cube_FW_F7_V1.17.0, STM32Cube_FW_G0_V1.6.2, STM32Cube_FW_G4_V1.5.2, STM32Cube_FW_H5_V0.5.1, STM32Cube_FW_H5_V1.1.1, STM32Cube_FW_H5_V1.2.0, STM32Cube_FW_H5_V1.2.0RC4, STM32Cube_FW_H7RS_V1.0.0, STM32Cube_FW_H7RS_V1.0.0RC4, STM32Cube_FW_H7_V1.11.0, STM32Cube_FW_L0_V1.12.2, STM32Cube_FW_L5_V1.5.1, STM32Cube_FW_U0_V1.0.0, STM32Cube_FW_U0_V1.0.0RC1, STM32Cube_FW_U5_V1.3.0RC4, STM32Cube_FW_U5_V1.5.0, STM32Cube_FW_U5_V1.5.0RC1, STM32Cube_FW_WBA_V1.0.0RC1, STM32Cube_FW_WBA_V1.2.0, STM32Cube_FW_WBA_V1.2.0RC2, STM32Cube_FW_WBA_V1.3.0, STM32Cube_FW_WBA_V1.3.0RC1, STM32Cube_FW_WB_V1.15.0RC1, STM32Cube_FW_WB_V1.16.0, STM32Cube_FW_WB_V1.16.0RC2, STM32Cube_FW_WB_V1.18.0, STM32Cube_FW_WB_V1.19.0, STM32Cube_FW_WL_V1.3.0, X-CUBE-ALGOBUILD_V1.3.0, X-CUBE-ALS_V1.0.1, X-CUBE-AZRTOS-F4_V1.1.0, X-CUBE-AZRTOS-F7_V1.1.0, X-CUBE-AZRTOS-G0_V1.1.0, X-CUBE-AZRTOS-G4_V2.0.0, X-CUBE-AZRTOS-H7_V3.2.0, X-CUBE-AZRTOS-L4_V1.0.0, X-CUBE-AZRTOS-L4_V2.0.0, X-CUBE-AZRTOS-L5_V1.1.0, X-CUBE-AZRTOS-WB_V2.0.0, X-CUBE-AZRTOS-WL_V2.0.0, X-CUBE-BLE1_V7.0.0, X-CUBE-BLE2_V3.3.0, X-CUBE-BLEMGR_V3.1.0, X-CUBE-EEPRMA1_V4.1.0, X-CUBE-EEPRMA1_V5.1.0, X-CUBE-FREERTOS_V1.1.0, X-CUBE-GNSS1_V6.0.0, X-CUBE-MEMS1_V10.0.0, X-CUBE-MEMS1_V9.1.0, X-CUBE-MEMS1_V9.4.0, X-CUBE-MEMS1_V9.6.0, X-CUBE-NFC4_V3.0.0, X-CUBE-NFC7_V1.0.1, X-CUBE-SFXS2LP1_V4.0.0, X-CUBE-SUBG2_V5.0.0, X-CUBE-TOF1_V3.4.0]
2024-03-20 22:41:55,182 [WARN] PackLoader:240 - Cannot read IP mode file for STMicroelectronics.X-CUBE-SUBG2.5.0.0
2024-03-20 22:41:55,235 [WARN] PackLoader:240 - Cannot read IP mode file for STMicroelectronics.X-CUBE-TOF1.3.3.1
2024-03-20 22:41:55,316 [WARN] PackLoader:240 - Cannot read IP mode file for STMicroelectronics.X-CUBE-AZRTOS-G4.2.0.0
2024-03-20 22:41:55,354 [WARN] PackLoader:240 - Cannot read IP mode file for STMicroelectronics.X-CUBE-TOF1.3.3.0
2024-03-20 22:41:55,410 [WARN] PackLoader:240 - Cannot read IP mode file for Infineon.AIROC-Wi-Fi-Bluetooth-STM32.1.5.1
2024-03-20 22:41:55,439 [WARN] PackLoader:240 - Cannot read IP mode file for STMicroelectronics.FP-SNS-MOTENVWB1.1.3.1
2024-03-20 22:41:55,486 [WARN] PackLoader:240 - Cannot read IP mode file for STMicroelectronics.X-CUBE-AZRTOS-G4.1.0.0
2024-03-20 22:41:55,543 [WARN] PackLoader:240 - Cannot read IP mode file for STMicroelectronics.X-CUBE-AZRTOS-L4.1.0.0
2024-03-20 22:41:55,575 [WARN] PackLoader:240 - Cannot read IP mode file for STMicroelectronics.X-CUBE-ISPU.2.0.0
2024-03-20 22:41:55,655 [WARN] PackLoader:240 - Cannot read IP mode file for STMicroelectronics.X-CUBE-MEMS1.10.0.0
2024-03-20 22:41:55,868 [WARN] PackLoader:240 - Cannot read IP mode file for STMicroelectronics.X-CUBE-FREERTOS.1.1.0
2024-03-20 22:41:55,914 [WARN] PackLoader:240 - Cannot read IP mode file for STMicroelectronics.X-CUBE-AZRTOS-WL.1.0.0
2024-03-20 22:41:55,945 [WARN] PackLoader:240 - Cannot read IP mode file for portGmbH.I-Cube-SoM-uGOAL.1.1.0
2024-03-20 22:41:55,976 [WARN] PackLoader:240 - Cannot read IP mode file for STMicroelectronics.X-CUBE-ALS.1.0.1
2024-03-20 22:41:56,026 [WARN] PackLoader:240 - Cannot read IP mode file for STMicroelectronics.X-CUBE-AZRTOS-WB.1.1.0
2024-03-20 22:41:56,090 [WARN] PackLoader:240 - Cannot read IP mode file for STMicroelectronics.FP-ATR-ASTRA1.2.0.0
2024-03-20 22:41:56,135 [WARN] PackLoader:240 - Cannot read IP mode file for STMicroelectronics.X-CUBE-TOF1.3.4.0
2024-03-20 22:41:56,181 [WARN] PackLoader:240 - Cannot read IP mode file for STMicroelectronics.X-CUBE-TOF1.3.4.1
2024-03-20 22:41:56,267 [WARN] PackLoader:240 - Cannot read IP mode file for STMicroelectronics.X-CUBE-AZRTOS-H7.3.2.0
2024-03-20 22:41:56,275 [INFO] ThirdParty:978 - Integrity check success = true
2024-03-20 22:41:56,275 [INFO] IntegrityCheckThread:100 - exiting critical section [integrity check]
2024-03-20 22:41:56,276 [INFO] IntegrityCheckThread:103 - End integrity checks thread
2024-03-20 22:41:56,742 [ERROR] DbExamplesSqlite:418 - Missing JSON key: board_cpn
2024-03-20 22:41:56,743 [ERROR] DbExamplesSqlite:418 - Missing JSON key: board_cpn
2024-03-20 22:41:56,743 [ERROR] DbExamplesSqlite:418 - Missing JSON key: board_cpn
2024-03-20 22:41:56,744 [ERROR] DbExamplesSqlite:418 - Missing JSON key: board_cpn
2024-03-20 22:41:56,983 [INFO] DbExamplesSqlite:376 - Ignored 60 examples not supported by CubeIDE
2024-03-20 22:41:56,983 [INFO] DbExamplesSqlite:377 - Found 8152 examples active
2024-03-20 22:41:56,984 [INFO] DbExamplesSqlite:378 - Found 871 examples obsolete
2024-03-20 22:41:56,984 [INFO] DbExamplesSqlite:379 - Found 0 examples under development
2024-03-20 22:41:56,985 [INFO] DbExamplesSqlite:380 - Found 10 examples not building
2024-03-20 22:41:56,988 [INFO] DbExamples:125 - Found 8102 examples
2024-03-20 22:41:57,392 [ERROR] DbExamples:208 - Found 822 examples with invalid data (board or MCU)
2024-03-20 22:41:57,392 [INFO] DbExamples:222 - Found 93 boards with related examples
2024-03-20 22:41:57,394 [INFO] DbExamples:235 - Found 79 MCUs with related examples
2024-03-20 22:41:57,419 [INFO] ApiDb:423 - Load user favorites file C:\Users\MrIro/.stm32cubeide/favorites.examples.txt: 0 item(s)
2024-03-20 22:41:57,420 [INFO] ApiDb:427 - User favorites Examples=[]
2024-03-20 22:41:57,420 [INFO] DbExamples:250 - Set 0 / 0 favorites Examples
2024-03-20 22:41:58,073 [INFO] McuFinderGlobals:66 - Set McuFinderConnectedMode to true
2024-03-20 22:41:58,089 [INFO] MultiScanPanel:200 - Auto-refresh data requested => check proxy status ongoing
2024-03-20 22:41:58,095 [INFO] FinderPluginLoader:95 - Searching for filters in installed packs
2024-03-20 22:41:58,098 [INFO] FinderPluginLoader:108 - Found C:\Users\MrIro\STM32Cube\Repository\Packs\STMicroelectronics\X-CUBE-AI\8.0.1\CubeMX\plugins\ip\ai.8.0.1.jar
2024-03-20 22:41:58,099 [INFO] FinderPluginLoader:118 - Loading ai.8.0.1
2024-03-20 22:41:58,220 [INFO] McuExtendedFiltersManager:95 - Add MCU extended filter: Artificial Intelligence
2024-03-20 22:41:59,701 [INFO] AInterface:109 - AInterface using toolDir: C:/Users/MrIro/STM32Cube/Repository//Packs/STMicroelectronics/X-CUBE-AI/8.0.1/Utilities/windows
2024-03-20 22:42:00,751 [INFO] LoadUrlFilesThread:185 - End of LoadServerUrlFiles without Thread
2024-03-20 22:42:00,823 [INFO] DetailPanel:341 - Set advertising image to C:/Users/MrIro/STM32Cube/Repository/\en.prom-stm32wl3-mcu-finder.jpg
2024-03-20 22:42:30,152 [INFO] McuFinderGlobals:66 - Set McuFinderConnectedMode to true
2024-03-20 22:42:30,156 [INFO] ApiDb:448 - Save user favorites file C:\Users\MrIro/.stm32cubeide/favorites.mcus.txt: 1 item(s)
2024-03-20 22:42:30,157 [INFO] ApiDb:452 - User favorites MCUs=[STM32F411CEU6]
2024-03-20 22:50:34,681 [ERROR] LogOutputStream:75 - [STDERR_REDIRECT] SLF4J: Failed to load class "org.slf4j.impl.StaticLoggerBinder".
2024-03-20 22:50:34,683 [ERROR] LogOutputStream:75 - [STDERR_REDIRECT] SLF4J: Defaulting to no-operation (NOP) logger implementation
2024-03-20 22:50:34,687 [ERROR] LogOutputStream:75 - [STDERR_REDIRECT] SLF4J: See http://www.slf4j.org/codes.html#StaticLoggerBinder for further details.
2024-03-20 23:28:22,350 [INFO] MainUpdater:2854 - connection check result : 10
2024-03-20 23:28:22,553 [INFO] McuFinderGlobals:66 - Set McuFinderConnectedMode to true
2024-03-20 23:28:22,555 [INFO] MultiScanPanel:200 - Auto-refresh data requested => check proxy status ongoing
2024-03-20 23:28:22,556 [INFO] FinderPluginLoader:95 - Searching for filters in installed packs
2024-03-20 23:28:22,559 [INFO] FinderPluginLoader:108 - Found C:\Users\MrIro\STM32Cube\Repository\Packs\STMicroelectronics\X-CUBE-AI\8.0.1\CubeMX\plugins\ip\ai.8.0.1.jar
2024-03-20 23:28:22,560 [INFO] FinderPluginLoader:118 - Loading ai.8.0.1
2024-03-20 23:28:22,596 [INFO] McuExtendedFiltersManager:95 - Add MCU extended filter: Artificial Intelligence
2024-03-20 23:28:23,380 [INFO] AInterface:109 - AInterface using toolDir: C:/Users/MrIro/STM32Cube/Repository//Packs/STMicroelectronics/X-CUBE-AI/8.0.1/Utilities/windows
2024-03-20 23:28:24,120 [INFO] LoadUrlFilesThread:185 - End of LoadServerUrlFiles without Thread
2024-03-20 23:28:24,120 [INFO] DetailPanel:341 - Set advertising image to C:/Users/MrIro/STM32Cube/Repository/\en.prom-stm32wl3-mcu-finder.jpg
2024-03-20 23:28:28,487 [INFO] MultiScanPanel:200 - Auto-refresh data requested => check proxy status ongoing
2024-03-20 23:28:28,729 [INFO] LoadUrlFilesThread:185 - End of LoadServerUrlFiles without Thread
2024-03-20 23:28:28,730 [INFO] DetailPanel:341 - Set advertising image to C:/Users/MrIro/STM32Cube/Repository/\en.prom-stm32wl3-mcu-finder.jpg
2024-03-20 23:28:32,378 [INFO] ApiDb:581 - Connected to CubeFinder SQLite database (C:\Users\MrIro\.stmcufinder\plugins\mcufinder\mcu\cube-finder-db.db)
2024-03-20 23:43:06,640 [INFO] McuFinderGlobals:66 - Set McuFinderConnectedMode to true
2024-03-20 23:43:06,643 [INFO] ApiDb:448 - Save user favorites file C:\Users\MrIro/.stm32cubeide/favorites.mcus.txt: 1 item(s)
2024-03-20 23:43:06,644 [INFO] ApiDb:452 - User favorites MCUs=[STM32F411CEU6]
2024-03-20 23:43:06,646 [INFO] ApiDb:448 - Save user favorites file C:\Users\MrIro/.stm32cubeide/favorites.boards.txt: 1 item(s)
2024-03-20 23:43:06,647 [INFO] ApiDb:452 - User favorites Boards=[NUCLEO-L452RE-P]
