2024-05-15 20:18:42,267 [INFO] Activator:176 - 


2024-05-15 20:18:42,290 [INFO] Activator:177 - !SESSION log4j initialized
2024-05-15 20:18:56,421 [INFO] LogOutputStream:77 - [STDOUT_REDIRECT] 
2024-05-15 20:19:03,404 [INFO] ApplicationProperties:184 - Using Application install path: C:\ST\STM32CubeIDE_1.12.0\STM32CubeIDE\plugins\com.st.stm32cube.common.mx_6.11.1.202404110753
2024-05-15 20:19:03,446 [INFO] DbMcusXml:78 - Set database path to: C:\ST\STM32CubeIDE_1.12.0\STM32CubeIDE\plugins\com.st.stm32cube.common.mx_6.11.1.202404110753\\db\/mcu/
2024-05-15 20:19:03,447 [INFO] ApiDb:274 - Set plugin database path to: C:\ST\STM32CubeIDE_1.12.0\STM32CubeIDE\plugins\com.st.stm32cube.common.mx_6.11.1.202404110753\\db\/plugins/boardmanager/
2024-05-15 20:19:03,449 [WARN] ApiDb:259 - Overriding images path with different value:  => C:\ST\STM32CubeIDE_1.12.0\STM32CubeIDE\plugins\com.st.stm32cube.common.mx_6.11.1.202404110753\\db\/plugins/mcufinder/images/
2024-05-15 20:19:03,467 [INFO] ApiDb:250 - Set database path to: C:\Users\MrIro\.stmcufinder\plugins\mcufinder//mcu/
2024-05-15 20:19:03,469 [INFO] DbMcusAds:125 - Set database path to: C:\Users\MrIro\.stmcufinder\plugins\mcufinder//mcu/
2024-05-15 20:19:03,473 [INFO] CrossReferenceDbSqlite:203 - Set database path to: C:\Users\MrIro\.stmcufinder\plugins\mcufinder//mcu/cs/
2024-05-15 20:19:03,744 [INFO] RulesReader:64 - Compatibility file has been processed (297 Rules)
2024-05-15 20:19:04,161 [INFO] DbMcusXml:78 - Set database path to: C:\ST\STM32CubeIDE_1.12.0\STM32CubeIDE\plugins\com.st.stm32cube.common.mx_6.11.1.202404110753\\db\/mcu/
2024-05-15 20:19:04,161 [INFO] ApiDb:274 - Set plugin database path to: C:\ST\STM32CubeIDE_1.12.0\STM32CubeIDE\plugins\com.st.stm32cube.common.mx_6.11.1.202404110753\\db\/plugins/boardmanager/
2024-05-15 20:19:04,162 [INFO] ApiDb:261 - Set plugin images path to: C:\ST\STM32CubeIDE_1.12.0\STM32CubeIDE\plugins\com.st.stm32cube.common.mx_6.11.1.202404110753\\db\/plugins/mcufinder/images/
2024-05-15 20:19:04,162 [WARN] DbFile:41 - Overriding database path with different value: C:\Users\MrIro\.stmcufinder\plugins\mcufinder/ => C:\Users\MrIro\.stmcufinder\plugins\mcufinder
2024-05-15 20:19:04,163 [INFO] ApiDb:250 - Set database path to: C:\Users\MrIro\.stmcufinder\plugins\mcufinder//mcu/
2024-05-15 20:19:04,163 [WARN] DbFile:41 - Overriding database path with different value: C:\Users\MrIro\.stmcufinder\plugins\mcufinder/ => C:\Users\MrIro\.stmcufinder\plugins\mcufinder
2024-05-15 20:19:04,163 [INFO] DbMcusAds:125 - Set database path to: C:\Users\MrIro\.stmcufinder\plugins\mcufinder//mcu/
2024-05-15 20:19:04,164 [WARN] DbFile:41 - Overriding database path with different value: C:\Users\MrIro\.stmcufinder\plugins\mcufinder/ => C:\Users\MrIro\.stmcufinder\plugins\mcufinder
2024-05-15 20:19:04,164 [WARN] DbFile:41 - Overriding database path with different value: C:\Users\MrIro\.stmcufinder\plugins\mcufinder/ => C:\Users\MrIro\.stmcufinder\plugins\mcufinder
2024-05-15 20:19:04,164 [INFO] CrossReferenceDbSqlite:203 - Set database path to: C:\Users\MrIro\.stmcufinder\plugins\mcufinder//mcu/cs/
2024-05-15 20:19:04,388 [INFO] MainPanel:264 - HeapMemory: 268435456
2024-05-15 20:19:04,800 [INFO] DbMcusXml:78 - Set database path to: C:\ST\STM32CubeIDE_1.12.0\STM32CubeIDE\plugins\com.st.stm32cube.common.mx_6.11.1.202404110753\\db\/mcu/
2024-05-15 20:19:04,801 [INFO] ApiDb:274 - Set plugin database path to: C:\ST\STM32CubeIDE_1.12.0\STM32CubeIDE\plugins\com.st.stm32cube.common.mx_6.11.1.202404110753\\db\/plugins/boardmanager/
2024-05-15 20:19:04,803 [INFO] ApiDb:261 - Set plugin images path to: C:\ST\STM32CubeIDE_1.12.0\STM32CubeIDE\plugins\com.st.stm32cube.common.mx_6.11.1.202404110753\\db\/plugins/mcufinder/images/
2024-05-15 20:19:04,805 [WARN] DbFile:41 - Overriding database path with different value: C:\Users\MrIro\.stmcufinder\plugins\mcufinder/ => C:\Users\MrIro\.stmcufinder\plugins\mcufinder
2024-05-15 20:19:04,806 [INFO] ApiDb:250 - Set database path to: C:\Users\MrIro\.stmcufinder\plugins\mcufinder//mcu/
2024-05-15 20:19:04,807 [WARN] DbFile:41 - Overriding database path with different value: C:\Users\MrIro\.stmcufinder\plugins\mcufinder/ => C:\Users\MrIro\.stmcufinder\plugins\mcufinder
2024-05-15 20:19:04,808 [INFO] DbMcusAds:125 - Set database path to: C:\Users\MrIro\.stmcufinder\plugins\mcufinder//mcu/
2024-05-15 20:19:04,808 [WARN] DbFile:41 - Overriding database path with different value: C:\Users\MrIro\.stmcufinder\plugins\mcufinder/ => C:\Users\MrIro\.stmcufinder\plugins\mcufinder
2024-05-15 20:19:04,809 [WARN] DbFile:41 - Overriding database path with different value: C:\Users\MrIro\.stmcufinder\plugins\mcufinder/ => C:\Users\MrIro\.stmcufinder\plugins\mcufinder
2024-05-15 20:19:04,811 [INFO] CrossReferenceDbSqlite:203 - Set database path to: C:\Users\MrIro\.stmcufinder\plugins\mcufinder//mcu/cs/
2024-05-15 20:19:04,910 [INFO] ApplicationProperties:184 - Using Application install path: C:\ST\STM32CubeIDE_1.12.0\STM32CubeIDE\plugins\com.st.stm32cube.common.mx_6.11.1.202404110753
2024-05-15 20:19:04,922 [INFO] PluginManage:196 - Search for loadable plugins [exclusion list=, ]
2024-05-15 20:19:04,927 [INFO] PluginManage:310 - Check plugin analytics
2024-05-15 20:19:10,896 [INFO] AnalyticsPlugin:253 - Accepted Software Licenses: 
2024-05-15 20:19:10,897 [INFO] AnalyticsPlugin:255 - Accepted CMSIS Pack Licenses: STMicroelectronics.X-CUBE-AI.8.0.1
2024-05-15 20:19:10,902 [INFO] AnalyticsPlugin:257 - Accepted Firmware Licenses: FW.F4.1.27.0,FW.F7.1.17.0,FW.C0.1.0.0
2024-05-15 20:19:10,932 [INFO] PluginManage:359 - Loaded plugin analytics (category:tool,tabindex:-1)
2024-05-15 20:19:10,937 [INFO] PluginManage:310 - Check plugin cadmodel
2024-05-15 20:19:10,961 [INFO] CADModel:105 - Init CAD model plugin
2024-05-15 20:19:10,962 [INFO] PluginManage:359 - Loaded plugin cadmodel (category:power,tabindex:5)
2024-05-15 20:19:10,962 [INFO] PluginManage:310 - Check plugin clock
2024-05-15 20:19:11,087 [INFO] PluginManage:359 - Loaded plugin clock (category:base,tabindex:2)
2024-05-15 20:19:11,088 [INFO] PluginManage:310 - Check plugin ddr
2024-05-15 20:19:11,110 [INFO] PluginManage:359 - Loaded plugin ddr (category:tool,tabindex:6)
2024-05-15 20:19:11,112 [INFO] PluginManage:310 - Check plugin filemanager
2024-05-15 20:19:11,839 [INFO] PluginManage:359 - Loaded plugin filemanager (category:base,tabindex:10)
2024-05-15 20:19:11,839 [INFO] PluginManage:310 - Check plugin ipmanager
2024-05-15 20:19:11,872 [INFO] PluginManage:359 - Loaded plugin ipmanager (category:base,tabindex:5)
2024-05-15 20:19:11,872 [INFO] PluginManage:310 - Check plugin lpbam
2024-05-15 20:19:11,904 [INFO] PluginManage:359 - Loaded plugin lpbam (category:base,tabindex:0)
2024-05-15 20:19:11,905 [INFO] PluginManage:310 - Check plugin memorymap
2024-05-15 20:19:11,988 [INFO] PluginManage:359 - Loaded plugin memorymap (category:base,tabindex:4)
2024-05-15 20:19:11,989 [INFO] PluginManage:310 - Check plugin pinoutandconfiguration
2024-05-15 20:19:12,026 [INFO] PluginManage:359 - Loaded plugin pinoutandconfiguration (category:base,tabindex:1)
2024-05-15 20:19:12,027 [INFO] PluginManage:310 - Check plugin pinoutconfig
2024-05-15 20:19:12,495 [WARN] SupportedApi:132 - Cannot load RTOS API schema: s4s-elt-must-match.1: The content of 'definitions' must match (annotation?, (simpleType | complexType)?, (unique | key | keyref)*)). A problem was found starting at: attribute.
2024-05-15 20:19:13,249 [INFO] PluginManage:359 - Loaded plugin pinoutconfig (category:base,tabindex:0)
2024-05-15 20:19:13,250 [INFO] PluginManage:310 - Check plugin power
2024-05-15 20:19:13,301 [INFO] PluginManage:359 - Loaded plugin power (category:power,tabindex:4)
2024-05-15 20:19:13,303 [INFO] PluginManage:310 - Check plugin projectmanager
2024-05-15 20:19:13,412 [INFO] PluginManage:359 - Loaded plugin projectmanager (category:projectmanager,tabindex:3)
2024-05-15 20:19:13,413 [INFO] PluginManage:310 - Check plugin thirdparty
2024-05-15 20:19:14,054 [INFO] PluginManage:359 - Loaded plugin thirdparty (category:base,tabindex:-1)
2024-05-15 20:19:14,054 [INFO] PluginManage:310 - Check plugin tools
2024-05-15 20:19:14,054 [WARN] IntegrityCheckThread:84 - waiting for thirdparty lock release [integrity check]
2024-05-15 20:19:14,057 [INFO] IntegrityCheckThread:86 - entering critical section [integrity check]
2024-05-15 20:19:14,059 [INFO] ThirdPartyUpdaterWithRetryManager:70 - Updater plugin not ready yet. [1/15]
2024-05-15 20:19:14,067 [INFO] PluginManage:359 - Loaded plugin tools (category:base,tabindex:7)
2024-05-15 20:19:14,068 [INFO] PluginManage:310 - Check plugin tutovideos
2024-05-15 20:19:14,871 [INFO] PluginManage:359 - Loaded plugin tutovideos (category:base,tabindex:-1)
2024-05-15 20:19:14,872 [INFO] PluginManage:310 - Check plugin updater
2024-05-15 20:19:14,913 [INFO] PluginManage:359 - Loaded plugin updater (category:base,tabindex:12)
2024-05-15 20:19:14,913 [INFO] PluginManage:310 - Check plugin userauth
2024-05-15 20:19:14,933 [INFO] UserAuth:114 - Init User Auth plugin
2024-05-15 20:19:14,934 [INFO] PluginManage:359 - Loaded plugin userauth (category:base,tabindex:14)
2024-05-15 20:19:14,936 [INFO] PluginManage:283 - PluginManage : Loaded plugins [17]
2024-05-15 20:19:16,467 [INFO] PinOutPanel:1561 - setPackage(No Configuration,No Configuration)
2024-05-15 20:19:17,068 [INFO] ThirdPartyUpdaterWithRetryManager:70 - Updater plugin not ready yet. [2/15]
2024-05-15 20:19:17,099 [INFO] CADModel:165 - CPN selected for project level
2024-05-15 20:19:17,099 [INFO] CADModel:114 - Register for checkConnection events
2024-05-15 20:19:17,165 [INFO] IPUIPlugin:80 - create IPUIPlugin
2024-05-15 20:19:17,166 [INFO] PluginManager:220 - loadIPPluginJar : add adc
2024-05-15 20:19:17,176 [INFO] IPUIPlugin:80 - create IPUIPlugin
2024-05-15 20:19:17,176 [INFO] PluginManager:220 - loadIPPluginJar : add aes
2024-05-15 20:19:17,190 [INFO] IPUIPlugin:80 - create IPUIPlugin
2024-05-15 20:19:17,191 [INFO] PluginManager:220 - loadIPPluginJar : add can
2024-05-15 20:19:17,204 [INFO] IPUIPlugin:80 - create IPUIPlugin
2024-05-15 20:19:17,219 [INFO] PluginManager:220 - loadIPPluginJar : add comp
2024-05-15 20:19:17,229 [INFO] IPUIPlugin:80 - create IPUIPlugin
2024-05-15 20:19:17,230 [INFO] PluginManager:220 - loadIPPluginJar : add cryp
2024-05-15 20:19:17,243 [INFO] IPUIPlugin:80 - create IPUIPlugin
2024-05-15 20:19:17,244 [INFO] PluginManager:220 - loadIPPluginJar : add dfsdm
2024-05-15 20:19:17,274 [INFO] IPUIPlugin:80 - create IPUIPlugin
2024-05-15 20:19:17,277 [INFO] PluginManager:220 - loadIPPluginJar : add dma
2024-05-15 20:19:17,289 [INFO] IPUIPlugin:80 - create IPUIPlugin
2024-05-15 20:19:17,289 [INFO] PluginManager:220 - loadIPPluginJar : add dma3
2024-05-15 20:19:17,302 [INFO] IPUIPlugin:80 - create IPUIPlugin
2024-05-15 20:19:17,302 [INFO] PluginManager:220 - loadIPPluginJar : add extmemmanager
2024-05-15 20:19:17,310 [INFO] IPUIPlugin:80 - create IPUIPlugin
2024-05-15 20:19:17,310 [INFO] PluginManager:220 - loadIPPluginJar : add fatfs
2024-05-15 20:19:17,329 [INFO] IPUIPlugin:80 - create IPUIPlugin
2024-05-15 20:19:17,330 [INFO] PluginManager:220 - loadIPPluginJar : add fmc
2024-05-15 20:19:17,351 [INFO] IPUIPlugin:80 - create IPUIPlugin
2024-05-15 20:19:17,352 [INFO] PluginManager:220 - loadIPPluginJar : add freertos
2024-05-15 20:19:17,359 [INFO] IPUIPlugin:80 - create IPUIPlugin
2024-05-15 20:19:17,359 [INFO] PluginManager:220 - loadIPPluginJar : add genericplugin
2024-05-15 20:19:17,370 [INFO] IPUIPlugin:80 - create IPUIPlugin
2024-05-15 20:19:17,371 [INFO] PluginManager:220 - loadIPPluginJar : add gfxmmu
2024-05-15 20:19:17,390 [INFO] IPUIPlugin:80 - create IPUIPlugin
2024-05-15 20:19:17,395 [INFO] PluginManager:220 - loadIPPluginJar : add gic
2024-05-15 20:19:17,415 [INFO] IPUIPlugin:80 - create IPUIPlugin
2024-05-15 20:19:17,416 [INFO] PluginManager:220 - loadIPPluginJar : add gpio
2024-05-15 20:19:17,428 [INFO] IPUIPlugin:80 - create IPUIPlugin
2024-05-15 20:19:17,429 [INFO] PluginManager:220 - loadIPPluginJar : add gtzc
2024-05-15 20:19:17,438 [INFO] IPUIPlugin:80 - create IPUIPlugin
2024-05-15 20:19:17,439 [INFO] PluginManager:220 - loadIPPluginJar : add hash
2024-05-15 20:19:17,451 [INFO] IPUIPlugin:80 - create IPUIPlugin
2024-05-15 20:19:17,451 [INFO] PluginManager:220 - loadIPPluginJar : add i2c
2024-05-15 20:19:17,463 [INFO] IPUIPlugin:80 - create IPUIPlugin
2024-05-15 20:19:17,463 [INFO] PluginManager:220 - loadIPPluginJar : add i2s
2024-05-15 20:19:17,474 [INFO] IPUIPlugin:80 - create IPUIPlugin
2024-05-15 20:19:17,475 [INFO] PluginManager:220 - loadIPPluginJar : add i3c
2024-05-15 20:19:17,488 [INFO] IPUIPlugin:80 - create IPUIPlugin
2024-05-15 20:19:17,489 [INFO] PluginManager:220 - loadIPPluginJar : add ipddr
2024-05-15 20:19:17,657 [INFO] IPUIPlugin:80 - create IPUIPlugin
2024-05-15 20:19:17,658 [INFO] PluginManager:220 - loadIPPluginJar : add linkedlist
2024-05-15 20:19:18,060 [INFO] IPUIPlugin:80 - create IPUIPlugin
2024-05-15 20:19:18,061 [INFO] PluginManager:220 - loadIPPluginJar : add lorawan
2024-05-15 20:19:18,067 [INFO] IPUIPlugin:80 - create IPUIPlugin
2024-05-15 20:19:18,068 [INFO] PluginManager:220 - loadIPPluginJar : add ltdc
2024-05-15 20:19:18,086 [INFO] IPUIPlugin:80 - create IPUIPlugin
2024-05-15 20:19:18,087 [INFO] PluginManager:220 - loadIPPluginJar : add mdma
2024-05-15 20:19:18,100 [INFO] IPUIPlugin:80 - create IPUIPlugin
2024-05-15 20:19:18,101 [INFO] PluginManager:220 - loadIPPluginJar : add nvic
2024-05-15 20:19:18,113 [INFO] IPUIPlugin:80 - create IPUIPlugin
2024-05-15 20:19:18,113 [INFO] PluginManager:220 - loadIPPluginJar : add opamp
2024-05-15 20:19:18,125 [INFO] IPUIPlugin:80 - create IPUIPlugin
2024-05-15 20:19:18,125 [INFO] PluginManager:220 - loadIPPluginJar : add openamp
2024-05-15 20:19:18,137 [INFO] IPUIPlugin:80 - create IPUIPlugin
2024-05-15 20:19:18,137 [INFO] PluginManager:220 - loadIPPluginJar : add pdm2pcm
2024-05-15 20:19:18,159 [INFO] IPUIPlugin:80 - create IPUIPlugin
2024-05-15 20:19:18,168 [INFO] PluginManager:220 - loadIPPluginJar : add plateformsettings
2024-05-15 20:19:18,174 [INFO] IPUIPlugin:80 - create IPUIPlugin
2024-05-15 20:19:18,175 [INFO] PluginManager:220 - loadIPPluginJar : add quadspi
2024-05-15 20:19:18,189 [INFO] IPUIPlugin:80 - create IPUIPlugin
2024-05-15 20:19:18,190 [INFO] PluginManager:220 - loadIPPluginJar : add resmgrutility
2024-05-15 20:19:18,200 [INFO] IPUIPlugin:80 - create IPUIPlugin
2024-05-15 20:19:18,201 [INFO] PluginManager:220 - loadIPPluginJar : add sai
2024-05-15 20:19:18,211 [INFO] IPUIPlugin:80 - create IPUIPlugin
2024-05-15 20:19:18,211 [INFO] PluginManager:220 - loadIPPluginJar : add spi
2024-05-15 20:19:18,237 [INFO] IPUIPlugin:80 - create IPUIPlugin
2024-05-15 20:19:18,237 [INFO] PluginManager:220 - loadIPPluginJar : add stm32_wpan
2024-05-15 20:19:18,249 [INFO] IPUIPlugin:80 - create IPUIPlugin
2024-05-15 20:19:18,249 [INFO] PluginManager:220 - loadIPPluginJar : add tim
2024-05-15 20:19:18,266 [INFO] IPUIPlugin:80 - create IPUIPlugin
2024-05-15 20:19:18,267 [INFO] PluginManager:220 - loadIPPluginJar : add touchsensing
2024-05-15 20:19:18,278 [INFO] IPUIPlugin:80 - create IPUIPlugin
2024-05-15 20:19:18,278 [INFO] PluginManager:220 - loadIPPluginJar : add tracer_emb
2024-05-15 20:19:18,288 [INFO] IPUIPlugin:80 - create IPUIPlugin
2024-05-15 20:19:18,291 [INFO] PluginManager:220 - loadIPPluginJar : add ts
2024-05-15 20:19:18,299 [INFO] IPUIPlugin:80 - create IPUIPlugin
2024-05-15 20:19:18,299 [INFO] PluginManager:220 - loadIPPluginJar : add tsc
2024-05-15 20:19:18,307 [INFO] IPUIPlugin:80 - create IPUIPlugin
2024-05-15 20:19:18,308 [INFO] PluginManager:220 - loadIPPluginJar : add ucpd
2024-05-15 20:19:18,320 [INFO] IPUIPlugin:80 - create IPUIPlugin
2024-05-15 20:19:18,321 [INFO] PluginManager:220 - loadIPPluginJar : add usart
2024-05-15 20:19:18,336 [INFO] IPUIPlugin:80 - create IPUIPlugin
2024-05-15 20:19:18,337 [INFO] PluginManager:220 - loadIPPluginJar : add usbx
2024-05-15 20:19:18,739 [INFO] CADModel:165 - CPN selected for project level
2024-05-15 20:19:18,740 [INFO] CADModel:114 - Register for checkConnection events
2024-05-15 20:19:18,741 [FATAL] Updater:308 - Updater called before beeing initialized
2024-05-15 20:19:18,741 [ERROR] CADModel:125 - Updater not yet initialized, retry later 
2024-05-15 20:19:20,004 [INFO] CADModel:165 - CPN selected for project level
2024-05-15 20:19:20,006 [INFO] CADModel:114 - Register for checkConnection events
2024-05-15 20:19:20,007 [FATAL] Updater:308 - Updater called before beeing initialized
2024-05-15 20:19:20,008 [ERROR] CADModel:125 - Updater not yet initialized, retry later 
2024-05-15 20:19:20,023 [FATAL] Updater:308 - Updater called before beeing initialized
2024-05-15 20:19:20,070 [INFO] ThirdPartyUpdaterWithRetryManager:70 - Updater plugin not ready yet. [3/15]
2024-05-15 20:19:20,811 [FATAL] Updater:308 - Updater called before beeing initialized
2024-05-15 20:19:20,828 [INFO] DbMcusAds:53 - JSON generation date=Thu Sep 30 08:55:09 CEST 2021 (1632984909247)
2024-05-15 20:19:20,828 [FATAL] Updater:308 - Updater called before beeing initialized
2024-05-15 20:19:21,012 [WARN] DetailPanel:346 - Failed to get advertising image, set to default
2024-05-15 20:19:21,412 [FATAL] Updater:308 - Updater called before beeing initialized
2024-05-15 20:19:21,417 [FATAL] Updater:308 - Updater called before beeing initialized
2024-05-15 20:19:21,417 [FATAL] Updater:308 - Updater called before beeing initialized
2024-05-15 20:19:21,417 [WARN] DetailPanel:346 - Failed to get advertising image, set to default
2024-05-15 20:19:21,419 [FATAL] Updater:308 - Updater called before beeing initialized
2024-05-15 20:19:21,590 [ERROR] Updater:1120 - MainUpdater not yet initialized. External WinMGr cannot be set.
2024-05-15 20:19:21,597 [INFO] Updater:1056 - Updater Version found : 6.11.1
2024-05-15 20:19:21,663 [INFO] ApplicationProperties:184 - Using Application install path: C:\ST\STM32CubeIDE_1.12.0\STM32CubeIDE\plugins\com.st.stm32cube.common.mx_6.11.1.202404110753
2024-05-15 20:19:23,071 [FATAL] Updater:308 - Updater called before beeing initialized
2024-05-15 20:19:23,073 [ERROR] IntegrityCheckThread:130 - Cannot retrieve database content from updater: error 21
2024-05-15 20:19:23,075 [INFO] ThirdParty:978 - Integrity check success = false
2024-05-15 20:19:23,075 [INFO] IntegrityCheckThread:100 - exiting critical section [integrity check]
2024-05-15 20:19:23,075 [INFO] IntegrityCheckThread:103 - End integrity checks thread
2024-05-15 20:19:23,269 [ERROR] LogOutputStream:75 - [STDERR_REDIRECT] May 15, 2024 8:19:23 PM java.util.prefs.WindowsPreferences <init>
2024-05-15 20:19:23,272 [ERROR] LogOutputStream:75 - [STDERR_REDIRECT] WARNING: Could not open/create prefs root node Software\JavaSoft\Prefs at root 0xffffffff80000002. Windows RegCreateKeyEx(...) returned error code 5.
2024-05-15 20:19:23,273 [ERROR] LogOutputStream:75 - [STDERR_REDIRECT] 
2024-05-15 20:19:23,845 [INFO] MainUpdater:2873 - connection check result : 10
2024-05-15 20:19:23,847 [INFO] MainUpdater:290 - Updater Check For Update Now.
2024-05-15 20:19:23,847 [INFO] MicroXplorer:498 - Change Database Version : DB.6.0.111
2024-05-15 20:19:23,861 [INFO] McuFinderGlobals:63 - Set McuFinder mode to 2 (CubeIDE integrated)
2024-05-15 20:19:23,861 [INFO] UserAuth:179 - activating auth plugin
2024-05-15 20:19:23,868 [INFO] UserAuth:415 - Internet connection configuration mode: 1
2024-05-15 20:19:23,917 [INFO] JxBrowserEngine:152 - Initiate JxBrowser Engine with user profile folder
2024-05-15 20:19:24,195 [INFO] CheckServerUpdateThread:120 - End of CheckServer Thread
2024-05-15 20:19:26,147 [INFO] WebApp:161 - Instantiating new browser for Auth
2024-05-15 20:19:31,334 [INFO] WebApp:779 - Register for checkConnection events
2024-05-15 20:19:31,336 [INFO] WebApp:414 - Apply proxy settings
2024-05-15 20:19:31,337 [INFO] WebApp:499 - Chromium requires no authentication
2024-05-15 20:19:31,413 [INFO] WebApp:442 - Direct internet connection detected
2024-05-15 20:19:32,869 [INFO] WebApp:192 - Starting web application
2024-05-15 20:19:32,882 [INFO] WebApp:544 - Web application path used C:\ST\STM32CubeIDE_1.12.0\STM32CubeIDE\plugins\com.st.stm32cube.common.mx_6.11.1.202404110753\db\plugins\mcufinder\reactClient1\index.html
2024-05-15 21:37:53,587 [ERROR] LogOutputStream:75 - [STDERR_REDIRECT] 
